

================================================================
== Vitis HLS Report for 'read_operand_fp'
================================================================
* Date:           Tue Jul 21 18:18:42 2026

* Version:        2024.2 (Build 5238294 on Nov  8 2024)
* Project:        rv32_ooo_proj
* Solution:       solution1 (Vivado IP Flow Target)
* Product family: zynquplus
* Target device:  xck26-sfvc784-2LV-c


================================================================
== Performance Estimates
================================================================
+ Timing: 
    * Summary: 
    +--------+----------+----------+------------+
    |  Clock |  Target  | Estimated| Uncertainty|
    +--------+----------+----------+------------+
    |ap_clk  |  10.00 ns|  1.391 ns|     2.70 ns|
    +--------+----------+----------+------------+

+ Latency: 
    * Summary: 
    +---------+---------+-----------+-----------+-----+-----+---------+
    |  Latency (cycles) |   Latency (absolute)  |  Interval | Pipeline|
    |   min   |   max   |    min    |    max    | min | max |   Type  |
    +---------+---------+-----------+-----------+-----+-----+---------+
    |        2|        2|  20.000 ns|  20.000 ns|    2|    2|       no|
    +---------+---------+-----------+-----------+-----+-----+---------+

    + Detail: 
        * Instance: 
        N/A

        * Loop: 
        N/A

============================================================
+ Verbose Summary: Synthesis Manager
============================================================
InlineROM: 1
ExposeGlobal: 0
============================================================
+ Verbose Summary: CDFG Model
============================================================
IsTopModel: 0
ResetActiveHigh: 1
IsCombinational: 0
IsDatapathOnly: 0
HasWiredReturn: 1
HasMFsm: 0
HasVarLatency: 1
IsPipeline: 0
IsRtlPipelined: 0
IsInstanceOverlapped: 0
IsDontTouch: 0
HasImplIP: 0
IsGatedGlobalClock: 0


============================================================
+ Verbose Summary: Schedule
============================================================
* Number of FSM states : 3
* Pipeline : 0
* Dataflow Pipeline: 0

* FSM state transitions: 
1 --> 2 
2 --> 3 
3 --> 

* FSM state operations: 

State 1 <SV = 0> <Delay = 1.23>
ST_1 : Operation 4 [1/1] (0.00ns)   --->   "%reg_read = read i5 @_ssdm_op_Read.ap_auto.i5, i5 %reg_r" [rv32_ooo.cpp:282]   --->   Operation 4 'read' 'reg_read' <Predicate = true> <Delay = 0.00>
ST_1 : Operation 5 [1/1] (0.00ns)   --->   "%zext_ln284 = zext i5 %reg_read" [rv32_ooo.cpp:284]   --->   Operation 5 'zext' 'zext_ln284' <Predicate = true> <Delay = 0.00>
ST_1 : Operation 6 [1/1] (0.00ns)   --->   "%frat_has_tag_addr = getelementptr i1 %frat_has_tag, i64 0, i64 %zext_ln284" [rv32_ooo.cpp:284]   --->   Operation 6 'getelementptr' 'frat_has_tag_addr' <Predicate = true> <Delay = 0.00>
ST_1 : Operation 7 [2/2] (0.67ns)   --->   "%frat_has_tag_load = load i5 %frat_has_tag_addr" [rv32_ooo.cpp:284]   --->   Operation 7 'load' 'frat_has_tag_load' <Predicate = true> <Delay = 0.67> <CoreInst = "RAM">   --->   Core 82 'RAM' <Latency = 1> <II = 1> <Delay = 0.67> <Storage> <Opcode : 'load' 'store'> <Ports = 2> <Width = 1> <Depth = 32> <RAM>
ST_1 : Operation 8 [1/1] (0.00ns)   --->   "%frat_tag_addr = getelementptr i3 %frat_tag, i64 0, i64 %zext_ln284" [rv32_ooo.cpp:288]   --->   Operation 8 'getelementptr' 'frat_tag_addr' <Predicate = true> <Delay = 0.00>
ST_1 : Operation 9 [2/2] (0.67ns)   --->   "%t = load i5 %frat_tag_addr" [rv32_ooo.cpp:288]   --->   Operation 9 'load' 't' <Predicate = true> <Delay = 0.67> <CoreInst = "RAM">   --->   Core 82 'RAM' <Latency = 1> <II = 1> <Delay = 0.67> <Storage> <Opcode : 'load' 'store'> <Ports = 2> <Width = 3> <Depth = 32> <RAM>
ST_1 : Operation 10 [1/1] (0.00ns)   --->   "%fregs_addr = getelementptr i32 %fregs, i64 0, i64 %zext_ln284" [rv32_ooo.cpp:285]   --->   Operation 10 'getelementptr' 'fregs_addr' <Predicate = true> <Delay = 0.00>
ST_1 : Operation 11 [2/2] (1.23ns)   --->   "%fregs_load = load i5 %fregs_addr" [rv32_ooo.cpp:285]   --->   Operation 11 'load' 'fregs_load' <Predicate = true> <Delay = 1.23> <CoreInst = "RAM">   --->   Core 82 'RAM' <Latency = 1> <II = 1> <Delay = 1.23> <Storage> <Opcode : 'load' 'store'> <Ports = 2> <Width = 32> <Depth = 32> <RAM>

State 2 <SV = 1> <Delay = 1.35>
ST_2 : Operation 12 [1/2] ( I:0.67ns O:0.67ns )   --->   "%frat_has_tag_load = load i5 %frat_has_tag_addr" [rv32_ooo.cpp:284]   --->   Operation 12 'load' 'frat_has_tag_load' <Predicate = true> <Delay = 0.67> <CoreInst = "RAM">   --->   Core 82 'RAM' <Latency = 1> <II = 1> <Delay = 0.67> <Storage> <Opcode : 'load' 'store'> <Ports = 2> <Width = 1> <Depth = 32> <RAM>
ST_2 : Operation 13 [1/2] ( I:0.67ns O:0.67ns )   --->   "%t = load i5 %frat_tag_addr" [rv32_ooo.cpp:288]   --->   Operation 13 'load' 't' <Predicate = true> <Delay = 0.67> <CoreInst = "RAM">   --->   Core 82 'RAM' <Latency = 1> <II = 1> <Delay = 0.67> <Storage> <Opcode : 'load' 'store'> <Ports = 2> <Width = 3> <Depth = 32> <RAM>
ST_2 : Operation 14 [1/1] (0.00ns)   --->   "%zext_ln289 = zext i3 %t" [rv32_ooo.cpp:289]   --->   Operation 14 'zext' 'zext_ln289' <Predicate = true> <Delay = 0.00>
ST_2 : Operation 15 [1/1] (0.00ns)   --->   "%rob_ready_addr = getelementptr i1 %rob_ready, i64 0, i64 %zext_ln289" [rv32_ooo.cpp:289]   --->   Operation 15 'getelementptr' 'rob_ready_addr' <Predicate = true> <Delay = 0.00>
ST_2 : Operation 16 [2/2] (0.67ns)   --->   "%rob_ready_load = load i3 %rob_ready_addr" [rv32_ooo.cpp:289]   --->   Operation 16 'load' 'rob_ready_load' <Predicate = true> <Delay = 0.67> <CoreInst = "RAM">   --->   Core 82 'RAM' <Latency = 1> <II = 1> <Delay = 0.67> <Storage> <Opcode : 'load' 'store'> <Ports = 2> <Width = 1> <Depth = 8> <RAM>
ST_2 : Operation 17 [1/2] ( I:1.23ns O:1.23ns )   --->   "%fregs_load = load i5 %fregs_addr" [rv32_ooo.cpp:285]   --->   Operation 17 'load' 'fregs_load' <Predicate = true> <Delay = 1.23> <CoreInst = "RAM">   --->   Core 82 'RAM' <Latency = 1> <II = 1> <Delay = 1.23> <Storage> <Opcode : 'load' 'store'> <Ports = 2> <Width = 32> <Depth = 32> <RAM>
ST_2 : Operation 18 [1/1] (0.00ns)   --->   "%rob_value_addr = getelementptr i32 %rob_value, i64 0, i64 %zext_ln289" [rv32_ooo.cpp:290]   --->   Operation 18 'getelementptr' 'rob_value_addr' <Predicate = true> <Delay = 0.00>
ST_2 : Operation 19 [2/2] (0.67ns)   --->   "%rob_value_load = load i3 %rob_value_addr" [rv32_ooo.cpp:290]   --->   Operation 19 'load' 'rob_value_load' <Predicate = true> <Delay = 0.67> <CoreInst = "RAM">   --->   Core 82 'RAM' <Latency = 1> <II = 1> <Delay = 0.67> <Storage> <Opcode : 'load' 'store'> <Ports = 2> <Width = 32> <Depth = 8> <RAM>

State 3 <SV = 2> <Delay = 1.39>
ST_3 : Operation 20 [1/2] ( I:0.67ns O:0.67ns )   --->   "%rob_ready_load = load i3 %rob_ready_addr" [rv32_ooo.cpp:289]   --->   Operation 20 'load' 'rob_ready_load' <Predicate = true> <Delay = 0.67> <CoreInst = "RAM">   --->   Core 82 'RAM' <Latency = 1> <II = 1> <Delay = 0.67> <Storage> <Opcode : 'load' 'store'> <Ports = 2> <Width = 1> <Depth = 8> <RAM>
ST_3 : Operation 21 [1/2] ( I:0.67ns O:0.67ns )   --->   "%rob_value_load = load i3 %rob_value_addr" [rv32_ooo.cpp:290]   --->   Operation 21 'load' 'rob_value_load' <Predicate = true> <Delay = 0.67> <CoreInst = "RAM">   --->   Core 82 'RAM' <Latency = 1> <II = 1> <Delay = 0.67> <Storage> <Opcode : 'load' 'store'> <Ports = 2> <Width = 32> <Depth = 8> <RAM>
ST_3 : Operation 22 [1/1] (0.28ns)   --->   "%xor_ln284 = xor i1 %frat_has_tag_load, i1 1" [rv32_ooo.cpp:284]   --->   Operation 22 'xor' 'xor_ln284' <Predicate = true> <Delay = 0.28> <CoreInst = "LogicGate">   --->   Core 74 'LogicGate' <Latency = 0> <II = 1> <Delay = 0.28> <FuncUnit> <Opcode : 'and' 'or' 'xor'> <InPorts = 2> <OutPorts = 1>
ST_3 : Operation 23 [1/1] (0.28ns)   --->   "%or_ln289 = or i1 %rob_ready_load, i1 %xor_ln284" [rv32_ooo.cpp:289]   --->   Operation 23 'or' 'or_ln289' <Predicate = true> <Delay = 0.28> <CoreInst = "LogicGate">   --->   Core 74 'LogicGate' <Latency = 0> <II = 1> <Delay = 0.28> <FuncUnit> <Opcode : 'and' 'or' 'xor'> <InPorts = 2> <OutPorts = 1>
ST_3 : Operation 24 [1/1] (0.28ns)   --->   "%and_ln289 = and i1 %frat_has_tag_load, i1 %rob_ready_load" [rv32_ooo.cpp:289]   --->   Operation 24 'and' 'and_ln289' <Predicate = true> <Delay = 0.28> <CoreInst = "LogicGate">   --->   Core 74 'LogicGate' <Latency = 0> <II = 1> <Delay = 0.28> <FuncUnit> <Opcode : 'and' 'or' 'xor'> <InPorts = 2> <OutPorts = 1>
ST_3 : Operation 25 [1/1] (0.00ns)   --->   "%sel_tmp5 = bitconcatenate i2 @_ssdm_op_BitConcatenate.i2.i1.i1, i1 %and_ln289, i1 %xor_ln284" [rv32_ooo.cpp:289]   --->   Operation 25 'bitconcatenate' 'sel_tmp5' <Predicate = true> <Delay = 0.00>
ST_3 : Operation 26 [1/1] (0.42ns)   --->   "%op_val = sparsemux i32 @_ssdm_op_SparseMux.ap_auto.3i32.i32.i2, i2 2, i32 %rob_value_load, i2 1, i32 %fregs_load, i2 0, i32 0, i32 0, i2 %sel_tmp5" [rv32_ooo.cpp:290]   --->   Operation 26 'sparsemux' 'op_val' <Predicate = true> <Delay = 0.42> <CoreInst = "OneHotSparseMux_HasDef">   --->   Core 152 'OneHotSparseMux_HasDef' <Latency = 0> <II = 1> <Delay = 0.42> <FuncUnit> <Opcode : 'sparsemux'> <InPorts = 2> <OutPorts = 1>
ST_3 : Operation 27 [1/1] (0.20ns)   --->   "%op_tag = select i1 %or_ln289, i3 0, i3 %t" [rv32_ooo.cpp:289]   --->   Operation 27 'select' 'op_tag' <Predicate = true> <Delay = 0.20> <CoreInst = "Sel">   --->   Core 73 'Sel' <Latency = 0> <II = 1> <Delay = 0.20> <FuncUnit> <Opcode : 'select'> <InPorts = 3> <OutPorts = 1>
ST_3 : Operation 28 [1/1] (0.00ns)   --->   "%mrv = insertvalue i36 <undef>, i1 %or_ln289" [rv32_ooo.cpp:295]   --->   Operation 28 'insertvalue' 'mrv' <Predicate = true> <Delay = 0.00>
ST_3 : Operation 29 [1/1] (0.00ns)   --->   "%mrv_1 = insertvalue i36 %mrv, i32 %op_val" [rv32_ooo.cpp:295]   --->   Operation 29 'insertvalue' 'mrv_1' <Predicate = true> <Delay = 0.00>
ST_3 : Operation 30 [1/1] (0.00ns)   --->   "%mrv_2 = insertvalue i36 %mrv_1, i3 %op_tag" [rv32_ooo.cpp:295]   --->   Operation 30 'insertvalue' 'mrv_2' <Predicate = true> <Delay = 0.00>
ST_3 : Operation 31 [1/1] (0.00ns)   --->   "%ret_ln295 = ret i36 %mrv_2" [rv32_ooo.cpp:295]   --->   Operation 31 'ret' 'ret_ln295' <Predicate = true> <Delay = 0.00>


============================================================
+ Verbose Summary: Binding
============================================================
STG Binding: 
---------------- STG Properties BEGIN ----------------
- Is combinational: 0
- Is one-state seq: 0
- Is datapath-only: 0
- Is pipelined: 0
- Is top level: 0
Port [ Return ] is wired: 1; IO mode=ap_ctrl_hs:ce=0
Port [ reg_r]:  wired=1; compound=0; hidden=0; nouse=0; global=0; static=0; extern=0; dir=0; type=0; pingpong=0; private_global=0; IO mode=ap_none:ce=0
Port [ frat_has_tag]:  wired=1; compound=1; hidden=0; nouse=0; global=1; static=1; extern=0; dir=0; type=1; pingpong=0; private_global=0; MemPort=[13]; IO mode=ap_memory:ce=0
Port [ frat_tag]:  wired=1; compound=1; hidden=0; nouse=0; global=1; static=1; extern=0; dir=0; type=1; pingpong=0; private_global=0; MemPort=[13]; IO mode=ap_memory:ce=0
Port [ rob_ready]:  wired=1; compound=1; hidden=0; nouse=0; global=1; static=1; extern=0; dir=0; type=1; pingpong=0; private_global=0; MemPort=[13]; IO mode=ap_memory:ce=0
Port [ fregs]:  wired=1; compound=1; hidden=0; nouse=0; global=1; static=1; extern=0; dir=0; type=1; pingpong=0; private_global=0; MemPort=[13]; IO mode=ap_memory:ce=0
Port [ rob_value]:  wired=1; compound=1; hidden=0; nouse=0; global=1; static=1; extern=0; dir=0; type=1; pingpong=0; private_global=0; MemPort=[13]; IO mode=ap_memory:ce=0
---------------- STG Properties END ------------------

---------------- Datapath Model BEGIN ----------------

<LifeTime>
<method=bitvector/>
reg_read          (read          ) [ 0000]
zext_ln284        (zext          ) [ 0000]
frat_has_tag_addr (getelementptr ) [ 0010]
frat_tag_addr     (getelementptr ) [ 0010]
fregs_addr        (getelementptr ) [ 0010]
frat_has_tag_load (load          ) [ 0001]
t                 (load          ) [ 0001]
zext_ln289        (zext          ) [ 0000]
rob_ready_addr    (getelementptr ) [ 0001]
fregs_load        (load          ) [ 0001]
rob_value_addr    (getelementptr ) [ 0001]
rob_ready_load    (load          ) [ 0000]
rob_value_load    (load          ) [ 0000]
xor_ln284         (xor           ) [ 0000]
or_ln289          (or            ) [ 0000]
and_ln289         (and           ) [ 0000]
sel_tmp5          (bitconcatenate) [ 0000]
op_val            (sparsemux     ) [ 0000]
op_tag            (select        ) [ 0000]
mrv               (insertvalue   ) [ 0000]
mrv_1             (insertvalue   ) [ 0000]
mrv_2             (insertvalue   ) [ 0000]
ret_ln295         (ret           ) [ 0000]
</LifeTime>

<model>

<comp_list>
<comp id="0" class="1000" name="reg_r">
<pin_list>
<pin id="1" dir="1" index="0" bw="1" slack="0"/>
</pin_list>
<bind>
<StgValue><ssdm name="reg_r"/></StgValue>
</bind>
</comp>

<comp id="2" class="1000" name="frat_has_tag">
<pin_list>
<pin id="3" dir="1" index="0" bw="1" slack="0"/>
</pin_list>
<bind>
<StgValue><ssdm name="frat_has_tag"/><MemPortTyVec>1 3 </MemPortTyVec>
</StgValue>
</bind>
</comp>

<comp id="4" class="1000" name="frat_tag">
<pin_list>
<pin id="5" dir="1" index="0" bw="1" slack="0"/>
</pin_list>
<bind>
<StgValue><ssdm name="frat_tag"/><MemPortTyVec>1 3 </MemPortTyVec>
</StgValue>
</bind>
</comp>

<comp id="6" class="1000" name="rob_ready">
<pin_list>
<pin id="7" dir="1" index="0" bw="1" slack="0"/>
</pin_list>
<bind>
<StgValue><ssdm name="rob_ready"/><MemPortTyVec>1 3 </MemPortTyVec>
</StgValue>
</bind>
</comp>

<comp id="8" class="1000" name="fregs">
<pin_list>
<pin id="9" dir="1" index="0" bw="1" slack="0"/>
</pin_list>
<bind>
<StgValue><ssdm name="fregs"/><MemPortTyVec>1 3 </MemPortTyVec>
</StgValue>
</bind>
</comp>

<comp id="10" class="1000" name="rob_value">
<pin_list>
<pin id="11" dir="1" index="0" bw="1" slack="0"/>
</pin_list>
<bind>
<StgValue><ssdm name="rob_value"/><MemPortTyVec>1 3 </MemPortTyVec>
</StgValue>
</bind>
</comp>

<comp id="12" class="1001" name="const_12">
<pin_list>
<pin id="13" dir="1" index="0" bw="1" slack="0"/>
</pin_list>
<bind>
<StgValue><ssdm name="_ssdm_op_Read.ap_auto.i5"/></StgValue>
</bind>
</comp>

<comp id="14" class="1001" name="const_14">
<pin_list>
<pin id="15" dir="1" index="0" bw="1" slack="0"/>
</pin_list>
<bind>
<StgValue><ssdm name=""/></StgValue>
</bind>
</comp>

<comp id="16" class="1001" name="const_16">
<pin_list>
<pin id="17" dir="1" index="0" bw="1" slack="0"/>
</pin_list>
<bind>
<StgValue><ssdm name=""/></StgValue>
</bind>
</comp>

<comp id="18" class="1001" name="const_18">
<pin_list>
<pin id="19" dir="1" index="0" bw="1" slack="0"/>
</pin_list>
<bind>
<StgValue><ssdm name="_ssdm_op_BitConcatenate.i2.i1.i1"/></StgValue>
</bind>
</comp>

<comp id="20" class="1001" name="const_20">
<pin_list>
<pin id="21" dir="1" index="0" bw="1" slack="0"/>
</pin_list>
<bind>
<StgValue><ssdm name="_ssdm_op_SparseMux.ap_auto.3i32.i32.i2"/></StgValue>
</bind>
</comp>

<comp id="22" class="1001" name="const_22">
<pin_list>
<pin id="23" dir="1" index="0" bw="1" slack="0"/>
</pin_list>
<bind>
<StgValue><ssdm name=""/></StgValue>
</bind>
</comp>

<comp id="24" class="1001" name="const_24">
<pin_list>
<pin id="25" dir="1" index="0" bw="1" slack="0"/>
</pin_list>
<bind>
<StgValue><ssdm name=""/></StgValue>
</bind>
</comp>

<comp id="26" class="1001" name="const_26">
<pin_list>
<pin id="27" dir="1" index="0" bw="1" slack="0"/>
</pin_list>
<bind>
<StgValue><ssdm name=""/></StgValue>
</bind>
</comp>

<comp id="28" class="1001" name="const_28">
<pin_list>
<pin id="29" dir="1" index="0" bw="1" slack="0"/>
</pin_list>
<bind>
<StgValue><ssdm name=""/></StgValue>
</bind>
</comp>

<comp id="30" class="1001" name="const_30">
<pin_list>
<pin id="31" dir="1" index="0" bw="1" slack="0"/>
</pin_list>
<bind>
<StgValue><ssdm name=""/></StgValue>
</bind>
</comp>

<comp id="32" class="1001" name="const_32">
<pin_list>
<pin id="33" dir="1" index="0" bw="1" slack="0"/>
</pin_list>
<bind>
<StgValue><ssdm name=""/></StgValue>
</bind>
</comp>

<comp id="34" class="1001" name="const_34">
<pin_list>
<pin id="35" dir="1" index="0" bw="1" slack="0"/>
</pin_list>
<bind>
<StgValue><ssdm name=""/></StgValue>
</bind>
</comp>

<comp id="36" class="1004" name="reg_read_read_fu_36">
<pin_list>
<pin id="37" dir="0" index="0" bw="5" slack="0"/>
<pin id="38" dir="0" index="1" bw="5" slack="0"/>
<pin id="39" dir="1" index="2" bw="5" slack="0"/>
</pin_list>
<bind>
<opcode="read(1150) " fcode="read"/>
<opset="reg_read/1 "/>
</bind>
</comp>

<comp id="42" class="1004" name="frat_has_tag_addr_gep_fu_42">
<pin_list>
<pin id="43" dir="0" index="0" bw="1" slack="0"/>
<pin id="44" dir="0" index="1" bw="1" slack="0"/>
<pin id="45" dir="0" index="2" bw="5" slack="0"/>
<pin id="46" dir="1" index="3" bw="5" slack="0"/>
</pin_list>
<bind>
<opcode="getelementptr(29) " fcode="getelementptr"/>
<opset="frat_has_tag_addr/1 "/>
</bind>
</comp>

<comp id="49" class="1004" name="grp_access_fu_49">
<pin_list>
<pin id="50" dir="0" index="0" bw="5" slack="0"/>
<pin id="51" dir="0" index="1" bw="1" slack="2147483647"/>
<pin id="52" dir="0" index="2" bw="0" slack="2147483647"/>
<pin id="53" dir="1" index="3" bw="1" slack="1"/>
</pin_list>
<bind>
<opcode="load(27) " fcode="load"/>
<opset="frat_has_tag_load/1 "/>
</bind>
</comp>

<comp id="55" class="1004" name="frat_tag_addr_gep_fu_55">
<pin_list>
<pin id="56" dir="0" index="0" bw="3" slack="0"/>
<pin id="57" dir="0" index="1" bw="1" slack="0"/>
<pin id="58" dir="0" index="2" bw="5" slack="0"/>
<pin id="59" dir="1" index="3" bw="5" slack="0"/>
</pin_list>
<bind>
<opcode="getelementptr(29) " fcode="getelementptr"/>
<opset="frat_tag_addr/1 "/>
</bind>
</comp>

<comp id="62" class="1004" name="grp_access_fu_62">
<pin_list>
<pin id="63" dir="0" index="0" bw="5" slack="0"/>
<pin id="64" dir="0" index="1" bw="3" slack="2147483647"/>
<pin id="65" dir="0" index="2" bw="0" slack="2147483647"/>
<pin id="66" dir="1" index="3" bw="3" slack="0"/>
</pin_list>
<bind>
<opcode="load(27) " fcode="load"/>
<opset="t/1 "/>
</bind>
</comp>

<comp id="68" class="1004" name="fregs_addr_gep_fu_68">
<pin_list>
<pin id="69" dir="0" index="0" bw="32" slack="0"/>
<pin id="70" dir="0" index="1" bw="1" slack="0"/>
<pin id="71" dir="0" index="2" bw="5" slack="0"/>
<pin id="72" dir="1" index="3" bw="5" slack="0"/>
</pin_list>
<bind>
<opcode="getelementptr(29) " fcode="getelementptr"/>
<opset="fregs_addr/1 "/>
</bind>
</comp>

<comp id="75" class="1004" name="grp_access_fu_75">
<pin_list>
<pin id="76" dir="0" index="0" bw="5" slack="0"/>
<pin id="77" dir="0" index="1" bw="32" slack="2147483647"/>
<pin id="78" dir="0" index="2" bw="0" slack="2147483647"/>
<pin id="79" dir="1" index="3" bw="32" slack="1"/>
</pin_list>
<bind>
<opcode="load(27) " fcode="load"/>
<opset="fregs_load/1 "/>
</bind>
</comp>

<comp id="81" class="1004" name="rob_ready_addr_gep_fu_81">
<pin_list>
<pin id="82" dir="0" index="0" bw="1" slack="0"/>
<pin id="83" dir="0" index="1" bw="1" slack="0"/>
<pin id="84" dir="0" index="2" bw="3" slack="0"/>
<pin id="85" dir="1" index="3" bw="3" slack="0"/>
</pin_list>
<bind>
<opcode="getelementptr(29) " fcode="getelementptr"/>
<opset="rob_ready_addr/2 "/>
</bind>
</comp>

<comp id="88" class="1004" name="grp_access_fu_88">
<pin_list>
<pin id="89" dir="0" index="0" bw="3" slack="0"/>
<pin id="90" dir="0" index="1" bw="1" slack="2147483647"/>
<pin id="91" dir="0" index="2" bw="0" slack="2147483647"/>
<pin id="92" dir="1" index="3" bw="1" slack="0"/>
</pin_list>
<bind>
<opcode="load(27) " fcode="load"/>
<opset="rob_ready_load/2 "/>
</bind>
</comp>

<comp id="94" class="1004" name="rob_value_addr_gep_fu_94">
<pin_list>
<pin id="95" dir="0" index="0" bw="32" slack="0"/>
<pin id="96" dir="0" index="1" bw="1" slack="0"/>
<pin id="97" dir="0" index="2" bw="3" slack="0"/>
<pin id="98" dir="1" index="3" bw="3" slack="0"/>
</pin_list>
<bind>
<opcode="getelementptr(29) " fcode="getelementptr"/>
<opset="rob_value_addr/2 "/>
</bind>
</comp>

<comp id="101" class="1004" name="grp_access_fu_101">
<pin_list>
<pin id="102" dir="0" index="0" bw="3" slack="0"/>
<pin id="103" dir="0" index="1" bw="32" slack="2147483647"/>
<pin id="104" dir="0" index="2" bw="0" slack="2147483647"/>
<pin id="105" dir="1" index="3" bw="32" slack="0"/>
</pin_list>
<bind>
<opcode="load(27) " fcode="load"/>
<opset="rob_value_load/2 "/>
</bind>
</comp>

<comp id="107" class="1004" name="zext_ln284_fu_107">
<pin_list>
<pin id="108" dir="0" index="0" bw="5" slack="0"/>
<pin id="109" dir="1" index="1" bw="64" slack="0"/>
</pin_list>
<bind>
<opcode="zext(34) " fcode="zext"/>
<opset="zext_ln284/1 "/>
</bind>
</comp>

<comp id="114" class="1004" name="zext_ln289_fu_114">
<pin_list>
<pin id="115" dir="0" index="0" bw="3" slack="0"/>
<pin id="116" dir="1" index="1" bw="64" slack="0"/>
</pin_list>
<bind>
<opcode="zext(34) " fcode="zext"/>
<opset="zext_ln289/2 "/>
</bind>
</comp>

<comp id="120" class="1004" name="xor_ln284_fu_120">
<pin_list>
<pin id="121" dir="0" index="0" bw="1" slack="1"/>
<pin id="122" dir="0" index="1" bw="1" slack="0"/>
<pin id="123" dir="1" index="2" bw="1" slack="0"/>
</pin_list>
<bind>
<opcode="xor(25) " fcode="xor"/>
<opset="xor_ln284/3 "/>
</bind>
</comp>

<comp id="125" class="1004" name="or_ln289_fu_125">
<pin_list>
<pin id="126" dir="0" index="0" bw="1" slack="0"/>
<pin id="127" dir="0" index="1" bw="1" slack="0"/>
<pin id="128" dir="1" index="2" bw="1" slack="0"/>
</pin_list>
<bind>
<opcode="or(24) " fcode="or"/>
<opset="or_ln289/3 "/>
</bind>
</comp>

<comp id="131" class="1004" name="and_ln289_fu_131">
<pin_list>
<pin id="132" dir="0" index="0" bw="1" slack="1"/>
<pin id="133" dir="0" index="1" bw="1" slack="0"/>
<pin id="134" dir="1" index="2" bw="1" slack="0"/>
</pin_list>
<bind>
<opcode="and(23) " fcode="and"/>
<opset="and_ln289/3 "/>
</bind>
</comp>

<comp id="136" class="1004" name="sel_tmp5_fu_136">
<pin_list>
<pin id="137" dir="0" index="0" bw="2" slack="0"/>
<pin id="138" dir="0" index="1" bw="1" slack="0"/>
<pin id="139" dir="0" index="2" bw="1" slack="0"/>
<pin id="140" dir="1" index="3" bw="2" slack="0"/>
</pin_list>
<bind>
<opcode="bitconcatenate(1004) " fcode="bitconcatenate"/>
<opset="sel_tmp5/3 "/>
</bind>
</comp>

<comp id="144" class="1004" name="op_val_fu_144">
<pin_list>
<pin id="145" dir="0" index="0" bw="32" slack="0"/>
<pin id="146" dir="0" index="1" bw="2" slack="0"/>
<pin id="147" dir="0" index="2" bw="32" slack="0"/>
<pin id="148" dir="0" index="3" bw="2" slack="0"/>
<pin id="149" dir="0" index="4" bw="32" slack="1"/>
<pin id="150" dir="0" index="5" bw="2" slack="0"/>
<pin id="151" dir="0" index="6" bw="32" slack="0"/>
<pin id="152" dir="0" index="7" bw="32" slack="0"/>
<pin id="153" dir="0" index="8" bw="2" slack="0"/>
<pin id="154" dir="1" index="9" bw="32" slack="0"/>
</pin_list>
<bind>
<opcode="sparsemux(1197) " fcode="sparsemux"/>
<opset="op_val/3 "/>
</bind>
</comp>

<comp id="163" class="1004" name="op_tag_fu_163">
<pin_list>
<pin id="164" dir="0" index="0" bw="1" slack="0"/>
<pin id="165" dir="0" index="1" bw="1" slack="0"/>
<pin id="166" dir="0" index="2" bw="3" slack="1"/>
<pin id="167" dir="1" index="3" bw="3" slack="0"/>
</pin_list>
<bind>
<opcode="select(49) " fcode="select"/>
<opset="op_tag/3 "/>
</bind>
</comp>

<comp id="170" class="1004" name="mrv_fu_170">
<pin_list>
<pin id="171" dir="0" index="0" bw="36" slack="0"/>
<pin id="172" dir="0" index="1" bw="1" slack="0"/>
<pin id="173" dir="1" index="2" bw="36" slack="0"/>
</pin_list>
<bind>
<opcode="insertvalue(57) " fcode="insertvalue"/>
<opset="mrv/3 "/>
</bind>
</comp>

<comp id="176" class="1004" name="mrv_1_fu_176">
<pin_list>
<pin id="177" dir="0" index="0" bw="36" slack="0"/>
<pin id="178" dir="0" index="1" bw="32" slack="0"/>
<pin id="179" dir="1" index="2" bw="36" slack="0"/>
</pin_list>
<bind>
<opcode="insertvalue(57) " fcode="insertvalue"/>
<opset="mrv_1/3 "/>
</bind>
</comp>

<comp id="182" class="1004" name="mrv_2_fu_182">
<pin_list>
<pin id="183" dir="0" index="0" bw="36" slack="0"/>
<pin id="184" dir="0" index="1" bw="3" slack="0"/>
<pin id="185" dir="1" index="2" bw="36" slack="2147483647"/>
</pin_list>
<bind>
<opcode="insertvalue(57) " fcode="insertvalue"/>
<opset="mrv_2/3 "/>
</bind>
</comp>

<comp id="188" class="1005" name="frat_has_tag_addr_reg_188">
<pin_list>
<pin id="189" dir="0" index="0" bw="5" slack="1"/>
<pin id="190" dir="1" index="1" bw="5" slack="1"/>
</pin_list>
<bind>
<opset="frat_has_tag_addr "/>
</bind>
</comp>

<comp id="193" class="1005" name="frat_tag_addr_reg_193">
<pin_list>
<pin id="194" dir="0" index="0" bw="5" slack="1"/>
<pin id="195" dir="1" index="1" bw="5" slack="1"/>
</pin_list>
<bind>
<opset="frat_tag_addr "/>
</bind>
</comp>

<comp id="198" class="1005" name="fregs_addr_reg_198">
<pin_list>
<pin id="199" dir="0" index="0" bw="5" slack="1"/>
<pin id="200" dir="1" index="1" bw="5" slack="1"/>
</pin_list>
<bind>
<opset="fregs_addr "/>
</bind>
</comp>

<comp id="203" class="1005" name="frat_has_tag_load_reg_203">
<pin_list>
<pin id="204" dir="0" index="0" bw="1" slack="1"/>
<pin id="205" dir="1" index="1" bw="1" slack="1"/>
</pin_list>
<bind>
<opset="frat_has_tag_load "/>
</bind>
</comp>

<comp id="209" class="1005" name="t_reg_209">
<pin_list>
<pin id="210" dir="0" index="0" bw="3" slack="1"/>
<pin id="211" dir="1" index="1" bw="3" slack="1"/>
</pin_list>
<bind>
<opset="t "/>
</bind>
</comp>

<comp id="214" class="1005" name="rob_ready_addr_reg_214">
<pin_list>
<pin id="215" dir="0" index="0" bw="3" slack="1"/>
<pin id="216" dir="1" index="1" bw="3" slack="1"/>
</pin_list>
<bind>
<opset="rob_ready_addr "/>
</bind>
</comp>

<comp id="219" class="1005" name="fregs_load_reg_219">
<pin_list>
<pin id="220" dir="0" index="0" bw="32" slack="1"/>
<pin id="221" dir="1" index="1" bw="32" slack="1"/>
</pin_list>
<bind>
<opset="fregs_load "/>
</bind>
</comp>

<comp id="224" class="1005" name="rob_value_addr_reg_224">
<pin_list>
<pin id="225" dir="0" index="0" bw="3" slack="1"/>
<pin id="226" dir="1" index="1" bw="3" slack="1"/>
</pin_list>
<bind>
<opset="rob_value_addr "/>
</bind>
</comp>

</comp_list>

<net_list>
<net id="40"><net_src comp="12" pin="0"/><net_sink comp="36" pin=0"/></net>

<net id="41"><net_src comp="0" pin="0"/><net_sink comp="36" pin=1"/></net>

<net id="47"><net_src comp="2" pin="0"/><net_sink comp="42" pin=0"/></net>

<net id="48"><net_src comp="14" pin="0"/><net_sink comp="42" pin=1"/></net>

<net id="54"><net_src comp="42" pin="3"/><net_sink comp="49" pin=0"/></net>

<net id="60"><net_src comp="4" pin="0"/><net_sink comp="55" pin=0"/></net>

<net id="61"><net_src comp="14" pin="0"/><net_sink comp="55" pin=1"/></net>

<net id="67"><net_src comp="55" pin="3"/><net_sink comp="62" pin=0"/></net>

<net id="73"><net_src comp="8" pin="0"/><net_sink comp="68" pin=0"/></net>

<net id="74"><net_src comp="14" pin="0"/><net_sink comp="68" pin=1"/></net>

<net id="80"><net_src comp="68" pin="3"/><net_sink comp="75" pin=0"/></net>

<net id="86"><net_src comp="6" pin="0"/><net_sink comp="81" pin=0"/></net>

<net id="87"><net_src comp="14" pin="0"/><net_sink comp="81" pin=1"/></net>

<net id="93"><net_src comp="81" pin="3"/><net_sink comp="88" pin=0"/></net>

<net id="99"><net_src comp="10" pin="0"/><net_sink comp="94" pin=0"/></net>

<net id="100"><net_src comp="14" pin="0"/><net_sink comp="94" pin=1"/></net>

<net id="106"><net_src comp="94" pin="3"/><net_sink comp="101" pin=0"/></net>

<net id="110"><net_src comp="36" pin="2"/><net_sink comp="107" pin=0"/></net>

<net id="111"><net_src comp="107" pin="1"/><net_sink comp="42" pin=2"/></net>

<net id="112"><net_src comp="107" pin="1"/><net_sink comp="55" pin=2"/></net>

<net id="113"><net_src comp="107" pin="1"/><net_sink comp="68" pin=2"/></net>

<net id="117"><net_src comp="62" pin="3"/><net_sink comp="114" pin=0"/></net>

<net id="118"><net_src comp="114" pin="1"/><net_sink comp="81" pin=2"/></net>

<net id="119"><net_src comp="114" pin="1"/><net_sink comp="94" pin=2"/></net>

<net id="124"><net_src comp="16" pin="0"/><net_sink comp="120" pin=1"/></net>

<net id="129"><net_src comp="88" pin="3"/><net_sink comp="125" pin=0"/></net>

<net id="130"><net_src comp="120" pin="2"/><net_sink comp="125" pin=1"/></net>

<net id="135"><net_src comp="88" pin="3"/><net_sink comp="131" pin=1"/></net>

<net id="141"><net_src comp="18" pin="0"/><net_sink comp="136" pin=0"/></net>

<net id="142"><net_src comp="131" pin="2"/><net_sink comp="136" pin=1"/></net>

<net id="143"><net_src comp="120" pin="2"/><net_sink comp="136" pin=2"/></net>

<net id="155"><net_src comp="20" pin="0"/><net_sink comp="144" pin=0"/></net>

<net id="156"><net_src comp="22" pin="0"/><net_sink comp="144" pin=1"/></net>

<net id="157"><net_src comp="101" pin="3"/><net_sink comp="144" pin=2"/></net>

<net id="158"><net_src comp="24" pin="0"/><net_sink comp="144" pin=3"/></net>

<net id="159"><net_src comp="26" pin="0"/><net_sink comp="144" pin=5"/></net>

<net id="160"><net_src comp="28" pin="0"/><net_sink comp="144" pin=6"/></net>

<net id="161"><net_src comp="30" pin="0"/><net_sink comp="144" pin=7"/></net>

<net id="162"><net_src comp="136" pin="3"/><net_sink comp="144" pin=8"/></net>

<net id="168"><net_src comp="125" pin="2"/><net_sink comp="163" pin=0"/></net>

<net id="169"><net_src comp="32" pin="0"/><net_sink comp="163" pin=1"/></net>

<net id="174"><net_src comp="34" pin="0"/><net_sink comp="170" pin=0"/></net>

<net id="175"><net_src comp="125" pin="2"/><net_sink comp="170" pin=1"/></net>

<net id="180"><net_src comp="170" pin="2"/><net_sink comp="176" pin=0"/></net>

<net id="181"><net_src comp="144" pin="9"/><net_sink comp="176" pin=1"/></net>

<net id="186"><net_src comp="176" pin="2"/><net_sink comp="182" pin=0"/></net>

<net id="187"><net_src comp="163" pin="3"/><net_sink comp="182" pin=1"/></net>

<net id="191"><net_src comp="42" pin="3"/><net_sink comp="188" pin=0"/></net>

<net id="192"><net_src comp="188" pin="1"/><net_sink comp="49" pin=0"/></net>

<net id="196"><net_src comp="55" pin="3"/><net_sink comp="193" pin=0"/></net>

<net id="197"><net_src comp="193" pin="1"/><net_sink comp="62" pin=0"/></net>

<net id="201"><net_src comp="68" pin="3"/><net_sink comp="198" pin=0"/></net>

<net id="202"><net_src comp="198" pin="1"/><net_sink comp="75" pin=0"/></net>

<net id="206"><net_src comp="49" pin="3"/><net_sink comp="203" pin=0"/></net>

<net id="207"><net_src comp="203" pin="1"/><net_sink comp="120" pin=0"/></net>

<net id="208"><net_src comp="203" pin="1"/><net_sink comp="131" pin=0"/></net>

<net id="212"><net_src comp="62" pin="3"/><net_sink comp="209" pin=0"/></net>

<net id="213"><net_src comp="209" pin="1"/><net_sink comp="163" pin=2"/></net>

<net id="217"><net_src comp="81" pin="3"/><net_sink comp="214" pin=0"/></net>

<net id="218"><net_src comp="214" pin="1"/><net_sink comp="88" pin=0"/></net>

<net id="222"><net_src comp="75" pin="3"/><net_sink comp="219" pin=0"/></net>

<net id="223"><net_src comp="219" pin="1"/><net_sink comp="144" pin=4"/></net>

<net id="227"><net_src comp="94" pin="3"/><net_sink comp="224" pin=0"/></net>

<net id="228"><net_src comp="224" pin="1"/><net_sink comp="101" pin=0"/></net>

</net_list>

</model> 
---------------- Datapath Model END ------------------

* FSMD analyzer results:
  - Output states:
 - Input state : 
	Port: read_operand_fp : reg_r | {1 }
	Port: read_operand_fp : frat_has_tag | {1 2 }
	Port: read_operand_fp : frat_tag | {1 2 }
	Port: read_operand_fp : rob_ready | {2 3 }
	Port: read_operand_fp : fregs | {1 2 }
	Port: read_operand_fp : rob_value | {2 3 }
  - Chain level:
	State 1
		frat_has_tag_addr : 1
		frat_has_tag_load : 2
		frat_tag_addr : 1
		t : 2
		fregs_addr : 1
		fregs_load : 2
	State 2
		zext_ln289 : 1
		rob_ready_addr : 2
		rob_ready_load : 3
		rob_value_addr : 2
		rob_value_load : 3
	State 3
		and_ln289 : 1
		sel_tmp5 : 1
		op_val : 2
		mrv_1 : 3
		mrv_2 : 4
		ret_ln295 : 5


============================================================
+ Verbose Summary: Datapath Resource usage 
============================================================

* Functional unit list:
|----------|---------------------|---------|---------|
| Operation|   Functional Unit   |    FF   |   LUT   |
|----------|---------------------|---------|---------|
| sparsemux|    op_val_fu_144    |    0    |    9    |
|----------|---------------------|---------|---------|
|  select  |    op_tag_fu_163    |    0    |    3    |
|----------|---------------------|---------|---------|
|    xor   |   xor_ln284_fu_120  |    0    |    2    |
|----------|---------------------|---------|---------|
|    or    |   or_ln289_fu_125   |    0    |    2    |
|----------|---------------------|---------|---------|
|    and   |   and_ln289_fu_131  |    0    |    2    |
|----------|---------------------|---------|---------|
|   read   | reg_read_read_fu_36 |    0    |    0    |
|----------|---------------------|---------|---------|
|   zext   |  zext_ln284_fu_107  |    0    |    0    |
|          |  zext_ln289_fu_114  |    0    |    0    |
|----------|---------------------|---------|---------|
|bitconcatenate|   sel_tmp5_fu_136   |    0    |    0    |
|----------|---------------------|---------|---------|
|          |      mrv_fu_170     |    0    |    0    |
|insertvalue|     mrv_1_fu_176    |    0    |    0    |
|          |     mrv_2_fu_182    |    0    |    0    |
|----------|---------------------|---------|---------|
|   Total  |                     |    0    |    18   |
|----------|---------------------|---------|---------|

Memories:
N/A

* Register list:
+-------------------------+--------+
|                         |   FF   |
+-------------------------+--------+
|frat_has_tag_addr_reg_188|    5   |
|frat_has_tag_load_reg_203|    1   |
|  frat_tag_addr_reg_193  |    5   |
|    fregs_addr_reg_198   |    5   |
|    fregs_load_reg_219   |   32   |
|  rob_ready_addr_reg_214 |    3   |
|  rob_value_addr_reg_224 |    3   |
|        t_reg_209        |    3   |
+-------------------------+--------+
|          Total          |   57   |
+-------------------------+--------+

* Multiplexer (MUX) list: 
|-------------------|------|------|------|--------||---------||---------||---------|
|        Comp       |  Pin | Size |  BW  | S x BW ||  Delay  ||    FF   ||   LUT   |
|-------------------|------|------|------|--------||---------||---------||---------|
|  grp_access_fu_49 |  p0  |   2  |   5  |   10   ||    0    ||    9    |
|  grp_access_fu_62 |  p0  |   2  |   5  |   10   ||    0    ||    9    |
|  grp_access_fu_75 |  p0  |   2  |   5  |   10   ||    0    ||    9    |
|  grp_access_fu_88 |  p0  |   2  |   3  |    6   ||    0    ||    9    |
| grp_access_fu_101 |  p0  |   2  |   3  |    6   ||    0    ||    9    |
|-------------------|------|------|------|--------||---------||---------||---------|
|       Total       |      |      |      |   42   ||  2.135  ||    0    ||    45   |
|-------------------|------|------|------|--------||---------||---------||---------|



* Summary:
+-----------+--------+--------+--------+
|           |  Delay |   FF   |   LUT  |
+-----------+--------+--------+--------+
|  Function |    -   |    0   |   18   |
|   Memory  |    -   |    -   |    -   |
|Multiplexer|    2   |    0   |   45   |
|  Register |    -   |   57   |    -   |
+-----------+--------+--------+--------+
|   Total   |    2   |   57   |   63   |
+-----------+--------+--------+--------+
