

================================================================
== Vitis HLS Report for 'rv32_ooo_tick_Pipeline_VITIS_LOOP_872_10'
================================================================
* Date:           Tue Jul 21 18:18:42 2026

* Version:        2024.2 (Build 5238294 on Nov  8 2024)
* Project:        rv32_ooo_proj
* Solution:       solution1 (Vivado IP Flow Target)
* Product family: zynquplus
* Target device:  xck26-sfvc784-2LV-c


================================================================
== Performance Estimates
================================================================
+ Timing: 
    * Summary: 
    +--------+----------+----------+------------+
    |  Clock |  Target  | Estimated| Uncertainty|
    +--------+----------+----------+------------+
    |ap_clk  |  10.00 ns|  1.424 ns|     2.70 ns|
    +--------+----------+----------+------------+

+ Latency: 
    * Summary: 
    +---------+---------+-----------+-----------+-----+-----+------------------------------------------------+
    |  Latency (cycles) |   Latency (absolute)  |  Interval |                    Pipeline                    |
    |   min   |   max   |    min    |    max    | min | max |                      Type                      |
    +---------+---------+-----------+-----------+-----+-----+------------------------------------------------+
    |        4|        4|  40.000 ns|  40.000 ns|    3|    3|  loop auto-rewind stp (delay=0 clock cycles(s))|
    +---------+---------+-----------+-----------+-----+-----+------------------------------------------------+

    + Detail: 
        * Instance: 
        N/A

        * Loop: 
        +---------------------+---------+---------+----------+-----------+-----------+------+----------+
        |                     |  Latency (cycles) | Iteration|  Initiation Interval  | Trip |          |
        |      Loop Name      |   min   |   max   |  Latency |  achieved |   target  | Count| Pipelined|
        +---------------------+---------+---------+----------+-----------+-----------+------+----------+
        |- VITIS_LOOP_872_10  |        2|        2|         1|          1|          1|     2|       yes|
        +---------------------+---------+---------+----------+-----------+-----------+------+----------+

============================================================
+ Verbose Summary: Synthesis Manager
============================================================
InlineROM: 1
ExposeGlobal: 0
============================================================
+ Verbose Summary: CDFG Model
============================================================
IsTopModel: 0
ResetActiveHigh: 1
IsCombinational: 0
IsDatapathOnly: 0
HasWiredReturn: 1
HasMFsm: 2
HasVarLatency: 1
IsPipeline: 0
IsRtlPipelined: 0
IsInstanceOverlapped: 0
IsDontTouch: 0
HasImplIP: 0
IsGatedGlobalClock: 0

+ Individual pipeline summary: 
  * Pipeline-0: initiation interval (II) = 1, depth = 2


============================================================
+ Verbose Summary: Schedule
============================================================
* Number of FSM states : 2
* Pipeline : 1
  Pipeline-0 : II = 1, D = 2, States = { 1 2 }
* Dataflow Pipeline: 0

* FSM state transitions: 
1 --> 2 
2 --> 

* FSM state operations: 

State 1 <SV = 0> <Delay = 0.42>
ST_1 : Operation 4 [1/1] (0.00ns)   --->   "%free_alu = alloca i32 1" [rv32_ooo.cpp:871]   --->   Operation 4 'alloca' 'free_alu' <Predicate = true> <Delay = 0.00>
ST_1 : Operation 5 [1/1] (0.00ns)   --->   "%i = alloca i32 1" [rv32_ooo.cpp:872]   --->   Operation 5 'alloca' 'i' <Predicate = true> <Delay = 0.00>
ST_1 : Operation 6 [1/1] (0.00ns)   --->   "%alu_rs_busy_0_load_1_read = read i1 @_ssdm_op_Read.ap_auto.i1, i1 %alu_rs_busy_0_load_1"   --->   Operation 6 'read' 'alu_rs_busy_0_load_1_read' <Predicate = true> <Delay = 0.00>
ST_1 : Operation 7 [1/1] (0.00ns)   --->   "%alu_rs_busy_1_load_1_read = read i1 @_ssdm_op_Read.ap_auto.i1, i1 %alu_rs_busy_1_load_1"   --->   Operation 7 'read' 'alu_rs_busy_1_load_1_read' <Predicate = true> <Delay = 0.00>
ST_1 : Operation 8 [1/1] (0.42ns)   --->   "%store_ln872 = store i2 1, i2 %i" [rv32_ooo.cpp:872]   --->   Operation 8 'store' 'store_ln872' <Predicate = true> <Delay = 0.42>
ST_1 : Operation 9 [1/1] (0.42ns)   --->   "%store_ln871 = store i32 4294967295, i32 %free_alu" [rv32_ooo.cpp:871]   --->   Operation 9 'store' 'store_ln871' <Predicate = true> <Delay = 0.42>
ST_1 : Operation 10 [1/1] (0.00ns)   --->   "%br_ln0 = br void %for.body728"   --->   Operation 10 'br' 'br_ln0' <Predicate = true> <Delay = 0.00>

State 2 <SV = 1> <Delay = 1.42>
ST_2 : Operation 11 [1/1] (0.00ns)   --->   "%i_1 = load i2 %i" [rv32_ooo.cpp:873]   --->   Operation 11 'load' 'i_1' <Predicate = true> <Delay = 0.00>
ST_2 : Operation 12 [1/1] (0.00ns)   --->   "%tmp = bitselect i1 @_ssdm_op_BitSelect.i1.i2.i32, i2 %i_1, i32 1" [rv32_ooo.cpp:872]   --->   Operation 12 'bitselect' 'tmp' <Predicate = true> <Delay = 0.00>
ST_2 : Operation 13 [1/1] (0.00ns)   --->   "%br_ln872 = br i1 %tmp, void %for.body728.split, void %for.end735.exitStub" [rv32_ooo.cpp:872]   --->   Operation 13 'br' 'br_ln872' <Predicate = true> <Delay = 0.00>
ST_2 : Operation 14 [1/1] (0.00ns)   --->   "%free_alu_load_1 = load i32 %free_alu" [rv32_ooo.cpp:873]   --->   Operation 14 'load' 'free_alu_load_1' <Predicate = (!tmp)> <Delay = 0.00>
ST_2 : Operation 15 [1/1] (0.00ns)   --->   "%specpipeline_ln871 = specpipeline void @_ssdm_op_SpecPipeline, i32 4294967295, i32 0, i32 0, i32 0, void @empty_7" [rv32_ooo.cpp:871]   --->   Operation 15 'specpipeline' 'specpipeline_ln871' <Predicate = (!tmp)> <Delay = 0.00>
ST_2 : Operation 16 [1/1] (0.00ns)   --->   "%speclooptripcount_ln871 = speclooptripcount void @_ssdm_op_SpecLoopTripCount, i64 2, i64 2, i64 2" [rv32_ooo.cpp:871]   --->   Operation 16 'speclooptripcount' 'speclooptripcount_ln871' <Predicate = (!tmp)> <Delay = 0.00>
ST_2 : Operation 17 [1/1] (0.00ns)   --->   "%specloopname_ln872 = specloopname void @_ssdm_op_SpecLoopName, void @empty" [rv32_ooo.cpp:872]   --->   Operation 17 'specloopname' 'specloopname_ln872' <Predicate = (!tmp)> <Delay = 0.00>
ST_2 : Operation 18 [1/1] (0.54ns)   --->   "%icmp_ln873 = icmp_eq  i2 %i_1, i2 1" [rv32_ooo.cpp:873]   --->   Operation 18 'icmp' 'icmp_ln873' <Predicate = (!tmp)> <Delay = 0.54> <CoreInst = "Cmp">   --->   Core 9 'Cmp' <Latency = 0> <II = 1> <Delay = 0.54> <FuncUnit> <Opcode : 'seteq' 'setne' 'setle' 'setge' 'setlt' 'setgt'> <InPorts = 2> <OutPorts = 1>
ST_2 : Operation 19 [1/1] (0.00ns) (grouped into LUT with out node free_alu_1)   --->   "%select_ln873 = select i1 %icmp_ln873, i1 %alu_rs_busy_1_load_1_read, i1 %alu_rs_busy_0_load_1_read" [rv32_ooo.cpp:873]   --->   Operation 19 'select' 'select_ln873' <Predicate = (!tmp)> <Delay = 0.00> <CoreInst = "Sel">   --->   Core 73 'Sel' <Latency = 0> <II = 1> <Delay = 0.17> <FuncUnit> <Opcode : 'select'> <InPorts = 3> <OutPorts = 1>
ST_2 : Operation 20 [1/1] (0.00ns) (grouped into LUT with out node free_alu_1)   --->   "%trunc_ln873 = trunc i2 %i_1" [rv32_ooo.cpp:873]   --->   Operation 20 'trunc' 'trunc_ln873' <Predicate = (!tmp)> <Delay = 0.00>
ST_2 : Operation 21 [1/1] (0.00ns) (grouped into LUT with out node free_alu_1)   --->   "%zext_ln873 = zext i1 %trunc_ln873" [rv32_ooo.cpp:873]   --->   Operation 21 'zext' 'zext_ln873' <Predicate = (!tmp)> <Delay = 0.00>
ST_2 : Operation 22 [1/1] (0.44ns) (out node of the LUT)   --->   "%free_alu_1 = select i1 %select_ln873, i32 %free_alu_load_1, i32 %zext_ln873" [rv32_ooo.cpp:873]   --->   Operation 22 'select' 'free_alu_1' <Predicate = (!tmp)> <Delay = 0.44> <CoreInst = "Sel">   --->   Core 73 'Sel' <Latency = 0> <II = 1> <Delay = 0.44> <FuncUnit> <Opcode : 'select'> <InPorts = 3> <OutPorts = 1>
ST_2 : Operation 23 [1/1] (0.54ns)   --->   "%add_ln872 = add i2 %i_1, i2 3" [rv32_ooo.cpp:872]   --->   Operation 23 'add' 'add_ln872' <Predicate = (!tmp)> <Delay = 0.54> <CoreInst = "Adder">   --->   Core 1 'Adder' <Latency = 0> <II = 1> <Delay = 0.54> <FuncUnit> <Opcode : 'add' 'sub'> <InPorts = 2> <OutPorts = 1>
ST_2 : Operation 24 [1/1] (0.42ns)   --->   "%store_ln872 = store i2 %add_ln872, i2 %i" [rv32_ooo.cpp:872]   --->   Operation 24 'store' 'store_ln872' <Predicate = (!tmp)> <Delay = 0.42>
ST_2 : Operation 25 [1/1] (0.42ns)   --->   "%store_ln871 = store i32 %free_alu_1, i32 %free_alu" [rv32_ooo.cpp:871]   --->   Operation 25 'store' 'store_ln871' <Predicate = (!tmp)> <Delay = 0.42>
ST_2 : Operation 26 [1/1] (0.00ns)   --->   "%br_ln872 = br void %for.body728" [rv32_ooo.cpp:872]   --->   Operation 26 'br' 'br_ln872' <Predicate = (!tmp)> <Delay = 0.00>
ST_2 : Operation 27 [1/1] (0.00ns)   --->   "%free_alu_load = load i32 %free_alu"   --->   Operation 27 'load' 'free_alu_load' <Predicate = (tmp)> <Delay = 0.00>
ST_2 : Operation 28 [1/1] (0.00ns)   --->   "%write_ln0 = write void @_ssdm_op_Write.ap_auto.i32P0A, i32 %free_alu_out, i32 %free_alu_load"   --->   Operation 28 'write' 'write_ln0' <Predicate = (tmp)> <Delay = 0.00>
ST_2 : Operation 29 [1/1] (0.42ns)   --->   "%ret_ln0 = ret"   --->   Operation 29 'ret' 'ret_ln0' <Predicate = (tmp)> <Delay = 0.42>


============================================================
+ Verbose Summary: Timing violations
============================================================
Target clock period: 10.000ns, clock uncertainty: 2.700ns.

 <State 1>: 0.427ns
The critical path consists of the following:
	'alloca' operation 2 bit ('i', rv32_ooo.cpp:872) [5]  (0.000 ns)
	'store' operation 0 bit ('store_ln872', rv32_ooo.cpp:872) of constant 1 on local variable 'i', rv32_ooo.cpp:872 [8]  (0.427 ns)

 <State 2>: 1.424ns
The critical path consists of the following:
	'load' operation 2 bit ('i', rv32_ooo.cpp:873) on local variable 'i', rv32_ooo.cpp:872 [12]  (0.000 ns)
	'icmp' operation 1 bit ('icmp_ln873', rv32_ooo.cpp:873) [20]  (0.548 ns)
	'select' operation 1 bit ('select_ln873', rv32_ooo.cpp:873) [21]  (0.000 ns)
	'select' operation 32 bit ('free_alu', rv32_ooo.cpp:873) [24]  (0.449 ns)
	'store' operation 0 bit ('store_ln871', rv32_ooo.cpp:871) of variable 'free_alu', rv32_ooo.cpp:873 on local variable 'free_alu', rv32_ooo.cpp:871 [27]  (0.427 ns)


============================================================
+ Verbose Summary: Binding
============================================================
N/A
* FSMD analyzer results:
  - Output states:
 - Input state : 
  - Chain level:
	State 1
	State 2


============================================================
+ Verbose Summary: Datapath Resource usage 
============================================================
N/A
