

================================================================
== Vitis HLS Report for 'cdb_broadcast'
================================================================
* Date:           Tue Jul 21 18:19:51 2026

* Version:        2024.2 (Build 5238294 on Nov  8 2024)
* Project:        rv32_ooo_bm_proj
* Solution:       solution1 (Vivado IP Flow Target)
* Product family: zynquplus
* Target device:  xck26-sfvc784-2LV-c


================================================================
== Performance Estimates
================================================================
+ Timing: 
    * Summary: 
    +--------+----------+----------+------------+
    |  Clock |  Target  | Estimated| Uncertainty|
    +--------+----------+----------+------------+
    |ap_clk  |  10.00 ns|  0.960 ns|     2.70 ns|
    +--------+----------+----------+------------+

+ Latency: 
    * Summary: 
    +---------+---------+----------+----------+-----+-----+---------+
    |  Latency (cycles) |  Latency (absolute) |  Interval | Pipeline|
    |   min   |   max   |    min   |    max   | min | max |   Type  |
    +---------+---------+----------+----------+-----+-----+---------+
    |        0|        0|      0 ns|      0 ns|    0|    0|       no|
    +---------+---------+----------+----------+-----+-----+---------+

    + Detail: 
        * Instance: 
        N/A

        * Loop: 
        N/A

============================================================
+ Verbose Summary: Synthesis Manager
============================================================
InlineROM: 1
ExposeGlobal: 0
============================================================
+ Verbose Summary: CDFG Model
============================================================
IsTopModel: 0
ResetActiveHigh: 1
IsCombinational: 0
IsDatapathOnly: 0
HasWiredReturn: 1
HasMFsm: 0
HasVarLatency: 0
IsPipeline: 0
IsRtlPipelined: 0
IsInstanceOverlapped: 0
IsDontTouch: 0
HasImplIP: 0
IsGatedGlobalClock: 0


============================================================
+ Verbose Summary: Schedule
============================================================
* Number of FSM states : 1
* Pipeline : 0
* Dataflow Pipeline: 0

* FSM state transitions: 
1 --> 

* FSM state operations: 

State 1 <SV = 0> <Delay = 0.95>
ST_1 : Operation 2 [1/1] (0.00ns)   --->   "%value_read = read i32 @_ssdm_op_Read.ap_auto.i32, i32 %value_r" [rv32_ooo.cpp:177]   --->   Operation 2 'read' 'value_read' <Predicate = true> <Delay = 0.00>
ST_1 : Operation 3 [1/1] (0.00ns)   --->   "%tag_read = read i3 @_ssdm_op_Read.ap_auto.i3, i3 %tag" [rv32_ooo.cpp:177]   --->   Operation 3 'read' 'tag_read' <Predicate = true> <Delay = 0.00>
ST_1 : Operation 4 [1/1] (0.00ns)   --->   "%trunc_ln177 = trunc i32 %value_read" [rv32_ooo.cpp:177]   --->   Operation 4 'trunc' 'trunc_ln177' <Predicate = true> <Delay = 0.00>
ST_1 : Operation 5 [1/1] (0.00ns)   --->   "%alu_rs_busy_0_load = load i1 %alu_rs_busy_0" [rv32_ooo.cpp:180]   --->   Operation 5 'load' 'alu_rs_busy_0_load' <Predicate = true> <Delay = 0.00>
ST_1 : Operation 6 [1/1] (0.00ns)   --->   "%br_ln180 = br i1 %alu_rs_busy_0_load, void %for.inc, void %land.lhs.true" [rv32_ooo.cpp:180]   --->   Operation 6 'br' 'br_ln180' <Predicate = true> <Delay = 0.00>
ST_1 : Operation 7 [1/1] (0.00ns)   --->   "%alu_rs_s1_ready_0_load = load i1 %alu_rs_s1_ready_0" [rv32_ooo.cpp:180]   --->   Operation 7 'load' 'alu_rs_s1_ready_0_load' <Predicate = (alu_rs_busy_0_load)> <Delay = 0.00>
ST_1 : Operation 8 [1/1] (0.00ns)   --->   "%alu_rs_s1_tag_0_load = load i3 %alu_rs_s1_tag_0" [rv32_ooo.cpp:180]   --->   Operation 8 'load' 'alu_rs_s1_tag_0_load' <Predicate = (alu_rs_busy_0_load)> <Delay = 0.00>
ST_1 : Operation 9 [1/1] (0.67ns)   --->   "%icmp_ln180 = icmp_ne  i3 %alu_rs_s1_tag_0_load, i3 %tag_read" [rv32_ooo.cpp:180]   --->   Operation 9 'icmp' 'icmp_ln180' <Predicate = (alu_rs_busy_0_load)> <Delay = 0.67> <CoreInst = "Cmp">   --->   Core 9 'Cmp' <Latency = 0> <II = 1> <Delay = 0.67> <FuncUnit> <Opcode : 'seteq' 'setne' 'setle' 'setge' 'setlt' 'setgt'> <InPorts = 2> <OutPorts = 1>
ST_1 : Operation 10 [1/1] (0.28ns)   --->   "%or_ln180 = or i1 %alu_rs_s1_ready_0_load, i1 %icmp_ln180" [rv32_ooo.cpp:180]   --->   Operation 10 'or' 'or_ln180' <Predicate = (alu_rs_busy_0_load)> <Delay = 0.28> <CoreInst = "LogicGate">   --->   Core 74 'LogicGate' <Latency = 0> <II = 1> <Delay = 0.28> <FuncUnit> <Opcode : 'and' 'or' 'xor'> <InPorts = 2> <OutPorts = 1>
ST_1 : Operation 11 [1/1] (0.00ns)   --->   "%br_ln180 = br i1 %or_ln180, void %if.then, void %land.lhs.true18" [rv32_ooo.cpp:180]   --->   Operation 11 'br' 'br_ln180' <Predicate = (alu_rs_busy_0_load)> <Delay = 0.00>
ST_1 : Operation 12 [1/1] (0.00ns)   --->   "%store_ln181 = store i1 1, i1 %alu_rs_s1_ready_0" [rv32_ooo.cpp:181]   --->   Operation 12 'store' 'store_ln181' <Predicate = (alu_rs_busy_0_load & !or_ln180)> <Delay = 0.00>
ST_1 : Operation 13 [1/1] (0.00ns)   --->   "%store_ln181 = store i32 %value_read, i32 %alu_rs_s1_val_0" [rv32_ooo.cpp:181]   --->   Operation 13 'store' 'store_ln181' <Predicate = (alu_rs_busy_0_load & !or_ln180)> <Delay = 0.00>
ST_1 : Operation 14 [1/1] (0.00ns)   --->   "%br_ln182 = br void %land.lhs.true18" [rv32_ooo.cpp:182]   --->   Operation 14 'br' 'br_ln182' <Predicate = (alu_rs_busy_0_load & !or_ln180)> <Delay = 0.00>
ST_1 : Operation 15 [1/1] (0.00ns)   --->   "%alu_rs_s2_ready_0_load = load i1 %alu_rs_s2_ready_0" [rv32_ooo.cpp:183]   --->   Operation 15 'load' 'alu_rs_s2_ready_0_load' <Predicate = (alu_rs_busy_0_load)> <Delay = 0.00>
ST_1 : Operation 16 [1/1] (0.00ns)   --->   "%alu_rs_s2_tag_0_load = load i3 %alu_rs_s2_tag_0" [rv32_ooo.cpp:183]   --->   Operation 16 'load' 'alu_rs_s2_tag_0_load' <Predicate = (alu_rs_busy_0_load)> <Delay = 0.00>
ST_1 : Operation 17 [1/1] (0.67ns)   --->   "%icmp_ln183 = icmp_ne  i3 %alu_rs_s2_tag_0_load, i3 %tag_read" [rv32_ooo.cpp:183]   --->   Operation 17 'icmp' 'icmp_ln183' <Predicate = (alu_rs_busy_0_load)> <Delay = 0.67> <CoreInst = "Cmp">   --->   Core 9 'Cmp' <Latency = 0> <II = 1> <Delay = 0.67> <FuncUnit> <Opcode : 'seteq' 'setne' 'setle' 'setge' 'setlt' 'setgt'> <InPorts = 2> <OutPorts = 1>
ST_1 : Operation 18 [1/1] (0.28ns)   --->   "%or_ln183 = or i1 %alu_rs_s2_ready_0_load, i1 %icmp_ln183" [rv32_ooo.cpp:183]   --->   Operation 18 'or' 'or_ln183' <Predicate = (alu_rs_busy_0_load)> <Delay = 0.28> <CoreInst = "LogicGate">   --->   Core 74 'LogicGate' <Latency = 0> <II = 1> <Delay = 0.28> <FuncUnit> <Opcode : 'and' 'or' 'xor'> <InPorts = 2> <OutPorts = 1>
ST_1 : Operation 19 [1/1] (0.00ns)   --->   "%br_ln183 = br i1 %or_ln183, void %if.then28, void %for.inc" [rv32_ooo.cpp:183]   --->   Operation 19 'br' 'br_ln183' <Predicate = (alu_rs_busy_0_load)> <Delay = 0.00>
ST_1 : Operation 20 [1/1] (0.00ns)   --->   "%store_ln184 = store i1 1, i1 %alu_rs_s2_ready_0" [rv32_ooo.cpp:184]   --->   Operation 20 'store' 'store_ln184' <Predicate = (alu_rs_busy_0_load & !or_ln183)> <Delay = 0.00>
ST_1 : Operation 21 [1/1] (0.00ns)   --->   "%store_ln184 = store i32 %value_read, i32 %alu_rs_s2_val_0" [rv32_ooo.cpp:184]   --->   Operation 21 'store' 'store_ln184' <Predicate = (alu_rs_busy_0_load & !or_ln183)> <Delay = 0.00>
ST_1 : Operation 22 [1/1] (0.00ns)   --->   "%br_ln185 = br void %for.inc" [rv32_ooo.cpp:185]   --->   Operation 22 'br' 'br_ln185' <Predicate = (alu_rs_busy_0_load & !or_ln183)> <Delay = 0.00>
ST_1 : Operation 23 [1/1] (0.00ns)   --->   "%alu_rs_busy_1_load = load i1 %alu_rs_busy_1" [rv32_ooo.cpp:180]   --->   Operation 23 'load' 'alu_rs_busy_1_load' <Predicate = true> <Delay = 0.00>
ST_1 : Operation 24 [1/1] (0.00ns)   --->   "%br_ln180 = br i1 %alu_rs_busy_1_load, void %for.end, void %land.lhs.true.1" [rv32_ooo.cpp:180]   --->   Operation 24 'br' 'br_ln180' <Predicate = true> <Delay = 0.00>
ST_1 : Operation 25 [1/1] (0.00ns)   --->   "%alu_rs_s1_ready_1_load = load i1 %alu_rs_s1_ready_1" [rv32_ooo.cpp:180]   --->   Operation 25 'load' 'alu_rs_s1_ready_1_load' <Predicate = (alu_rs_busy_1_load)> <Delay = 0.00>
ST_1 : Operation 26 [1/1] (0.00ns)   --->   "%alu_rs_s1_tag_1_load = load i3 %alu_rs_s1_tag_1" [rv32_ooo.cpp:180]   --->   Operation 26 'load' 'alu_rs_s1_tag_1_load' <Predicate = (alu_rs_busy_1_load)> <Delay = 0.00>
ST_1 : Operation 27 [1/1] (0.67ns)   --->   "%icmp_ln180_1 = icmp_ne  i3 %alu_rs_s1_tag_1_load, i3 %tag_read" [rv32_ooo.cpp:180]   --->   Operation 27 'icmp' 'icmp_ln180_1' <Predicate = (alu_rs_busy_1_load)> <Delay = 0.67> <CoreInst = "Cmp">   --->   Core 9 'Cmp' <Latency = 0> <II = 1> <Delay = 0.67> <FuncUnit> <Opcode : 'seteq' 'setne' 'setle' 'setge' 'setlt' 'setgt'> <InPorts = 2> <OutPorts = 1>
ST_1 : Operation 28 [1/1] (0.28ns)   --->   "%or_ln180_1 = or i1 %alu_rs_s1_ready_1_load, i1 %icmp_ln180_1" [rv32_ooo.cpp:180]   --->   Operation 28 'or' 'or_ln180_1' <Predicate = (alu_rs_busy_1_load)> <Delay = 0.28> <CoreInst = "LogicGate">   --->   Core 74 'LogicGate' <Latency = 0> <II = 1> <Delay = 0.28> <FuncUnit> <Opcode : 'and' 'or' 'xor'> <InPorts = 2> <OutPorts = 1>
ST_1 : Operation 29 [1/1] (0.00ns)   --->   "%br_ln180 = br i1 %or_ln180_1, void %if.then.1, void %land.lhs.true18.1" [rv32_ooo.cpp:180]   --->   Operation 29 'br' 'br_ln180' <Predicate = (alu_rs_busy_1_load)> <Delay = 0.00>
ST_1 : Operation 30 [1/1] (0.00ns)   --->   "%store_ln181 = store i1 1, i1 %alu_rs_s1_ready_1" [rv32_ooo.cpp:181]   --->   Operation 30 'store' 'store_ln181' <Predicate = (alu_rs_busy_1_load & !or_ln180_1)> <Delay = 0.00>
ST_1 : Operation 31 [1/1] (0.00ns)   --->   "%store_ln181 = store i32 %value_read, i32 %alu_rs_s1_val_1" [rv32_ooo.cpp:181]   --->   Operation 31 'store' 'store_ln181' <Predicate = (alu_rs_busy_1_load & !or_ln180_1)> <Delay = 0.00>
ST_1 : Operation 32 [1/1] (0.00ns)   --->   "%br_ln182 = br void %land.lhs.true18.1" [rv32_ooo.cpp:182]   --->   Operation 32 'br' 'br_ln182' <Predicate = (alu_rs_busy_1_load & !or_ln180_1)> <Delay = 0.00>
ST_1 : Operation 33 [1/1] (0.00ns)   --->   "%alu_rs_s2_ready_1_load = load i1 %alu_rs_s2_ready_1" [rv32_ooo.cpp:183]   --->   Operation 33 'load' 'alu_rs_s2_ready_1_load' <Predicate = (alu_rs_busy_1_load)> <Delay = 0.00>
ST_1 : Operation 34 [1/1] (0.00ns)   --->   "%alu_rs_s2_tag_1_load = load i3 %alu_rs_s2_tag_1" [rv32_ooo.cpp:183]   --->   Operation 34 'load' 'alu_rs_s2_tag_1_load' <Predicate = (alu_rs_busy_1_load)> <Delay = 0.00>
ST_1 : Operation 35 [1/1] (0.67ns)   --->   "%icmp_ln183_1 = icmp_ne  i3 %alu_rs_s2_tag_1_load, i3 %tag_read" [rv32_ooo.cpp:183]   --->   Operation 35 'icmp' 'icmp_ln183_1' <Predicate = (alu_rs_busy_1_load)> <Delay = 0.67> <CoreInst = "Cmp">   --->   Core 9 'Cmp' <Latency = 0> <II = 1> <Delay = 0.67> <FuncUnit> <Opcode : 'seteq' 'setne' 'setle' 'setge' 'setlt' 'setgt'> <InPorts = 2> <OutPorts = 1>
ST_1 : Operation 36 [1/1] (0.28ns)   --->   "%or_ln183_1 = or i1 %alu_rs_s2_ready_1_load, i1 %icmp_ln183_1" [rv32_ooo.cpp:183]   --->   Operation 36 'or' 'or_ln183_1' <Predicate = (alu_rs_busy_1_load)> <Delay = 0.28> <CoreInst = "LogicGate">   --->   Core 74 'LogicGate' <Latency = 0> <II = 1> <Delay = 0.28> <FuncUnit> <Opcode : 'and' 'or' 'xor'> <InPorts = 2> <OutPorts = 1>
ST_1 : Operation 37 [1/1] (0.00ns)   --->   "%br_ln183 = br i1 %or_ln183_1, void %if.then28.1, void %for.end" [rv32_ooo.cpp:183]   --->   Operation 37 'br' 'br_ln183' <Predicate = (alu_rs_busy_1_load)> <Delay = 0.00>
ST_1 : Operation 38 [1/1] (0.00ns)   --->   "%store_ln184 = store i1 1, i1 %alu_rs_s2_ready_1" [rv32_ooo.cpp:184]   --->   Operation 38 'store' 'store_ln184' <Predicate = (alu_rs_busy_1_load & !or_ln183_1)> <Delay = 0.00>
ST_1 : Operation 39 [1/1] (0.00ns)   --->   "%store_ln184 = store i32 %value_read, i32 %alu_rs_s2_val_1" [rv32_ooo.cpp:184]   --->   Operation 39 'store' 'store_ln184' <Predicate = (alu_rs_busy_1_load & !or_ln183_1)> <Delay = 0.00>
ST_1 : Operation 40 [1/1] (0.00ns)   --->   "%br_ln185 = br void %for.end" [rv32_ooo.cpp:185]   --->   Operation 40 'br' 'br_ln185' <Predicate = (alu_rs_busy_1_load & !or_ln183_1)> <Delay = 0.00>
ST_1 : Operation 41 [1/1] (0.00ns)   --->   "%md_rs_busy_load = load i1 %md_rs_busy" [rv32_ooo.cpp:187]   --->   Operation 41 'load' 'md_rs_busy_load' <Predicate = true> <Delay = 0.00>
ST_1 : Operation 42 [1/1] (0.00ns)   --->   "%br_ln187 = br i1 %md_rs_busy_load, void %if.end47, void %land.lhs.true38" [rv32_ooo.cpp:187]   --->   Operation 42 'br' 'br_ln187' <Predicate = true> <Delay = 0.00>
ST_1 : Operation 43 [1/1] (0.00ns)   --->   "%md_rs_s1_ready_load = load i1 %md_rs_s1_ready" [rv32_ooo.cpp:187]   --->   Operation 43 'load' 'md_rs_s1_ready_load' <Predicate = (md_rs_busy_load)> <Delay = 0.00>
ST_1 : Operation 44 [1/1] (0.00ns)   --->   "%md_rs_s1_tag_load = load i3 %md_rs_s1_tag" [rv32_ooo.cpp:187]   --->   Operation 44 'load' 'md_rs_s1_tag_load' <Predicate = (md_rs_busy_load)> <Delay = 0.00>
ST_1 : Operation 45 [1/1] (0.67ns)   --->   "%icmp_ln187 = icmp_ne  i3 %md_rs_s1_tag_load, i3 %tag_read" [rv32_ooo.cpp:187]   --->   Operation 45 'icmp' 'icmp_ln187' <Predicate = (md_rs_busy_load)> <Delay = 0.67> <CoreInst = "Cmp">   --->   Core 9 'Cmp' <Latency = 0> <II = 1> <Delay = 0.67> <FuncUnit> <Opcode : 'seteq' 'setne' 'setle' 'setge' 'setlt' 'setgt'> <InPorts = 2> <OutPorts = 1>
ST_1 : Operation 46 [1/1] (0.28ns)   --->   "%or_ln187 = or i1 %md_rs_s1_ready_load, i1 %icmp_ln187" [rv32_ooo.cpp:187]   --->   Operation 46 'or' 'or_ln187' <Predicate = (md_rs_busy_load)> <Delay = 0.28> <CoreInst = "LogicGate">   --->   Core 74 'LogicGate' <Latency = 0> <II = 1> <Delay = 0.28> <FuncUnit> <Opcode : 'and' 'or' 'xor'> <InPorts = 2> <OutPorts = 1>
ST_1 : Operation 47 [1/1] (0.00ns)   --->   "%br_ln187 = br i1 %or_ln187, void %if.then41, void %land.lhs.true43" [rv32_ooo.cpp:187]   --->   Operation 47 'br' 'br_ln187' <Predicate = (md_rs_busy_load)> <Delay = 0.00>
ST_1 : Operation 48 [1/1] (0.00ns)   --->   "%store_ln188 = store i1 1, i1 %md_rs_s1_ready" [rv32_ooo.cpp:188]   --->   Operation 48 'store' 'store_ln188' <Predicate = (md_rs_busy_load & !or_ln187)> <Delay = 0.00>
ST_1 : Operation 49 [1/1] (0.00ns)   --->   "%store_ln188 = store i32 %value_read, i32 %md_rs_s1_val" [rv32_ooo.cpp:188]   --->   Operation 49 'store' 'store_ln188' <Predicate = (md_rs_busy_load & !or_ln187)> <Delay = 0.00>
ST_1 : Operation 50 [1/1] (0.00ns)   --->   "%br_ln189 = br void %land.lhs.true43" [rv32_ooo.cpp:189]   --->   Operation 50 'br' 'br_ln189' <Predicate = (md_rs_busy_load & !or_ln187)> <Delay = 0.00>
ST_1 : Operation 51 [1/1] (0.00ns)   --->   "%md_rs_s2_ready_load = load i1 %md_rs_s2_ready" [rv32_ooo.cpp:190]   --->   Operation 51 'load' 'md_rs_s2_ready_load' <Predicate = (md_rs_busy_load)> <Delay = 0.00>
ST_1 : Operation 52 [1/1] (0.00ns)   --->   "%md_rs_s2_tag_load = load i3 %md_rs_s2_tag" [rv32_ooo.cpp:190]   --->   Operation 52 'load' 'md_rs_s2_tag_load' <Predicate = (md_rs_busy_load)> <Delay = 0.00>
ST_1 : Operation 53 [1/1] (0.67ns)   --->   "%icmp_ln190 = icmp_ne  i3 %md_rs_s2_tag_load, i3 %tag_read" [rv32_ooo.cpp:190]   --->   Operation 53 'icmp' 'icmp_ln190' <Predicate = (md_rs_busy_load)> <Delay = 0.67> <CoreInst = "Cmp">   --->   Core 9 'Cmp' <Latency = 0> <II = 1> <Delay = 0.67> <FuncUnit> <Opcode : 'seteq' 'setne' 'setle' 'setge' 'setlt' 'setgt'> <InPorts = 2> <OutPorts = 1>
ST_1 : Operation 54 [1/1] (0.28ns)   --->   "%or_ln190 = or i1 %md_rs_s2_ready_load, i1 %icmp_ln190" [rv32_ooo.cpp:190]   --->   Operation 54 'or' 'or_ln190' <Predicate = (md_rs_busy_load)> <Delay = 0.28> <CoreInst = "LogicGate">   --->   Core 74 'LogicGate' <Latency = 0> <II = 1> <Delay = 0.28> <FuncUnit> <Opcode : 'and' 'or' 'xor'> <InPorts = 2> <OutPorts = 1>
ST_1 : Operation 55 [1/1] (0.00ns)   --->   "%br_ln190 = br i1 %or_ln190, void %if.then46, void %if.end47" [rv32_ooo.cpp:190]   --->   Operation 55 'br' 'br_ln190' <Predicate = (md_rs_busy_load)> <Delay = 0.00>
ST_1 : Operation 56 [1/1] (0.00ns)   --->   "%store_ln191 = store i1 1, i1 %md_rs_s2_ready" [rv32_ooo.cpp:191]   --->   Operation 56 'store' 'store_ln191' <Predicate = (md_rs_busy_load & !or_ln190)> <Delay = 0.00>
ST_1 : Operation 57 [1/1] (0.00ns)   --->   "%store_ln191 = store i32 %value_read, i32 %md_rs_s2_val" [rv32_ooo.cpp:191]   --->   Operation 57 'store' 'store_ln191' <Predicate = (md_rs_busy_load & !or_ln190)> <Delay = 0.00>
ST_1 : Operation 58 [1/1] (0.00ns)   --->   "%br_ln192 = br void %if.end47" [rv32_ooo.cpp:192]   --->   Operation 58 'br' 'br_ln192' <Predicate = (md_rs_busy_load & !or_ln190)> <Delay = 0.00>
ST_1 : Operation 59 [1/1] (0.00ns)   --->   "%lsu_rs_busy_load = load i1 %lsu_rs_busy" [rv32_ooo.cpp:193]   --->   Operation 59 'load' 'lsu_rs_busy_load' <Predicate = true> <Delay = 0.00>
ST_1 : Operation 60 [1/1] (0.00ns)   --->   "%br_ln193 = br i1 %lsu_rs_busy_load, void %if.end57, void %land.lhs.true48" [rv32_ooo.cpp:193]   --->   Operation 60 'br' 'br_ln193' <Predicate = true> <Delay = 0.00>
ST_1 : Operation 61 [1/1] (0.00ns)   --->   "%lsu_rs_s1_ready_load = load i1 %lsu_rs_s1_ready" [rv32_ooo.cpp:193]   --->   Operation 61 'load' 'lsu_rs_s1_ready_load' <Predicate = (lsu_rs_busy_load)> <Delay = 0.00>
ST_1 : Operation 62 [1/1] (0.00ns)   --->   "%lsu_rs_s1_tag_load = load i3 %lsu_rs_s1_tag" [rv32_ooo.cpp:193]   --->   Operation 62 'load' 'lsu_rs_s1_tag_load' <Predicate = (lsu_rs_busy_load)> <Delay = 0.00>
ST_1 : Operation 63 [1/1] (0.67ns)   --->   "%icmp_ln193 = icmp_ne  i3 %lsu_rs_s1_tag_load, i3 %tag_read" [rv32_ooo.cpp:193]   --->   Operation 63 'icmp' 'icmp_ln193' <Predicate = (lsu_rs_busy_load)> <Delay = 0.67> <CoreInst = "Cmp">   --->   Core 9 'Cmp' <Latency = 0> <II = 1> <Delay = 0.67> <FuncUnit> <Opcode : 'seteq' 'setne' 'setle' 'setge' 'setlt' 'setgt'> <InPorts = 2> <OutPorts = 1>
ST_1 : Operation 64 [1/1] (0.28ns)   --->   "%or_ln193 = or i1 %lsu_rs_s1_ready_load, i1 %icmp_ln193" [rv32_ooo.cpp:193]   --->   Operation 64 'or' 'or_ln193' <Predicate = (lsu_rs_busy_load)> <Delay = 0.28> <CoreInst = "LogicGate">   --->   Core 74 'LogicGate' <Latency = 0> <II = 1> <Delay = 0.28> <FuncUnit> <Opcode : 'and' 'or' 'xor'> <InPorts = 2> <OutPorts = 1>
ST_1 : Operation 65 [1/1] (0.00ns)   --->   "%br_ln193 = br i1 %or_ln193, void %if.then51, void %land.lhs.true53" [rv32_ooo.cpp:193]   --->   Operation 65 'br' 'br_ln193' <Predicate = (lsu_rs_busy_load)> <Delay = 0.00>
ST_1 : Operation 66 [1/1] (0.00ns)   --->   "%store_ln194 = store i1 1, i1 %lsu_rs_s1_ready" [rv32_ooo.cpp:194]   --->   Operation 66 'store' 'store_ln194' <Predicate = (lsu_rs_busy_load & !or_ln193)> <Delay = 0.00>
ST_1 : Operation 67 [1/1] (0.00ns)   --->   "%store_ln194 = store i8 %trunc_ln177, i8 %lsu_rs_s1_val" [rv32_ooo.cpp:194]   --->   Operation 67 'store' 'store_ln194' <Predicate = (lsu_rs_busy_load & !or_ln193)> <Delay = 0.00>
ST_1 : Operation 68 [1/1] (0.00ns)   --->   "%br_ln195 = br void %land.lhs.true53" [rv32_ooo.cpp:195]   --->   Operation 68 'br' 'br_ln195' <Predicate = (lsu_rs_busy_load & !or_ln193)> <Delay = 0.00>
ST_1 : Operation 69 [1/1] (0.00ns)   --->   "%lsu_rs_s2_ready_load = load i1 %lsu_rs_s2_ready" [rv32_ooo.cpp:196]   --->   Operation 69 'load' 'lsu_rs_s2_ready_load' <Predicate = (lsu_rs_busy_load)> <Delay = 0.00>
ST_1 : Operation 70 [1/1] (0.00ns)   --->   "%lsu_rs_s2_tag_load = load i3 %lsu_rs_s2_tag" [rv32_ooo.cpp:196]   --->   Operation 70 'load' 'lsu_rs_s2_tag_load' <Predicate = (lsu_rs_busy_load)> <Delay = 0.00>
ST_1 : Operation 71 [1/1] (0.67ns)   --->   "%icmp_ln196 = icmp_ne  i3 %lsu_rs_s2_tag_load, i3 %tag_read" [rv32_ooo.cpp:196]   --->   Operation 71 'icmp' 'icmp_ln196' <Predicate = (lsu_rs_busy_load)> <Delay = 0.67> <CoreInst = "Cmp">   --->   Core 9 'Cmp' <Latency = 0> <II = 1> <Delay = 0.67> <FuncUnit> <Opcode : 'seteq' 'setne' 'setle' 'setge' 'setlt' 'setgt'> <InPorts = 2> <OutPorts = 1>
ST_1 : Operation 72 [1/1] (0.28ns)   --->   "%or_ln196 = or i1 %lsu_rs_s2_ready_load, i1 %icmp_ln196" [rv32_ooo.cpp:196]   --->   Operation 72 'or' 'or_ln196' <Predicate = (lsu_rs_busy_load)> <Delay = 0.28> <CoreInst = "LogicGate">   --->   Core 74 'LogicGate' <Latency = 0> <II = 1> <Delay = 0.28> <FuncUnit> <Opcode : 'and' 'or' 'xor'> <InPorts = 2> <OutPorts = 1>
ST_1 : Operation 73 [1/1] (0.00ns)   --->   "%br_ln196 = br i1 %or_ln196, void %if.then56, void %if.end57" [rv32_ooo.cpp:196]   --->   Operation 73 'br' 'br_ln196' <Predicate = (lsu_rs_busy_load)> <Delay = 0.00>
ST_1 : Operation 74 [1/1] (0.00ns)   --->   "%store_ln197 = store i1 1, i1 %lsu_rs_s2_ready" [rv32_ooo.cpp:197]   --->   Operation 74 'store' 'store_ln197' <Predicate = (lsu_rs_busy_load & !or_ln196)> <Delay = 0.00>
ST_1 : Operation 75 [1/1] (0.00ns)   --->   "%store_ln197 = store i32 %value_read, i32 %lsu_rs_s2_val" [rv32_ooo.cpp:197]   --->   Operation 75 'store' 'store_ln197' <Predicate = (lsu_rs_busy_load & !or_ln196)> <Delay = 0.00>
ST_1 : Operation 76 [1/1] (0.00ns)   --->   "%br_ln198 = br void %if.end57" [rv32_ooo.cpp:198]   --->   Operation 76 'br' 'br_ln198' <Predicate = (lsu_rs_busy_load & !or_ln196)> <Delay = 0.00>
ST_1 : Operation 77 [1/1] (0.00ns)   --->   "%br_rs_busy_load = load i1 %br_rs_busy" [rv32_ooo.cpp:199]   --->   Operation 77 'load' 'br_rs_busy_load' <Predicate = true> <Delay = 0.00>
ST_1 : Operation 78 [1/1] (0.00ns)   --->   "%br_ln199 = br i1 %br_rs_busy_load, void %if.end67, void %land.lhs.true58" [rv32_ooo.cpp:199]   --->   Operation 78 'br' 'br_ln199' <Predicate = true> <Delay = 0.00>
ST_1 : Operation 79 [1/1] (0.00ns)   --->   "%br_rs_s1_ready_load = load i1 %br_rs_s1_ready" [rv32_ooo.cpp:199]   --->   Operation 79 'load' 'br_rs_s1_ready_load' <Predicate = (br_rs_busy_load)> <Delay = 0.00>
ST_1 : Operation 80 [1/1] (0.00ns)   --->   "%br_rs_s1_tag_load = load i3 %br_rs_s1_tag" [rv32_ooo.cpp:199]   --->   Operation 80 'load' 'br_rs_s1_tag_load' <Predicate = (br_rs_busy_load)> <Delay = 0.00>
ST_1 : Operation 81 [1/1] (0.67ns)   --->   "%icmp_ln199 = icmp_ne  i3 %br_rs_s1_tag_load, i3 %tag_read" [rv32_ooo.cpp:199]   --->   Operation 81 'icmp' 'icmp_ln199' <Predicate = (br_rs_busy_load)> <Delay = 0.67> <CoreInst = "Cmp">   --->   Core 9 'Cmp' <Latency = 0> <II = 1> <Delay = 0.67> <FuncUnit> <Opcode : 'seteq' 'setne' 'setle' 'setge' 'setlt' 'setgt'> <InPorts = 2> <OutPorts = 1>
ST_1 : Operation 82 [1/1] (0.28ns)   --->   "%or_ln199 = or i1 %br_rs_s1_ready_load, i1 %icmp_ln199" [rv32_ooo.cpp:199]   --->   Operation 82 'or' 'or_ln199' <Predicate = (br_rs_busy_load)> <Delay = 0.28> <CoreInst = "LogicGate">   --->   Core 74 'LogicGate' <Latency = 0> <II = 1> <Delay = 0.28> <FuncUnit> <Opcode : 'and' 'or' 'xor'> <InPorts = 2> <OutPorts = 1>
ST_1 : Operation 83 [1/1] (0.00ns)   --->   "%br_ln199 = br i1 %or_ln199, void %if.then61, void %land.lhs.true63" [rv32_ooo.cpp:199]   --->   Operation 83 'br' 'br_ln199' <Predicate = (br_rs_busy_load)> <Delay = 0.00>
ST_1 : Operation 84 [1/1] (0.00ns)   --->   "%store_ln200 = store i1 1, i1 %br_rs_s1_ready" [rv32_ooo.cpp:200]   --->   Operation 84 'store' 'store_ln200' <Predicate = (br_rs_busy_load & !or_ln199)> <Delay = 0.00>
ST_1 : Operation 85 [1/1] (0.00ns)   --->   "%store_ln200 = store i32 %value_read, i32 %br_rs_s1_val" [rv32_ooo.cpp:200]   --->   Operation 85 'store' 'store_ln200' <Predicate = (br_rs_busy_load & !or_ln199)> <Delay = 0.00>
ST_1 : Operation 86 [1/1] (0.00ns)   --->   "%br_ln201 = br void %land.lhs.true63" [rv32_ooo.cpp:201]   --->   Operation 86 'br' 'br_ln201' <Predicate = (br_rs_busy_load & !or_ln199)> <Delay = 0.00>
ST_1 : Operation 87 [1/1] (0.00ns)   --->   "%br_rs_s2_ready_load = load i1 %br_rs_s2_ready" [rv32_ooo.cpp:202]   --->   Operation 87 'load' 'br_rs_s2_ready_load' <Predicate = (br_rs_busy_load)> <Delay = 0.00>
ST_1 : Operation 88 [1/1] (0.00ns)   --->   "%br_rs_s2_tag_load = load i3 %br_rs_s2_tag" [rv32_ooo.cpp:202]   --->   Operation 88 'load' 'br_rs_s2_tag_load' <Predicate = (br_rs_busy_load)> <Delay = 0.00>
ST_1 : Operation 89 [1/1] (0.67ns)   --->   "%icmp_ln202 = icmp_ne  i3 %br_rs_s2_tag_load, i3 %tag_read" [rv32_ooo.cpp:202]   --->   Operation 89 'icmp' 'icmp_ln202' <Predicate = (br_rs_busy_load)> <Delay = 0.67> <CoreInst = "Cmp">   --->   Core 9 'Cmp' <Latency = 0> <II = 1> <Delay = 0.67> <FuncUnit> <Opcode : 'seteq' 'setne' 'setle' 'setge' 'setlt' 'setgt'> <InPorts = 2> <OutPorts = 1>
ST_1 : Operation 90 [1/1] (0.28ns)   --->   "%or_ln202 = or i1 %br_rs_s2_ready_load, i1 %icmp_ln202" [rv32_ooo.cpp:202]   --->   Operation 90 'or' 'or_ln202' <Predicate = (br_rs_busy_load)> <Delay = 0.28> <CoreInst = "LogicGate">   --->   Core 74 'LogicGate' <Latency = 0> <II = 1> <Delay = 0.28> <FuncUnit> <Opcode : 'and' 'or' 'xor'> <InPorts = 2> <OutPorts = 1>
ST_1 : Operation 91 [1/1] (0.00ns)   --->   "%br_ln202 = br i1 %or_ln202, void %if.then66, void %if.end67" [rv32_ooo.cpp:202]   --->   Operation 91 'br' 'br_ln202' <Predicate = (br_rs_busy_load)> <Delay = 0.00>
ST_1 : Operation 92 [1/1] (0.00ns)   --->   "%store_ln203 = store i1 1, i1 %br_rs_s2_ready" [rv32_ooo.cpp:203]   --->   Operation 92 'store' 'store_ln203' <Predicate = (br_rs_busy_load & !or_ln202)> <Delay = 0.00>
ST_1 : Operation 93 [1/1] (0.00ns)   --->   "%store_ln203 = store i32 %value_read, i32 %br_rs_s2_val" [rv32_ooo.cpp:203]   --->   Operation 93 'store' 'store_ln203' <Predicate = (br_rs_busy_load & !or_ln202)> <Delay = 0.00>
ST_1 : Operation 94 [1/1] (0.00ns)   --->   "%br_ln204 = br void %if.end67" [rv32_ooo.cpp:204]   --->   Operation 94 'br' 'br_ln204' <Predicate = (br_rs_busy_load & !or_ln202)> <Delay = 0.00>
ST_1 : Operation 95 [1/1] (0.00ns)   --->   "%fpu_rs_busy_load = load i1 %fpu_rs_busy" [rv32_ooo.cpp:205]   --->   Operation 95 'load' 'fpu_rs_busy_load' <Predicate = true> <Delay = 0.00>
ST_1 : Operation 96 [1/1] (0.00ns)   --->   "%br_ln205 = br i1 %fpu_rs_busy_load, void %if.end82, void %land.lhs.true68" [rv32_ooo.cpp:205]   --->   Operation 96 'br' 'br_ln205' <Predicate = true> <Delay = 0.00>
ST_1 : Operation 97 [1/1] (0.00ns)   --->   "%fpu_rs_s1_ready_load = load i1 %fpu_rs_s1_ready" [rv32_ooo.cpp:205]   --->   Operation 97 'load' 'fpu_rs_s1_ready_load' <Predicate = (fpu_rs_busy_load)> <Delay = 0.00>
ST_1 : Operation 98 [1/1] (0.00ns)   --->   "%fpu_rs_s1_tag_load = load i3 %fpu_rs_s1_tag" [rv32_ooo.cpp:205]   --->   Operation 98 'load' 'fpu_rs_s1_tag_load' <Predicate = (fpu_rs_busy_load)> <Delay = 0.00>
ST_1 : Operation 99 [1/1] (0.67ns)   --->   "%icmp_ln205 = icmp_ne  i3 %fpu_rs_s1_tag_load, i3 %tag_read" [rv32_ooo.cpp:205]   --->   Operation 99 'icmp' 'icmp_ln205' <Predicate = (fpu_rs_busy_load)> <Delay = 0.67> <CoreInst = "Cmp">   --->   Core 9 'Cmp' <Latency = 0> <II = 1> <Delay = 0.67> <FuncUnit> <Opcode : 'seteq' 'setne' 'setle' 'setge' 'setlt' 'setgt'> <InPorts = 2> <OutPorts = 1>
ST_1 : Operation 100 [1/1] (0.28ns)   --->   "%or_ln205 = or i1 %fpu_rs_s1_ready_load, i1 %icmp_ln205" [rv32_ooo.cpp:205]   --->   Operation 100 'or' 'or_ln205' <Predicate = (fpu_rs_busy_load)> <Delay = 0.28> <CoreInst = "LogicGate">   --->   Core 74 'LogicGate' <Latency = 0> <II = 1> <Delay = 0.28> <FuncUnit> <Opcode : 'and' 'or' 'xor'> <InPorts = 2> <OutPorts = 1>
ST_1 : Operation 101 [1/1] (0.00ns)   --->   "%br_ln205 = br i1 %or_ln205, void %if.then71, void %land.lhs.true73" [rv32_ooo.cpp:205]   --->   Operation 101 'br' 'br_ln205' <Predicate = (fpu_rs_busy_load)> <Delay = 0.00>
ST_1 : Operation 102 [1/1] (0.00ns)   --->   "%store_ln206 = store i1 1, i1 %fpu_rs_s1_ready" [rv32_ooo.cpp:206]   --->   Operation 102 'store' 'store_ln206' <Predicate = (fpu_rs_busy_load & !or_ln205)> <Delay = 0.00>
ST_1 : Operation 103 [1/1] (0.00ns)   --->   "%store_ln206 = store i32 %value_read, i32 %fpu_rs_s1_val" [rv32_ooo.cpp:206]   --->   Operation 103 'store' 'store_ln206' <Predicate = (fpu_rs_busy_load & !or_ln205)> <Delay = 0.00>
ST_1 : Operation 104 [1/1] (0.00ns)   --->   "%br_ln207 = br void %land.lhs.true73" [rv32_ooo.cpp:207]   --->   Operation 104 'br' 'br_ln207' <Predicate = (fpu_rs_busy_load & !or_ln205)> <Delay = 0.00>
ST_1 : Operation 105 [1/1] (0.00ns)   --->   "%fpu_rs_s2_ready_load = load i1 %fpu_rs_s2_ready" [rv32_ooo.cpp:208]   --->   Operation 105 'load' 'fpu_rs_s2_ready_load' <Predicate = (fpu_rs_busy_load)> <Delay = 0.00>
ST_1 : Operation 106 [1/1] (0.00ns)   --->   "%fpu_rs_s2_tag_load = load i3 %fpu_rs_s2_tag" [rv32_ooo.cpp:208]   --->   Operation 106 'load' 'fpu_rs_s2_tag_load' <Predicate = (fpu_rs_busy_load)> <Delay = 0.00>
ST_1 : Operation 107 [1/1] (0.67ns)   --->   "%icmp_ln208 = icmp_ne  i3 %fpu_rs_s2_tag_load, i3 %tag_read" [rv32_ooo.cpp:208]   --->   Operation 107 'icmp' 'icmp_ln208' <Predicate = (fpu_rs_busy_load)> <Delay = 0.67> <CoreInst = "Cmp">   --->   Core 9 'Cmp' <Latency = 0> <II = 1> <Delay = 0.67> <FuncUnit> <Opcode : 'seteq' 'setne' 'setle' 'setge' 'setlt' 'setgt'> <InPorts = 2> <OutPorts = 1>
ST_1 : Operation 108 [1/1] (0.28ns)   --->   "%or_ln208 = or i1 %fpu_rs_s2_ready_load, i1 %icmp_ln208" [rv32_ooo.cpp:208]   --->   Operation 108 'or' 'or_ln208' <Predicate = (fpu_rs_busy_load)> <Delay = 0.28> <CoreInst = "LogicGate">   --->   Core 74 'LogicGate' <Latency = 0> <II = 1> <Delay = 0.28> <FuncUnit> <Opcode : 'and' 'or' 'xor'> <InPorts = 2> <OutPorts = 1>
ST_1 : Operation 109 [1/1] (0.00ns)   --->   "%br_ln208 = br i1 %or_ln208, void %if.then76, void %land.lhs.true78" [rv32_ooo.cpp:208]   --->   Operation 109 'br' 'br_ln208' <Predicate = (fpu_rs_busy_load)> <Delay = 0.00>
ST_1 : Operation 110 [1/1] (0.00ns)   --->   "%store_ln209 = store i1 1, i1 %fpu_rs_s2_ready" [rv32_ooo.cpp:209]   --->   Operation 110 'store' 'store_ln209' <Predicate = (fpu_rs_busy_load & !or_ln208)> <Delay = 0.00>
ST_1 : Operation 111 [1/1] (0.00ns)   --->   "%store_ln209 = store i32 %value_read, i32 %fpu_rs_s2_val" [rv32_ooo.cpp:209]   --->   Operation 111 'store' 'store_ln209' <Predicate = (fpu_rs_busy_load & !or_ln208)> <Delay = 0.00>
ST_1 : Operation 112 [1/1] (0.00ns)   --->   "%br_ln210 = br void %land.lhs.true78" [rv32_ooo.cpp:210]   --->   Operation 112 'br' 'br_ln210' <Predicate = (fpu_rs_busy_load & !or_ln208)> <Delay = 0.00>
ST_1 : Operation 113 [1/1] (0.00ns)   --->   "%fpu_rs_s3_ready_load = load i1 %fpu_rs_s3_ready" [rv32_ooo.cpp:211]   --->   Operation 113 'load' 'fpu_rs_s3_ready_load' <Predicate = (fpu_rs_busy_load)> <Delay = 0.00>
ST_1 : Operation 114 [1/1] (0.00ns)   --->   "%fpu_rs_s3_tag_load = load i3 %fpu_rs_s3_tag" [rv32_ooo.cpp:211]   --->   Operation 114 'load' 'fpu_rs_s3_tag_load' <Predicate = (fpu_rs_busy_load)> <Delay = 0.00>
ST_1 : Operation 115 [1/1] (0.67ns)   --->   "%icmp_ln211 = icmp_ne  i3 %fpu_rs_s3_tag_load, i3 %tag_read" [rv32_ooo.cpp:211]   --->   Operation 115 'icmp' 'icmp_ln211' <Predicate = (fpu_rs_busy_load)> <Delay = 0.67> <CoreInst = "Cmp">   --->   Core 9 'Cmp' <Latency = 0> <II = 1> <Delay = 0.67> <FuncUnit> <Opcode : 'seteq' 'setne' 'setle' 'setge' 'setlt' 'setgt'> <InPorts = 2> <OutPorts = 1>
ST_1 : Operation 116 [1/1] (0.28ns)   --->   "%or_ln211 = or i1 %fpu_rs_s3_ready_load, i1 %icmp_ln211" [rv32_ooo.cpp:211]   --->   Operation 116 'or' 'or_ln211' <Predicate = (fpu_rs_busy_load)> <Delay = 0.28> <CoreInst = "LogicGate">   --->   Core 74 'LogicGate' <Latency = 0> <II = 1> <Delay = 0.28> <FuncUnit> <Opcode : 'and' 'or' 'xor'> <InPorts = 2> <OutPorts = 1>
ST_1 : Operation 117 [1/1] (0.00ns)   --->   "%br_ln211 = br i1 %or_ln211, void %if.then81, void %if.end82" [rv32_ooo.cpp:211]   --->   Operation 117 'br' 'br_ln211' <Predicate = (fpu_rs_busy_load)> <Delay = 0.00>
ST_1 : Operation 118 [1/1] (0.00ns)   --->   "%store_ln212 = store i1 1, i1 %fpu_rs_s3_ready" [rv32_ooo.cpp:212]   --->   Operation 118 'store' 'store_ln212' <Predicate = (fpu_rs_busy_load & !or_ln211)> <Delay = 0.00>
ST_1 : Operation 119 [1/1] (0.00ns)   --->   "%store_ln212 = store i32 %value_read, i32 %fpu_rs_s3_val" [rv32_ooo.cpp:212]   --->   Operation 119 'store' 'store_ln212' <Predicate = (fpu_rs_busy_load & !or_ln211)> <Delay = 0.00>
ST_1 : Operation 120 [1/1] (0.00ns)   --->   "%br_ln213 = br void %if.end82" [rv32_ooo.cpp:213]   --->   Operation 120 'br' 'br_ln213' <Predicate = (fpu_rs_busy_load & !or_ln211)> <Delay = 0.00>
ST_1 : Operation 121 [1/1] (0.00ns)   --->   "%vec_rs_busy_load = load i1 %vec_rs_busy" [rv32_ooo.cpp:214]   --->   Operation 121 'load' 'vec_rs_busy_load' <Predicate = true> <Delay = 0.00>
ST_1 : Operation 122 [1/1] (0.00ns)   --->   "%br_ln214 = br i1 %vec_rs_busy_load, void %if.end87, void %land.lhs.true83" [rv32_ooo.cpp:214]   --->   Operation 122 'br' 'br_ln214' <Predicate = true> <Delay = 0.00>
ST_1 : Operation 123 [1/1] (0.00ns)   --->   "%vec_rs_s1_ready_load = load i1 %vec_rs_s1_ready" [rv32_ooo.cpp:214]   --->   Operation 123 'load' 'vec_rs_s1_ready_load' <Predicate = (vec_rs_busy_load)> <Delay = 0.00>
ST_1 : Operation 124 [1/1] (0.00ns)   --->   "%vec_rs_s1_tag_load = load i3 %vec_rs_s1_tag" [rv32_ooo.cpp:214]   --->   Operation 124 'load' 'vec_rs_s1_tag_load' <Predicate = (vec_rs_busy_load)> <Delay = 0.00>
ST_1 : Operation 125 [1/1] (0.67ns)   --->   "%icmp_ln214 = icmp_ne  i3 %vec_rs_s1_tag_load, i3 %tag_read" [rv32_ooo.cpp:214]   --->   Operation 125 'icmp' 'icmp_ln214' <Predicate = (vec_rs_busy_load)> <Delay = 0.67> <CoreInst = "Cmp">   --->   Core 9 'Cmp' <Latency = 0> <II = 1> <Delay = 0.67> <FuncUnit> <Opcode : 'seteq' 'setne' 'setle' 'setge' 'setlt' 'setgt'> <InPorts = 2> <OutPorts = 1>
ST_1 : Operation 126 [1/1] (0.28ns)   --->   "%or_ln214 = or i1 %vec_rs_s1_ready_load, i1 %icmp_ln214" [rv32_ooo.cpp:214]   --->   Operation 126 'or' 'or_ln214' <Predicate = (vec_rs_busy_load)> <Delay = 0.28> <CoreInst = "LogicGate">   --->   Core 74 'LogicGate' <Latency = 0> <II = 1> <Delay = 0.28> <FuncUnit> <Opcode : 'and' 'or' 'xor'> <InPorts = 2> <OutPorts = 1>
ST_1 : Operation 127 [1/1] (0.00ns)   --->   "%br_ln214 = br i1 %or_ln214, void %if.then86, void %if.end87" [rv32_ooo.cpp:214]   --->   Operation 127 'br' 'br_ln214' <Predicate = (vec_rs_busy_load)> <Delay = 0.00>
ST_1 : Operation 128 [1/1] (0.00ns)   --->   "%store_ln215 = store i1 1, i1 %vec_rs_s1_ready" [rv32_ooo.cpp:215]   --->   Operation 128 'store' 'store_ln215' <Predicate = (vec_rs_busy_load & !or_ln214)> <Delay = 0.00>
ST_1 : Operation 129 [1/1] (0.00ns)   --->   "%store_ln215 = store i8 %trunc_ln177, i8 %vec_rs_s1_val" [rv32_ooo.cpp:215]   --->   Operation 129 'store' 'store_ln215' <Predicate = (vec_rs_busy_load & !or_ln214)> <Delay = 0.00>
ST_1 : Operation 130 [1/1] (0.00ns)   --->   "%br_ln216 = br void %if.end87" [rv32_ooo.cpp:216]   --->   Operation 130 'br' 'br_ln216' <Predicate = (vec_rs_busy_load & !or_ln214)> <Delay = 0.00>
ST_1 : Operation 131 [1/1] (0.00ns)   --->   "%sys_rs_busy_load = load i1 %sys_rs_busy" [rv32_ooo.cpp:217]   --->   Operation 131 'load' 'sys_rs_busy_load' <Predicate = true> <Delay = 0.00>
ST_1 : Operation 132 [1/1] (0.00ns)   --->   "%br_ln217 = br i1 %sys_rs_busy_load, void %if.end92, void %land.lhs.true88" [rv32_ooo.cpp:217]   --->   Operation 132 'br' 'br_ln217' <Predicate = true> <Delay = 0.00>
ST_1 : Operation 133 [1/1] (0.00ns)   --->   "%sys_rs_s1_ready_load = load i1 %sys_rs_s1_ready" [rv32_ooo.cpp:217]   --->   Operation 133 'load' 'sys_rs_s1_ready_load' <Predicate = (sys_rs_busy_load)> <Delay = 0.00>
ST_1 : Operation 134 [1/1] (0.00ns)   --->   "%sys_rs_s1_tag_load = load i3 %sys_rs_s1_tag" [rv32_ooo.cpp:217]   --->   Operation 134 'load' 'sys_rs_s1_tag_load' <Predicate = (sys_rs_busy_load)> <Delay = 0.00>
ST_1 : Operation 135 [1/1] (0.67ns)   --->   "%icmp_ln217 = icmp_ne  i3 %sys_rs_s1_tag_load, i3 %tag_read" [rv32_ooo.cpp:217]   --->   Operation 135 'icmp' 'icmp_ln217' <Predicate = (sys_rs_busy_load)> <Delay = 0.67> <CoreInst = "Cmp">   --->   Core 9 'Cmp' <Latency = 0> <II = 1> <Delay = 0.67> <FuncUnit> <Opcode : 'seteq' 'setne' 'setle' 'setge' 'setlt' 'setgt'> <InPorts = 2> <OutPorts = 1>
ST_1 : Operation 136 [1/1] (0.28ns)   --->   "%or_ln217 = or i1 %sys_rs_s1_ready_load, i1 %icmp_ln217" [rv32_ooo.cpp:217]   --->   Operation 136 'or' 'or_ln217' <Predicate = (sys_rs_busy_load)> <Delay = 0.28> <CoreInst = "LogicGate">   --->   Core 74 'LogicGate' <Latency = 0> <II = 1> <Delay = 0.28> <FuncUnit> <Opcode : 'and' 'or' 'xor'> <InPorts = 2> <OutPorts = 1>
ST_1 : Operation 137 [1/1] (0.00ns)   --->   "%br_ln217 = br i1 %or_ln217, void %if.then91, void %if.end92" [rv32_ooo.cpp:217]   --->   Operation 137 'br' 'br_ln217' <Predicate = (sys_rs_busy_load)> <Delay = 0.00>
ST_1 : Operation 138 [1/1] (0.00ns)   --->   "%store_ln218 = store i1 1, i1 %sys_rs_s1_ready" [rv32_ooo.cpp:218]   --->   Operation 138 'store' 'store_ln218' <Predicate = (sys_rs_busy_load & !or_ln217)> <Delay = 0.00>
ST_1 : Operation 139 [1/1] (0.00ns)   --->   "%store_ln218 = store i32 %value_read, i32 %sys_rs_s1_val" [rv32_ooo.cpp:218]   --->   Operation 139 'store' 'store_ln218' <Predicate = (sys_rs_busy_load & !or_ln217)> <Delay = 0.00>
ST_1 : Operation 140 [1/1] (0.00ns)   --->   "%br_ln219 = br void %if.end92" [rv32_ooo.cpp:219]   --->   Operation 140 'br' 'br_ln219' <Predicate = (sys_rs_busy_load & !or_ln217)> <Delay = 0.00>
ST_1 : Operation 141 [1/1] (0.00ns)   --->   "%ret_ln220 = ret" [rv32_ooo.cpp:220]   --->   Operation 141 'ret' 'ret_ln220' <Predicate = true> <Delay = 0.00>


============================================================
+ Verbose Summary: Timing violations
============================================================
Target clock period: 10.000ns, clock uncertainty: 2.700ns.

 <State 1>: 0.960ns
The critical path consists of the following:
	wire read operation ('tag_read', rv32_ooo.cpp:177) on port 'tag' (rv32_ooo.cpp:177) [57]  (0.000 ns)
	'icmp' operation 1 bit ('icmp_ln180', rv32_ooo.cpp:180) [64]  (0.673 ns)
	'or' operation 1 bit ('or_ln180', rv32_ooo.cpp:180) [65]  (0.287 ns)
	'store' operation 0 bit ('store_ln181', rv32_ooo.cpp:181) of variable 'value_read', rv32_ooo.cpp:177 on static variable 'alu_rs_s1_val_0' [69]  (0.000 ns)


============================================================
+ Verbose Summary: Binding
============================================================
N/A
* FSMD analyzer results:
  - Output states:
 - Input state : 
  - Chain level:
	State 1


============================================================
+ Verbose Summary: Datapath Resource usage 
============================================================
N/A
