

================================================================
== Vitis HLS Report for 'read_operand'
================================================================
* Date:           Tue Jul 21 18:19:52 2026

* Version:        2024.2 (Build 5238294 on Nov  8 2024)
* Project:        rv32_ooo_bm_proj
* Solution:       solution1 (Vivado IP Flow Target)
* Product family: zynquplus
* Target device:  xck26-sfvc784-2LV-c


================================================================
== Performance Estimates
================================================================
+ Timing: 
    * Summary: 
    +--------+----------+----------+------------+
    |  Clock |  Target  | Estimated| Uncertainty|
    +--------+----------+----------+------------+
    |ap_clk  |  10.00 ns|  1.391 ns|     2.70 ns|
    +--------+----------+----------+------------+

+ Latency: 
    * Summary: 
    +---------+---------+-----------+-----------+-----+-----+---------+
    |  Latency (cycles) |   Latency (absolute)  |  Interval | Pipeline|
    |   min   |   max   |    min    |    max    | min | max |   Type  |
    +---------+---------+-----------+-----------+-----+-----+---------+
    |        2|        2|  20.000 ns|  20.000 ns|    2|    2|       no|
    +---------+---------+-----------+-----------+-----+-----+---------+

    + Detail: 
        * Instance: 
        N/A

        * Loop: 
        N/A

============================================================
+ Verbose Summary: Synthesis Manager
============================================================
InlineROM: 1
ExposeGlobal: 0
============================================================
+ Verbose Summary: CDFG Model
============================================================
IsTopModel: 0
ResetActiveHigh: 1
IsCombinational: 0
IsDatapathOnly: 0
HasWiredReturn: 1
HasMFsm: 0
HasVarLatency: 1
IsPipeline: 0
IsRtlPipelined: 0
IsInstanceOverlapped: 0
IsDontTouch: 0
HasImplIP: 0
IsGatedGlobalClock: 0


============================================================
+ Verbose Summary: Schedule
============================================================
* Number of FSM states : 3
* Pipeline : 0
* Dataflow Pipeline: 0

* FSM state transitions: 
1 --> 2 
2 --> 3 
3 --> 

* FSM state operations: 

State 1 <SV = 0> <Delay = 1.23>
ST_1 : Operation 4 [1/1] (0.00ns)   --->   "%reg_read = read i5 @_ssdm_op_Read.ap_auto.i5, i5 %reg_r" [rv32_ooo.cpp:260]   --->   Operation 4 'read' 'reg_read' <Predicate = true> <Delay = 0.00>
ST_1 : Operation 5 [1/1] (0.78ns)   --->   "%icmp_ln262 = icmp_eq  i5 %reg_read, i5 0" [rv32_ooo.cpp:262]   --->   Operation 5 'icmp' 'icmp_ln262' <Predicate = true> <Delay = 0.78> <CoreInst = "Cmp">   --->   Core 9 'Cmp' <Latency = 0> <II = 1> <Delay = 0.78> <FuncUnit> <Opcode : 'seteq' 'setne' 'setle' 'setge' 'setlt' 'setgt'> <InPorts = 2> <OutPorts = 1>
ST_1 : Operation 6 [1/1] (0.00ns)   --->   "%zext_ln266 = zext i5 %reg_read" [rv32_ooo.cpp:266]   --->   Operation 6 'zext' 'zext_ln266' <Predicate = true> <Delay = 0.00>
ST_1 : Operation 7 [1/1] (0.00ns)   --->   "%rat_has_tag_addr = getelementptr i1 %rat_has_tag, i64 0, i64 %zext_ln266" [rv32_ooo.cpp:266]   --->   Operation 7 'getelementptr' 'rat_has_tag_addr' <Predicate = true> <Delay = 0.00>
ST_1 : Operation 8 [2/2] (0.67ns)   --->   "%rat_has_tag_load = load i5 %rat_has_tag_addr" [rv32_ooo.cpp:266]   --->   Operation 8 'load' 'rat_has_tag_load' <Predicate = true> <Delay = 0.67> <CoreInst = "RAM">   --->   Core 82 'RAM' <Latency = 1> <II = 1> <Delay = 0.67> <Storage> <Opcode : 'load' 'store'> <Ports = 2> <Width = 1> <Depth = 32> <RAM>
ST_1 : Operation 9 [1/1] (0.00ns)   --->   "%rat_tag_addr = getelementptr i3 %rat_tag, i64 0, i64 %zext_ln266" [rv32_ooo.cpp:270]   --->   Operation 9 'getelementptr' 'rat_tag_addr' <Predicate = true> <Delay = 0.00>
ST_1 : Operation 10 [2/2] (0.67ns)   --->   "%t = load i5 %rat_tag_addr" [rv32_ooo.cpp:270]   --->   Operation 10 'load' 't' <Predicate = true> <Delay = 0.67> <CoreInst = "RAM">   --->   Core 82 'RAM' <Latency = 1> <II = 1> <Delay = 0.67> <Storage> <Opcode : 'load' 'store'> <Ports = 2> <Width = 3> <Depth = 32> <RAM>
ST_1 : Operation 11 [1/1] (0.00ns)   --->   "%regfile_addr = getelementptr i32 %regfile, i64 0, i64 %zext_ln266" [rv32_ooo.cpp:267]   --->   Operation 11 'getelementptr' 'regfile_addr' <Predicate = true> <Delay = 0.00>
ST_1 : Operation 12 [2/2] (1.23ns)   --->   "%op_val = load i5 %regfile_addr" [rv32_ooo.cpp:267]   --->   Operation 12 'load' 'op_val' <Predicate = true> <Delay = 1.23> <CoreInst = "RAM">   --->   Core 82 'RAM' <Latency = 1> <II = 1> <Delay = 1.23> <Storage> <Opcode : 'load' 'store'> <Ports = 2> <Width = 32> <Depth = 32> <RAM>

State 2 <SV = 1> <Delay = 1.35>
ST_2 : Operation 13 [1/2] ( I:0.67ns O:0.67ns )   --->   "%rat_has_tag_load = load i5 %rat_has_tag_addr" [rv32_ooo.cpp:266]   --->   Operation 13 'load' 'rat_has_tag_load' <Predicate = true> <Delay = 0.67> <CoreInst = "RAM">   --->   Core 82 'RAM' <Latency = 1> <II = 1> <Delay = 0.67> <Storage> <Opcode : 'load' 'store'> <Ports = 2> <Width = 1> <Depth = 32> <RAM>
ST_2 : Operation 14 [1/2] ( I:0.67ns O:0.67ns )   --->   "%t = load i5 %rat_tag_addr" [rv32_ooo.cpp:270]   --->   Operation 14 'load' 't' <Predicate = true> <Delay = 0.67> <CoreInst = "RAM">   --->   Core 82 'RAM' <Latency = 1> <II = 1> <Delay = 0.67> <Storage> <Opcode : 'load' 'store'> <Ports = 2> <Width = 3> <Depth = 32> <RAM>
ST_2 : Operation 15 [1/1] (0.00ns)   --->   "%zext_ln271 = zext i3 %t" [rv32_ooo.cpp:271]   --->   Operation 15 'zext' 'zext_ln271' <Predicate = true> <Delay = 0.00>
ST_2 : Operation 16 [1/1] (0.00ns)   --->   "%rob_ready_addr = getelementptr i1 %rob_ready, i64 0, i64 %zext_ln271" [rv32_ooo.cpp:271]   --->   Operation 16 'getelementptr' 'rob_ready_addr' <Predicate = true> <Delay = 0.00>
ST_2 : Operation 17 [2/2] (0.67ns)   --->   "%rob_ready_load = load i3 %rob_ready_addr" [rv32_ooo.cpp:271]   --->   Operation 17 'load' 'rob_ready_load' <Predicate = true> <Delay = 0.67> <CoreInst = "RAM">   --->   Core 82 'RAM' <Latency = 1> <II = 1> <Delay = 0.67> <Storage> <Opcode : 'load' 'store'> <Ports = 2> <Width = 1> <Depth = 8> <RAM>
ST_2 : Operation 18 [1/2] ( I:1.23ns O:1.23ns )   --->   "%op_val = load i5 %regfile_addr" [rv32_ooo.cpp:267]   --->   Operation 18 'load' 'op_val' <Predicate = true> <Delay = 1.23> <CoreInst = "RAM">   --->   Core 82 'RAM' <Latency = 1> <II = 1> <Delay = 1.23> <Storage> <Opcode : 'load' 'store'> <Ports = 2> <Width = 32> <Depth = 32> <RAM>
ST_2 : Operation 19 [1/1] (0.00ns)   --->   "%rob_value_addr = getelementptr i32 %rob_value, i64 0, i64 %zext_ln271" [rv32_ooo.cpp:272]   --->   Operation 19 'getelementptr' 'rob_value_addr' <Predicate = true> <Delay = 0.00>
ST_2 : Operation 20 [2/2] (0.67ns)   --->   "%rob_value_load = load i3 %rob_value_addr" [rv32_ooo.cpp:272]   --->   Operation 20 'load' 'rob_value_load' <Predicate = true> <Delay = 0.67> <CoreInst = "RAM">   --->   Core 82 'RAM' <Latency = 1> <II = 1> <Delay = 0.67> <Storage> <Opcode : 'load' 'store'> <Ports = 2> <Width = 32> <Depth = 8> <RAM>

State 3 <SV = 2> <Delay = 1.39>
ST_3 : Operation 21 [1/2] ( I:0.67ns O:0.67ns )   --->   "%rob_ready_load = load i3 %rob_ready_addr" [rv32_ooo.cpp:271]   --->   Operation 21 'load' 'rob_ready_load' <Predicate = true> <Delay = 0.67> <CoreInst = "RAM">   --->   Core 82 'RAM' <Latency = 1> <II = 1> <Delay = 0.67> <Storage> <Opcode : 'load' 'store'> <Ports = 2> <Width = 1> <Depth = 8> <RAM>
ST_3 : Operation 22 [1/2] ( I:0.67ns O:0.67ns )   --->   "%rob_value_load = load i3 %rob_value_addr" [rv32_ooo.cpp:272]   --->   Operation 22 'load' 'rob_value_load' <Predicate = true> <Delay = 0.67> <CoreInst = "RAM">   --->   Core 82 'RAM' <Latency = 1> <II = 1> <Delay = 0.67> <Storage> <Opcode : 'load' 'store'> <Ports = 2> <Width = 32> <Depth = 8> <RAM>
ST_3 : Operation 23 [1/1] (0.00ns) (grouped into LUT with out node or_ln271_1)   --->   "%xor_ln266 = xor i1 %rat_has_tag_load, i1 1" [rv32_ooo.cpp:266]   --->   Operation 23 'xor' 'xor_ln266' <Predicate = true> <Delay = 0.00> <CoreInst = "LogicGate">   --->   Core 74 'LogicGate' <Latency = 0> <II = 1> <Delay = 0.28> <FuncUnit> <Opcode : 'and' 'or' 'xor'> <InPorts = 2> <OutPorts = 1>
ST_3 : Operation 24 [1/1] (0.00ns) (grouped into LUT with out node or_ln271_1)   --->   "%or_ln271 = or i1 %icmp_ln262, i1 %xor_ln266" [rv32_ooo.cpp:271]   --->   Operation 24 'or' 'or_ln271' <Predicate = true> <Delay = 0.00> <CoreInst = "LogicGate">   --->   Core 74 'LogicGate' <Latency = 0> <II = 1> <Delay = 0.28> <FuncUnit> <Opcode : 'and' 'or' 'xor'> <InPorts = 2> <OutPorts = 1>
ST_3 : Operation 25 [1/1] (0.28ns) (out node of the LUT)   --->   "%or_ln271_1 = or i1 %or_ln271, i1 %rob_ready_load" [rv32_ooo.cpp:271]   --->   Operation 25 'or' 'or_ln271_1' <Predicate = true> <Delay = 0.28> <CoreInst = "LogicGate">   --->   Core 74 'LogicGate' <Latency = 0> <II = 1> <Delay = 0.28> <FuncUnit> <Opcode : 'and' 'or' 'xor'> <InPorts = 2> <OutPorts = 1>
ST_3 : Operation 26 [1/1] (0.00ns) (grouped into LUT with out node xor_ln266_1)   --->   "%or_ln266 = or i1 %rat_has_tag_load, i1 %icmp_ln262" [rv32_ooo.cpp:266]   --->   Operation 26 'or' 'or_ln266' <Predicate = true> <Delay = 0.00> <CoreInst = "LogicGate">   --->   Core 74 'LogicGate' <Latency = 0> <II = 1> <Delay = 0.28> <FuncUnit> <Opcode : 'and' 'or' 'xor'> <InPorts = 2> <OutPorts = 1>
ST_3 : Operation 27 [1/1] (0.28ns) (out node of the LUT)   --->   "%xor_ln266_1 = xor i1 %or_ln266, i1 1" [rv32_ooo.cpp:266]   --->   Operation 27 'xor' 'xor_ln266_1' <Predicate = true> <Delay = 0.28> <CoreInst = "LogicGate">   --->   Core 74 'LogicGate' <Latency = 0> <II = 1> <Delay = 0.28> <FuncUnit> <Opcode : 'and' 'or' 'xor'> <InPorts = 2> <OutPorts = 1>
ST_3 : Operation 28 [1/1] (0.00ns) (grouped into LUT with out node or_ln271_2)   --->   "%xor_ln271 = xor i1 %rob_ready_load, i1 1" [rv32_ooo.cpp:271]   --->   Operation 28 'xor' 'xor_ln271' <Predicate = true> <Delay = 0.00> <CoreInst = "LogicGate">   --->   Core 74 'LogicGate' <Latency = 0> <II = 1> <Delay = 0.28> <FuncUnit> <Opcode : 'and' 'or' 'xor'> <InPorts = 2> <OutPorts = 1>
ST_3 : Operation 29 [1/1] (0.00ns) (grouped into LUT with out node or_ln271_2)   --->   "%and_ln271 = and i1 %rat_has_tag_load, i1 %xor_ln271" [rv32_ooo.cpp:271]   --->   Operation 29 'and' 'and_ln271' <Predicate = true> <Delay = 0.00> <CoreInst = "LogicGate">   --->   Core 74 'LogicGate' <Latency = 0> <II = 1> <Delay = 0.28> <FuncUnit> <Opcode : 'and' 'or' 'xor'> <InPorts = 2> <OutPorts = 1>
ST_3 : Operation 30 [1/1] (0.28ns) (out node of the LUT)   --->   "%or_ln271_2 = or i1 %icmp_ln262, i1 %and_ln271" [rv32_ooo.cpp:271]   --->   Operation 30 'or' 'or_ln271_2' <Predicate = true> <Delay = 0.28> <CoreInst = "LogicGate">   --->   Core 74 'LogicGate' <Latency = 0> <II = 1> <Delay = 0.28> <FuncUnit> <Opcode : 'and' 'or' 'xor'> <InPorts = 2> <OutPorts = 1>
ST_3 : Operation 31 [1/1] (0.00ns)   --->   "%sel_tmp = bitconcatenate i2 @_ssdm_op_BitConcatenate.i2.i1.i1, i1 %xor_ln266_1, i1 %or_ln271_2" [rv32_ooo.cpp:266]   --->   Operation 31 'bitconcatenate' 'sel_tmp' <Predicate = true> <Delay = 0.00>
ST_3 : Operation 32 [1/1] (0.42ns)   --->   "%agg_result_val = sparsemux i32 @_ssdm_op_SparseMux.ap_auto.3i32.i32.i2, i2 2, i32 %op_val, i2 1, i32 0, i2 0, i32 %rob_value_load, i32 0, i2 %sel_tmp" [rv32_ooo.cpp:267]   --->   Operation 32 'sparsemux' 'agg_result_val' <Predicate = true> <Delay = 0.42> <CoreInst = "OneHotSparseMux_HasDef">   --->   Core 152 'OneHotSparseMux_HasDef' <Latency = 0> <II = 1> <Delay = 0.42> <FuncUnit> <Opcode : 'sparsemux'> <InPorts = 2> <OutPorts = 1>
ST_3 : Operation 33 [1/1] (0.20ns)   --->   "%agg_result_tag_0 = select i1 %or_ln271_1, i3 0, i3 %t" [rv32_ooo.cpp:271]   --->   Operation 33 'select' 'agg_result_tag_0' <Predicate = true> <Delay = 0.20> <CoreInst = "Sel">   --->   Core 73 'Sel' <Latency = 0> <II = 1> <Delay = 0.20> <FuncUnit> <Opcode : 'select'> <InPorts = 3> <OutPorts = 1>
ST_3 : Operation 34 [1/1] (0.00ns)   --->   "%mrv = insertvalue i36 <undef>, i1 %or_ln271_1" [rv32_ooo.cpp:277]   --->   Operation 34 'insertvalue' 'mrv' <Predicate = true> <Delay = 0.00>
ST_3 : Operation 35 [1/1] (0.00ns)   --->   "%mrv_1 = insertvalue i36 %mrv, i32 %agg_result_val" [rv32_ooo.cpp:277]   --->   Operation 35 'insertvalue' 'mrv_1' <Predicate = true> <Delay = 0.00>
ST_3 : Operation 36 [1/1] (0.00ns)   --->   "%mrv_2 = insertvalue i36 %mrv_1, i3 %agg_result_tag_0" [rv32_ooo.cpp:277]   --->   Operation 36 'insertvalue' 'mrv_2' <Predicate = true> <Delay = 0.00>
ST_3 : Operation 37 [1/1] (0.00ns)   --->   "%ret_ln277 = ret i36 %mrv_2" [rv32_ooo.cpp:277]   --->   Operation 37 'ret' 'ret_ln277' <Predicate = true> <Delay = 0.00>


============================================================
+ Verbose Summary: Timing violations
============================================================
Target clock period: 10.000ns, clock uncertainty: 2.700ns.

 <State 1>: 1.237ns
The critical path consists of the following:
	wire read operation ('reg_read', rv32_ooo.cpp:260) on port 'reg_r' (rv32_ooo.cpp:260) [7]  (0.000 ns)
	'getelementptr' operation 5 bit ('regfile_addr', rv32_ooo.cpp:267) [17]  (0.000 ns)
	'load' operation 32 bit ('op.val', rv32_ooo.cpp:267) on array 'regfile' [18]  (1.237 ns)

 <State 2>: 1.354ns
The critical path consists of the following:
	'load' operation 3 bit ('t', rv32_ooo.cpp:270) on array 'rat_tag' [13]  (0.677 ns)
	'getelementptr' operation 3 bit ('rob_ready_addr', rv32_ooo.cpp:271) [15]  (0.000 ns)
	'load' operation 1 bit ('rob_ready_load', rv32_ooo.cpp:271) on array 'rob_ready' [16]  (0.677 ns)

 <State 3>: 1.391ns
The critical path consists of the following:
	'load' operation 1 bit ('rob_ready_load', rv32_ooo.cpp:271) on array 'rob_ready' [16]  (0.677 ns)
	'xor' operation 1 bit ('xor_ln271', rv32_ooo.cpp:271) [26]  (0.000 ns)
	'and' operation 1 bit ('and_ln271', rv32_ooo.cpp:271) [27]  (0.000 ns)
	'or' operation 1 bit ('or_ln271_2', rv32_ooo.cpp:271) [28]  (0.287 ns)
	'sparsemux' operation 32 bit ('agg_result_val', rv32_ooo.cpp:267) [30]  (0.427 ns)


============================================================
+ Verbose Summary: Binding
============================================================
N/A
* FSMD analyzer results:
  - Output states:
 - Input state : 
  - Chain level:
	State 1
	State 2
	State 3


============================================================
+ Verbose Summary: Datapath Resource usage 
============================================================
N/A
