

================================================================
== Vitis HLS Report for 'read_operand'
================================================================
* Date:           Tue Jul 21 18:19:55 2026

* Version:        2024.2 (Build 5238294 on Nov  8 2024)
* Project:        rv32_ooo_bm_proj
* Solution:       solution1 (Vivado IP Flow Target)
* Product family: zynquplus
* Target device:  xck26-sfvc784-2LV-c


================================================================
== Performance Estimates
================================================================
+ Timing: 
    * Summary: 
    +--------+----------+----------+------------+
    |  Clock |  Target  | Estimated| Uncertainty|
    +--------+----------+----------+------------+
    |ap_clk  |  10.00 ns|  1.391 ns|     2.70 ns|
    +--------+----------+----------+------------+

+ Latency: 
    * Summary: 
    +---------+---------+-----------+-----------+-----+-----+---------+
    |  Latency (cycles) |   Latency (absolute)  |  Interval | Pipeline|
    |   min   |   max   |    min    |    max    | min | max |   Type  |
    +---------+---------+-----------+-----------+-----+-----+---------+
    |        2|        2|  20.000 ns|  20.000 ns|    2|    2|       no|
    +---------+---------+-----------+-----------+-----+-----+---------+

    + Detail: 
        * Instance: 
        N/A

        * Loop: 
        N/A



================================================================
== Utilization Estimates
================================================================
* Summary: 
+-----------------+---------+------+--------+--------+-----+
|       Name      | BRAM_18K|  DSP |   FF   |   LUT  | URAM|
+-----------------+---------+------+--------+--------+-----+
|DSP              |        -|     -|       -|       -|    -|
|Expression       |        -|     -|       0|      31|    -|
|FIFO             |        -|     -|       -|       -|    -|
|Instance         |        -|     -|       0|       9|    -|
|Memory           |        -|     -|       -|       -|    -|
|Multiplexer      |        -|     -|       0|      47|    -|
|Register         |        -|     -|      76|       -|    -|
+-----------------+---------+------+--------+--------+-----+
|Total            |        0|     0|      76|      87|    0|
+-----------------+---------+------+--------+--------+-----+
|Available        |      288|  1248|  234240|  117120|   64|
+-----------------+---------+------+--------+--------+-----+
|Utilization (%)  |        0|     0|      ~0|      ~0|    0|
+-----------------+---------+------+--------+--------+-----+

+ Detail: 
    * Instance: 
    +--------------------------+----------------------+---------+----+---+----+-----+
    |         Instance         |        Module        | BRAM_18K| DSP| FF| LUT| URAM|
    +--------------------------+----------------------+---------+----+---+----+-----+
    |sparsemux_7_2_32_1_1_U96  |sparsemux_7_2_32_1_1  |        0|   0|  0|   9|    0|
    +--------------------------+----------------------+---------+----+---+----+-----+
    |Total                     |                      |        0|   0|  0|   9|    0|
    +--------------------------+----------------------+---------+----+---+----+-----+

    * DSP: 
    N/A

    * Memory: 
    N/A

    * FIFO: 
    N/A

    * Expression: 
    +----------------------------+----------+----+---+----+------------+------------+
    |        Variable Name       | Operation| DSP| FF| LUT| Bitwidth P0| Bitwidth P1|
    +----------------------------+----------+----+---+----+------------+------------+
    |and_ln271_fu_160_p2         |       and|   0|  0|   2|           1|           1|
    |icmp_ln262_fu_109_p2        |      icmp|   0|  0|  12|           5|           1|
    |or_ln266_fu_144_p2          |        or|   0|  0|   2|           1|           1|
    |or_ln271_1_fu_138_p2        |        or|   0|  0|   2|           1|           1|
    |or_ln271_2_fu_165_p2        |        or|   0|  0|   2|           1|           1|
    |or_ln271_fu_133_p2          |        or|   0|  0|   2|           1|           1|
    |agg_result_tag_0_fu_197_p3  |    select|   0|  0|   3|           1|           1|
    |xor_ln266_1_fu_148_p2       |       xor|   0|  0|   2|           1|           2|
    |xor_ln266_fu_128_p2         |       xor|   0|  0|   2|           1|           2|
    |xor_ln271_fu_154_p2         |       xor|   0|  0|   2|           1|           2|
    +----------------------------+----------+----+---+----+------------+------------+
    |Total                       |          |   0|  0|  31|          14|          13|
    +----------------------------+----------+----+---+----+------------+------------+

    * Multiplexer: 
    +-------------+----+-----------+-----+-----------+
    |     Name    | LUT| Input Size| Bits| Total Bits|
    +-------------+----+-----------+-----+-----------+
    |ap_NS_fsm    |  20|          4|    1|          4|
    |ap_return_0  |   9|          2|    1|          2|
    |ap_return_1  |   9|          2|   32|         64|
    |ap_return_2  |   9|          2|    3|          6|
    +-------------+----+-----------+-----+-----------+
    |Total        |  47|         10|   37|         76|
    +-------------+----+-----------+-----+-----------+

    * Register: 
    +--------------------------+----+----+-----+-----------+
    |           Name           | FF | LUT| Bits| Const Bits|
    +--------------------------+----+----+-----+-----------+
    |ap_CS_fsm                 |   3|   0|    3|          0|
    |ap_return_0_preg          |   1|   0|    1|          0|
    |ap_return_1_preg          |  32|   0|   32|          0|
    |ap_return_2_preg          |   3|   0|    3|          0|
    |icmp_ln262_reg_222        |   1|   0|    1|          0|
    |op_val_reg_261            |  32|   0|   32|          0|
    |rat_has_tag_load_reg_244  |   1|   0|    1|          0|
    |t_reg_251                 |   3|   0|    3|          0|
    +--------------------------+----+----+-----+-----------+
    |Total                     |  76|   0|   76|          0|
    +--------------------------+----+----+-----+-----------+



================================================================
== Interface
================================================================
* Summary: 
+----------------------+-----+-----+------------+--------------+--------------+
|       RTL Ports      | Dir | Bits|  Protocol  | Source Object|    C Type    |
+----------------------+-----+-----+------------+--------------+--------------+
|ap_clk                |   in|    1|  ap_ctrl_hs|  read_operand|  return value|
|ap_rst                |   in|    1|  ap_ctrl_hs|  read_operand|  return value|
|ap_start              |   in|    1|  ap_ctrl_hs|  read_operand|  return value|
|ap_done               |  out|    1|  ap_ctrl_hs|  read_operand|  return value|
|ap_idle               |  out|    1|  ap_ctrl_hs|  read_operand|  return value|
|ap_ready              |  out|    1|  ap_ctrl_hs|  read_operand|  return value|
|ap_return_0           |  out|    1|  ap_ctrl_hs|  read_operand|  return value|
|ap_return_1           |  out|   32|  ap_ctrl_hs|  read_operand|  return value|
|ap_return_2           |  out|    3|  ap_ctrl_hs|  read_operand|  return value|
|reg_r                 |   in|    5|     ap_none|         reg_r|        scalar|
|rat_has_tag_address0  |  out|    5|   ap_memory|   rat_has_tag|         array|
|rat_has_tag_ce0       |  out|    1|   ap_memory|   rat_has_tag|         array|
|rat_has_tag_q0        |   in|    1|   ap_memory|   rat_has_tag|         array|
|rat_tag_address0      |  out|    5|   ap_memory|       rat_tag|         array|
|rat_tag_ce0           |  out|    1|   ap_memory|       rat_tag|         array|
|rat_tag_q0            |   in|    3|   ap_memory|       rat_tag|         array|
|rob_ready_address0    |  out|    3|   ap_memory|     rob_ready|         array|
|rob_ready_ce0         |  out|    1|   ap_memory|     rob_ready|         array|
|rob_ready_q0          |   in|    1|   ap_memory|     rob_ready|         array|
|regfile_address0      |  out|    5|   ap_memory|       regfile|         array|
|regfile_ce0           |  out|    1|   ap_memory|       regfile|         array|
|regfile_q0            |   in|   32|   ap_memory|       regfile|         array|
|rob_value_address0    |  out|    3|   ap_memory|     rob_value|         array|
|rob_value_ce0         |  out|    1|   ap_memory|     rob_value|         array|
|rob_value_q0          |   in|   32|   ap_memory|     rob_value|         array|
+----------------------+-----+-----+------------+--------------+--------------+

============================================================
+ Verbose Summary: Synthesis Manager
============================================================
InlineROM: 1
ExposeGlobal: 0
============================================================
+ Verbose Summary: CDFG Model
============================================================
IsTopModel: 0
ResetActiveHigh: 1
IsCombinational: 2
IsDatapathOnly: 2
HasWiredReturn: 1
HasMFsm: 0
HasVarLatency: 1
IsPipeline: 0
IsRtlPipelined: 0
IsInstanceOverlapped: 0
IsDontTouch: 0
HasImplIP: 0
IsGatedGlobalClock: 0


============================================================
+ Verbose Summary: Schedule
============================================================
* Number of FSM states : 3
* Pipeline : 0
* Dataflow Pipeline: 0

* FSM state transitions: 
1 --> 2 
2 --> 3 
3 --> 

* FSM state operations: 

State 1 <SV = 0> <Delay = 1.23>
ST_1 : Operation 4 [1/1] (0.00ns)   --->   "%reg_read = read i5 @_ssdm_op_Read.ap_auto.i5, i5 %reg_r" [rv32_ooo.cpp:260]   --->   Operation 4 'read' 'reg_read' <Predicate = true> <Delay = 0.00>
ST_1 : Operation 5 [1/1] (0.78ns)   --->   "%icmp_ln262 = icmp_eq  i5 %reg_read, i5 0" [rv32_ooo.cpp:262]   --->   Operation 5 'icmp' 'icmp_ln262' <Predicate = true> <Delay = 0.78> <CoreInst = "Cmp">   --->   Core 9 'Cmp' <Latency = 0> <II = 1> <Delay = 0.78> <FuncUnit> <Opcode : 'seteq' 'setne' 'setle' 'setge' 'setlt' 'setgt'> <InPorts = 2> <OutPorts = 1>
ST_1 : Operation 6 [1/1] (0.00ns)   --->   "%zext_ln266 = zext i5 %reg_read" [rv32_ooo.cpp:266]   --->   Operation 6 'zext' 'zext_ln266' <Predicate = true> <Delay = 0.00>
ST_1 : Operation 7 [1/1] (0.00ns)   --->   "%rat_has_tag_addr = getelementptr i1 %rat_has_tag, i64 0, i64 %zext_ln266" [rv32_ooo.cpp:266]   --->   Operation 7 'getelementptr' 'rat_has_tag_addr' <Predicate = true> <Delay = 0.00>
ST_1 : Operation 8 [2/2] (0.67ns)   --->   "%rat_has_tag_load = load i5 %rat_has_tag_addr" [rv32_ooo.cpp:266]   --->   Operation 8 'load' 'rat_has_tag_load' <Predicate = true> <Delay = 0.67> <CoreInst = "RAM">   --->   Core 82 'RAM' <Latency = 1> <II = 1> <Delay = 0.67> <Storage> <Opcode : 'load' 'store'> <Ports = 2> <Width = 1> <Depth = 32> <RAM>
ST_1 : Operation 9 [1/1] (0.00ns)   --->   "%rat_tag_addr = getelementptr i3 %rat_tag, i64 0, i64 %zext_ln266" [rv32_ooo.cpp:270]   --->   Operation 9 'getelementptr' 'rat_tag_addr' <Predicate = true> <Delay = 0.00>
ST_1 : Operation 10 [2/2] (0.67ns)   --->   "%t = load i5 %rat_tag_addr" [rv32_ooo.cpp:270]   --->   Operation 10 'load' 't' <Predicate = true> <Delay = 0.67> <CoreInst = "RAM">   --->   Core 82 'RAM' <Latency = 1> <II = 1> <Delay = 0.67> <Storage> <Opcode : 'load' 'store'> <Ports = 2> <Width = 3> <Depth = 32> <RAM>
ST_1 : Operation 11 [1/1] (0.00ns)   --->   "%regfile_addr = getelementptr i32 %regfile, i64 0, i64 %zext_ln266" [rv32_ooo.cpp:267]   --->   Operation 11 'getelementptr' 'regfile_addr' <Predicate = true> <Delay = 0.00>
ST_1 : Operation 12 [2/2] (1.23ns)   --->   "%op_val = load i5 %regfile_addr" [rv32_ooo.cpp:267]   --->   Operation 12 'load' 'op_val' <Predicate = true> <Delay = 1.23> <CoreInst = "RAM">   --->   Core 82 'RAM' <Latency = 1> <II = 1> <Delay = 1.23> <Storage> <Opcode : 'load' 'store'> <Ports = 2> <Width = 32> <Depth = 32> <RAM>

State 2 <SV = 1> <Delay = 1.35>
ST_2 : Operation 13 [1/2] ( I:0.67ns O:0.67ns )   --->   "%rat_has_tag_load = load i5 %rat_has_tag_addr" [rv32_ooo.cpp:266]   --->   Operation 13 'load' 'rat_has_tag_load' <Predicate = true> <Delay = 0.67> <CoreInst = "RAM">   --->   Core 82 'RAM' <Latency = 1> <II = 1> <Delay = 0.67> <Storage> <Opcode : 'load' 'store'> <Ports = 2> <Width = 1> <Depth = 32> <RAM>
ST_2 : Operation 14 [1/2] ( I:0.67ns O:0.67ns )   --->   "%t = load i5 %rat_tag_addr" [rv32_ooo.cpp:270]   --->   Operation 14 'load' 't' <Predicate = true> <Delay = 0.67> <CoreInst = "RAM">   --->   Core 82 'RAM' <Latency = 1> <II = 1> <Delay = 0.67> <Storage> <Opcode : 'load' 'store'> <Ports = 2> <Width = 3> <Depth = 32> <RAM>
ST_2 : Operation 15 [1/1] (0.00ns)   --->   "%zext_ln271 = zext i3 %t" [rv32_ooo.cpp:271]   --->   Operation 15 'zext' 'zext_ln271' <Predicate = true> <Delay = 0.00>
ST_2 : Operation 16 [1/1] (0.00ns)   --->   "%rob_ready_addr = getelementptr i1 %rob_ready, i64 0, i64 %zext_ln271" [rv32_ooo.cpp:271]   --->   Operation 16 'getelementptr' 'rob_ready_addr' <Predicate = true> <Delay = 0.00>
ST_2 : Operation 17 [2/2] (0.67ns)   --->   "%rob_ready_load = load i3 %rob_ready_addr" [rv32_ooo.cpp:271]   --->   Operation 17 'load' 'rob_ready_load' <Predicate = true> <Delay = 0.67> <CoreInst = "RAM">   --->   Core 82 'RAM' <Latency = 1> <II = 1> <Delay = 0.67> <Storage> <Opcode : 'load' 'store'> <Ports = 2> <Width = 1> <Depth = 8> <RAM>
ST_2 : Operation 18 [1/2] ( I:1.23ns O:1.23ns )   --->   "%op_val = load i5 %regfile_addr" [rv32_ooo.cpp:267]   --->   Operation 18 'load' 'op_val' <Predicate = true> <Delay = 1.23> <CoreInst = "RAM">   --->   Core 82 'RAM' <Latency = 1> <II = 1> <Delay = 1.23> <Storage> <Opcode : 'load' 'store'> <Ports = 2> <Width = 32> <Depth = 32> <RAM>
ST_2 : Operation 19 [1/1] (0.00ns)   --->   "%rob_value_addr = getelementptr i32 %rob_value, i64 0, i64 %zext_ln271" [rv32_ooo.cpp:272]   --->   Operation 19 'getelementptr' 'rob_value_addr' <Predicate = true> <Delay = 0.00>
ST_2 : Operation 20 [2/2] (0.67ns)   --->   "%rob_value_load = load i3 %rob_value_addr" [rv32_ooo.cpp:272]   --->   Operation 20 'load' 'rob_value_load' <Predicate = true> <Delay = 0.67> <CoreInst = "RAM">   --->   Core 82 'RAM' <Latency = 1> <II = 1> <Delay = 0.67> <Storage> <Opcode : 'load' 'store'> <Ports = 2> <Width = 32> <Depth = 8> <RAM>

State 3 <SV = 2> <Delay = 1.39>
ST_3 : Operation 21 [1/2] ( I:0.67ns O:0.67ns )   --->   "%rob_ready_load = load i3 %rob_ready_addr" [rv32_ooo.cpp:271]   --->   Operation 21 'load' 'rob_ready_load' <Predicate = true> <Delay = 0.67> <CoreInst = "RAM">   --->   Core 82 'RAM' <Latency = 1> <II = 1> <Delay = 0.67> <Storage> <Opcode : 'load' 'store'> <Ports = 2> <Width = 1> <Depth = 8> <RAM>
ST_3 : Operation 22 [1/2] ( I:0.67ns O:0.67ns )   --->   "%rob_value_load = load i3 %rob_value_addr" [rv32_ooo.cpp:272]   --->   Operation 22 'load' 'rob_value_load' <Predicate = true> <Delay = 0.67> <CoreInst = "RAM">   --->   Core 82 'RAM' <Latency = 1> <II = 1> <Delay = 0.67> <Storage> <Opcode : 'load' 'store'> <Ports = 2> <Width = 32> <Depth = 8> <RAM>
ST_3 : Operation 23 [1/1] (0.00ns) (grouped into LUT with out node or_ln271_1)   --->   "%xor_ln266 = xor i1 %rat_has_tag_load, i1 1" [rv32_ooo.cpp:266]   --->   Operation 23 'xor' 'xor_ln266' <Predicate = true> <Delay = 0.00> <CoreInst = "LogicGate">   --->   Core 74 'LogicGate' <Latency = 0> <II = 1> <Delay = 0.28> <FuncUnit> <Opcode : 'and' 'or' 'xor'> <InPorts = 2> <OutPorts = 1>
ST_3 : Operation 24 [1/1] (0.00ns) (grouped into LUT with out node or_ln271_1)   --->   "%or_ln271 = or i1 %icmp_ln262, i1 %xor_ln266" [rv32_ooo.cpp:271]   --->   Operation 24 'or' 'or_ln271' <Predicate = true> <Delay = 0.00> <CoreInst = "LogicGate">   --->   Core 74 'LogicGate' <Latency = 0> <II = 1> <Delay = 0.28> <FuncUnit> <Opcode : 'and' 'or' 'xor'> <InPorts = 2> <OutPorts = 1>
ST_3 : Operation 25 [1/1] (0.28ns) (out node of the LUT)   --->   "%or_ln271_1 = or i1 %or_ln271, i1 %rob_ready_load" [rv32_ooo.cpp:271]   --->   Operation 25 'or' 'or_ln271_1' <Predicate = true> <Delay = 0.28> <CoreInst = "LogicGate">   --->   Core 74 'LogicGate' <Latency = 0> <II = 1> <Delay = 0.28> <FuncUnit> <Opcode : 'and' 'or' 'xor'> <InPorts = 2> <OutPorts = 1>
ST_3 : Operation 26 [1/1] (0.00ns) (grouped into LUT with out node xor_ln266_1)   --->   "%or_ln266 = or i1 %rat_has_tag_load, i1 %icmp_ln262" [rv32_ooo.cpp:266]   --->   Operation 26 'or' 'or_ln266' <Predicate = true> <Delay = 0.00> <CoreInst = "LogicGate">   --->   Core 74 'LogicGate' <Latency = 0> <II = 1> <Delay = 0.28> <FuncUnit> <Opcode : 'and' 'or' 'xor'> <InPorts = 2> <OutPorts = 1>
ST_3 : Operation 27 [1/1] (0.28ns) (out node of the LUT)   --->   "%xor_ln266_1 = xor i1 %or_ln266, i1 1" [rv32_ooo.cpp:266]   --->   Operation 27 'xor' 'xor_ln266_1' <Predicate = true> <Delay = 0.28> <CoreInst = "LogicGate">   --->   Core 74 'LogicGate' <Latency = 0> <II = 1> <Delay = 0.28> <FuncUnit> <Opcode : 'and' 'or' 'xor'> <InPorts = 2> <OutPorts = 1>
ST_3 : Operation 28 [1/1] (0.00ns) (grouped into LUT with out node or_ln271_2)   --->   "%xor_ln271 = xor i1 %rob_ready_load, i1 1" [rv32_ooo.cpp:271]   --->   Operation 28 'xor' 'xor_ln271' <Predicate = true> <Delay = 0.00> <CoreInst = "LogicGate">   --->   Core 74 'LogicGate' <Latency = 0> <II = 1> <Delay = 0.28> <FuncUnit> <Opcode : 'and' 'or' 'xor'> <InPorts = 2> <OutPorts = 1>
ST_3 : Operation 29 [1/1] (0.00ns) (grouped into LUT with out node or_ln271_2)   --->   "%and_ln271 = and i1 %rat_has_tag_load, i1 %xor_ln271" [rv32_ooo.cpp:271]   --->   Operation 29 'and' 'and_ln271' <Predicate = true> <Delay = 0.00> <CoreInst = "LogicGate">   --->   Core 74 'LogicGate' <Latency = 0> <II = 1> <Delay = 0.28> <FuncUnit> <Opcode : 'and' 'or' 'xor'> <InPorts = 2> <OutPorts = 1>
ST_3 : Operation 30 [1/1] (0.28ns) (out node of the LUT)   --->   "%or_ln271_2 = or i1 %icmp_ln262, i1 %and_ln271" [rv32_ooo.cpp:271]   --->   Operation 30 'or' 'or_ln271_2' <Predicate = true> <Delay = 0.28> <CoreInst = "LogicGate">   --->   Core 74 'LogicGate' <Latency = 0> <II = 1> <Delay = 0.28> <FuncUnit> <Opcode : 'and' 'or' 'xor'> <InPorts = 2> <OutPorts = 1>
ST_3 : Operation 31 [1/1] (0.00ns)   --->   "%sel_tmp = bitconcatenate i2 @_ssdm_op_BitConcatenate.i2.i1.i1, i1 %xor_ln266_1, i1 %or_ln271_2" [rv32_ooo.cpp:266]   --->   Operation 31 'bitconcatenate' 'sel_tmp' <Predicate = true> <Delay = 0.00>
ST_3 : Operation 32 [1/1] (0.42ns)   --->   "%agg_result_val = sparsemux i32 @_ssdm_op_SparseMux.ap_auto.3i32.i32.i2, i2 2, i32 %op_val, i2 1, i32 0, i2 0, i32 %rob_value_load, i32 0, i2 %sel_tmp" [rv32_ooo.cpp:267]   --->   Operation 32 'sparsemux' 'agg_result_val' <Predicate = true> <Delay = 0.42> <CoreInst = "OneHotSparseMux_HasDef">   --->   Core 152 'OneHotSparseMux_HasDef' <Latency = 0> <II = 1> <Delay = 0.42> <FuncUnit> <Opcode : 'sparsemux'> <InPorts = 2> <OutPorts = 1>
ST_3 : Operation 33 [1/1] (0.20ns)   --->   "%agg_result_tag_0 = select i1 %or_ln271_1, i3 0, i3 %t" [rv32_ooo.cpp:271]   --->   Operation 33 'select' 'agg_result_tag_0' <Predicate = true> <Delay = 0.20> <CoreInst = "Sel">   --->   Core 73 'Sel' <Latency = 0> <II = 1> <Delay = 0.20> <FuncUnit> <Opcode : 'select'> <InPorts = 3> <OutPorts = 1>
ST_3 : Operation 34 [1/1] (0.00ns)   --->   "%mrv = insertvalue i36 <undef>, i1 %or_ln271_1" [rv32_ooo.cpp:277]   --->   Operation 34 'insertvalue' 'mrv' <Predicate = true> <Delay = 0.00>
ST_3 : Operation 35 [1/1] (0.00ns)   --->   "%mrv_1 = insertvalue i36 %mrv, i32 %agg_result_val" [rv32_ooo.cpp:277]   --->   Operation 35 'insertvalue' 'mrv_1' <Predicate = true> <Delay = 0.00>
ST_3 : Operation 36 [1/1] (0.00ns)   --->   "%mrv_2 = insertvalue i36 %mrv_1, i3 %agg_result_tag_0" [rv32_ooo.cpp:277]   --->   Operation 36 'insertvalue' 'mrv_2' <Predicate = true> <Delay = 0.00>
ST_3 : Operation 37 [1/1] (0.00ns)   --->   "%ret_ln277 = ret i36 %mrv_2" [rv32_ooo.cpp:277]   --->   Operation 37 'ret' 'ret_ln277' <Predicate = true> <Delay = 0.00>


============================================================
+ Verbose Summary: Binding
============================================================
STG Binding: 
---------------- STG Properties BEGIN ----------------
- Is combinational: 0
- Is one-state seq: 0
- Is datapath-only: 0
- Is pipelined: 0
- Is top level: 0
Port [ Return ] is wired: 1; IO mode=ap_ctrl_hs:ce=0
Port [ reg_r]:  wired=1; compound=0; hidden=0; nouse=0; global=0; static=0; extern=0; dir=0; type=0; pingpong=0; private_global=0; IO mode=ap_none:ce=0
Port [ rat_has_tag]:  wired=1; compound=1; hidden=0; nouse=0; global=1; static=1; extern=0; dir=0; type=1; pingpong=0; private_global=0; MemPort=[13]; IO mode=ap_memory:ce=0
Port [ rat_tag]:  wired=1; compound=1; hidden=0; nouse=0; global=1; static=1; extern=0; dir=0; type=1; pingpong=0; private_global=0; MemPort=[13]; IO mode=ap_memory:ce=0
Port [ rob_ready]:  wired=1; compound=1; hidden=0; nouse=0; global=1; static=1; extern=0; dir=0; type=1; pingpong=0; private_global=0; MemPort=[13]; IO mode=ap_memory:ce=0
Port [ regfile]:  wired=1; compound=1; hidden=0; nouse=0; global=1; static=1; extern=0; dir=0; type=1; pingpong=0; private_global=0; MemPort=[13]; IO mode=ap_memory:ce=0
Port [ rob_value]:  wired=1; compound=1; hidden=0; nouse=0; global=1; static=1; extern=0; dir=0; type=1; pingpong=0; private_global=0; MemPort=[13]; IO mode=ap_memory:ce=0
---------------- STG Properties END ------------------

---------------- Datapath Model BEGIN ----------------

<LifeTime>
<method=bitvector/>
reg_read         (read          ) [ 0000]
icmp_ln262       (icmp          ) [ 0011]
zext_ln266       (zext          ) [ 0000]
rat_has_tag_addr (getelementptr ) [ 0010]
rat_tag_addr     (getelementptr ) [ 0010]
regfile_addr     (getelementptr ) [ 0010]
rat_has_tag_load (load          ) [ 0001]
t                (load          ) [ 0001]
zext_ln271       (zext          ) [ 0000]
rob_ready_addr   (getelementptr ) [ 0001]
op_val           (load          ) [ 0001]
rob_value_addr   (getelementptr ) [ 0001]
rob_ready_load   (load          ) [ 0000]
rob_value_load   (load          ) [ 0000]
xor_ln266        (xor           ) [ 0000]
or_ln271         (or            ) [ 0000]
or_ln271_1       (or            ) [ 0000]
or_ln266         (or            ) [ 0000]
xor_ln266_1      (xor           ) [ 0000]
xor_ln271        (xor           ) [ 0000]
and_ln271        (and           ) [ 0000]
or_ln271_2       (or            ) [ 0000]
sel_tmp          (bitconcatenate) [ 0000]
agg_result_val   (sparsemux     ) [ 0000]
agg_result_tag_0 (select        ) [ 0000]
mrv              (insertvalue   ) [ 0000]
mrv_1            (insertvalue   ) [ 0000]
mrv_2            (insertvalue   ) [ 0000]
ret_ln277        (ret           ) [ 0000]
</LifeTime>

<model>

<comp_list>
<comp id="0" class="1000" name="reg_r">
<pin_list>
<pin id="1" dir="1" index="0" bw="1" slack="0"/>
</pin_list>
<bind>
<StgValue><ssdm name="reg_r"/></StgValue>
</bind>
</comp>

<comp id="2" class="1000" name="rat_has_tag">
<pin_list>
<pin id="3" dir="1" index="0" bw="1" slack="0"/>
</pin_list>
<bind>
<StgValue><ssdm name="rat_has_tag"/><MemPortTyVec>1 3 </MemPortTyVec>
</StgValue>
</bind>
</comp>

<comp id="4" class="1000" name="rat_tag">
<pin_list>
<pin id="5" dir="1" index="0" bw="1" slack="0"/>
</pin_list>
<bind>
<StgValue><ssdm name="rat_tag"/><MemPortTyVec>1 3 </MemPortTyVec>
</StgValue>
</bind>
</comp>

<comp id="6" class="1000" name="rob_ready">
<pin_list>
<pin id="7" dir="1" index="0" bw="1" slack="0"/>
</pin_list>
<bind>
<StgValue><ssdm name="rob_ready"/><MemPortTyVec>1 3 </MemPortTyVec>
</StgValue>
</bind>
</comp>

<comp id="8" class="1000" name="regfile">
<pin_list>
<pin id="9" dir="1" index="0" bw="1" slack="0"/>
</pin_list>
<bind>
<StgValue><ssdm name="regfile"/><MemPortTyVec>1 3 </MemPortTyVec>
</StgValue>
</bind>
</comp>

<comp id="10" class="1000" name="rob_value">
<pin_list>
<pin id="11" dir="1" index="0" bw="1" slack="0"/>
</pin_list>
<bind>
<StgValue><ssdm name="rob_value"/><MemPortTyVec>1 3 </MemPortTyVec>
</StgValue>
</bind>
</comp>

<comp id="12" class="1001" name="const_12">
<pin_list>
<pin id="13" dir="1" index="0" bw="1" slack="0"/>
</pin_list>
<bind>
<StgValue><ssdm name="_ssdm_op_Read.ap_auto.i5"/></StgValue>
</bind>
</comp>

<comp id="14" class="1001" name="const_14">
<pin_list>
<pin id="15" dir="1" index="0" bw="1" slack="0"/>
</pin_list>
<bind>
<StgValue><ssdm name=""/></StgValue>
</bind>
</comp>

<comp id="16" class="1001" name="const_16">
<pin_list>
<pin id="17" dir="1" index="0" bw="1" slack="0"/>
</pin_list>
<bind>
<StgValue><ssdm name=""/></StgValue>
</bind>
</comp>

<comp id="18" class="1001" name="const_18">
<pin_list>
<pin id="19" dir="1" index="0" bw="1" slack="0"/>
</pin_list>
<bind>
<StgValue><ssdm name=""/></StgValue>
</bind>
</comp>

<comp id="20" class="1001" name="const_20">
<pin_list>
<pin id="21" dir="1" index="0" bw="1" slack="0"/>
</pin_list>
<bind>
<StgValue><ssdm name="_ssdm_op_BitConcatenate.i2.i1.i1"/></StgValue>
</bind>
</comp>

<comp id="22" class="1001" name="const_22">
<pin_list>
<pin id="23" dir="1" index="0" bw="1" slack="0"/>
</pin_list>
<bind>
<StgValue><ssdm name="_ssdm_op_SparseMux.ap_auto.3i32.i32.i2"/></StgValue>
</bind>
</comp>

<comp id="24" class="1001" name="const_24">
<pin_list>
<pin id="25" dir="1" index="0" bw="1" slack="0"/>
</pin_list>
<bind>
<StgValue><ssdm name=""/></StgValue>
</bind>
</comp>

<comp id="26" class="1001" name="const_26">
<pin_list>
<pin id="27" dir="1" index="0" bw="1" slack="0"/>
</pin_list>
<bind>
<StgValue><ssdm name=""/></StgValue>
</bind>
</comp>

<comp id="28" class="1001" name="const_28">
<pin_list>
<pin id="29" dir="1" index="0" bw="1" slack="0"/>
</pin_list>
<bind>
<StgValue><ssdm name=""/></StgValue>
</bind>
</comp>

<comp id="30" class="1001" name="const_30">
<pin_list>
<pin id="31" dir="1" index="0" bw="1" slack="0"/>
</pin_list>
<bind>
<StgValue><ssdm name=""/></StgValue>
</bind>
</comp>

<comp id="32" class="1001" name="const_32">
<pin_list>
<pin id="33" dir="1" index="0" bw="1" slack="0"/>
</pin_list>
<bind>
<StgValue><ssdm name=""/></StgValue>
</bind>
</comp>

<comp id="34" class="1001" name="const_34">
<pin_list>
<pin id="35" dir="1" index="0" bw="1" slack="0"/>
</pin_list>
<bind>
<StgValue><ssdm name=""/></StgValue>
</bind>
</comp>

<comp id="36" class="1001" name="const_36">
<pin_list>
<pin id="37" dir="1" index="0" bw="1" slack="0"/>
</pin_list>
<bind>
<StgValue><ssdm name=""/></StgValue>
</bind>
</comp>

<comp id="38" class="1004" name="reg_read_read_fu_38">
<pin_list>
<pin id="39" dir="0" index="0" bw="5" slack="0"/>
<pin id="40" dir="0" index="1" bw="5" slack="0"/>
<pin id="41" dir="1" index="2" bw="5" slack="0"/>
</pin_list>
<bind>
<opcode="read(1150) " fcode="read"/>
<opset="reg_read/1 "/>
</bind>
</comp>

<comp id="44" class="1004" name="rat_has_tag_addr_gep_fu_44">
<pin_list>
<pin id="45" dir="0" index="0" bw="1" slack="0"/>
<pin id="46" dir="0" index="1" bw="1" slack="0"/>
<pin id="47" dir="0" index="2" bw="5" slack="0"/>
<pin id="48" dir="1" index="3" bw="5" slack="0"/>
</pin_list>
<bind>
<opcode="getelementptr(29) " fcode="getelementptr"/>
<opset="rat_has_tag_addr/1 "/>
</bind>
</comp>

<comp id="51" class="1004" name="grp_access_fu_51">
<pin_list>
<pin id="52" dir="0" index="0" bw="5" slack="0"/>
<pin id="53" dir="0" index="1" bw="1" slack="2147483647"/>
<pin id="54" dir="0" index="2" bw="0" slack="2147483647"/>
<pin id="55" dir="1" index="3" bw="1" slack="1"/>
</pin_list>
<bind>
<opcode="load(27) " fcode="load"/>
<opset="rat_has_tag_load/1 "/>
</bind>
</comp>

<comp id="57" class="1004" name="rat_tag_addr_gep_fu_57">
<pin_list>
<pin id="58" dir="0" index="0" bw="3" slack="0"/>
<pin id="59" dir="0" index="1" bw="1" slack="0"/>
<pin id="60" dir="0" index="2" bw="5" slack="0"/>
<pin id="61" dir="1" index="3" bw="5" slack="0"/>
</pin_list>
<bind>
<opcode="getelementptr(29) " fcode="getelementptr"/>
<opset="rat_tag_addr/1 "/>
</bind>
</comp>

<comp id="64" class="1004" name="grp_access_fu_64">
<pin_list>
<pin id="65" dir="0" index="0" bw="5" slack="0"/>
<pin id="66" dir="0" index="1" bw="3" slack="2147483647"/>
<pin id="67" dir="0" index="2" bw="0" slack="2147483647"/>
<pin id="68" dir="1" index="3" bw="3" slack="0"/>
</pin_list>
<bind>
<opcode="load(27) " fcode="load"/>
<opset="t/1 "/>
</bind>
</comp>

<comp id="70" class="1004" name="regfile_addr_gep_fu_70">
<pin_list>
<pin id="71" dir="0" index="0" bw="32" slack="0"/>
<pin id="72" dir="0" index="1" bw="1" slack="0"/>
<pin id="73" dir="0" index="2" bw="5" slack="0"/>
<pin id="74" dir="1" index="3" bw="5" slack="0"/>
</pin_list>
<bind>
<opcode="getelementptr(29) " fcode="getelementptr"/>
<opset="regfile_addr/1 "/>
</bind>
</comp>

<comp id="77" class="1004" name="grp_access_fu_77">
<pin_list>
<pin id="78" dir="0" index="0" bw="5" slack="0"/>
<pin id="79" dir="0" index="1" bw="32" slack="2147483647"/>
<pin id="80" dir="0" index="2" bw="0" slack="2147483647"/>
<pin id="81" dir="1" index="3" bw="32" slack="1"/>
</pin_list>
<bind>
<opcode="load(27) " fcode="load"/>
<opset="op_val/1 "/>
</bind>
</comp>

<comp id="83" class="1004" name="rob_ready_addr_gep_fu_83">
<pin_list>
<pin id="84" dir="0" index="0" bw="1" slack="0"/>
<pin id="85" dir="0" index="1" bw="1" slack="0"/>
<pin id="86" dir="0" index="2" bw="3" slack="0"/>
<pin id="87" dir="1" index="3" bw="3" slack="0"/>
</pin_list>
<bind>
<opcode="getelementptr(29) " fcode="getelementptr"/>
<opset="rob_ready_addr/2 "/>
</bind>
</comp>

<comp id="90" class="1004" name="grp_access_fu_90">
<pin_list>
<pin id="91" dir="0" index="0" bw="3" slack="0"/>
<pin id="92" dir="0" index="1" bw="1" slack="2147483647"/>
<pin id="93" dir="0" index="2" bw="0" slack="2147483647"/>
<pin id="94" dir="1" index="3" bw="1" slack="0"/>
</pin_list>
<bind>
<opcode="load(27) " fcode="load"/>
<opset="rob_ready_load/2 "/>
</bind>
</comp>

<comp id="96" class="1004" name="rob_value_addr_gep_fu_96">
<pin_list>
<pin id="97" dir="0" index="0" bw="32" slack="0"/>
<pin id="98" dir="0" index="1" bw="1" slack="0"/>
<pin id="99" dir="0" index="2" bw="3" slack="0"/>
<pin id="100" dir="1" index="3" bw="3" slack="0"/>
</pin_list>
<bind>
<opcode="getelementptr(29) " fcode="getelementptr"/>
<opset="rob_value_addr/2 "/>
</bind>
</comp>

<comp id="103" class="1004" name="grp_access_fu_103">
<pin_list>
<pin id="104" dir="0" index="0" bw="3" slack="0"/>
<pin id="105" dir="0" index="1" bw="32" slack="2147483647"/>
<pin id="106" dir="0" index="2" bw="0" slack="2147483647"/>
<pin id="107" dir="1" index="3" bw="32" slack="0"/>
</pin_list>
<bind>
<opcode="load(27) " fcode="load"/>
<opset="rob_value_load/2 "/>
</bind>
</comp>

<comp id="109" class="1004" name="icmp_ln262_fu_109">
<pin_list>
<pin id="110" dir="0" index="0" bw="5" slack="0"/>
<pin id="111" dir="0" index="1" bw="5" slack="0"/>
<pin id="112" dir="1" index="2" bw="1" slack="2"/>
</pin_list>
<bind>
<opcode="icmp(45) " fcode="icmp"/>
<opset="icmp_ln262/1 "/>
</bind>
</comp>

<comp id="115" class="1004" name="zext_ln266_fu_115">
<pin_list>
<pin id="116" dir="0" index="0" bw="5" slack="0"/>
<pin id="117" dir="1" index="1" bw="64" slack="0"/>
</pin_list>
<bind>
<opcode="zext(34) " fcode="zext"/>
<opset="zext_ln266/1 "/>
</bind>
</comp>

<comp id="122" class="1004" name="zext_ln271_fu_122">
<pin_list>
<pin id="123" dir="0" index="0" bw="3" slack="0"/>
<pin id="124" dir="1" index="1" bw="64" slack="0"/>
</pin_list>
<bind>
<opcode="zext(34) " fcode="zext"/>
<opset="zext_ln271/2 "/>
</bind>
</comp>

<comp id="128" class="1004" name="xor_ln266_fu_128">
<pin_list>
<pin id="129" dir="0" index="0" bw="1" slack="1"/>
<pin id="130" dir="0" index="1" bw="1" slack="0"/>
<pin id="131" dir="1" index="2" bw="1" slack="0"/>
</pin_list>
<bind>
<opcode="xor(25) " fcode="xor"/>
<opset="xor_ln266/3 "/>
</bind>
</comp>

<comp id="133" class="1004" name="or_ln271_fu_133">
<pin_list>
<pin id="134" dir="0" index="0" bw="1" slack="2"/>
<pin id="135" dir="0" index="1" bw="1" slack="0"/>
<pin id="136" dir="1" index="2" bw="1" slack="0"/>
</pin_list>
<bind>
<opcode="or(24) " fcode="or"/>
<opset="or_ln271/3 "/>
</bind>
</comp>

<comp id="138" class="1004" name="or_ln271_1_fu_138">
<pin_list>
<pin id="139" dir="0" index="0" bw="1" slack="0"/>
<pin id="140" dir="0" index="1" bw="1" slack="0"/>
<pin id="141" dir="1" index="2" bw="1" slack="0"/>
</pin_list>
<bind>
<opcode="or(24) " fcode="or"/>
<opset="or_ln271_1/3 "/>
</bind>
</comp>

<comp id="144" class="1004" name="or_ln266_fu_144">
<pin_list>
<pin id="145" dir="0" index="0" bw="1" slack="1"/>
<pin id="146" dir="0" index="1" bw="1" slack="2"/>
<pin id="147" dir="1" index="2" bw="1" slack="0"/>
</pin_list>
<bind>
<opcode="or(24) " fcode="or"/>
<opset="or_ln266/3 "/>
</bind>
</comp>

<comp id="148" class="1004" name="xor_ln266_1_fu_148">
<pin_list>
<pin id="149" dir="0" index="0" bw="1" slack="0"/>
<pin id="150" dir="0" index="1" bw="1" slack="0"/>
<pin id="151" dir="1" index="2" bw="1" slack="0"/>
</pin_list>
<bind>
<opcode="xor(25) " fcode="xor"/>
<opset="xor_ln266_1/3 "/>
</bind>
</comp>

<comp id="154" class="1004" name="xor_ln271_fu_154">
<pin_list>
<pin id="155" dir="0" index="0" bw="1" slack="0"/>
<pin id="156" dir="0" index="1" bw="1" slack="0"/>
<pin id="157" dir="1" index="2" bw="1" slack="0"/>
</pin_list>
<bind>
<opcode="xor(25) " fcode="xor"/>
<opset="xor_ln271/3 "/>
</bind>
</comp>

<comp id="160" class="1004" name="and_ln271_fu_160">
<pin_list>
<pin id="161" dir="0" index="0" bw="1" slack="1"/>
<pin id="162" dir="0" index="1" bw="1" slack="0"/>
<pin id="163" dir="1" index="2" bw="1" slack="0"/>
</pin_list>
<bind>
<opcode="and(23) " fcode="and"/>
<opset="and_ln271/3 "/>
</bind>
</comp>

<comp id="165" class="1004" name="or_ln271_2_fu_165">
<pin_list>
<pin id="166" dir="0" index="0" bw="1" slack="2"/>
<pin id="167" dir="0" index="1" bw="1" slack="0"/>
<pin id="168" dir="1" index="2" bw="1" slack="0"/>
</pin_list>
<bind>
<opcode="or(24) " fcode="or"/>
<opset="or_ln271_2/3 "/>
</bind>
</comp>

<comp id="170" class="1004" name="sel_tmp_fu_170">
<pin_list>
<pin id="171" dir="0" index="0" bw="2" slack="0"/>
<pin id="172" dir="0" index="1" bw="1" slack="0"/>
<pin id="173" dir="0" index="2" bw="1" slack="0"/>
<pin id="174" dir="1" index="3" bw="2" slack="0"/>
</pin_list>
<bind>
<opcode="bitconcatenate(1004) " fcode="bitconcatenate"/>
<opset="sel_tmp/3 "/>
</bind>
</comp>

<comp id="178" class="1004" name="agg_result_val_fu_178">
<pin_list>
<pin id="179" dir="0" index="0" bw="32" slack="0"/>
<pin id="180" dir="0" index="1" bw="2" slack="0"/>
<pin id="181" dir="0" index="2" bw="32" slack="1"/>
<pin id="182" dir="0" index="3" bw="2" slack="0"/>
<pin id="183" dir="0" index="4" bw="32" slack="0"/>
<pin id="184" dir="0" index="5" bw="2" slack="0"/>
<pin id="185" dir="0" index="6" bw="32" slack="0"/>
<pin id="186" dir="0" index="7" bw="32" slack="0"/>
<pin id="187" dir="0" index="8" bw="2" slack="0"/>
<pin id="188" dir="1" index="9" bw="32" slack="0"/>
</pin_list>
<bind>
<opcode="sparsemux(1197) " fcode="sparsemux"/>
<opset="agg_result_val/3 "/>
</bind>
</comp>

<comp id="197" class="1004" name="agg_result_tag_0_fu_197">
<pin_list>
<pin id="198" dir="0" index="0" bw="1" slack="0"/>
<pin id="199" dir="0" index="1" bw="3" slack="0"/>
<pin id="200" dir="0" index="2" bw="3" slack="1"/>
<pin id="201" dir="1" index="3" bw="3" slack="0"/>
</pin_list>
<bind>
<opcode="select(49) " fcode="select"/>
<opset="agg_result_tag_0/3 "/>
</bind>
</comp>

<comp id="204" class="1004" name="mrv_fu_204">
<pin_list>
<pin id="205" dir="0" index="0" bw="36" slack="0"/>
<pin id="206" dir="0" index="1" bw="1" slack="0"/>
<pin id="207" dir="1" index="2" bw="36" slack="0"/>
</pin_list>
<bind>
<opcode="insertvalue(57) " fcode="insertvalue"/>
<opset="mrv/3 "/>
</bind>
</comp>

<comp id="210" class="1004" name="mrv_1_fu_210">
<pin_list>
<pin id="211" dir="0" index="0" bw="36" slack="0"/>
<pin id="212" dir="0" index="1" bw="32" slack="0"/>
<pin id="213" dir="1" index="2" bw="36" slack="0"/>
</pin_list>
<bind>
<opcode="insertvalue(57) " fcode="insertvalue"/>
<opset="mrv_1/3 "/>
</bind>
</comp>

<comp id="216" class="1004" name="mrv_2_fu_216">
<pin_list>
<pin id="217" dir="0" index="0" bw="36" slack="0"/>
<pin id="218" dir="0" index="1" bw="3" slack="0"/>
<pin id="219" dir="1" index="2" bw="36" slack="2147483647"/>
</pin_list>
<bind>
<opcode="insertvalue(57) " fcode="insertvalue"/>
<opset="mrv_2/3 "/>
</bind>
</comp>

<comp id="222" class="1005" name="icmp_ln262_reg_222">
<pin_list>
<pin id="223" dir="0" index="0" bw="1" slack="2"/>
<pin id="224" dir="1" index="1" bw="1" slack="2"/>
</pin_list>
<bind>
<opset="icmp_ln262 "/>
</bind>
</comp>

<comp id="229" class="1005" name="rat_has_tag_addr_reg_229">
<pin_list>
<pin id="230" dir="0" index="0" bw="5" slack="1"/>
<pin id="231" dir="1" index="1" bw="5" slack="1"/>
</pin_list>
<bind>
<opset="rat_has_tag_addr "/>
</bind>
</comp>

<comp id="234" class="1005" name="rat_tag_addr_reg_234">
<pin_list>
<pin id="235" dir="0" index="0" bw="5" slack="1"/>
<pin id="236" dir="1" index="1" bw="5" slack="1"/>
</pin_list>
<bind>
<opset="rat_tag_addr "/>
</bind>
</comp>

<comp id="239" class="1005" name="regfile_addr_reg_239">
<pin_list>
<pin id="240" dir="0" index="0" bw="5" slack="1"/>
<pin id="241" dir="1" index="1" bw="5" slack="1"/>
</pin_list>
<bind>
<opset="regfile_addr "/>
</bind>
</comp>

<comp id="244" class="1005" name="rat_has_tag_load_reg_244">
<pin_list>
<pin id="245" dir="0" index="0" bw="1" slack="1"/>
<pin id="246" dir="1" index="1" bw="1" slack="1"/>
</pin_list>
<bind>
<opset="rat_has_tag_load "/>
</bind>
</comp>

<comp id="251" class="1005" name="t_reg_251">
<pin_list>
<pin id="252" dir="0" index="0" bw="3" slack="1"/>
<pin id="253" dir="1" index="1" bw="3" slack="1"/>
</pin_list>
<bind>
<opset="t "/>
</bind>
</comp>

<comp id="256" class="1005" name="rob_ready_addr_reg_256">
<pin_list>
<pin id="257" dir="0" index="0" bw="3" slack="1"/>
<pin id="258" dir="1" index="1" bw="3" slack="1"/>
</pin_list>
<bind>
<opset="rob_ready_addr "/>
</bind>
</comp>

<comp id="261" class="1005" name="op_val_reg_261">
<pin_list>
<pin id="262" dir="0" index="0" bw="32" slack="1"/>
<pin id="263" dir="1" index="1" bw="32" slack="1"/>
</pin_list>
<bind>
<opset="op_val "/>
</bind>
</comp>

<comp id="266" class="1005" name="rob_value_addr_reg_266">
<pin_list>
<pin id="267" dir="0" index="0" bw="3" slack="1"/>
<pin id="268" dir="1" index="1" bw="3" slack="1"/>
</pin_list>
<bind>
<opset="rob_value_addr "/>
</bind>
</comp>

</comp_list>

<net_list>
<net id="42"><net_src comp="12" pin="0"/><net_sink comp="38" pin=0"/></net>

<net id="43"><net_src comp="0" pin="0"/><net_sink comp="38" pin=1"/></net>

<net id="49"><net_src comp="2" pin="0"/><net_sink comp="44" pin=0"/></net>

<net id="50"><net_src comp="16" pin="0"/><net_sink comp="44" pin=1"/></net>

<net id="56"><net_src comp="44" pin="3"/><net_sink comp="51" pin=0"/></net>

<net id="62"><net_src comp="4" pin="0"/><net_sink comp="57" pin=0"/></net>

<net id="63"><net_src comp="16" pin="0"/><net_sink comp="57" pin=1"/></net>

<net id="69"><net_src comp="57" pin="3"/><net_sink comp="64" pin=0"/></net>

<net id="75"><net_src comp="8" pin="0"/><net_sink comp="70" pin=0"/></net>

<net id="76"><net_src comp="16" pin="0"/><net_sink comp="70" pin=1"/></net>

<net id="82"><net_src comp="70" pin="3"/><net_sink comp="77" pin=0"/></net>

<net id="88"><net_src comp="6" pin="0"/><net_sink comp="83" pin=0"/></net>

<net id="89"><net_src comp="16" pin="0"/><net_sink comp="83" pin=1"/></net>

<net id="95"><net_src comp="83" pin="3"/><net_sink comp="90" pin=0"/></net>

<net id="101"><net_src comp="10" pin="0"/><net_sink comp="96" pin=0"/></net>

<net id="102"><net_src comp="16" pin="0"/><net_sink comp="96" pin=1"/></net>

<net id="108"><net_src comp="96" pin="3"/><net_sink comp="103" pin=0"/></net>

<net id="113"><net_src comp="38" pin="2"/><net_sink comp="109" pin=0"/></net>

<net id="114"><net_src comp="14" pin="0"/><net_sink comp="109" pin=1"/></net>

<net id="118"><net_src comp="38" pin="2"/><net_sink comp="115" pin=0"/></net>

<net id="119"><net_src comp="115" pin="1"/><net_sink comp="44" pin=2"/></net>

<net id="120"><net_src comp="115" pin="1"/><net_sink comp="57" pin=2"/></net>

<net id="121"><net_src comp="115" pin="1"/><net_sink comp="70" pin=2"/></net>

<net id="125"><net_src comp="64" pin="3"/><net_sink comp="122" pin=0"/></net>

<net id="126"><net_src comp="122" pin="1"/><net_sink comp="83" pin=2"/></net>

<net id="127"><net_src comp="122" pin="1"/><net_sink comp="96" pin=2"/></net>

<net id="132"><net_src comp="18" pin="0"/><net_sink comp="128" pin=1"/></net>

<net id="137"><net_src comp="128" pin="2"/><net_sink comp="133" pin=1"/></net>

<net id="142"><net_src comp="133" pin="2"/><net_sink comp="138" pin=0"/></net>

<net id="143"><net_src comp="90" pin="3"/><net_sink comp="138" pin=1"/></net>

<net id="152"><net_src comp="144" pin="2"/><net_sink comp="148" pin=0"/></net>

<net id="153"><net_src comp="18" pin="0"/><net_sink comp="148" pin=1"/></net>

<net id="158"><net_src comp="90" pin="3"/><net_sink comp="154" pin=0"/></net>

<net id="159"><net_src comp="18" pin="0"/><net_sink comp="154" pin=1"/></net>

<net id="164"><net_src comp="154" pin="2"/><net_sink comp="160" pin=1"/></net>

<net id="169"><net_src comp="160" pin="2"/><net_sink comp="165" pin=1"/></net>

<net id="175"><net_src comp="20" pin="0"/><net_sink comp="170" pin=0"/></net>

<net id="176"><net_src comp="148" pin="2"/><net_sink comp="170" pin=1"/></net>

<net id="177"><net_src comp="165" pin="2"/><net_sink comp="170" pin=2"/></net>

<net id="189"><net_src comp="22" pin="0"/><net_sink comp="178" pin=0"/></net>

<net id="190"><net_src comp="24" pin="0"/><net_sink comp="178" pin=1"/></net>

<net id="191"><net_src comp="26" pin="0"/><net_sink comp="178" pin=3"/></net>

<net id="192"><net_src comp="28" pin="0"/><net_sink comp="178" pin=4"/></net>

<net id="193"><net_src comp="30" pin="0"/><net_sink comp="178" pin=5"/></net>

<net id="194"><net_src comp="103" pin="3"/><net_sink comp="178" pin=6"/></net>

<net id="195"><net_src comp="32" pin="0"/><net_sink comp="178" pin=7"/></net>

<net id="196"><net_src comp="170" pin="3"/><net_sink comp="178" pin=8"/></net>

<net id="202"><net_src comp="138" pin="2"/><net_sink comp="197" pin=0"/></net>

<net id="203"><net_src comp="34" pin="0"/><net_sink comp="197" pin=1"/></net>

<net id="208"><net_src comp="36" pin="0"/><net_sink comp="204" pin=0"/></net>

<net id="209"><net_src comp="138" pin="2"/><net_sink comp="204" pin=1"/></net>

<net id="214"><net_src comp="204" pin="2"/><net_sink comp="210" pin=0"/></net>

<net id="215"><net_src comp="178" pin="9"/><net_sink comp="210" pin=1"/></net>

<net id="220"><net_src comp="210" pin="2"/><net_sink comp="216" pin=0"/></net>

<net id="221"><net_src comp="197" pin="3"/><net_sink comp="216" pin=1"/></net>

<net id="225"><net_src comp="109" pin="2"/><net_sink comp="222" pin=0"/></net>

<net id="226"><net_src comp="222" pin="1"/><net_sink comp="133" pin=0"/></net>

<net id="227"><net_src comp="222" pin="1"/><net_sink comp="144" pin=1"/></net>

<net id="228"><net_src comp="222" pin="1"/><net_sink comp="165" pin=0"/></net>

<net id="232"><net_src comp="44" pin="3"/><net_sink comp="229" pin=0"/></net>

<net id="233"><net_src comp="229" pin="1"/><net_sink comp="51" pin=0"/></net>

<net id="237"><net_src comp="57" pin="3"/><net_sink comp="234" pin=0"/></net>

<net id="238"><net_src comp="234" pin="1"/><net_sink comp="64" pin=0"/></net>

<net id="242"><net_src comp="70" pin="3"/><net_sink comp="239" pin=0"/></net>

<net id="243"><net_src comp="239" pin="1"/><net_sink comp="77" pin=0"/></net>

<net id="247"><net_src comp="51" pin="3"/><net_sink comp="244" pin=0"/></net>

<net id="248"><net_src comp="244" pin="1"/><net_sink comp="128" pin=0"/></net>

<net id="249"><net_src comp="244" pin="1"/><net_sink comp="144" pin=0"/></net>

<net id="250"><net_src comp="244" pin="1"/><net_sink comp="160" pin=0"/></net>

<net id="254"><net_src comp="64" pin="3"/><net_sink comp="251" pin=0"/></net>

<net id="255"><net_src comp="251" pin="1"/><net_sink comp="197" pin=2"/></net>

<net id="259"><net_src comp="83" pin="3"/><net_sink comp="256" pin=0"/></net>

<net id="260"><net_src comp="256" pin="1"/><net_sink comp="90" pin=0"/></net>

<net id="264"><net_src comp="77" pin="3"/><net_sink comp="261" pin=0"/></net>

<net id="265"><net_src comp="261" pin="1"/><net_sink comp="178" pin=2"/></net>

<net id="269"><net_src comp="96" pin="3"/><net_sink comp="266" pin=0"/></net>

<net id="270"><net_src comp="266" pin="1"/><net_sink comp="103" pin=0"/></net>

</net_list>

</model> 
---------------- Datapath Model END ------------------

* FSMD analyzer results:
  - Output states:
	Port: rat_has_tag | {}
	Port: rat_tag | {}
	Port: rob_ready | {}
	Port: regfile | {}
	Port: rob_value | {}
 - Input state : 
	Port: read_operand : reg_r | {1 }
	Port: read_operand : rat_has_tag | {1 2 }
	Port: read_operand : rat_tag | {1 2 }
	Port: read_operand : rob_ready | {2 3 }
	Port: read_operand : regfile | {1 2 }
	Port: read_operand : rob_value | {2 3 }
  - Chain level:
	State 1
		rat_has_tag_addr : 1
		rat_has_tag_load : 2
		rat_tag_addr : 1
		t : 2
		regfile_addr : 1
		op_val : 2
	State 2
		zext_ln271 : 1
		rob_ready_addr : 2
		rob_ready_load : 3
		rob_value_addr : 2
		rob_value_load : 3
	State 3
		xor_ln271 : 1
		and_ln271 : 1
		or_ln271_2 : 1
		sel_tmp : 1
		agg_result_val : 2
		mrv_1 : 3
		mrv_2 : 4
		ret_ln277 : 5


============================================================
+ Verbose Summary: Datapath Resource usage 
============================================================

* Functional unit list:
|----------|-------------------------|---------|---------|
| Operation|     Functional Unit     |    FF   |   LUT   |
|----------|-------------------------|---------|---------|
|   icmp   |    icmp_ln262_fu_109    |    0    |    12   |
|----------|-------------------------|---------|---------|
| sparsemux|  agg_result_val_fu_178  |    0    |    9    |
|----------|-------------------------|---------|---------|
|          |     or_ln271_fu_133     |    0    |    2    |
|    or    |    or_ln271_1_fu_138    |    0    |    2    |
|          |     or_ln266_fu_144     |    0    |    2    |
|          |    or_ln271_2_fu_165    |    0    |    2    |
|----------|-------------------------|---------|---------|
|          |     xor_ln266_fu_128    |    0    |    2    |
|    xor   |    xor_ln266_1_fu_148   |    0    |    2    |
|          |     xor_ln271_fu_154    |    0    |    2    |
|----------|-------------------------|---------|---------|
|  select  | agg_result_tag_0_fu_197 |    0    |    3    |
|----------|-------------------------|---------|---------|
|    and   |     and_ln271_fu_160    |    0    |    2    |
|----------|-------------------------|---------|---------|
|   read   |   reg_read_read_fu_38   |    0    |    0    |
|----------|-------------------------|---------|---------|
|   zext   |    zext_ln266_fu_115    |    0    |    0    |
|          |    zext_ln271_fu_122    |    0    |    0    |
|----------|-------------------------|---------|---------|
|bitconcatenate|      sel_tmp_fu_170     |    0    |    0    |
|----------|-------------------------|---------|---------|
|          |        mrv_fu_204       |    0    |    0    |
|insertvalue|       mrv_1_fu_210      |    0    |    0    |
|          |       mrv_2_fu_216      |    0    |    0    |
|----------|-------------------------|---------|---------|
|   Total  |                         |    0    |    40   |
|----------|-------------------------|---------|---------|

Memories:
N/A

* Register list:
+------------------------+--------+
|                        |   FF   |
+------------------------+--------+
|   icmp_ln262_reg_222   |    1   |
|     op_val_reg_261     |   32   |
|rat_has_tag_addr_reg_229|    5   |
|rat_has_tag_load_reg_244|    1   |
|  rat_tag_addr_reg_234  |    5   |
|  regfile_addr_reg_239  |    5   |
| rob_ready_addr_reg_256 |    3   |
| rob_value_addr_reg_266 |    3   |
|        t_reg_251       |    3   |
+------------------------+--------+
|          Total         |   58   |
+------------------------+--------+

* Multiplexer (MUX) list: 
|-------------------|------|------|------|--------||---------||---------||---------|
|        Comp       |  Pin | Size |  BW  | S x BW ||  Delay  ||    FF   ||   LUT   |
|-------------------|------|------|------|--------||---------||---------||---------|
|  grp_access_fu_51 |  p0  |   2  |   5  |   10   ||    0    ||    9    |
|  grp_access_fu_64 |  p0  |   2  |   5  |   10   ||    0    ||    9    |
|  grp_access_fu_77 |  p0  |   2  |   5  |   10   ||    0    ||    9    |
|  grp_access_fu_90 |  p0  |   2  |   3  |    6   ||    0    ||    9    |
| grp_access_fu_103 |  p0  |   2  |   3  |    6   ||    0    ||    9    |
|-------------------|------|------|------|--------||---------||---------||---------|
|       Total       |      |      |      |   42   ||  2.135  ||    0    ||    45   |
|-------------------|------|------|------|--------||---------||---------||---------|



* Summary:
+-----------+--------+--------+--------+
|           |  Delay |   FF   |   LUT  |
+-----------+--------+--------+--------+
|  Function |    -   |    0   |   40   |
|   Memory  |    -   |    -   |    -   |
|Multiplexer|    2   |    0   |   45   |
|  Register |    -   |   58   |    -   |
+-----------+--------+--------+--------+
|   Total   |    2   |   58   |   85   |
+-----------+--------+--------+--------+
