

================================================================
== Vitis HLS Report for 'rv32_ooo_tick_Pipeline_VITIS_LOOP_579_5'
================================================================
* Date:           Tue Jul 21 18:19:52 2026

* Version:        2024.2 (Build 5238294 on Nov  8 2024)
* Project:        rv32_ooo_bm_proj
* Solution:       solution1 (Vivado IP Flow Target)
* Product family: zynquplus
* Target device:  xck26-sfvc784-2LV-c


================================================================
== Performance Estimates
================================================================
+ Timing: 
    * Summary: 
    +--------+----------+----------+------------+
    |  Clock |  Target  | Estimated| Uncertainty|
    +--------+----------+----------+------------+
    |ap_clk  |  10.00 ns|  2.474 ns|     2.70 ns|
    +--------+----------+----------+------------+

+ Latency: 
    * Summary: 
    +---------+---------+----------+----------+-----+-----+------------------------------------------------+
    |  Latency (cycles) |  Latency (absolute) |  Interval |                    Pipeline                    |
    |   min   |   max   |    min   |    max   | min | max |                      Type                      |
    +---------+---------+----------+----------+-----+-----+------------------------------------------------+
    |      130|      130|  1.300 us|  1.300 us|  129|  129|  loop auto-rewind stp (delay=0 clock cycles(s))|
    +---------+---------+----------+----------+-----+-----+------------------------------------------------+

    + Detail: 
        * Instance: 
        N/A

        * Loop: 
        +--------------------+---------+---------+----------+-----------+-----------+------+----------+
        |                    |  Latency (cycles) | Iteration|  Initiation Interval  | Trip |          |
        |      Loop Name     |   min   |   max   |  Latency |  achieved |   target  | Count| Pipelined|
        +--------------------+---------+---------+----------+-----------+-----------+------+----------+
        |- VITIS_LOOP_579_5  |      128|      128|         2|          1|          1|   128|       yes|
        +--------------------+---------+---------+----------+-----------+-----------+------+----------+

============================================================
+ Verbose Summary: Synthesis Manager
============================================================
InlineROM: 1
ExposeGlobal: 0
============================================================
+ Verbose Summary: CDFG Model
============================================================
IsTopModel: 0
ResetActiveHigh: 1
IsCombinational: 0
IsDatapathOnly: 0
HasWiredReturn: 1
HasMFsm: 2
HasVarLatency: 1
IsPipeline: 0
IsRtlPipelined: 0
IsInstanceOverlapped: 0
IsDontTouch: 0
HasImplIP: 0
IsGatedGlobalClock: 0

+ Individual pipeline summary: 
  * Pipeline-0: initiation interval (II) = 1, depth = 2


============================================================
+ Verbose Summary: Schedule
============================================================
* Number of FSM states : 2
* Pipeline : 1
  Pipeline-0 : II = 1, D = 2, States = { 1 2 }
* Dataflow Pipeline: 0

* FSM state transitions: 
1 --> 2 
2 --> 

* FSM state operations: 

State 1 <SV = 0> <Delay = 1.66>
ST_1 : Operation 5 [1/1] (0.00ns)   --->   "%i_1 = alloca i32 1" [rv32_ooo.cpp:579]   --->   Operation 5 'alloca' 'i_1' <Predicate = true> <Delay = 0.00>
ST_1 : Operation 6 [1/1] (0.00ns)   --->   "%specinterface_ln0 = specinterface void @_ssdm_op_SpecInterface, i32 %vregs_out, void @empty_6, i32 0, i32 0, void @empty_7, i32 4294967295, i32 0, void @empty_7, void @empty_7, void @empty_7, i32 0, i32 0, i32 0, i32 0, void @empty_7, void @empty_7, i32 4294967295, i32 0, i32 0"   --->   Operation 6 'specinterface' 'specinterface_ln0' <Predicate = true> <Delay = 0.00>
ST_1 : Operation 7 [1/1] (0.42ns)   --->   "%store_ln579 = store i8 0, i8 %i_1" [rv32_ooo.cpp:579]   --->   Operation 7 'store' 'store_ln579' <Predicate = true> <Delay = 0.42>
ST_1 : Operation 8 [1/1] (0.00ns)   --->   "%br_ln0 = br void %for.inc114"   --->   Operation 8 'br' 'br_ln0' <Predicate = true> <Delay = 0.00>
ST_1 : Operation 9 [1/1] (0.00ns)   --->   "%i = load i8 %i_1" [rv32_ooo.cpp:579]   --->   Operation 9 'load' 'i' <Predicate = true> <Delay = 0.00>
ST_1 : Operation 10 [1/1] (0.76ns)   --->   "%icmp_ln579 = icmp_eq  i8 %i, i8 128" [rv32_ooo.cpp:579]   --->   Operation 10 'icmp' 'icmp_ln579' <Predicate = true> <Delay = 0.76> <CoreInst = "Cmp">   --->   Core 9 'Cmp' <Latency = 0> <II = 1> <Delay = 0.76> <FuncUnit> <Opcode : 'seteq' 'setne' 'setle' 'setge' 'setlt' 'setgt'> <InPorts = 2> <OutPorts = 1>
ST_1 : Operation 11 [1/1] (0.76ns)   --->   "%add_ln579 = add i8 %i, i8 1" [rv32_ooo.cpp:579]   --->   Operation 11 'add' 'add_ln579' <Predicate = true> <Delay = 0.76> <CoreInst = "Adder">   --->   Core 1 'Adder' <Latency = 0> <II = 1> <Delay = 0.76> <FuncUnit> <Opcode : 'add' 'sub'> <InPorts = 2> <OutPorts = 1>
ST_1 : Operation 12 [1/1] (0.00ns)   --->   "%br_ln579 = br i1 %icmp_ln579, void %for.inc114.split, void %for.end1184.loopexit274.exitStub" [rv32_ooo.cpp:579]   --->   Operation 12 'br' 'br_ln579' <Predicate = true> <Delay = 0.00>
ST_1 : Operation 13 [1/1] (0.00ns)   --->   "%zext_ln579 = zext i8 %i" [rv32_ooo.cpp:579]   --->   Operation 13 'zext' 'zext_ln579' <Predicate = (!icmp_ln579)> <Delay = 0.00>
ST_1 : Operation 14 [1/1] (0.00ns)   --->   "%vregs_addr = getelementptr i32 %vregs, i64 0, i64 %zext_ln579" [rv32_ooo.cpp:580]   --->   Operation 14 'getelementptr' 'vregs_addr' <Predicate = (!icmp_ln579)> <Delay = 0.00>
ST_1 : Operation 15 [2/2] (1.23ns)   --->   "%vregs_load = load i7 %vregs_addr" [rv32_ooo.cpp:580]   --->   Operation 15 'load' 'vregs_load' <Predicate = (!icmp_ln579)> <Delay = 1.23> <CoreInst = "RAM">   --->   Core 82 'RAM' <Latency = 1> <II = 1> <Delay = 1.23> <Storage> <Opcode : 'load' 'store'> <Ports = 2> <Width = 32> <Depth = 128> <RAM>
ST_1 : Operation 16 [1/1] (0.42ns)   --->   "%store_ln579 = store i8 %add_ln579, i8 %i_1" [rv32_ooo.cpp:579]   --->   Operation 16 'store' 'store_ln579' <Predicate = (!icmp_ln579)> <Delay = 0.42>
ST_1 : Operation 24 [1/1] (0.42ns)   --->   "%ret_ln0 = ret"   --->   Operation 24 'ret' 'ret_ln0' <Predicate = (icmp_ln579)> <Delay = 0.42>

State 2 <SV = 1> <Delay = 2.47>
ST_2 : Operation 17 [1/1] (0.00ns)   --->   "%specpipeline_ln579 = specpipeline void @_ssdm_op_SpecPipeline, i32 4294967295, i32 0, i32 0, i32 0, void @empty_7" [rv32_ooo.cpp:579]   --->   Operation 17 'specpipeline' 'specpipeline_ln579' <Predicate = true> <Delay = 0.00>
ST_2 : Operation 18 [1/1] (0.00ns)   --->   "%speclooptripcount_ln579 = speclooptripcount void @_ssdm_op_SpecLoopTripCount, i64 128, i64 128, i64 128" [rv32_ooo.cpp:579]   --->   Operation 18 'speclooptripcount' 'speclooptripcount_ln579' <Predicate = true> <Delay = 0.00>
ST_2 : Operation 19 [1/1] (0.00ns)   --->   "%specloopname_ln579 = specloopname void @_ssdm_op_SpecLoopName, void @empty_2" [rv32_ooo.cpp:579]   --->   Operation 19 'specloopname' 'specloopname_ln579' <Predicate = true> <Delay = 0.00>
ST_2 : Operation 20 [1/2] ( I:1.23ns O:1.23ns )   --->   "%vregs_load = load i7 %vregs_addr" [rv32_ooo.cpp:580]   --->   Operation 20 'load' 'vregs_load' <Predicate = true> <Delay = 1.23> <CoreInst = "RAM">   --->   Core 82 'RAM' <Latency = 1> <II = 1> <Delay = 1.23> <Storage> <Opcode : 'load' 'store'> <Ports = 2> <Width = 32> <Depth = 128> <RAM>
ST_2 : Operation 21 [1/1] (0.00ns)   --->   "%vregs_out_addr = getelementptr i32 %vregs_out, i64 0, i64 %zext_ln579" [rv32_ooo.cpp:580]   --->   Operation 21 'getelementptr' 'vregs_out_addr' <Predicate = true> <Delay = 0.00>
ST_2 : Operation 22 [1/1] ( I:1.23ns O:1.23ns )   --->   "%store_ln580 = store i32 %vregs_load, i7 %vregs_out_addr" [rv32_ooo.cpp:580]   --->   Operation 22 'store' 'store_ln580' <Predicate = true> <Delay = 1.23> <CoreInst = "RAM">   --->   Core 82 'RAM' <Latency = 1> <II = 1> <Delay = 1.23> <Storage> <Opcode : 'load' 'store'> <Ports = 2> <Width = 32> <Depth = 128> <RAM>
ST_2 : Operation 23 [1/1] (0.00ns)   --->   "%br_ln579 = br void %for.inc114" [rv32_ooo.cpp:579]   --->   Operation 23 'br' 'br_ln579' <Predicate = true> <Delay = 0.00>


============================================================
+ Verbose Summary: Timing violations
============================================================
Target clock period: 10.000ns, clock uncertainty: 2.700ns.

 <State 1>: 1.664ns
The critical path consists of the following:
	'store' operation 0 bit ('store_ln579', rv32_ooo.cpp:579) of constant 0 on local variable 'i', rv32_ooo.cpp:579 [5]  (0.427 ns)
	'load' operation 8 bit ('i', rv32_ooo.cpp:579) on local variable 'i', rv32_ooo.cpp:579 [8]  (0.000 ns)
	'getelementptr' operation 7 bit ('vregs_addr', rv32_ooo.cpp:580) [17]  (0.000 ns)
	'load' operation 32 bit ('vregs_load', rv32_ooo.cpp:580) on array 'vregs' [18]  (1.237 ns)

 <State 2>: 2.474ns
The critical path consists of the following:
	'load' operation 32 bit ('vregs_load', rv32_ooo.cpp:580) on array 'vregs' [18]  (1.237 ns)
	'store' operation 0 bit ('store_ln580', rv32_ooo.cpp:580) of variable 'vregs_load', rv32_ooo.cpp:580 on array 'vregs_out' [20]  (1.237 ns)


============================================================
+ Verbose Summary: Binding
============================================================
N/A
* FSMD analyzer results:
  - Output states:
 - Input state : 
  - Chain level:
	State 1
	State 2


============================================================
+ Verbose Summary: Datapath Resource usage 
============================================================
N/A
