================================================================
== Design Size Report
================================================================

* Total Instructions per Compilation Phase
+---------------+-----------------------------+--------------+----------------------------------------------------------------------------------------+
| Phase         | Step                        | Instructions | Description                                                                            |
+---------------+-----------------------------+--------------+----------------------------------------------------------------------------------------+
| Compile/Link  |                             | 26,066       | After all functions are compiled and linked into a single design                       |
|               |                             |              |                                                                                        |
| Unroll/Inline |                             |              | After user unroll and inline pragmas are applied                                       |
|               | (1) unroll                  |  3,324       | user unroll pragmas are applied                                                        |
|               | (2) simplification          |  2,617       | simplification of applied user unroll pragmas                                          |
|               | (3) inline                  |  2,307       | user inline pragmas are applied                                                        |
|               | (4) simplification          |  1,668       | simplification of applied user inline pragmas                                          |
|               |                             |              |                                                                                        |
| Array/Struct  |                             |              | After user array partition and struct aggregate/disaggregate pragmas are applied       |
|               | (1) array partition         |  1,659       | user array partition pragmas are applied                                               |
|               | (2) simplification          |  1,659       | simplification of applied user array partition & struct aggregate/disaggregate pragmas |
|               | (3) aggregate/disaggregate  |  1,659       | user struct aggregate/disaggregate pragmas are applied                                 |
|               | (4) array reshape           |  1,659       | apply array reshape pragmas                                                            |
|               | (5) access patterns         |  1,659       | array access pattern optmizations                                                      |
|               |                             |              |                                                                                        |
| Performance   |                             |              | After transformations are applied to meet performance pragma targets                   |
|               | (1) loop simplification     |  1,659       | loop and instruction simplification                                                    |
|               | (2) parallelization         |  1,660       | loops are unrolled or pipelined to meet performance targets                            |
|               | (3) array partition         |  1,660       | arrays are partitioned to meet performance targets                                     |
|               | (4) simplification          |  1,660       | simplification of design after performance transformations                             |
|               |                             |              |                                                                                        |
| HW Transforms |                             |              | After hardware transfomations                                                          |
|               | (1) lowering                |  1,720       | initial conversion to HW specific instructions                                         |
|               | (2) optimizations           |  1,719       | high level synthesis optimizations                                                     |
+---------------+-----------------------------+--------------+----------------------------------------------------------------------------------------+

* Instructions per Function for each Compilation Phase
+------------------------+---------------------+------------------+-----------------+-----------------+-----------------+-----------------+
| Function               | Location            | Compile/Link     | Unroll/Inline   | Array/Struct    | Performance     | HW Transforms   |
+------------------------+---------------------+------------------+-----------------+-----------------+-----------------+-----------------+
| + rv32_core_step       | rv32_core.cpp:86    | 26,066           | 1,668           | 1,659           | 1,660           | 1,719           |
|  + expand              | rv32c_defs.h:65     |   863            |  576            |  570            |  570            |  570            |
|     creg               | rv32c_defs.h:20     |     8 (4 calls)  |                 |                 |                 |                 |
|     i_type             | rv32c_defs.h:34     |   110 (11 calls) |  110 (11 calls) |  110 (11 calls) |  110 (11 calls) |  110 (11 calls) |
|     s_type             | rv32c_defs.h:37     |    56 (4 calls)  |                 |                 |                 |                 |
|     sext               | rv32c_defs.h:22     |    36 (9 calls)  |                 |                 |                 |                 |
|     j_type             | rv32c_defs.h:49     |    40 (2 calls)  |                 |                 |                 |                 |
|     u_type             | rv32c_defs.h:46     |     6            |                 |                 |                 |                 |
|     r_type             | rv32c_defs.h:31     |    99 (9 calls)  |                 |                 |                 |                 |
|     b_type             | rv32c_defs.h:41     |    48 (2 calls)  |                 |                 |                 |                 |
|    opcode              | rv32i_defs.h:148    |     2            |                 |                 |                 |                 |
|    rd                  | rv32i_defs.h:149    |     3            |                 |                 |                 |                 |
|    funct3              | rv32i_defs.h:150    |     3            |                 |                 |                 |                 |
|    rs1                 | rv32i_defs.h:151    |     3            |                 |                 |                 |                 |
|    rs2                 | rv32i_defs.h:152    |     9 (3 calls)  |                 |                 |                 |                 |
|    funct7              | rv32i_defs.h:153    |     6 (2 calls)  |                 |                 |                 |                 |
|    write_reg           | rv32_core.cpp:10    |    88 (11 calls) |                 |                 |                 |                 |
|  + get_imm_I           | immediates_hls.h:20 |   244 (4 calls)  |                 |                 |                 |                 |
|     sign_extend        | immediates_hls.h:15 |    40 (4 calls)  |                 |                 |                 |                 |
|    get_shamt           | immediates_hls.h:57 |    40            |                 |                 |                 |                 |
|    mem_load            | rv32_core.cpp:22    | 1,268 (2 calls)  |                 |                 |                 |                 |
|  + get_imm_S           | immediates_hls.h:24 |   528 (2 calls)  |                 |                 |                 |                 |
|     sign_extend        | immediates_hls.h:15 |    20 (2 calls)  |                 |                 |                 |                 |
|    mem_store           | rv32_core.cpp:52    | 1,864 (2 calls)  |                 |                 |                 |                 |
|  + get_imm_B           | immediates_hls.h:31 |   413            |                 |                 |                 |                 |
|     sign_extend        | immediates_hls.h:15 |    10            |                 |                 |                 |                 |
|  + get_imm_J           | immediates_hls.h:47 |   413            |                 |                 |                 |                 |
|     sign_extend        | immediates_hls.h:15 |    10            |                 |                 |                 |                 |
|    get_imm_U           | immediates_hls.h:41 |   238 (2 calls)  |                 |                 |                 |                 |
|    bits_to_float       | fp_ops.h:27         |    36 (3 calls)  |                 |                 |                 |                 |
|    float_to_bits       | fp_ops.h:22         |    48 (4 calls)  |                 |                 |                 |                 |
|    rs3                 | rv32i_defs.h:158    |    12 (4 calls)  |                 |                 |                 |                 |
|    fcvt_wu_s           | fp_ops.h:45         | 5,005            |                 |                 |                 |                 |
|    fcvt_w_s            | fp_ops.h:37         | 5,187            |                 |                 |                 |                 |
|  + fclass_s            | fp_ops.h:55         | 1,012            |                 |                 |                 |                 |
|     float_to_bits      | fp_ops.h:22         |    12            |                 |                 |                 |                 |
|    generic_fmin<float> | hls_fmin.h:19       |                  |   46            |   46            |   46            |   46            |
|    generic_fmax<float> | hls_fmax.h:19       |                  |   46            |   46            |   46            |   46            |
|    generic_rint<float> | hls_rint.h:26       |                  |   94 (2 calls)  |   94 (2 calls)  |   94 (2 calls)  |   94 (2 calls)  |
+------------------------+---------------------+------------------+-----------------+-----------------+-----------------+-----------------+

* Design Size Message Settings
+---------------------------------------------+--------+------------------------------------------------------------------+
| Message Setting                             | Value  | Description                                                      |
+---------------------------------------------+--------+------------------------------------------------------------------+
| config_compile -design_size_maximum_warning | 100000 | Show a warning when total design instructions exceeds this value |
+---------------------------------------------+--------+------------------------------------------------------------------+


