

================================================================
== Vitis HLS Report for 'expand'
================================================================
* Date:           Fri Jul 17 22:48:27 2026

* Version:        2024.2 (Build 5238294 on Nov  8 2024)
* Project:        rv32_core_proj
* Solution:       solution1 (Vivado IP Flow Target)
* Product family: zynquplus
* Target device:  xck26-sfvc784-2LV-c


================================================================
== Performance Estimates
================================================================
+ Timing: 
    * Summary: 
    +--------+----------+----------+------------+
    |  Clock |  Target  | Estimated| Uncertainty|
    +--------+----------+----------+------------+
    |ap_clk  |  10.00 ns|  1.771 ns|     2.70 ns|
    +--------+----------+----------+------------+

+ Latency: 
    * Summary: 
    +---------+---------+----------+----------+-----+-----+---------+
    |  Latency (cycles) |  Latency (absolute) |  Interval | Pipeline|
    |   min   |   max   |    min   |    max   | min | max |   Type  |
    +---------+---------+----------+----------+-----+-----+---------+
    |        0|        0|      0 ns|      0 ns|    0|    0|       no|
    +---------+---------+----------+----------+-----+-----+---------+

    + Detail: 
        * Instance: 
        N/A

        * Loop: 
        N/A



================================================================
== Utilization Estimates
================================================================
* Summary: 
+-----------------+---------+------+--------+--------+-----+
|       Name      | BRAM_18K|  DSP |   FF   |   LUT  | URAM|
+-----------------+---------+------+--------+--------+-----+
|DSP              |        -|     -|       -|       -|    -|
|Expression       |        -|     -|       0|      88|    -|
|FIFO             |        -|     -|       -|       -|    -|
|Instance         |        -|     -|       -|       -|    -|
|Memory           |        -|     -|       -|       -|    -|
|Multiplexer      |        -|     -|       0|     145|    -|
|Register         |        -|     -|       -|       -|    -|
+-----------------+---------+------+--------+--------+-----+
|Total            |        0|     0|       0|     233|    0|
+-----------------+---------+------+--------+--------+-----+
|Available        |      288|  1248|  234240|  117120|   64|
+-----------------+---------+------+--------+--------+-----+
|Utilization (%)  |        0|     0|       0|      ~0|    0|
+-----------------+---------+------+--------+--------+-----+

+ Detail: 
    * Instance: 
    N/A

    * DSP: 
    N/A

    * Memory: 
    N/A

    * FIFO: 
    N/A

    * Expression: 
    +----------------------+----------+----+---+----+------------+------------+
    |     Variable Name    | Operation| DSP| FF| LUT| Bitwidth P0| Bitwidth P1|
    +----------------------+----------+----+---+----+------------+------------+
    |grp_fu_328_p2         |      icmp|   0|  0|  12|           5|           1|
    |icmp_ln144_fu_942_p2  |      icmp|   0|  0|  17|          10|           1|
    |icmp_ln151_fu_977_p2  |      icmp|   0|  0|  13|           6|           1|
    |icmp_ln254_fu_540_p2  |      icmp|   0|  0|  12|           5|           1|
    |icmp_ln262_fu_582_p2  |      icmp|   0|  0|  12|           5|           1|
    |icmp_ln78_fu_1266_p2  |      icmp|   0|  0|  17|          10|           1|
    |or_ln262_fu_576_p2    |        or|   0|  0|   5|           5|           5|
    +----------------------+----------+----+---+----+------------+------------+
    |Total                 |          |   0|  0|  88|          46|          11|
    +----------------------+----------+----+---+----+------------+------------+

    * Multiplexer: 
    +-------------------------------------+-----+-----------+-----+-----------+
    |                 Name                | LUT | Input Size| Bits| Total Bits|
    +-------------------------------------+-----+-----------+-----+-----------+
    |ap_phi_mux_retval_11_phi_fu_187_p80  |  145|         31|   32|        992|
    +-------------------------------------+-----+-----------+-----+-----------+
    |Total                                |  145|         31|   32|        992|
    +-------------------------------------+-----+-----------+-----+-----------+

    * Register: 
    N/A



================================================================
== Interface
================================================================
* Summary: 
+-----------+-----+-----+------------+--------------+--------------+
| RTL Ports | Dir | Bits|  Protocol  | Source Object|    C Type    |
+-----------+-----+-----+------------+--------------+--------------+
|ap_ready   |  out|    1|  ap_ctrl_hs|        expand|  return value|
|ap_return  |  out|   32|  ap_ctrl_hs|        expand|  return value|
|ap_rst     |   in|    1|  ap_ctrl_hs|        expand|  return value|
|c          |   in|   16|     ap_none|             c|        scalar|
+-----------+-----+-----+------------+--------------+--------------+

