Copyright 1986-2022 Xilinx, Inc. All Rights Reserved. Copyright 2022-2024 Advanced Micro Devices, Inc. All Rights Reserved.
--------------------------------------------------------------------------------------------------------------------------------------------------
| Tool Version      : Vivado v.2024.2 (lin64) Build 5239630 Fri Nov 08 22:34:34 MST 2024
| Date              : Wed Jul 22 07:53:20 2026
| Host              : andy-ThinkPad-P53 running 64-bit Ubuntu 24.04.4 LTS
| Command           : report_timing_summary -file ./report/rv32_ooo_tick_timing_synth.rpt
| Design            : bd_0_wrapper
| Device            : xck26-sfvc784
| Speed File        : -2LV  PRODUCTION 1.30 05-15-2022
| Design State      : Synthesized
| Temperature Grade : C
--------------------------------------------------------------------------------------------------------------------------------------------------

Timing Summary Report

------------------------------------------------------------------------------------------------
| Timer Settings
| --------------
------------------------------------------------------------------------------------------------

  Enable Multi Corner Analysis               :  Yes
  Enable Pessimism Removal                   :  Yes
  Pessimism Removal Resolution               :  Nearest Common Node
  Enable Input Delay Default Clock           :  No
  Enable Preset / Clear Arcs                 :  No
  Disable Flight Delays                      :  No
  Ignore I/O Paths                           :  No
  Timing Early Launch at Borrowing Latches   :  No
  Borrow Time for Max Delay Exceptions       :  Yes
  Merge Timing Exceptions                    :  Yes
  Inter-SLR Compensation                     :  Conservative

  Corner  Analyze    Analyze    
  Name    Max Paths  Min Paths  
  ------  ---------  ---------  
  Slow    Yes        Yes        
  Fast    Yes        Yes        


------------------------------------------------------------------------------------------------
| Report Methodology
| ------------------
------------------------------------------------------------------------------------------------

No report available as report_methodology has not been run prior. Run report_methodology on the current design for the summary of methodology violations.



check_timing report

Table of Contents
-----------------
1. checking no_clock (0)
2. checking constant_clock (0)
3. checking pulse_width_clock (0)
4. checking unconstrained_internal_endpoints (0)
5. checking no_input_delay (129)
6. checking no_output_delay (261)
7. checking multiple_clock (0)
8. checking generated_clocks (0)
9. checking loops (0)
10. checking partial_input_delay (0)
11. checking partial_output_delay (0)
12. checking latch_loops (0)

1. checking no_clock (0)
------------------------
 There are 0 register/latch pins with no clock.


2. checking constant_clock (0)
------------------------------
 There are 0 register/latch pins with constant_clock.


3. checking pulse_width_clock (0)
---------------------------------
 There are 0 register/latch pins which need pulse_width check


4. checking unconstrained_internal_endpoints (0)
------------------------------------------------
 There are 0 pins that are not constrained for maximum delay.

 There are 0 pins that are not constrained for maximum delay due to constant clock.


5. checking no_input_delay (129)
--------------------------------
 There are 129 input ports with no input delay specified. (HIGH)

 There are 0 input ports with no input delay but user has a false path constraint.


6. checking no_output_delay (261)
---------------------------------
 There are 261 ports with no output delay specified. (HIGH)

 There are 0 ports with no output delay but user has a false path constraint

 There are 0 ports with no output delay but with a timing clock defined on it or propagating through it


7. checking multiple_clock (0)
------------------------------
 There are 0 register/latch pins with multiple clocks.


8. checking generated_clocks (0)
--------------------------------
 There are 0 generated clocks that are not connected to a clock source.


9. checking loops (0)
---------------------
 There are 0 combinational loops in the design.


10. checking partial_input_delay (0)
------------------------------------
 There are 0 input ports with partial input delay specified.


11. checking partial_output_delay (0)
-------------------------------------
 There are 0 ports with partial output delay specified.


12. checking latch_loops (0)
----------------------------
 There are 0 combinational latch loops in the design through latch input



------------------------------------------------------------------------------------------------
| Design Timing Summary
| ---------------------
------------------------------------------------------------------------------------------------

    WNS(ns)      TNS(ns)  TNS Failing Endpoints  TNS Total Endpoints      WHS(ns)      THS(ns)  THS Failing Endpoints  THS Total Endpoints     WPWS(ns)     TPWS(ns)  TPWS Failing Endpoints  TPWS Total Endpoints  
    -------      -------  ---------------------  -------------------      -------      -------  ---------------------  -------------------     --------     --------  ----------------------  --------------------  
      3.436        0.000                      0                 9430        0.103        0.000                      0                 9430        4.238        0.000                       0                  4964  


All user specified timing constraints are met.


------------------------------------------------------------------------------------------------
| Clock Summary
| -------------
------------------------------------------------------------------------------------------------

Clock   Waveform(ns)       Period(ns)      Frequency(MHz)
-----   ------------       ----------      --------------
ap_clk  {0.000 5.000}      10.000          100.000         


------------------------------------------------------------------------------------------------
| Intra Clock Table
| -----------------
------------------------------------------------------------------------------------------------

Clock             WNS(ns)      TNS(ns)  TNS Failing Endpoints  TNS Total Endpoints      WHS(ns)      THS(ns)  THS Failing Endpoints  THS Total Endpoints     WPWS(ns)     TPWS(ns)  TPWS Failing Endpoints  TPWS Total Endpoints  
-----             -------      -------  ---------------------  -------------------      -------      -------  ---------------------  -------------------     --------     --------  ----------------------  --------------------  
ap_clk              3.436        0.000                      0                 9430        0.103        0.000                      0                 9430        4.238        0.000                       0                  4964  


------------------------------------------------------------------------------------------------
| Inter Clock Table
| -----------------
------------------------------------------------------------------------------------------------

From Clock    To Clock          WNS(ns)      TNS(ns)  TNS Failing Endpoints  TNS Total Endpoints      WHS(ns)      THS(ns)  THS Failing Endpoints  THS Total Endpoints  
----------    --------          -------      -------  ---------------------  -------------------      -------      -------  ---------------------  -------------------  


------------------------------------------------------------------------------------------------
| Other Path Groups Table
| -----------------------
------------------------------------------------------------------------------------------------

Path Group    From Clock    To Clock          WNS(ns)      TNS(ns)  TNS Failing Endpoints  TNS Total Endpoints      WHS(ns)      THS(ns)  THS Failing Endpoints  THS Total Endpoints  
----------    ----------    --------          -------      -------  ---------------------  -------------------      -------      -------  ---------------------  -------------------  


------------------------------------------------------------------------------------------------
| Timing Details
| --------------
------------------------------------------------------------------------------------------------


---------------------------------------------------------------------------------------------------
From Clock:  ap_clk
  To Clock:  ap_clk

Setup :            0  Failing Endpoints,  Worst Slack        3.436ns,  Total Violation        0.000ns
Hold  :            0  Failing Endpoints,  Worst Slack        0.103ns,  Total Violation        0.000ns
PW    :            0  Failing Endpoints,  Worst Slack        4.238ns,  Total Violation        0.000ns
---------------------------------------------------------------------------------------------------


Max Delay Paths
--------------------------------------------------------------------------------------
Slack (MET) :             3.436ns  (required time - arrival time)
  Source:                 bd_0_i/hls_inst/inst/vregs_U/ram_reg_bram_0/CLKARDCLK
                            (rising edge-triggered cell RAMB36E2 clocked by ap_clk  {rise@0.000ns fall@5.000ns period=10.000ns})
  Destination:            bd_0_i/hls_inst/inst/res_24_reg_3165_reg[31]/D
                            (rising edge-triggered cell FDRE clocked by ap_clk  {rise@0.000ns fall@5.000ns period=10.000ns})
  Path Group:             ap_clk
  Path Type:              Setup (Max at Slow Process Corner)
  Requirement:            10.000ns  (ap_clk rise@10.000ns - ap_clk rise@0.000ns)
  Data Path Delay:        6.495ns  (logic 5.293ns (81.493%)  route 1.202ns (18.507%))
  Logic Levels:           14  (CARRY8=2 DSP_A_B_DATA=1 DSP_ALU=2 DSP_M_DATA=1 DSP_MULTIPLIER=1 DSP_OUTPUT=2 DSP_PREADD_DATA=1 LUT2=1 LUT5=1 LUT6=2)
  Clock Path Skew:        -0.078ns (DCD - SCD + CPR)
    Destination Clock Delay (DCD):    0.029ns = ( 10.029 - 10.000 ) 
    Source Clock Delay      (SCD):    0.107ns
    Clock Pessimism Removal (CPR):    0.000ns
  Clock Uncertainty:      0.035ns  ((TSJ^2 + TIJ^2)^1/2 + DJ) / 2 + PE
    Total System Jitter     (TSJ):    0.071ns
    Total Input Jitter      (TIJ):    0.000ns
    Discrete Jitter          (DJ):    0.000ns
    Phase Error              (PE):    0.000ns

    Location             Delay type                Incr(ns)  Path(ns)    Netlist Resource(s)
  -------------------------------------------------------------------    -------------------
                         (clock ap_clk rise edge)     0.000     0.000 r  
                                                      0.000     0.000 r  ap_clk (IN)
                         net (fo=5041, unset)         0.107     0.107    bd_0_i/hls_inst/inst/vregs_U/ap_clk
                         RAMB36E2                                     r  bd_0_i/hls_inst/inst/vregs_U/ram_reg_bram_0/CLKARDCLK
  -------------------------------------------------------------------    -------------------
                         RAMB36E2 (Prop_RAMB36E2_CLKARDCLK_DOUTADOUT[0])
                                                      1.398     1.505 f  bd_0_i/hls_inst/inst/vregs_U/ram_reg_bram_0/DOUTADOUT[0]
                         net (fo=5, unplaced)         0.259     1.764    bd_0_i/hls_inst/inst/vregs_U/ram_reg_bram_0_0[0]
                         LUT6 (Prop_LUT6_I0_O)        0.225     1.989 f  bd_0_i/hls_inst/inst/vregs_U/tmp_product_i_32/O
                         net (fo=2, unplaced)         0.256     2.245    bd_0_i/hls_inst/inst/mul_32s_32s_32_1_1_U118/tmp_product__0/B[0]
                         DSP_A_B_DATA (Prop_DSP_A_B_DATA_B[0]_B2_DATA[0])
                                                      0.216     2.461 r  bd_0_i/hls_inst/inst/mul_32s_32s_32_1_1_U118/tmp_product__0/DSP_A_B_DATA_INST/B2_DATA[0]
                         net (fo=1, unplaced)         0.000     2.461    bd_0_i/hls_inst/inst/mul_32s_32s_32_1_1_U118/tmp_product__0/DSP_A_B_DATA.B2_DATA<0>
                         DSP_PREADD_DATA (Prop_DSP_PREADD_DATA_B2_DATA[0]_B2B1[0])
                                                      0.097     2.558 r  bd_0_i/hls_inst/inst/mul_32s_32s_32_1_1_U118/tmp_product__0/DSP_PREADD_DATA_INST/B2B1[0]
                         net (fo=1, unplaced)         0.000     2.558    bd_0_i/hls_inst/inst/mul_32s_32s_32_1_1_U118/tmp_product__0/DSP_PREADD_DATA.B2B1<0>
                         DSP_MULTIPLIER (Prop_DSP_MULTIPLIER_B2B1[0]_U[31])
                                                      0.773     3.331 f  bd_0_i/hls_inst/inst/mul_32s_32s_32_1_1_U118/tmp_product__0/DSP_MULTIPLIER_INST/U[31]
                         net (fo=1, unplaced)         0.000     3.331    bd_0_i/hls_inst/inst/mul_32s_32s_32_1_1_U118/tmp_product__0/DSP_MULTIPLIER.U<31>
                         DSP_M_DATA (Prop_DSP_M_DATA_U[31]_U_DATA[31])
                                                      0.067     3.398 r  bd_0_i/hls_inst/inst/mul_32s_32s_32_1_1_U118/tmp_product__0/DSP_M_DATA_INST/U_DATA[31]
                         net (fo=1, unplaced)         0.000     3.398    bd_0_i/hls_inst/inst/mul_32s_32s_32_1_1_U118/tmp_product__0/DSP_M_DATA.U_DATA<31>
                         DSP_ALU (Prop_DSP_ALU_U_DATA[31]_ALU_OUT[47])
                                                      0.727     4.125 f  bd_0_i/hls_inst/inst/mul_32s_32s_32_1_1_U118/tmp_product__0/DSP_ALU_INST/ALU_OUT[47]
                         net (fo=1, unplaced)         0.000     4.125    bd_0_i/hls_inst/inst/mul_32s_32s_32_1_1_U118/tmp_product__0/DSP_ALU.ALU_OUT<47>
                         DSP_OUTPUT (Prop_DSP_OUTPUT_ALU_OUT[47]_PCOUT[47])
                                                      0.167     4.292 r  bd_0_i/hls_inst/inst/mul_32s_32s_32_1_1_U118/tmp_product__0/DSP_OUTPUT_INST/PCOUT[47]
                         net (fo=1, unplaced)         0.014     4.306    bd_0_i/hls_inst/inst/mul_32s_32s_32_1_1_U118/tmp_product__1/PCIN[47]
                         DSP_ALU (Prop_DSP_ALU_PCIN[47]_ALU_OUT[0])
                                                      0.739     5.045 f  bd_0_i/hls_inst/inst/mul_32s_32s_32_1_1_U118/tmp_product__1/DSP_ALU_INST/ALU_OUT[0]
                         net (fo=1, unplaced)         0.000     5.045    bd_0_i/hls_inst/inst/mul_32s_32s_32_1_1_U118/tmp_product__1/DSP_ALU.ALU_OUT<0>
                         DSP_OUTPUT (Prop_DSP_OUTPUT_ALU_OUT[0]_P[0])
                                                      0.146     5.191 r  bd_0_i/hls_inst/inst/mul_32s_32s_32_1_1_U118/tmp_product__1/DSP_OUTPUT_INST/P[0]
                         net (fo=2, unplaced)         0.258     5.449    bd_0_i/hls_inst/inst/mul_32s_32s_32_1_1_U118/tmp_product__1_n_107
                         LUT2 (Prop_LUT2_I0_O)        0.082     5.531 r  bd_0_i/hls_inst/inst/mul_32s_32s_32_1_1_U118/tmp_product_carry_i_7/O
                         net (fo=1, unplaced)         0.030     5.561    bd_0_i/hls_inst/inst/mul_32s_32s_32_1_1_U118/tmp_product_carry_i_7_n_2
                         CARRY8 (Prop_CARRY8_S[1]_CO[7])
                                                      0.275     5.836 r  bd_0_i/hls_inst/inst/mul_32s_32s_32_1_1_U118/tmp_product_carry/CO[7]
                         net (fo=1, unplaced)         0.006     5.842    bd_0_i/hls_inst/inst/mul_32s_32s_32_1_1_U118/tmp_product_carry_n_2
                         CARRY8 (Prop_CARRY8_CI_O[7])
                                                      0.171     6.013 r  bd_0_i/hls_inst/inst/mul_32s_32s_32_1_1_U118/tmp_product_carry__0/O[7]
                         net (fo=2, unplaced)         0.101     6.114    bd_0_i/hls_inst/inst/mul_32s_32s_32_1_1_U118/tmp_product__2[15]
                         LUT5 (Prop_LUT5_I2_O)        0.152     6.266 r  bd_0_i/hls_inst/inst/mul_32s_32s_32_1_1_U118/res_24_reg_3165[31]_i_3/O
                         net (fo=1, unplaced)         0.211     6.477    bd_0_i/hls_inst/inst/mul_32s_32s_32_1_1_U118/res_24_reg_3165[31]_i_3_n_2
                         LUT6 (Prop_LUT6_I4_O)        0.058     6.535 r  bd_0_i/hls_inst/inst/mul_32s_32s_32_1_1_U118/res_24_reg_3165[31]_i_1/O
                         net (fo=1, unplaced)         0.067     6.602    bd_0_i/hls_inst/inst/mul_32s_32s_32_1_1_U118_n_36
                         FDRE                                         r  bd_0_i/hls_inst/inst/res_24_reg_3165_reg[31]/D
  -------------------------------------------------------------------    -------------------

                         (clock ap_clk rise edge)    10.000    10.000 r  
                                                      0.000    10.000 r  ap_clk (IN)
                         net (fo=5041, unset)         0.029    10.029    bd_0_i/hls_inst/inst/ap_clk
                         FDRE                                         r  bd_0_i/hls_inst/inst/res_24_reg_3165_reg[31]/C
                         clock pessimism              0.000    10.029    
                         clock uncertainty           -0.035     9.994    
                         FDRE (Setup_FDRE_C_D)        0.044    10.038    bd_0_i/hls_inst/inst/res_24_reg_3165_reg[31]
  -------------------------------------------------------------------
                         required time                         10.038    
                         arrival time                          -6.602    
  -------------------------------------------------------------------
                         slack                                  3.436    





Min Delay Paths
--------------------------------------------------------------------------------------
Slack (MET) :             0.103ns  (arrival time - required time)
  Source:                 bd_0_i/hls_inst/inst/rob_valid_addr_reg_10547_reg[2]/C
                            (rising edge-triggered cell FDRE clocked by ap_clk  {rise@0.000ns fall@5.000ns period=10.000ns})
  Destination:            bd_0_i/hls_inst/inst/rob_is_ecall_U/ram_reg_0_7_0_0/SP/ADR2
                            (rising edge-triggered cell RAMS32 clocked by ap_clk  {rise@0.000ns fall@5.000ns period=10.000ns})
  Path Group:             ap_clk
  Path Type:              Hold (Min at Fast Process Corner)
  Requirement:            0.000ns  (ap_clk rise@0.000ns - ap_clk rise@0.000ns)
  Data Path Delay:        0.235ns  (logic 0.105ns (44.681%)  route 0.130ns (55.319%))
  Logic Levels:           1  (LUT5=1)
  Clock Path Skew:        0.043ns (DCD - SCD - CPR)
    Destination Clock Delay (DCD):    0.057ns
    Source Clock Delay      (SCD):    0.014ns
    Clock Pessimism Removal (CPR):    -0.000ns

    Location             Delay type                Incr(ns)  Path(ns)    Netlist Resource(s)
  -------------------------------------------------------------------    -------------------
                         (clock ap_clk rise edge)     0.000     0.000 r  
                                                      0.000     0.000 r  ap_clk (IN)
                         net (fo=5041, unset)         0.014     0.014    bd_0_i/hls_inst/inst/ap_clk
                         FDRE                                         r  bd_0_i/hls_inst/inst/rob_valid_addr_reg_10547_reg[2]/C
  -------------------------------------------------------------------    -------------------
                         FDRE (Prop_FDRE_C_Q)         0.084     0.098 r  bd_0_i/hls_inst/inst/rob_valid_addr_reg_10547_reg[2]/Q
                         net (fo=7, unplaced)         0.080     0.178    bd_0_i/hls_inst/inst/rob_is_ecall_U/rob_valid_addr_reg_10547[2]
                         LUT5 (Prop_LUT5_I4_O)        0.021     0.199 r  bd_0_i/hls_inst/inst/rob_is_ecall_U/ram_reg_0_7_0_0_i_4/O
                         net (fo=1, unplaced)         0.050     0.249    bd_0_i/hls_inst/inst/rob_is_ecall_U/ram_reg_0_7_0_0/A2
                         RAMS32                                       r  bd_0_i/hls_inst/inst/rob_is_ecall_U/ram_reg_0_7_0_0/SP/ADR2
  -------------------------------------------------------------------    -------------------

                         (clock ap_clk rise edge)     0.000     0.000 r  
                                                      0.000     0.000 r  ap_clk (IN)
                         net (fo=5041, unset)         0.057     0.057    bd_0_i/hls_inst/inst/rob_is_ecall_U/ram_reg_0_7_0_0/WCLK
                         RAMS32                                       r  bd_0_i/hls_inst/inst/rob_is_ecall_U/ram_reg_0_7_0_0/SP/CLK
                         clock pessimism              0.000     0.057    
                         RAMS32 (Hold_RAMS32_CLK_ADR2)
                                                      0.089     0.146    bd_0_i/hls_inst/inst/rob_is_ecall_U/ram_reg_0_7_0_0/SP
  -------------------------------------------------------------------
                         required time                         -0.146    
                         arrival time                           0.249    
  -------------------------------------------------------------------
                         slack                                  0.103    





Pulse Width Checks
--------------------------------------------------------------------------------------
Clock Name:         ap_clk
Waveform(ns):       { 0.000 5.000 }
Period(ns):         10.000
Sources:            { ap_clk }

Check Type        Corner  Lib Pin             Reference Pin  Required(ns)  Actual(ns)  Slack(ns)  Location  Pin
Min Period        n/a     RAMB18E2/CLKARDCLK  n/a            1.960         10.000      8.040                bd_0_i/hls_inst/inst/frat_has_tag_U/ram_reg_bram_0/CLKARDCLK
Low Pulse Width   Slow    SRLC32E/CLK         n/a            0.762         5.000       4.238                bd_0_i/hls_inst/inst/ap_CS_fsm_reg[120]_srl32___ap_CS_fsm_reg_r_30/CLK
High Pulse Width  Slow    SRLC32E/CLK         n/a            0.762         5.000       4.238                bd_0_i/hls_inst/inst/ap_CS_fsm_reg[120]_srl32___ap_CS_fsm_reg_r_30/CLK



