Copyright 1986-2022 Xilinx, Inc. All Rights Reserved. Copyright 2022-2024 Advanced Micro Devices, Inc. All Rights Reserved.
--------------------------------------------------------------------------------------------------------------------------------------------------
| Tool Version      : Vivado v.2024.2 (lin64) Build 5239630 Fri Nov 08 22:34:34 MST 2024
| Date              : Wed Jul 22 07:57:49 2026
| Host              : andy-ThinkPad-P53 running 64-bit Ubuntu 24.04.4 LTS
| Command           : report_timing_summary -file ./report/rv32_ooo_tick_timing_routed.rpt
| Design            : bd_0_wrapper
| Device            : xck26-sfvc784
| Speed File        : -2LV  PRODUCTION 1.30 05-15-2022
| Design State      : Routed
| Temperature Grade : C
--------------------------------------------------------------------------------------------------------------------------------------------------

Timing Summary Report

------------------------------------------------------------------------------------------------
| Timer Settings
| --------------
------------------------------------------------------------------------------------------------

  Enable Multi Corner Analysis               :  Yes
  Enable Pessimism Removal                   :  Yes
  Pessimism Removal Resolution               :  Nearest Common Node
  Enable Input Delay Default Clock           :  No
  Enable Preset / Clear Arcs                 :  No
  Disable Flight Delays                      :  No
  Ignore I/O Paths                           :  No
  Timing Early Launch at Borrowing Latches   :  No
  Borrow Time for Max Delay Exceptions       :  Yes
  Merge Timing Exceptions                    :  Yes
  Inter-SLR Compensation                     :  Conservative

  Corner  Analyze    Analyze    
  Name    Max Paths  Min Paths  
  ------  ---------  ---------  
  Slow    Yes        Yes        
  Fast    Yes        Yes        


------------------------------------------------------------------------------------------------
| Report Methodology
| ------------------
------------------------------------------------------------------------------------------------

Rule       Severity  Description                    Violations  
---------  --------  -----------------------------  ----------  
TIMING-18  Warning   Missing input or output delay  594         

Note: This report is based on the most recent report_methodology run and may not be up-to-date. Run report_methodology on the current design for the latest report.



check_timing report

Table of Contents
-----------------
1. checking no_clock (0)
2. checking constant_clock (0)
3. checking pulse_width_clock (0)
4. checking unconstrained_internal_endpoints (0)
5. checking no_input_delay (129)
6. checking no_output_delay (261)
7. checking multiple_clock (0)
8. checking generated_clocks (0)
9. checking loops (0)
10. checking partial_input_delay (0)
11. checking partial_output_delay (0)
12. checking latch_loops (0)

1. checking no_clock (0)
------------------------
 There are 0 register/latch pins with no clock.


2. checking constant_clock (0)
------------------------------
 There are 0 register/latch pins with constant_clock.


3. checking pulse_width_clock (0)
---------------------------------
 There are 0 register/latch pins which need pulse_width check


4. checking unconstrained_internal_endpoints (0)
------------------------------------------------
 There are 0 pins that are not constrained for maximum delay.

 There are 0 pins that are not constrained for maximum delay due to constant clock.


5. checking no_input_delay (129)
--------------------------------
 There are 129 input ports with no input delay specified. (HIGH)

 There are 0 input ports with no input delay but user has a false path constraint.


6. checking no_output_delay (261)
---------------------------------
 There are 261 ports with no output delay specified. (HIGH)

 There are 0 ports with no output delay but user has a false path constraint

 There are 0 ports with no output delay but with a timing clock defined on it or propagating through it


7. checking multiple_clock (0)
------------------------------
 There are 0 register/latch pins with multiple clocks.


8. checking generated_clocks (0)
--------------------------------
 There are 0 generated clocks that are not connected to a clock source.


9. checking loops (0)
---------------------
 There are 0 combinational loops in the design.


10. checking partial_input_delay (0)
------------------------------------
 There are 0 input ports with partial input delay specified.


11. checking partial_output_delay (0)
-------------------------------------
 There are 0 ports with partial output delay specified.


12. checking latch_loops (0)
----------------------------
 There are 0 combinational latch loops in the design through latch input



------------------------------------------------------------------------------------------------
| Design Timing Summary
| ---------------------
------------------------------------------------------------------------------------------------

    WNS(ns)      TNS(ns)  TNS Failing Endpoints  TNS Total Endpoints      WHS(ns)      THS(ns)  THS Failing Endpoints  THS Total Endpoints     WPWS(ns)     TPWS(ns)  TPWS Failing Endpoints  TPWS Total Endpoints  
    -------      -------  ---------------------  -------------------      -------      -------  ---------------------  -------------------     --------     --------  ----------------------  --------------------  
      2.570        0.000                      0                 9386        0.058        0.000                      0                 9386        4.238        0.000                       0                  4913  


All user specified timing constraints are met.


------------------------------------------------------------------------------------------------
| Clock Summary
| -------------
------------------------------------------------------------------------------------------------

Clock   Waveform(ns)       Period(ns)      Frequency(MHz)
-----   ------------       ----------      --------------
ap_clk  {0.000 5.000}      10.000          100.000         


------------------------------------------------------------------------------------------------
| Intra Clock Table
| -----------------
------------------------------------------------------------------------------------------------

Clock             WNS(ns)      TNS(ns)  TNS Failing Endpoints  TNS Total Endpoints      WHS(ns)      THS(ns)  THS Failing Endpoints  THS Total Endpoints     WPWS(ns)     TPWS(ns)  TPWS Failing Endpoints  TPWS Total Endpoints  
-----             -------      -------  ---------------------  -------------------      -------      -------  ---------------------  -------------------     --------     --------  ----------------------  --------------------  
ap_clk              2.570        0.000                      0                 9386        0.058        0.000                      0                 9386        4.238        0.000                       0                  4913  


------------------------------------------------------------------------------------------------
| Inter Clock Table
| -----------------
------------------------------------------------------------------------------------------------

From Clock    To Clock          WNS(ns)      TNS(ns)  TNS Failing Endpoints  TNS Total Endpoints      WHS(ns)      THS(ns)  THS Failing Endpoints  THS Total Endpoints  
----------    --------          -------      -------  ---------------------  -------------------      -------      -------  ---------------------  -------------------  


------------------------------------------------------------------------------------------------
| Other Path Groups Table
| -----------------------
------------------------------------------------------------------------------------------------

Path Group    From Clock    To Clock          WNS(ns)      TNS(ns)  TNS Failing Endpoints  TNS Total Endpoints      WHS(ns)      THS(ns)  THS Failing Endpoints  THS Total Endpoints  
----------    ----------    --------          -------      -------  ---------------------  -------------------      -------      -------  ---------------------  -------------------  


------------------------------------------------------------------------------------------------
| Timing Details
| --------------
------------------------------------------------------------------------------------------------


---------------------------------------------------------------------------------------------------
From Clock:  ap_clk
  To Clock:  ap_clk

Setup :            0  Failing Endpoints,  Worst Slack        2.570ns,  Total Violation        0.000ns
Hold  :            0  Failing Endpoints,  Worst Slack        0.058ns,  Total Violation        0.000ns
PW    :            0  Failing Endpoints,  Worst Slack        4.238ns,  Total Violation        0.000ns
---------------------------------------------------------------------------------------------------


Max Delay Paths
--------------------------------------------------------------------------------------
Slack (MET) :             2.570ns  (required time - arrival time)
  Source:                 bd_0_i/hls_inst/inst/vregs_U/ram_reg_bram_0/CLKARDCLK
                            (rising edge-triggered cell RAMB36E2 clocked by ap_clk  {rise@0.000ns fall@5.000ns period=10.000ns})
  Destination:            bd_0_i/hls_inst/inst/r_1_2_i173_reg_11132_reg[29]/D
                            (rising edge-triggered cell FDRE clocked by ap_clk  {rise@0.000ns fall@5.000ns period=10.000ns})
  Path Group:             ap_clk
  Path Type:              Setup (Max at Slow Process Corner)
  Requirement:            10.000ns  (ap_clk rise@10.000ns - ap_clk rise@0.000ns)
  Data Path Delay:        7.361ns  (logic 5.129ns (69.682%)  route 2.232ns (30.318%))
  Logic Levels:           13  (CARRY8=2 DSP_A_B_DATA=1 DSP_ALU=2 DSP_M_DATA=1 DSP_MULTIPLIER=1 DSP_OUTPUT=2 DSP_PREADD_DATA=1 LUT2=1 LUT5=1 LUT6=1)
  Clock Path Skew:        -0.078ns (DCD - SCD + CPR)
    Destination Clock Delay (DCD):    0.029ns = ( 10.029 - 10.000 ) 
    Source Clock Delay      (SCD):    0.107ns
    Clock Pessimism Removal (CPR):    0.000ns
  Clock Uncertainty:      0.035ns  ((TSJ^2 + TIJ^2)^1/2 + DJ) / 2 + PE
    Total System Jitter     (TSJ):    0.071ns
    Total Input Jitter      (TIJ):    0.000ns
    Discrete Jitter          (DJ):    0.000ns
    Phase Error              (PE):    0.000ns

    Location             Delay type                Incr(ns)  Path(ns)    Netlist Resource(s)
  -------------------------------------------------------------------    -------------------
                         (clock ap_clk rise edge)     0.000     0.000 r  
                                                      0.000     0.000 r  ap_clk (IN)
                         net (fo=4990, unset)         0.107     0.107    bd_0_i/hls_inst/inst/vregs_U/ap_clk
    RAMB36_X0Y8          RAMB36E2                                     r  bd_0_i/hls_inst/inst/vregs_U/ram_reg_bram_0/CLKARDCLK
  -------------------------------------------------------------------    -------------------
    RAMB36_X0Y8          RAMB36E2 (Prop_RAMB36E2_RAMB36_CLKARDCLK_DOUTADOUT[16])
                                                      1.277     1.384 f  bd_0_i/hls_inst/inst/vregs_U/ram_reg_bram_0/DOUTADOUT[16]
                         net (fo=5, routed)           0.735     2.119    bd_0_i/hls_inst/inst/vregs_U/vregs_q1[16]
    SLICE_X29Y44         LUT6 (Prop_D6LUT_SLICEM_I0_O)
                                                      0.220     2.339 f  bd_0_i/hls_inst/inst/vregs_U/tmp_product_i_16/O
                         net (fo=2, routed)           0.254     2.593    bd_0_i/hls_inst/inst/mul_32s_32s_32_1_1_U118/tmp_product__0/B[16]
    DSP48E2_X7Y19        DSP_A_B_DATA (Prop_DSP_A_B_DATA_DSP48E2_B[16]_B2_DATA[16])
                                                      0.216     2.809 r  bd_0_i/hls_inst/inst/mul_32s_32s_32_1_1_U118/tmp_product__0/DSP_A_B_DATA_INST/B2_DATA[16]
                         net (fo=1, routed)           0.000     2.809    bd_0_i/hls_inst/inst/mul_32s_32s_32_1_1_U118/tmp_product__0/DSP_A_B_DATA.B2_DATA<16>
    DSP48E2_X7Y19        DSP_PREADD_DATA (Prop_DSP_PREADD_DATA_DSP48E2_B2_DATA[16]_B2B1[16])
                                                      0.097     2.906 r  bd_0_i/hls_inst/inst/mul_32s_32s_32_1_1_U118/tmp_product__0/DSP_PREADD_DATA_INST/B2B1[16]
                         net (fo=1, routed)           0.000     2.906    bd_0_i/hls_inst/inst/mul_32s_32s_32_1_1_U118/tmp_product__0/DSP_PREADD_DATA.B2B1<16>
    DSP48E2_X7Y19        DSP_MULTIPLIER (Prop_DSP_MULTIPLIER_DSP48E2_B2B1[16]_U[43])
                                                      0.773     3.679 f  bd_0_i/hls_inst/inst/mul_32s_32s_32_1_1_U118/tmp_product__0/DSP_MULTIPLIER_INST/U[43]
                         net (fo=1, routed)           0.000     3.679    bd_0_i/hls_inst/inst/mul_32s_32s_32_1_1_U118/tmp_product__0/DSP_MULTIPLIER.U<43>
    DSP48E2_X7Y19        DSP_M_DATA (Prop_DSP_M_DATA_DSP48E2_U[43]_U_DATA[43])
                                                      0.067     3.746 r  bd_0_i/hls_inst/inst/mul_32s_32s_32_1_1_U118/tmp_product__0/DSP_M_DATA_INST/U_DATA[43]
                         net (fo=1, routed)           0.000     3.746    bd_0_i/hls_inst/inst/mul_32s_32s_32_1_1_U118/tmp_product__0/DSP_M_DATA.U_DATA<43>
    DSP48E2_X7Y19        DSP_ALU (Prop_DSP_ALU_DSP48E2_U_DATA[43]_ALU_OUT[47])
                                                      0.727     4.473 f  bd_0_i/hls_inst/inst/mul_32s_32s_32_1_1_U118/tmp_product__0/DSP_ALU_INST/ALU_OUT[47]
                         net (fo=1, routed)           0.000     4.473    bd_0_i/hls_inst/inst/mul_32s_32s_32_1_1_U118/tmp_product__0/DSP_ALU.ALU_OUT<47>
    DSP48E2_X7Y19        DSP_OUTPUT (Prop_DSP_OUTPUT_DSP48E2_ALU_OUT[47]_PCOUT[47])
                                                      0.167     4.640 r  bd_0_i/hls_inst/inst/mul_32s_32s_32_1_1_U118/tmp_product__0/DSP_OUTPUT_INST/PCOUT[47]
                         net (fo=1, routed)           0.038     4.678    bd_0_i/hls_inst/inst/mul_32s_32s_32_1_1_U118/tmp_product__1/PCIN[47]
    DSP48E2_X7Y20        DSP_ALU (Prop_DSP_ALU_DSP48E2_PCIN[47]_ALU_OUT[4])
                                                      0.739     5.417 f  bd_0_i/hls_inst/inst/mul_32s_32s_32_1_1_U118/tmp_product__1/DSP_ALU_INST/ALU_OUT[4]
                         net (fo=1, routed)           0.000     5.417    bd_0_i/hls_inst/inst/mul_32s_32s_32_1_1_U118/tmp_product__1/DSP_ALU.ALU_OUT<4>
    DSP48E2_X7Y20        DSP_OUTPUT (Prop_DSP_OUTPUT_DSP48E2_ALU_OUT[4]_P[4])
                                                      0.146     5.563 r  bd_0_i/hls_inst/inst/mul_32s_32s_32_1_1_U118/tmp_product__1/DSP_OUTPUT_INST/P[4]
                         net (fo=2, routed)           0.309     5.872    bd_0_i/hls_inst/inst/mul_32s_32s_32_1_1_U118/tmp_product__1_n_103
    SLICE_X29Y48         LUT2 (Prop_F6LUT_SLICEM_I0_O)
                                                      0.149     6.021 r  bd_0_i/hls_inst/inst/mul_32s_32s_32_1_1_U118/tmp_product_carry_i_3/O
                         net (fo=1, routed)           0.029     6.050    bd_0_i/hls_inst/inst/mul_32s_32s_32_1_1_U118/tmp_product_carry_i_3_n_2
    SLICE_X29Y48         CARRY8 (Prop_CARRY8_SLICEM_S[5]_CO[7])
                                                      0.238     6.288 r  bd_0_i/hls_inst/inst/mul_32s_32s_32_1_1_U118/tmp_product_carry/CO[7]
                         net (fo=1, routed)           0.030     6.318    bd_0_i/hls_inst/inst/mul_32s_32s_32_1_1_U118/tmp_product_carry_n_2
    SLICE_X29Y49         CARRY8 (Prop_CARRY8_SLICEM_CI_O[5])
                                                      0.161     6.479 r  bd_0_i/hls_inst/inst/mul_32s_32s_32_1_1_U118/tmp_product_carry__0/O[5]
                         net (fo=2, routed)           0.411     6.890    bd_0_i/hls_inst/inst/vregs_U/tmp_product__2[13]
    SLICE_X27Y46         LUT5 (Prop_E6LUT_SLICEL_I4_O)
                                                      0.152     7.042 r  bd_0_i/hls_inst/inst/vregs_U/r_3_reg_11137[29]_i_1/O
                         net (fo=4, routed)           0.426     7.468    bd_0_i/hls_inst/inst/r_1_i163165171_fu_7659_p3[29]
    SLICE_X26Y41         FDRE                                         r  bd_0_i/hls_inst/inst/r_1_2_i173_reg_11132_reg[29]/D
  -------------------------------------------------------------------    -------------------

                         (clock ap_clk rise edge)    10.000    10.000 r  
                                                      0.000    10.000 r  ap_clk (IN)
                         net (fo=4990, unset)         0.029    10.029    bd_0_i/hls_inst/inst/ap_clk
    SLICE_X26Y41         FDRE                                         r  bd_0_i/hls_inst/inst/r_1_2_i173_reg_11132_reg[29]/C
                         clock pessimism              0.000    10.029    
                         clock uncertainty           -0.035     9.994    
    SLICE_X26Y41         FDRE (Setup_HFF_SLICEL_C_D)
                                                      0.044    10.038    bd_0_i/hls_inst/inst/r_1_2_i173_reg_11132_reg[29]
  -------------------------------------------------------------------
                         required time                         10.038    
                         arrival time                          -7.468    
  -------------------------------------------------------------------
                         slack                                  2.570    





Min Delay Paths
--------------------------------------------------------------------------------------
Slack (MET) :             0.058ns  (arrival time - required time)
  Source:                 bd_0_i/hls_inst/inst/grp_fpu_compute_fu_5799/ap_CS_fsm_reg[62]/C
                            (rising edge-triggered cell FDRE clocked by ap_clk  {rise@0.000ns fall@5.000ns period=10.000ns})
  Destination:            bd_0_i/hls_inst/inst/grp_fpu_compute_fu_5799/ap_CS_fsm_reg[63]/D
                            (rising edge-triggered cell FDRE clocked by ap_clk  {rise@0.000ns fall@5.000ns period=10.000ns})
  Path Group:             ap_clk
  Path Type:              Hold (Min at Slow Process Corner)
  Requirement:            0.000ns  (ap_clk rise@0.000ns - ap_clk rise@0.000ns)
  Data Path Delay:        0.174ns  (logic 0.112ns (64.264%)  route 0.062ns (35.736%))
  Logic Levels:           0  
  Clock Path Skew:        0.013ns (DCD - SCD - CPR)
    Destination Clock Delay (DCD):    0.042ns
    Source Clock Delay      (SCD):    0.029ns
    Clock Pessimism Removal (CPR):    -0.000ns

    Location             Delay type                Incr(ns)  Path(ns)    Netlist Resource(s)
  -------------------------------------------------------------------    -------------------
                         (clock ap_clk rise edge)     0.000     0.000 r  
                                                      0.000     0.000 r  ap_clk (IN)
                         net (fo=4990, unset)         0.029     0.029    bd_0_i/hls_inst/inst/grp_fpu_compute_fu_5799/ap_clk
    SLICE_X36Y60         FDRE                                         r  bd_0_i/hls_inst/inst/grp_fpu_compute_fu_5799/ap_CS_fsm_reg[62]/C
  -------------------------------------------------------------------    -------------------
    SLICE_X36Y60         FDRE (Prop_HFF_SLICEL_C_Q)
                                                      0.112     0.141 r  bd_0_i/hls_inst/inst/grp_fpu_compute_fu_5799/ap_CS_fsm_reg[62]/Q
                         net (fo=2, routed)           0.062     0.203    bd_0_i/hls_inst/inst/grp_fpu_compute_fu_5799/ap_CS_fsm_reg_n_2_[62]
    SLICE_X36Y60         FDRE                                         r  bd_0_i/hls_inst/inst/grp_fpu_compute_fu_5799/ap_CS_fsm_reg[63]/D
  -------------------------------------------------------------------    -------------------

                         (clock ap_clk rise edge)     0.000     0.000 r  
                                                      0.000     0.000 r  ap_clk (IN)
                         net (fo=4990, unset)         0.042     0.042    bd_0_i/hls_inst/inst/grp_fpu_compute_fu_5799/ap_clk
    SLICE_X36Y60         FDRE                                         r  bd_0_i/hls_inst/inst/grp_fpu_compute_fu_5799/ap_CS_fsm_reg[63]/C
                         clock pessimism              0.000     0.042    
    SLICE_X36Y60         FDRE (Hold_HFF2_SLICEL_C_D)
                                                      0.103     0.145    bd_0_i/hls_inst/inst/grp_fpu_compute_fu_5799/ap_CS_fsm_reg[63]
  -------------------------------------------------------------------
                         required time                         -0.145    
                         arrival time                           0.203    
  -------------------------------------------------------------------
                         slack                                  0.058    





Pulse Width Checks
--------------------------------------------------------------------------------------
Clock Name:         ap_clk
Waveform(ns):       { 0.000 5.000 }
Period(ns):         10.000
Sources:            { ap_clk }

Check Type        Corner  Lib Pin             Reference Pin  Required(ns)  Actual(ns)  Slack(ns)  Location      Pin
Min Period        n/a     RAMB18E2/CLKARDCLK  n/a            1.960         10.000      8.040      RAMB18_X0Y5   bd_0_i/hls_inst/inst/frat_has_tag_U/ram_reg_bram_0/CLKARDCLK
Low Pulse Width   Slow    SRLC32E/CLK         n/a            0.762         5.000       4.238      SLICE_X31Y60  bd_0_i/hls_inst/inst/ap_CS_fsm_reg[120]_srl32___ap_CS_fsm_reg_r_30/CLK
High Pulse Width  Slow    SRLC32E/CLK         n/a            0.762         5.000       4.238      SLICE_X31Y60  bd_0_i/hls_inst/inst/ap_CS_fsm_reg[120]_srl32___ap_CS_fsm_reg_r_30/CLK



