Copyright 1986-2022 Xilinx, Inc. All Rights Reserved. Copyright 2022-2024 Advanced Micro Devices, Inc. All Rights Reserved.
--------------------------------------------------------------------------------------------------------------------------------------------------
| Tool Version      : Vivado v.2024.2 (lin64) Build 5239630 Fri Nov 08 22:34:34 MST 2024
| Date              : Wed Jul 22 07:58:00 2026
| Host              : andy-ThinkPad-P53 running 64-bit Ubuntu 24.04.4 LTS
| Command           : report_timing -max_paths 10 -file ./report/rv32_ooo_tick_timing_paths_routed.rpt
| Design            : bd_0_wrapper
| Device            : xck26-sfvc784
| Speed File        : -2LV  PRODUCTION 1.30 05-15-2022
| Design State      : Routed
| Temperature Grade : C
--------------------------------------------------------------------------------------------------------------------------------------------------

Timing Report

Slack (MET) :             2.570ns  (required time - arrival time)
  Source:                 bd_0_i/hls_inst/inst/vregs_U/ram_reg_bram_0/CLKARDCLK
                            (rising edge-triggered cell RAMB36E2 clocked by ap_clk  {rise@0.000ns fall@5.000ns period=10.000ns})
  Destination:            bd_0_i/hls_inst/inst/r_1_2_i173_reg_11132_reg[29]/D
                            (rising edge-triggered cell FDRE clocked by ap_clk  {rise@0.000ns fall@5.000ns period=10.000ns})
  Path Group:             ap_clk
  Path Type:              Setup (Max at Slow Process Corner)
  Requirement:            10.000ns  (ap_clk rise@10.000ns - ap_clk rise@0.000ns)
  Data Path Delay:        7.361ns  (logic 5.129ns (69.682%)  route 2.232ns (30.318%))
  Logic Levels:           13  (CARRY8=2 DSP_A_B_DATA=1 DSP_ALU=2 DSP_M_DATA=1 DSP_MULTIPLIER=1 DSP_OUTPUT=2 DSP_PREADD_DATA=1 LUT2=1 LUT5=1 LUT6=1)
  Clock Path Skew:        -0.078ns (DCD - SCD + CPR)
    Destination Clock Delay (DCD):    0.029ns = ( 10.029 - 10.000 ) 
    Source Clock Delay      (SCD):    0.107ns
    Clock Pessimism Removal (CPR):    0.000ns
  Clock Uncertainty:      0.035ns  ((TSJ^2 + TIJ^2)^1/2 + DJ) / 2 + PE
    Total System Jitter     (TSJ):    0.071ns
    Total Input Jitter      (TIJ):    0.000ns
    Discrete Jitter          (DJ):    0.000ns
    Phase Error              (PE):    0.000ns

    Location             Delay type                Incr(ns)  Path(ns)    Netlist Resource(s)
  -------------------------------------------------------------------    -------------------
                         (clock ap_clk rise edge)     0.000     0.000 r  
                                                      0.000     0.000 r  ap_clk (IN)
                         net (fo=4990, unset)         0.107     0.107    bd_0_i/hls_inst/inst/vregs_U/ap_clk
    RAMB36_X0Y8          RAMB36E2                                     r  bd_0_i/hls_inst/inst/vregs_U/ram_reg_bram_0/CLKARDCLK
  -------------------------------------------------------------------    -------------------
    RAMB36_X0Y8          RAMB36E2 (Prop_RAMB36E2_RAMB36_CLKARDCLK_DOUTADOUT[16])
                                                      1.277     1.384 f  bd_0_i/hls_inst/inst/vregs_U/ram_reg_bram_0/DOUTADOUT[16]
                         net (fo=5, routed)           0.735     2.119    bd_0_i/hls_inst/inst/vregs_U/vregs_q1[16]
    SLICE_X29Y44         LUT6 (Prop_D6LUT_SLICEM_I0_O)
                                                      0.220     2.339 f  bd_0_i/hls_inst/inst/vregs_U/tmp_product_i_16/O
                         net (fo=2, routed)           0.254     2.593    bd_0_i/hls_inst/inst/mul_32s_32s_32_1_1_U118/tmp_product__0/B[16]
    DSP48E2_X7Y19        DSP_A_B_DATA (Prop_DSP_A_B_DATA_DSP48E2_B[16]_B2_DATA[16])
                                                      0.216     2.809 r  bd_0_i/hls_inst/inst/mul_32s_32s_32_1_1_U118/tmp_product__0/DSP_A_B_DATA_INST/B2_DATA[16]
                         net (fo=1, routed)           0.000     2.809    bd_0_i/hls_inst/inst/mul_32s_32s_32_1_1_U118/tmp_product__0/DSP_A_B_DATA.B2_DATA<16>
    DSP48E2_X7Y19        DSP_PREADD_DATA (Prop_DSP_PREADD_DATA_DSP48E2_B2_DATA[16]_B2B1[16])
                                                      0.097     2.906 r  bd_0_i/hls_inst/inst/mul_32s_32s_32_1_1_U118/tmp_product__0/DSP_PREADD_DATA_INST/B2B1[16]
                         net (fo=1, routed)           0.000     2.906    bd_0_i/hls_inst/inst/mul_32s_32s_32_1_1_U118/tmp_product__0/DSP_PREADD_DATA.B2B1<16>
    DSP48E2_X7Y19        DSP_MULTIPLIER (Prop_DSP_MULTIPLIER_DSP48E2_B2B1[16]_U[43])
                                                      0.773     3.679 f  bd_0_i/hls_inst/inst/mul_32s_32s_32_1_1_U118/tmp_product__0/DSP_MULTIPLIER_INST/U[43]
                         net (fo=1, routed)           0.000     3.679    bd_0_i/hls_inst/inst/mul_32s_32s_32_1_1_U118/tmp_product__0/DSP_MULTIPLIER.U<43>
    DSP48E2_X7Y19        DSP_M_DATA (Prop_DSP_M_DATA_DSP48E2_U[43]_U_DATA[43])
                                                      0.067     3.746 r  bd_0_i/hls_inst/inst/mul_32s_32s_32_1_1_U118/tmp_product__0/DSP_M_DATA_INST/U_DATA[43]
                         net (fo=1, routed)           0.000     3.746    bd_0_i/hls_inst/inst/mul_32s_32s_32_1_1_U118/tmp_product__0/DSP_M_DATA.U_DATA<43>
    DSP48E2_X7Y19        DSP_ALU (Prop_DSP_ALU_DSP48E2_U_DATA[43]_ALU_OUT[47])
                                                      0.727     4.473 f  bd_0_i/hls_inst/inst/mul_32s_32s_32_1_1_U118/tmp_product__0/DSP_ALU_INST/ALU_OUT[47]
                         net (fo=1, routed)           0.000     4.473    bd_0_i/hls_inst/inst/mul_32s_32s_32_1_1_U118/tmp_product__0/DSP_ALU.ALU_OUT<47>
    DSP48E2_X7Y19        DSP_OUTPUT (Prop_DSP_OUTPUT_DSP48E2_ALU_OUT[47]_PCOUT[47])
                                                      0.167     4.640 r  bd_0_i/hls_inst/inst/mul_32s_32s_32_1_1_U118/tmp_product__0/DSP_OUTPUT_INST/PCOUT[47]
                         net (fo=1, routed)           0.038     4.678    bd_0_i/hls_inst/inst/mul_32s_32s_32_1_1_U118/tmp_product__1/PCIN[47]
    DSP48E2_X7Y20        DSP_ALU (Prop_DSP_ALU_DSP48E2_PCIN[47]_ALU_OUT[4])
                                                      0.739     5.417 f  bd_0_i/hls_inst/inst/mul_32s_32s_32_1_1_U118/tmp_product__1/DSP_ALU_INST/ALU_OUT[4]
                         net (fo=1, routed)           0.000     5.417    bd_0_i/hls_inst/inst/mul_32s_32s_32_1_1_U118/tmp_product__1/DSP_ALU.ALU_OUT<4>
    DSP48E2_X7Y20        DSP_OUTPUT (Prop_DSP_OUTPUT_DSP48E2_ALU_OUT[4]_P[4])
                                                      0.146     5.563 r  bd_0_i/hls_inst/inst/mul_32s_32s_32_1_1_U118/tmp_product__1/DSP_OUTPUT_INST/P[4]
                         net (fo=2, routed)           0.309     5.872    bd_0_i/hls_inst/inst/mul_32s_32s_32_1_1_U118/tmp_product__1_n_103
    SLICE_X29Y48         LUT2 (Prop_F6LUT_SLICEM_I0_O)
                                                      0.149     6.021 r  bd_0_i/hls_inst/inst/mul_32s_32s_32_1_1_U118/tmp_product_carry_i_3/O
                         net (fo=1, routed)           0.029     6.050    bd_0_i/hls_inst/inst/mul_32s_32s_32_1_1_U118/tmp_product_carry_i_3_n_2
    SLICE_X29Y48         CARRY8 (Prop_CARRY8_SLICEM_S[5]_CO[7])
                                                      0.238     6.288 r  bd_0_i/hls_inst/inst/mul_32s_32s_32_1_1_U118/tmp_product_carry/CO[7]
                         net (fo=1, routed)           0.030     6.318    bd_0_i/hls_inst/inst/mul_32s_32s_32_1_1_U118/tmp_product_carry_n_2
    SLICE_X29Y49         CARRY8 (Prop_CARRY8_SLICEM_CI_O[5])
                                                      0.161     6.479 r  bd_0_i/hls_inst/inst/mul_32s_32s_32_1_1_U118/tmp_product_carry__0/O[5]
                         net (fo=2, routed)           0.411     6.890    bd_0_i/hls_inst/inst/vregs_U/tmp_product__2[13]
    SLICE_X27Y46         LUT5 (Prop_E6LUT_SLICEL_I4_O)
                                                      0.152     7.042 r  bd_0_i/hls_inst/inst/vregs_U/r_3_reg_11137[29]_i_1/O
                         net (fo=4, routed)           0.426     7.468    bd_0_i/hls_inst/inst/r_1_i163165171_fu_7659_p3[29]
    SLICE_X26Y41         FDRE                                         r  bd_0_i/hls_inst/inst/r_1_2_i173_reg_11132_reg[29]/D
  -------------------------------------------------------------------    -------------------

                         (clock ap_clk rise edge)    10.000    10.000 r  
                                                      0.000    10.000 r  ap_clk (IN)
                         net (fo=4990, unset)         0.029    10.029    bd_0_i/hls_inst/inst/ap_clk
    SLICE_X26Y41         FDRE                                         r  bd_0_i/hls_inst/inst/r_1_2_i173_reg_11132_reg[29]/C
                         clock pessimism              0.000    10.029    
                         clock uncertainty           -0.035     9.994    
    SLICE_X26Y41         FDRE (Setup_HFF_SLICEL_C_D)
                                                      0.044    10.038    bd_0_i/hls_inst/inst/r_1_2_i173_reg_11132_reg[29]
  -------------------------------------------------------------------
                         required time                         10.038    
                         arrival time                          -7.468    
  -------------------------------------------------------------------
                         slack                                  2.570    

Slack (MET) :             2.578ns  (required time - arrival time)
  Source:                 bd_0_i/hls_inst/inst/vregs_U/ram_reg_bram_0/CLKARDCLK
                            (rising edge-triggered cell RAMB36E2 clocked by ap_clk  {rise@0.000ns fall@5.000ns period=10.000ns})
  Destination:            bd_0_i/hls_inst/inst/r_3_reg_11137_reg[29]/D
                            (rising edge-triggered cell FDRE clocked by ap_clk  {rise@0.000ns fall@5.000ns period=10.000ns})
  Path Group:             ap_clk
  Path Type:              Setup (Max at Slow Process Corner)
  Requirement:            10.000ns  (ap_clk rise@10.000ns - ap_clk rise@0.000ns)
  Data Path Delay:        7.353ns  (logic 5.129ns (69.757%)  route 2.224ns (30.243%))
  Logic Levels:           13  (CARRY8=2 DSP_A_B_DATA=1 DSP_ALU=2 DSP_M_DATA=1 DSP_MULTIPLIER=1 DSP_OUTPUT=2 DSP_PREADD_DATA=1 LUT2=1 LUT5=1 LUT6=1)
  Clock Path Skew:        -0.078ns (DCD - SCD + CPR)
    Destination Clock Delay (DCD):    0.029ns = ( 10.029 - 10.000 ) 
    Source Clock Delay      (SCD):    0.107ns
    Clock Pessimism Removal (CPR):    0.000ns
  Clock Uncertainty:      0.035ns  ((TSJ^2 + TIJ^2)^1/2 + DJ) / 2 + PE
    Total System Jitter     (TSJ):    0.071ns
    Total Input Jitter      (TIJ):    0.000ns
    Discrete Jitter          (DJ):    0.000ns
    Phase Error              (PE):    0.000ns

    Location             Delay type                Incr(ns)  Path(ns)    Netlist Resource(s)
  -------------------------------------------------------------------    -------------------
                         (clock ap_clk rise edge)     0.000     0.000 r  
                                                      0.000     0.000 r  ap_clk (IN)
                         net (fo=4990, unset)         0.107     0.107    bd_0_i/hls_inst/inst/vregs_U/ap_clk
    RAMB36_X0Y8          RAMB36E2                                     r  bd_0_i/hls_inst/inst/vregs_U/ram_reg_bram_0/CLKARDCLK
  -------------------------------------------------------------------    -------------------
    RAMB36_X0Y8          RAMB36E2 (Prop_RAMB36E2_RAMB36_CLKARDCLK_DOUTADOUT[16])
                                                      1.277     1.384 f  bd_0_i/hls_inst/inst/vregs_U/ram_reg_bram_0/DOUTADOUT[16]
                         net (fo=5, routed)           0.735     2.119    bd_0_i/hls_inst/inst/vregs_U/vregs_q1[16]
    SLICE_X29Y44         LUT6 (Prop_D6LUT_SLICEM_I0_O)
                                                      0.220     2.339 f  bd_0_i/hls_inst/inst/vregs_U/tmp_product_i_16/O
                         net (fo=2, routed)           0.254     2.593    bd_0_i/hls_inst/inst/mul_32s_32s_32_1_1_U118/tmp_product__0/B[16]
    DSP48E2_X7Y19        DSP_A_B_DATA (Prop_DSP_A_B_DATA_DSP48E2_B[16]_B2_DATA[16])
                                                      0.216     2.809 r  bd_0_i/hls_inst/inst/mul_32s_32s_32_1_1_U118/tmp_product__0/DSP_A_B_DATA_INST/B2_DATA[16]
                         net (fo=1, routed)           0.000     2.809    bd_0_i/hls_inst/inst/mul_32s_32s_32_1_1_U118/tmp_product__0/DSP_A_B_DATA.B2_DATA<16>
    DSP48E2_X7Y19        DSP_PREADD_DATA (Prop_DSP_PREADD_DATA_DSP48E2_B2_DATA[16]_B2B1[16])
                                                      0.097     2.906 r  bd_0_i/hls_inst/inst/mul_32s_32s_32_1_1_U118/tmp_product__0/DSP_PREADD_DATA_INST/B2B1[16]
                         net (fo=1, routed)           0.000     2.906    bd_0_i/hls_inst/inst/mul_32s_32s_32_1_1_U118/tmp_product__0/DSP_PREADD_DATA.B2B1<16>
    DSP48E2_X7Y19        DSP_MULTIPLIER (Prop_DSP_MULTIPLIER_DSP48E2_B2B1[16]_U[43])
                                                      0.773     3.679 f  bd_0_i/hls_inst/inst/mul_32s_32s_32_1_1_U118/tmp_product__0/DSP_MULTIPLIER_INST/U[43]
                         net (fo=1, routed)           0.000     3.679    bd_0_i/hls_inst/inst/mul_32s_32s_32_1_1_U118/tmp_product__0/DSP_MULTIPLIER.U<43>
    DSP48E2_X7Y19        DSP_M_DATA (Prop_DSP_M_DATA_DSP48E2_U[43]_U_DATA[43])
                                                      0.067     3.746 r  bd_0_i/hls_inst/inst/mul_32s_32s_32_1_1_U118/tmp_product__0/DSP_M_DATA_INST/U_DATA[43]
                         net (fo=1, routed)           0.000     3.746    bd_0_i/hls_inst/inst/mul_32s_32s_32_1_1_U118/tmp_product__0/DSP_M_DATA.U_DATA<43>
    DSP48E2_X7Y19        DSP_ALU (Prop_DSP_ALU_DSP48E2_U_DATA[43]_ALU_OUT[47])
                                                      0.727     4.473 f  bd_0_i/hls_inst/inst/mul_32s_32s_32_1_1_U118/tmp_product__0/DSP_ALU_INST/ALU_OUT[47]
                         net (fo=1, routed)           0.000     4.473    bd_0_i/hls_inst/inst/mul_32s_32s_32_1_1_U118/tmp_product__0/DSP_ALU.ALU_OUT<47>
    DSP48E2_X7Y19        DSP_OUTPUT (Prop_DSP_OUTPUT_DSP48E2_ALU_OUT[47]_PCOUT[47])
                                                      0.167     4.640 r  bd_0_i/hls_inst/inst/mul_32s_32s_32_1_1_U118/tmp_product__0/DSP_OUTPUT_INST/PCOUT[47]
                         net (fo=1, routed)           0.038     4.678    bd_0_i/hls_inst/inst/mul_32s_32s_32_1_1_U118/tmp_product__1/PCIN[47]
    DSP48E2_X7Y20        DSP_ALU (Prop_DSP_ALU_DSP48E2_PCIN[47]_ALU_OUT[4])
                                                      0.739     5.417 f  bd_0_i/hls_inst/inst/mul_32s_32s_32_1_1_U118/tmp_product__1/DSP_ALU_INST/ALU_OUT[4]
                         net (fo=1, routed)           0.000     5.417    bd_0_i/hls_inst/inst/mul_32s_32s_32_1_1_U118/tmp_product__1/DSP_ALU.ALU_OUT<4>
    DSP48E2_X7Y20        DSP_OUTPUT (Prop_DSP_OUTPUT_DSP48E2_ALU_OUT[4]_P[4])
                                                      0.146     5.563 r  bd_0_i/hls_inst/inst/mul_32s_32s_32_1_1_U118/tmp_product__1/DSP_OUTPUT_INST/P[4]
                         net (fo=2, routed)           0.309     5.872    bd_0_i/hls_inst/inst/mul_32s_32s_32_1_1_U118/tmp_product__1_n_103
    SLICE_X29Y48         LUT2 (Prop_F6LUT_SLICEM_I0_O)
                                                      0.149     6.021 r  bd_0_i/hls_inst/inst/mul_32s_32s_32_1_1_U118/tmp_product_carry_i_3/O
                         net (fo=1, routed)           0.029     6.050    bd_0_i/hls_inst/inst/mul_32s_32s_32_1_1_U118/tmp_product_carry_i_3_n_2
    SLICE_X29Y48         CARRY8 (Prop_CARRY8_SLICEM_S[5]_CO[7])
                                                      0.238     6.288 r  bd_0_i/hls_inst/inst/mul_32s_32s_32_1_1_U118/tmp_product_carry/CO[7]
                         net (fo=1, routed)           0.030     6.318    bd_0_i/hls_inst/inst/mul_32s_32s_32_1_1_U118/tmp_product_carry_n_2
    SLICE_X29Y49         CARRY8 (Prop_CARRY8_SLICEM_CI_O[5])
                                                      0.161     6.479 r  bd_0_i/hls_inst/inst/mul_32s_32s_32_1_1_U118/tmp_product_carry__0/O[5]
                         net (fo=2, routed)           0.411     6.890    bd_0_i/hls_inst/inst/vregs_U/tmp_product__2[13]
    SLICE_X27Y46         LUT5 (Prop_E6LUT_SLICEL_I4_O)
                                                      0.152     7.042 r  bd_0_i/hls_inst/inst/vregs_U/r_3_reg_11137[29]_i_1/O
                         net (fo=4, routed)           0.418     7.460    bd_0_i/hls_inst/inst/r_1_i163165171_fu_7659_p3[29]
    SLICE_X26Y43         FDRE                                         r  bd_0_i/hls_inst/inst/r_3_reg_11137_reg[29]/D
  -------------------------------------------------------------------    -------------------

                         (clock ap_clk rise edge)    10.000    10.000 r  
                                                      0.000    10.000 r  ap_clk (IN)
                         net (fo=4990, unset)         0.029    10.029    bd_0_i/hls_inst/inst/ap_clk
    SLICE_X26Y43         FDRE                                         r  bd_0_i/hls_inst/inst/r_3_reg_11137_reg[29]/C
                         clock pessimism              0.000    10.029    
                         clock uncertainty           -0.035     9.994    
    SLICE_X26Y43         FDRE (Setup_CFF_SLICEL_C_D)
                                                      0.044    10.038    bd_0_i/hls_inst/inst/r_3_reg_11137_reg[29]
  -------------------------------------------------------------------
                         required time                         10.038    
                         arrival time                          -7.460    
  -------------------------------------------------------------------
                         slack                                  2.578    

Slack (MET) :             2.590ns  (required time - arrival time)
  Source:                 bd_0_i/hls_inst/inst/vregs_U/ram_reg_bram_0/CLKARDCLK
                            (rising edge-triggered cell RAMB36E2 clocked by ap_clk  {rise@0.000ns fall@5.000ns period=10.000ns})
  Destination:            bd_0_i/hls_inst/inst/r_1_i163165171_reg_11102_reg[29]/D
                            (rising edge-triggered cell FDRE clocked by ap_clk  {rise@0.000ns fall@5.000ns period=10.000ns})
  Path Group:             ap_clk
  Path Type:              Setup (Max at Slow Process Corner)
  Requirement:            10.000ns  (ap_clk rise@10.000ns - ap_clk rise@0.000ns)
  Data Path Delay:        7.343ns  (logic 5.129ns (69.853%)  route 2.214ns (30.147%))
  Logic Levels:           13  (CARRY8=2 DSP_A_B_DATA=1 DSP_ALU=2 DSP_M_DATA=1 DSP_MULTIPLIER=1 DSP_OUTPUT=2 DSP_PREADD_DATA=1 LUT2=1 LUT5=1 LUT6=1)
  Clock Path Skew:        -0.078ns (DCD - SCD + CPR)
    Destination Clock Delay (DCD):    0.029ns = ( 10.029 - 10.000 ) 
    Source Clock Delay      (SCD):    0.107ns
    Clock Pessimism Removal (CPR):    0.000ns
  Clock Uncertainty:      0.035ns  ((TSJ^2 + TIJ^2)^1/2 + DJ) / 2 + PE
    Total System Jitter     (TSJ):    0.071ns
    Total Input Jitter      (TIJ):    0.000ns
    Discrete Jitter          (DJ):    0.000ns
    Phase Error              (PE):    0.000ns

    Location             Delay type                Incr(ns)  Path(ns)    Netlist Resource(s)
  -------------------------------------------------------------------    -------------------
                         (clock ap_clk rise edge)     0.000     0.000 r  
                                                      0.000     0.000 r  ap_clk (IN)
                         net (fo=4990, unset)         0.107     0.107    bd_0_i/hls_inst/inst/vregs_U/ap_clk
    RAMB36_X0Y8          RAMB36E2                                     r  bd_0_i/hls_inst/inst/vregs_U/ram_reg_bram_0/CLKARDCLK
  -------------------------------------------------------------------    -------------------
    RAMB36_X0Y8          RAMB36E2 (Prop_RAMB36E2_RAMB36_CLKARDCLK_DOUTADOUT[16])
                                                      1.277     1.384 f  bd_0_i/hls_inst/inst/vregs_U/ram_reg_bram_0/DOUTADOUT[16]
                         net (fo=5, routed)           0.735     2.119    bd_0_i/hls_inst/inst/vregs_U/vregs_q1[16]
    SLICE_X29Y44         LUT6 (Prop_D6LUT_SLICEM_I0_O)
                                                      0.220     2.339 f  bd_0_i/hls_inst/inst/vregs_U/tmp_product_i_16/O
                         net (fo=2, routed)           0.254     2.593    bd_0_i/hls_inst/inst/mul_32s_32s_32_1_1_U118/tmp_product__0/B[16]
    DSP48E2_X7Y19        DSP_A_B_DATA (Prop_DSP_A_B_DATA_DSP48E2_B[16]_B2_DATA[16])
                                                      0.216     2.809 r  bd_0_i/hls_inst/inst/mul_32s_32s_32_1_1_U118/tmp_product__0/DSP_A_B_DATA_INST/B2_DATA[16]
                         net (fo=1, routed)           0.000     2.809    bd_0_i/hls_inst/inst/mul_32s_32s_32_1_1_U118/tmp_product__0/DSP_A_B_DATA.B2_DATA<16>
    DSP48E2_X7Y19        DSP_PREADD_DATA (Prop_DSP_PREADD_DATA_DSP48E2_B2_DATA[16]_B2B1[16])
                                                      0.097     2.906 r  bd_0_i/hls_inst/inst/mul_32s_32s_32_1_1_U118/tmp_product__0/DSP_PREADD_DATA_INST/B2B1[16]
                         net (fo=1, routed)           0.000     2.906    bd_0_i/hls_inst/inst/mul_32s_32s_32_1_1_U118/tmp_product__0/DSP_PREADD_DATA.B2B1<16>
    DSP48E2_X7Y19        DSP_MULTIPLIER (Prop_DSP_MULTIPLIER_DSP48E2_B2B1[16]_U[43])
                                                      0.773     3.679 f  bd_0_i/hls_inst/inst/mul_32s_32s_32_1_1_U118/tmp_product__0/DSP_MULTIPLIER_INST/U[43]
                         net (fo=1, routed)           0.000     3.679    bd_0_i/hls_inst/inst/mul_32s_32s_32_1_1_U118/tmp_product__0/DSP_MULTIPLIER.U<43>
    DSP48E2_X7Y19        DSP_M_DATA (Prop_DSP_M_DATA_DSP48E2_U[43]_U_DATA[43])
                                                      0.067     3.746 r  bd_0_i/hls_inst/inst/mul_32s_32s_32_1_1_U118/tmp_product__0/DSP_M_DATA_INST/U_DATA[43]
                         net (fo=1, routed)           0.000     3.746    bd_0_i/hls_inst/inst/mul_32s_32s_32_1_1_U118/tmp_product__0/DSP_M_DATA.U_DATA<43>
    DSP48E2_X7Y19        DSP_ALU (Prop_DSP_ALU_DSP48E2_U_DATA[43]_ALU_OUT[47])
                                                      0.727     4.473 f  bd_0_i/hls_inst/inst/mul_32s_32s_32_1_1_U118/tmp_product__0/DSP_ALU_INST/ALU_OUT[47]
                         net (fo=1, routed)           0.000     4.473    bd_0_i/hls_inst/inst/mul_32s_32s_32_1_1_U118/tmp_product__0/DSP_ALU.ALU_OUT<47>
    DSP48E2_X7Y19        DSP_OUTPUT (Prop_DSP_OUTPUT_DSP48E2_ALU_OUT[47]_PCOUT[47])
                                                      0.167     4.640 r  bd_0_i/hls_inst/inst/mul_32s_32s_32_1_1_U118/tmp_product__0/DSP_OUTPUT_INST/PCOUT[47]
                         net (fo=1, routed)           0.038     4.678    bd_0_i/hls_inst/inst/mul_32s_32s_32_1_1_U118/tmp_product__1/PCIN[47]
    DSP48E2_X7Y20        DSP_ALU (Prop_DSP_ALU_DSP48E2_PCIN[47]_ALU_OUT[4])
                                                      0.739     5.417 f  bd_0_i/hls_inst/inst/mul_32s_32s_32_1_1_U118/tmp_product__1/DSP_ALU_INST/ALU_OUT[4]
                         net (fo=1, routed)           0.000     5.417    bd_0_i/hls_inst/inst/mul_32s_32s_32_1_1_U118/tmp_product__1/DSP_ALU.ALU_OUT<4>
    DSP48E2_X7Y20        DSP_OUTPUT (Prop_DSP_OUTPUT_DSP48E2_ALU_OUT[4]_P[4])
                                                      0.146     5.563 r  bd_0_i/hls_inst/inst/mul_32s_32s_32_1_1_U118/tmp_product__1/DSP_OUTPUT_INST/P[4]
                         net (fo=2, routed)           0.309     5.872    bd_0_i/hls_inst/inst/mul_32s_32s_32_1_1_U118/tmp_product__1_n_103
    SLICE_X29Y48         LUT2 (Prop_F6LUT_SLICEM_I0_O)
                                                      0.149     6.021 r  bd_0_i/hls_inst/inst/mul_32s_32s_32_1_1_U118/tmp_product_carry_i_3/O
                         net (fo=1, routed)           0.029     6.050    bd_0_i/hls_inst/inst/mul_32s_32s_32_1_1_U118/tmp_product_carry_i_3_n_2
    SLICE_X29Y48         CARRY8 (Prop_CARRY8_SLICEM_S[5]_CO[7])
                                                      0.238     6.288 r  bd_0_i/hls_inst/inst/mul_32s_32s_32_1_1_U118/tmp_product_carry/CO[7]
                         net (fo=1, routed)           0.030     6.318    bd_0_i/hls_inst/inst/mul_32s_32s_32_1_1_U118/tmp_product_carry_n_2
    SLICE_X29Y49         CARRY8 (Prop_CARRY8_SLICEM_CI_O[5])
                                                      0.161     6.479 r  bd_0_i/hls_inst/inst/mul_32s_32s_32_1_1_U118/tmp_product_carry__0/O[5]
                         net (fo=2, routed)           0.411     6.890    bd_0_i/hls_inst/inst/vregs_U/tmp_product__2[13]
    SLICE_X27Y46         LUT5 (Prop_E6LUT_SLICEL_I4_O)
                                                      0.152     7.042 r  bd_0_i/hls_inst/inst/vregs_U/r_3_reg_11137[29]_i_1/O
                         net (fo=4, routed)           0.408     7.450    bd_0_i/hls_inst/inst/r_1_i163165171_fu_7659_p3[29]
    SLICE_X26Y41         FDRE                                         r  bd_0_i/hls_inst/inst/r_1_i163165171_reg_11102_reg[29]/D
  -------------------------------------------------------------------    -------------------

                         (clock ap_clk rise edge)    10.000    10.000 r  
                                                      0.000    10.000 r  ap_clk (IN)
                         net (fo=4990, unset)         0.029    10.029    bd_0_i/hls_inst/inst/ap_clk
    SLICE_X26Y41         FDRE                                         r  bd_0_i/hls_inst/inst/r_1_i163165171_reg_11102_reg[29]/C
                         clock pessimism              0.000    10.029    
                         clock uncertainty           -0.035     9.994    
    SLICE_X26Y41         FDRE (Setup_HFF2_SLICEL_C_D)
                                                      0.046    10.040    bd_0_i/hls_inst/inst/r_1_i163165171_reg_11102_reg[29]
  -------------------------------------------------------------------
                         required time                         10.040    
                         arrival time                          -7.450    
  -------------------------------------------------------------------
                         slack                                  2.590    

Slack (MET) :             2.591ns  (required time - arrival time)
  Source:                 bd_0_i/hls_inst/inst/vregs_U/ram_reg_bram_0/CLKARDCLK
                            (rising edge-triggered cell RAMB36E2 clocked by ap_clk  {rise@0.000ns fall@5.000ns period=10.000ns})
  Destination:            bd_0_i/hls_inst/inst/r_1_1_i167169_reg_11117_reg[29]/D
                            (rising edge-triggered cell FDRE clocked by ap_clk  {rise@0.000ns fall@5.000ns period=10.000ns})
  Path Group:             ap_clk
  Path Type:              Setup (Max at Slow Process Corner)
  Requirement:            10.000ns  (ap_clk rise@10.000ns - ap_clk rise@0.000ns)
  Data Path Delay:        7.342ns  (logic 5.129ns (69.861%)  route 2.213ns (30.139%))
  Logic Levels:           13  (CARRY8=2 DSP_A_B_DATA=1 DSP_ALU=2 DSP_M_DATA=1 DSP_MULTIPLIER=1 DSP_OUTPUT=2 DSP_PREADD_DATA=1 LUT2=1 LUT5=1 LUT6=1)
  Clock Path Skew:        -0.078ns (DCD - SCD + CPR)
    Destination Clock Delay (DCD):    0.029ns = ( 10.029 - 10.000 ) 
    Source Clock Delay      (SCD):    0.107ns
    Clock Pessimism Removal (CPR):    0.000ns
  Clock Uncertainty:      0.035ns  ((TSJ^2 + TIJ^2)^1/2 + DJ) / 2 + PE
    Total System Jitter     (TSJ):    0.071ns
    Total Input Jitter      (TIJ):    0.000ns
    Discrete Jitter          (DJ):    0.000ns
    Phase Error              (PE):    0.000ns

    Location             Delay type                Incr(ns)  Path(ns)    Netlist Resource(s)
  -------------------------------------------------------------------    -------------------
                         (clock ap_clk rise edge)     0.000     0.000 r  
                                                      0.000     0.000 r  ap_clk (IN)
                         net (fo=4990, unset)         0.107     0.107    bd_0_i/hls_inst/inst/vregs_U/ap_clk
    RAMB36_X0Y8          RAMB36E2                                     r  bd_0_i/hls_inst/inst/vregs_U/ram_reg_bram_0/CLKARDCLK
  -------------------------------------------------------------------    -------------------
    RAMB36_X0Y8          RAMB36E2 (Prop_RAMB36E2_RAMB36_CLKARDCLK_DOUTADOUT[16])
                                                      1.277     1.384 f  bd_0_i/hls_inst/inst/vregs_U/ram_reg_bram_0/DOUTADOUT[16]
                         net (fo=5, routed)           0.735     2.119    bd_0_i/hls_inst/inst/vregs_U/vregs_q1[16]
    SLICE_X29Y44         LUT6 (Prop_D6LUT_SLICEM_I0_O)
                                                      0.220     2.339 f  bd_0_i/hls_inst/inst/vregs_U/tmp_product_i_16/O
                         net (fo=2, routed)           0.254     2.593    bd_0_i/hls_inst/inst/mul_32s_32s_32_1_1_U118/tmp_product__0/B[16]
    DSP48E2_X7Y19        DSP_A_B_DATA (Prop_DSP_A_B_DATA_DSP48E2_B[16]_B2_DATA[16])
                                                      0.216     2.809 r  bd_0_i/hls_inst/inst/mul_32s_32s_32_1_1_U118/tmp_product__0/DSP_A_B_DATA_INST/B2_DATA[16]
                         net (fo=1, routed)           0.000     2.809    bd_0_i/hls_inst/inst/mul_32s_32s_32_1_1_U118/tmp_product__0/DSP_A_B_DATA.B2_DATA<16>
    DSP48E2_X7Y19        DSP_PREADD_DATA (Prop_DSP_PREADD_DATA_DSP48E2_B2_DATA[16]_B2B1[16])
                                                      0.097     2.906 r  bd_0_i/hls_inst/inst/mul_32s_32s_32_1_1_U118/tmp_product__0/DSP_PREADD_DATA_INST/B2B1[16]
                         net (fo=1, routed)           0.000     2.906    bd_0_i/hls_inst/inst/mul_32s_32s_32_1_1_U118/tmp_product__0/DSP_PREADD_DATA.B2B1<16>
    DSP48E2_X7Y19        DSP_MULTIPLIER (Prop_DSP_MULTIPLIER_DSP48E2_B2B1[16]_U[43])
                                                      0.773     3.679 f  bd_0_i/hls_inst/inst/mul_32s_32s_32_1_1_U118/tmp_product__0/DSP_MULTIPLIER_INST/U[43]
                         net (fo=1, routed)           0.000     3.679    bd_0_i/hls_inst/inst/mul_32s_32s_32_1_1_U118/tmp_product__0/DSP_MULTIPLIER.U<43>
    DSP48E2_X7Y19        DSP_M_DATA (Prop_DSP_M_DATA_DSP48E2_U[43]_U_DATA[43])
                                                      0.067     3.746 r  bd_0_i/hls_inst/inst/mul_32s_32s_32_1_1_U118/tmp_product__0/DSP_M_DATA_INST/U_DATA[43]
                         net (fo=1, routed)           0.000     3.746    bd_0_i/hls_inst/inst/mul_32s_32s_32_1_1_U118/tmp_product__0/DSP_M_DATA.U_DATA<43>
    DSP48E2_X7Y19        DSP_ALU (Prop_DSP_ALU_DSP48E2_U_DATA[43]_ALU_OUT[47])
                                                      0.727     4.473 f  bd_0_i/hls_inst/inst/mul_32s_32s_32_1_1_U118/tmp_product__0/DSP_ALU_INST/ALU_OUT[47]
                         net (fo=1, routed)           0.000     4.473    bd_0_i/hls_inst/inst/mul_32s_32s_32_1_1_U118/tmp_product__0/DSP_ALU.ALU_OUT<47>
    DSP48E2_X7Y19        DSP_OUTPUT (Prop_DSP_OUTPUT_DSP48E2_ALU_OUT[47]_PCOUT[47])
                                                      0.167     4.640 r  bd_0_i/hls_inst/inst/mul_32s_32s_32_1_1_U118/tmp_product__0/DSP_OUTPUT_INST/PCOUT[47]
                         net (fo=1, routed)           0.038     4.678    bd_0_i/hls_inst/inst/mul_32s_32s_32_1_1_U118/tmp_product__1/PCIN[47]
    DSP48E2_X7Y20        DSP_ALU (Prop_DSP_ALU_DSP48E2_PCIN[47]_ALU_OUT[4])
                                                      0.739     5.417 f  bd_0_i/hls_inst/inst/mul_32s_32s_32_1_1_U118/tmp_product__1/DSP_ALU_INST/ALU_OUT[4]
                         net (fo=1, routed)           0.000     5.417    bd_0_i/hls_inst/inst/mul_32s_32s_32_1_1_U118/tmp_product__1/DSP_ALU.ALU_OUT<4>
    DSP48E2_X7Y20        DSP_OUTPUT (Prop_DSP_OUTPUT_DSP48E2_ALU_OUT[4]_P[4])
                                                      0.146     5.563 r  bd_0_i/hls_inst/inst/mul_32s_32s_32_1_1_U118/tmp_product__1/DSP_OUTPUT_INST/P[4]
                         net (fo=2, routed)           0.309     5.872    bd_0_i/hls_inst/inst/mul_32s_32s_32_1_1_U118/tmp_product__1_n_103
    SLICE_X29Y48         LUT2 (Prop_F6LUT_SLICEM_I0_O)
                                                      0.149     6.021 r  bd_0_i/hls_inst/inst/mul_32s_32s_32_1_1_U118/tmp_product_carry_i_3/O
                         net (fo=1, routed)           0.029     6.050    bd_0_i/hls_inst/inst/mul_32s_32s_32_1_1_U118/tmp_product_carry_i_3_n_2
    SLICE_X29Y48         CARRY8 (Prop_CARRY8_SLICEM_S[5]_CO[7])
                                                      0.238     6.288 r  bd_0_i/hls_inst/inst/mul_32s_32s_32_1_1_U118/tmp_product_carry/CO[7]
                         net (fo=1, routed)           0.030     6.318    bd_0_i/hls_inst/inst/mul_32s_32s_32_1_1_U118/tmp_product_carry_n_2
    SLICE_X29Y49         CARRY8 (Prop_CARRY8_SLICEM_CI_O[5])
                                                      0.161     6.479 r  bd_0_i/hls_inst/inst/mul_32s_32s_32_1_1_U118/tmp_product_carry__0/O[5]
                         net (fo=2, routed)           0.411     6.890    bd_0_i/hls_inst/inst/vregs_U/tmp_product__2[13]
    SLICE_X27Y46         LUT5 (Prop_E6LUT_SLICEL_I4_O)
                                                      0.152     7.042 r  bd_0_i/hls_inst/inst/vregs_U/r_3_reg_11137[29]_i_1/O
                         net (fo=4, routed)           0.407     7.449    bd_0_i/hls_inst/inst/r_1_i163165171_fu_7659_p3[29]
    SLICE_X26Y43         FDRE                                         r  bd_0_i/hls_inst/inst/r_1_1_i167169_reg_11117_reg[29]/D
  -------------------------------------------------------------------    -------------------

                         (clock ap_clk rise edge)    10.000    10.000 r  
                                                      0.000    10.000 r  ap_clk (IN)
                         net (fo=4990, unset)         0.029    10.029    bd_0_i/hls_inst/inst/ap_clk
    SLICE_X26Y43         FDRE                                         r  bd_0_i/hls_inst/inst/r_1_1_i167169_reg_11117_reg[29]/C
                         clock pessimism              0.000    10.029    
                         clock uncertainty           -0.035     9.994    
    SLICE_X26Y43         FDRE (Setup_CFF2_SLICEL_C_D)
                                                      0.046    10.040    bd_0_i/hls_inst/inst/r_1_1_i167169_reg_11117_reg[29]
  -------------------------------------------------------------------
                         required time                         10.040    
                         arrival time                          -7.449    
  -------------------------------------------------------------------
                         slack                                  2.591    

Slack (MET) :             2.617ns  (required time - arrival time)
  Source:                 bd_0_i/hls_inst/inst/vregs_U/ram_reg_bram_0/CLKARDCLK
                            (rising edge-triggered cell RAMB36E2 clocked by ap_clk  {rise@0.000ns fall@5.000ns period=10.000ns})
  Destination:            bd_0_i/hls_inst/inst/r_1_1_i167169_reg_11117_reg[27]/D
                            (rising edge-triggered cell FDRE clocked by ap_clk  {rise@0.000ns fall@5.000ns period=10.000ns})
  Path Group:             ap_clk
  Path Type:              Setup (Max at Slow Process Corner)
  Requirement:            10.000ns  (ap_clk rise@10.000ns - ap_clk rise@0.000ns)
  Data Path Delay:        7.318ns  (logic 5.153ns (70.418%)  route 2.165ns (29.583%))
  Logic Levels:           13  (CARRY8=2 DSP_A_B_DATA=1 DSP_ALU=2 DSP_M_DATA=1 DSP_MULTIPLIER=1 DSP_OUTPUT=2 DSP_PREADD_DATA=1 LUT2=1 LUT5=1 LUT6=1)
  Clock Path Skew:        -0.076ns (DCD - SCD + CPR)
    Destination Clock Delay (DCD):    0.031ns = ( 10.031 - 10.000 ) 
    Source Clock Delay      (SCD):    0.107ns
    Clock Pessimism Removal (CPR):    0.000ns
  Clock Uncertainty:      0.035ns  ((TSJ^2 + TIJ^2)^1/2 + DJ) / 2 + PE
    Total System Jitter     (TSJ):    0.071ns
    Total Input Jitter      (TIJ):    0.000ns
    Discrete Jitter          (DJ):    0.000ns
    Phase Error              (PE):    0.000ns

    Location             Delay type                Incr(ns)  Path(ns)    Netlist Resource(s)
  -------------------------------------------------------------------    -------------------
                         (clock ap_clk rise edge)     0.000     0.000 r  
                                                      0.000     0.000 r  ap_clk (IN)
                         net (fo=4990, unset)         0.107     0.107    bd_0_i/hls_inst/inst/vregs_U/ap_clk
    RAMB36_X0Y8          RAMB36E2                                     r  bd_0_i/hls_inst/inst/vregs_U/ram_reg_bram_0/CLKARDCLK
  -------------------------------------------------------------------    -------------------
    RAMB36_X0Y8          RAMB36E2 (Prop_RAMB36E2_RAMB36_CLKARDCLK_DOUTADOUT[16])
                                                      1.277     1.384 f  bd_0_i/hls_inst/inst/vregs_U/ram_reg_bram_0/DOUTADOUT[16]
                         net (fo=5, routed)           0.735     2.119    bd_0_i/hls_inst/inst/vregs_U/vregs_q1[16]
    SLICE_X29Y44         LUT6 (Prop_D6LUT_SLICEM_I0_O)
                                                      0.220     2.339 f  bd_0_i/hls_inst/inst/vregs_U/tmp_product_i_16/O
                         net (fo=2, routed)           0.254     2.593    bd_0_i/hls_inst/inst/mul_32s_32s_32_1_1_U118/tmp_product__0/B[16]
    DSP48E2_X7Y19        DSP_A_B_DATA (Prop_DSP_A_B_DATA_DSP48E2_B[16]_B2_DATA[16])
                                                      0.216     2.809 r  bd_0_i/hls_inst/inst/mul_32s_32s_32_1_1_U118/tmp_product__0/DSP_A_B_DATA_INST/B2_DATA[16]
                         net (fo=1, routed)           0.000     2.809    bd_0_i/hls_inst/inst/mul_32s_32s_32_1_1_U118/tmp_product__0/DSP_A_B_DATA.B2_DATA<16>
    DSP48E2_X7Y19        DSP_PREADD_DATA (Prop_DSP_PREADD_DATA_DSP48E2_B2_DATA[16]_B2B1[16])
                                                      0.097     2.906 r  bd_0_i/hls_inst/inst/mul_32s_32s_32_1_1_U118/tmp_product__0/DSP_PREADD_DATA_INST/B2B1[16]
                         net (fo=1, routed)           0.000     2.906    bd_0_i/hls_inst/inst/mul_32s_32s_32_1_1_U118/tmp_product__0/DSP_PREADD_DATA.B2B1<16>
    DSP48E2_X7Y19        DSP_MULTIPLIER (Prop_DSP_MULTIPLIER_DSP48E2_B2B1[16]_U[43])
                                                      0.773     3.679 f  bd_0_i/hls_inst/inst/mul_32s_32s_32_1_1_U118/tmp_product__0/DSP_MULTIPLIER_INST/U[43]
                         net (fo=1, routed)           0.000     3.679    bd_0_i/hls_inst/inst/mul_32s_32s_32_1_1_U118/tmp_product__0/DSP_MULTIPLIER.U<43>
    DSP48E2_X7Y19        DSP_M_DATA (Prop_DSP_M_DATA_DSP48E2_U[43]_U_DATA[43])
                                                      0.067     3.746 r  bd_0_i/hls_inst/inst/mul_32s_32s_32_1_1_U118/tmp_product__0/DSP_M_DATA_INST/U_DATA[43]
                         net (fo=1, routed)           0.000     3.746    bd_0_i/hls_inst/inst/mul_32s_32s_32_1_1_U118/tmp_product__0/DSP_M_DATA.U_DATA<43>
    DSP48E2_X7Y19        DSP_ALU (Prop_DSP_ALU_DSP48E2_U_DATA[43]_ALU_OUT[47])
                                                      0.727     4.473 f  bd_0_i/hls_inst/inst/mul_32s_32s_32_1_1_U118/tmp_product__0/DSP_ALU_INST/ALU_OUT[47]
                         net (fo=1, routed)           0.000     4.473    bd_0_i/hls_inst/inst/mul_32s_32s_32_1_1_U118/tmp_product__0/DSP_ALU.ALU_OUT<47>
    DSP48E2_X7Y19        DSP_OUTPUT (Prop_DSP_OUTPUT_DSP48E2_ALU_OUT[47]_PCOUT[47])
                                                      0.167     4.640 r  bd_0_i/hls_inst/inst/mul_32s_32s_32_1_1_U118/tmp_product__0/DSP_OUTPUT_INST/PCOUT[47]
                         net (fo=1, routed)           0.038     4.678    bd_0_i/hls_inst/inst/mul_32s_32s_32_1_1_U118/tmp_product__1/PCIN[47]
    DSP48E2_X7Y20        DSP_ALU (Prop_DSP_ALU_DSP48E2_PCIN[47]_ALU_OUT[4])
                                                      0.739     5.417 f  bd_0_i/hls_inst/inst/mul_32s_32s_32_1_1_U118/tmp_product__1/DSP_ALU_INST/ALU_OUT[4]
                         net (fo=1, routed)           0.000     5.417    bd_0_i/hls_inst/inst/mul_32s_32s_32_1_1_U118/tmp_product__1/DSP_ALU.ALU_OUT<4>
    DSP48E2_X7Y20        DSP_OUTPUT (Prop_DSP_OUTPUT_DSP48E2_ALU_OUT[4]_P[4])
                                                      0.146     5.563 r  bd_0_i/hls_inst/inst/mul_32s_32s_32_1_1_U118/tmp_product__1/DSP_OUTPUT_INST/P[4]
                         net (fo=2, routed)           0.309     5.872    bd_0_i/hls_inst/inst/mul_32s_32s_32_1_1_U118/tmp_product__1_n_103
    SLICE_X29Y48         LUT2 (Prop_F6LUT_SLICEM_I0_O)
                                                      0.149     6.021 r  bd_0_i/hls_inst/inst/mul_32s_32s_32_1_1_U118/tmp_product_carry_i_3/O
                         net (fo=1, routed)           0.029     6.050    bd_0_i/hls_inst/inst/mul_32s_32s_32_1_1_U118/tmp_product_carry_i_3_n_2
    SLICE_X29Y48         CARRY8 (Prop_CARRY8_SLICEM_S[5]_CO[7])
                                                      0.238     6.288 r  bd_0_i/hls_inst/inst/mul_32s_32s_32_1_1_U118/tmp_product_carry/CO[7]
                         net (fo=1, routed)           0.030     6.318    bd_0_i/hls_inst/inst/mul_32s_32s_32_1_1_U118/tmp_product_carry_n_2
    SLICE_X29Y49         CARRY8 (Prop_CARRY8_SLICEM_CI_O[3])
                                                      0.114     6.432 r  bd_0_i/hls_inst/inst/mul_32s_32s_32_1_1_U118/tmp_product_carry__0/O[3]
                         net (fo=2, routed)           0.382     6.814    bd_0_i/hls_inst/inst/vregs_U/tmp_product__2[11]
    SLICE_X26Y45         LUT5 (Prop_E6LUT_SLICEL_I4_O)
                                                      0.223     7.037 r  bd_0_i/hls_inst/inst/vregs_U/r_3_reg_11137[27]_i_1/O
                         net (fo=4, routed)           0.388     7.425    bd_0_i/hls_inst/inst/r_1_i163165171_fu_7659_p3[27]
    SLICE_X25Y45         FDRE                                         r  bd_0_i/hls_inst/inst/r_1_1_i167169_reg_11117_reg[27]/D
  -------------------------------------------------------------------    -------------------

                         (clock ap_clk rise edge)    10.000    10.000 r  
                                                      0.000    10.000 r  ap_clk (IN)
                         net (fo=4990, unset)         0.031    10.031    bd_0_i/hls_inst/inst/ap_clk
    SLICE_X25Y45         FDRE                                         r  bd_0_i/hls_inst/inst/r_1_1_i167169_reg_11117_reg[27]/C
                         clock pessimism              0.000    10.031    
                         clock uncertainty           -0.035     9.996    
    SLICE_X25Y45         FDRE (Setup_HFF2_SLICEM_C_D)
                                                      0.046    10.042    bd_0_i/hls_inst/inst/r_1_1_i167169_reg_11117_reg[27]
  -------------------------------------------------------------------
                         required time                         10.042    
                         arrival time                          -7.425    
  -------------------------------------------------------------------
                         slack                                  2.617    

Slack (MET) :             2.645ns  (required time - arrival time)
  Source:                 bd_0_i/hls_inst/inst/vregs_U/ram_reg_bram_0/CLKARDCLK
                            (rising edge-triggered cell RAMB36E2 clocked by ap_clk  {rise@0.000ns fall@5.000ns period=10.000ns})
  Destination:            bd_0_i/hls_inst/inst/res_24_reg_3165_reg[31]/D
                            (rising edge-triggered cell FDRE clocked by ap_clk  {rise@0.000ns fall@5.000ns period=10.000ns})
  Path Group:             ap_clk
  Path Type:              Setup (Max at Slow Process Corner)
  Requirement:            10.000ns  (ap_clk rise@10.000ns - ap_clk rise@0.000ns)
  Data Path Delay:        7.285ns  (logic 5.263ns (72.242%)  route 2.022ns (27.758%))
  Logic Levels:           14  (CARRY8=2 DSP_A_B_DATA=1 DSP_ALU=2 DSP_M_DATA=1 DSP_MULTIPLIER=1 DSP_OUTPUT=2 DSP_PREADD_DATA=1 LUT2=1 LUT5=1 LUT6=2)
  Clock Path Skew:        -0.078ns (DCD - SCD + CPR)
    Destination Clock Delay (DCD):    0.029ns = ( 10.029 - 10.000 ) 
    Source Clock Delay      (SCD):    0.107ns
    Clock Pessimism Removal (CPR):    0.000ns
  Clock Uncertainty:      0.035ns  ((TSJ^2 + TIJ^2)^1/2 + DJ) / 2 + PE
    Total System Jitter     (TSJ):    0.071ns
    Total Input Jitter      (TIJ):    0.000ns
    Discrete Jitter          (DJ):    0.000ns
    Phase Error              (PE):    0.000ns

    Location             Delay type                Incr(ns)  Path(ns)    Netlist Resource(s)
  -------------------------------------------------------------------    -------------------
                         (clock ap_clk rise edge)     0.000     0.000 r  
                                                      0.000     0.000 r  ap_clk (IN)
                         net (fo=4990, unset)         0.107     0.107    bd_0_i/hls_inst/inst/vregs_U/ap_clk
    RAMB36_X0Y8          RAMB36E2                                     r  bd_0_i/hls_inst/inst/vregs_U/ram_reg_bram_0/CLKARDCLK
  -------------------------------------------------------------------    -------------------
    RAMB36_X0Y8          RAMB36E2 (Prop_RAMB36E2_RAMB36_CLKARDCLK_DOUTADOUT[16])
                                                      1.277     1.384 f  bd_0_i/hls_inst/inst/vregs_U/ram_reg_bram_0/DOUTADOUT[16]
                         net (fo=5, routed)           0.735     2.119    bd_0_i/hls_inst/inst/vregs_U/vregs_q1[16]
    SLICE_X29Y44         LUT6 (Prop_D6LUT_SLICEM_I0_O)
                                                      0.220     2.339 f  bd_0_i/hls_inst/inst/vregs_U/tmp_product_i_16/O
                         net (fo=2, routed)           0.254     2.593    bd_0_i/hls_inst/inst/mul_32s_32s_32_1_1_U118/tmp_product__0/B[16]
    DSP48E2_X7Y19        DSP_A_B_DATA (Prop_DSP_A_B_DATA_DSP48E2_B[16]_B2_DATA[16])
                                                      0.216     2.809 r  bd_0_i/hls_inst/inst/mul_32s_32s_32_1_1_U118/tmp_product__0/DSP_A_B_DATA_INST/B2_DATA[16]
                         net (fo=1, routed)           0.000     2.809    bd_0_i/hls_inst/inst/mul_32s_32s_32_1_1_U118/tmp_product__0/DSP_A_B_DATA.B2_DATA<16>
    DSP48E2_X7Y19        DSP_PREADD_DATA (Prop_DSP_PREADD_DATA_DSP48E2_B2_DATA[16]_B2B1[16])
                                                      0.097     2.906 r  bd_0_i/hls_inst/inst/mul_32s_32s_32_1_1_U118/tmp_product__0/DSP_PREADD_DATA_INST/B2B1[16]
                         net (fo=1, routed)           0.000     2.906    bd_0_i/hls_inst/inst/mul_32s_32s_32_1_1_U118/tmp_product__0/DSP_PREADD_DATA.B2B1<16>
    DSP48E2_X7Y19        DSP_MULTIPLIER (Prop_DSP_MULTIPLIER_DSP48E2_B2B1[16]_U[43])
                                                      0.773     3.679 f  bd_0_i/hls_inst/inst/mul_32s_32s_32_1_1_U118/tmp_product__0/DSP_MULTIPLIER_INST/U[43]
                         net (fo=1, routed)           0.000     3.679    bd_0_i/hls_inst/inst/mul_32s_32s_32_1_1_U118/tmp_product__0/DSP_MULTIPLIER.U<43>
    DSP48E2_X7Y19        DSP_M_DATA (Prop_DSP_M_DATA_DSP48E2_U[43]_U_DATA[43])
                                                      0.067     3.746 r  bd_0_i/hls_inst/inst/mul_32s_32s_32_1_1_U118/tmp_product__0/DSP_M_DATA_INST/U_DATA[43]
                         net (fo=1, routed)           0.000     3.746    bd_0_i/hls_inst/inst/mul_32s_32s_32_1_1_U118/tmp_product__0/DSP_M_DATA.U_DATA<43>
    DSP48E2_X7Y19        DSP_ALU (Prop_DSP_ALU_DSP48E2_U_DATA[43]_ALU_OUT[47])
                                                      0.727     4.473 f  bd_0_i/hls_inst/inst/mul_32s_32s_32_1_1_U118/tmp_product__0/DSP_ALU_INST/ALU_OUT[47]
                         net (fo=1, routed)           0.000     4.473    bd_0_i/hls_inst/inst/mul_32s_32s_32_1_1_U118/tmp_product__0/DSP_ALU.ALU_OUT<47>
    DSP48E2_X7Y19        DSP_OUTPUT (Prop_DSP_OUTPUT_DSP48E2_ALU_OUT[47]_PCOUT[47])
                                                      0.167     4.640 r  bd_0_i/hls_inst/inst/mul_32s_32s_32_1_1_U118/tmp_product__0/DSP_OUTPUT_INST/PCOUT[47]
                         net (fo=1, routed)           0.038     4.678    bd_0_i/hls_inst/inst/mul_32s_32s_32_1_1_U118/tmp_product__1/PCIN[47]
    DSP48E2_X7Y20        DSP_ALU (Prop_DSP_ALU_DSP48E2_PCIN[47]_ALU_OUT[4])
                                                      0.739     5.417 f  bd_0_i/hls_inst/inst/mul_32s_32s_32_1_1_U118/tmp_product__1/DSP_ALU_INST/ALU_OUT[4]
                         net (fo=1, routed)           0.000     5.417    bd_0_i/hls_inst/inst/mul_32s_32s_32_1_1_U118/tmp_product__1/DSP_ALU.ALU_OUT<4>
    DSP48E2_X7Y20        DSP_OUTPUT (Prop_DSP_OUTPUT_DSP48E2_ALU_OUT[4]_P[4])
                                                      0.146     5.563 r  bd_0_i/hls_inst/inst/mul_32s_32s_32_1_1_U118/tmp_product__1/DSP_OUTPUT_INST/P[4]
                         net (fo=2, routed)           0.309     5.872    bd_0_i/hls_inst/inst/mul_32s_32s_32_1_1_U118/tmp_product__1_n_103
    SLICE_X29Y48         LUT2 (Prop_F6LUT_SLICEM_I0_O)
                                                      0.149     6.021 r  bd_0_i/hls_inst/inst/mul_32s_32s_32_1_1_U118/tmp_product_carry_i_3/O
                         net (fo=1, routed)           0.029     6.050    bd_0_i/hls_inst/inst/mul_32s_32s_32_1_1_U118/tmp_product_carry_i_3_n_2
    SLICE_X29Y48         CARRY8 (Prop_CARRY8_SLICEM_S[5]_CO[7])
                                                      0.238     6.288 r  bd_0_i/hls_inst/inst/mul_32s_32s_32_1_1_U118/tmp_product_carry/CO[7]
                         net (fo=1, routed)           0.030     6.318    bd_0_i/hls_inst/inst/mul_32s_32s_32_1_1_U118/tmp_product_carry_n_2
    SLICE_X29Y49         CARRY8 (Prop_CARRY8_SLICEM_CI_O[7])
                                                      0.171     6.489 r  bd_0_i/hls_inst/inst/mul_32s_32s_32_1_1_U118/tmp_product_carry__0/O[7]
                         net (fo=2, routed)           0.248     6.737    bd_0_i/hls_inst/inst/mul_32s_32s_32_1_1_U118/tmp_product__2[15]
    SLICE_X28Y51         LUT5 (Prop_C6LUT_SLICEM_I2_O)
                                                      0.220     6.957 r  bd_0_i/hls_inst/inst/mul_32s_32s_32_1_1_U118/res_24_reg_3165[31]_i_3/O
                         net (fo=1, routed)           0.310     7.267    bd_0_i/hls_inst/inst/mul_32s_32s_32_1_1_U118/res_24_reg_3165[31]_i_3_n_2
    SLICE_X33Y53         LUT6 (Prop_C6LUT_SLICEL_I4_O)
                                                      0.056     7.323 r  bd_0_i/hls_inst/inst/mul_32s_32s_32_1_1_U118/res_24_reg_3165[31]_i_1/O
                         net (fo=1, routed)           0.069     7.392    bd_0_i/hls_inst/inst/mul_32s_32s_32_1_1_U118_n_36
    SLICE_X33Y53         FDRE                                         r  bd_0_i/hls_inst/inst/res_24_reg_3165_reg[31]/D
  -------------------------------------------------------------------    -------------------

                         (clock ap_clk rise edge)    10.000    10.000 r  
                                                      0.000    10.000 r  ap_clk (IN)
                         net (fo=4990, unset)         0.029    10.029    bd_0_i/hls_inst/inst/ap_clk
    SLICE_X33Y53         FDRE                                         r  bd_0_i/hls_inst/inst/res_24_reg_3165_reg[31]/C
                         clock pessimism              0.000    10.029    
                         clock uncertainty           -0.035     9.994    
    SLICE_X33Y53         FDRE (Setup_CFF_SLICEL_C_D)
                                                      0.044    10.038    bd_0_i/hls_inst/inst/res_24_reg_3165_reg[31]
  -------------------------------------------------------------------
                         required time                         10.038    
                         arrival time                          -7.392    
  -------------------------------------------------------------------
                         slack                                  2.645    

Slack (MET) :             2.659ns  (required time - arrival time)
  Source:                 bd_0_i/hls_inst/inst/vregs_U/ram_reg_bram_0/CLKARDCLK
                            (rising edge-triggered cell RAMB36E2 clocked by ap_clk  {rise@0.000ns fall@5.000ns period=10.000ns})
  Destination:            bd_0_i/hls_inst/inst/r_1_i163165171_reg_11102_reg[26]/D
                            (rising edge-triggered cell FDRE clocked by ap_clk  {rise@0.000ns fall@5.000ns period=10.000ns})
  Path Group:             ap_clk
  Path Type:              Setup (Max at Slow Process Corner)
  Requirement:            10.000ns  (ap_clk rise@10.000ns - ap_clk rise@0.000ns)
  Data Path Delay:        7.274ns  (logic 4.992ns (68.627%)  route 2.282ns (31.373%))
  Logic Levels:           13  (CARRY8=2 DSP_A_B_DATA=1 DSP_ALU=2 DSP_M_DATA=1 DSP_MULTIPLIER=1 DSP_OUTPUT=2 DSP_PREADD_DATA=1 LUT2=1 LUT5=1 LUT6=1)
  Clock Path Skew:        -0.076ns (DCD - SCD + CPR)
    Destination Clock Delay (DCD):    0.031ns = ( 10.031 - 10.000 ) 
    Source Clock Delay      (SCD):    0.107ns
    Clock Pessimism Removal (CPR):    0.000ns
  Clock Uncertainty:      0.035ns  ((TSJ^2 + TIJ^2)^1/2 + DJ) / 2 + PE
    Total System Jitter     (TSJ):    0.071ns
    Total Input Jitter      (TIJ):    0.000ns
    Discrete Jitter          (DJ):    0.000ns
    Phase Error              (PE):    0.000ns

    Location             Delay type                Incr(ns)  Path(ns)    Netlist Resource(s)
  -------------------------------------------------------------------    -------------------
                         (clock ap_clk rise edge)     0.000     0.000 r  
                                                      0.000     0.000 r  ap_clk (IN)
                         net (fo=4990, unset)         0.107     0.107    bd_0_i/hls_inst/inst/vregs_U/ap_clk
    RAMB36_X0Y8          RAMB36E2                                     r  bd_0_i/hls_inst/inst/vregs_U/ram_reg_bram_0/CLKARDCLK
  -------------------------------------------------------------------    -------------------
    RAMB36_X0Y8          RAMB36E2 (Prop_RAMB36E2_RAMB36_CLKARDCLK_DOUTADOUT[16])
                                                      1.277     1.384 f  bd_0_i/hls_inst/inst/vregs_U/ram_reg_bram_0/DOUTADOUT[16]
                         net (fo=5, routed)           0.735     2.119    bd_0_i/hls_inst/inst/vregs_U/vregs_q1[16]
    SLICE_X29Y44         LUT6 (Prop_D6LUT_SLICEM_I0_O)
                                                      0.220     2.339 f  bd_0_i/hls_inst/inst/vregs_U/tmp_product_i_16/O
                         net (fo=2, routed)           0.254     2.593    bd_0_i/hls_inst/inst/mul_32s_32s_32_1_1_U118/tmp_product__0/B[16]
    DSP48E2_X7Y19        DSP_A_B_DATA (Prop_DSP_A_B_DATA_DSP48E2_B[16]_B2_DATA[16])
                                                      0.216     2.809 r  bd_0_i/hls_inst/inst/mul_32s_32s_32_1_1_U118/tmp_product__0/DSP_A_B_DATA_INST/B2_DATA[16]
                         net (fo=1, routed)           0.000     2.809    bd_0_i/hls_inst/inst/mul_32s_32s_32_1_1_U118/tmp_product__0/DSP_A_B_DATA.B2_DATA<16>
    DSP48E2_X7Y19        DSP_PREADD_DATA (Prop_DSP_PREADD_DATA_DSP48E2_B2_DATA[16]_B2B1[16])
                                                      0.097     2.906 r  bd_0_i/hls_inst/inst/mul_32s_32s_32_1_1_U118/tmp_product__0/DSP_PREADD_DATA_INST/B2B1[16]
                         net (fo=1, routed)           0.000     2.906    bd_0_i/hls_inst/inst/mul_32s_32s_32_1_1_U118/tmp_product__0/DSP_PREADD_DATA.B2B1<16>
    DSP48E2_X7Y19        DSP_MULTIPLIER (Prop_DSP_MULTIPLIER_DSP48E2_B2B1[16]_U[43])
                                                      0.773     3.679 f  bd_0_i/hls_inst/inst/mul_32s_32s_32_1_1_U118/tmp_product__0/DSP_MULTIPLIER_INST/U[43]
                         net (fo=1, routed)           0.000     3.679    bd_0_i/hls_inst/inst/mul_32s_32s_32_1_1_U118/tmp_product__0/DSP_MULTIPLIER.U<43>
    DSP48E2_X7Y19        DSP_M_DATA (Prop_DSP_M_DATA_DSP48E2_U[43]_U_DATA[43])
                                                      0.067     3.746 r  bd_0_i/hls_inst/inst/mul_32s_32s_32_1_1_U118/tmp_product__0/DSP_M_DATA_INST/U_DATA[43]
                         net (fo=1, routed)           0.000     3.746    bd_0_i/hls_inst/inst/mul_32s_32s_32_1_1_U118/tmp_product__0/DSP_M_DATA.U_DATA<43>
    DSP48E2_X7Y19        DSP_ALU (Prop_DSP_ALU_DSP48E2_U_DATA[43]_ALU_OUT[47])
                                                      0.727     4.473 f  bd_0_i/hls_inst/inst/mul_32s_32s_32_1_1_U118/tmp_product__0/DSP_ALU_INST/ALU_OUT[47]
                         net (fo=1, routed)           0.000     4.473    bd_0_i/hls_inst/inst/mul_32s_32s_32_1_1_U118/tmp_product__0/DSP_ALU.ALU_OUT<47>
    DSP48E2_X7Y19        DSP_OUTPUT (Prop_DSP_OUTPUT_DSP48E2_ALU_OUT[47]_PCOUT[47])
                                                      0.167     4.640 r  bd_0_i/hls_inst/inst/mul_32s_32s_32_1_1_U118/tmp_product__0/DSP_OUTPUT_INST/PCOUT[47]
                         net (fo=1, routed)           0.038     4.678    bd_0_i/hls_inst/inst/mul_32s_32s_32_1_1_U118/tmp_product__1/PCIN[47]
    DSP48E2_X7Y20        DSP_ALU (Prop_DSP_ALU_DSP48E2_PCIN[47]_ALU_OUT[4])
                                                      0.739     5.417 f  bd_0_i/hls_inst/inst/mul_32s_32s_32_1_1_U118/tmp_product__1/DSP_ALU_INST/ALU_OUT[4]
                         net (fo=1, routed)           0.000     5.417    bd_0_i/hls_inst/inst/mul_32s_32s_32_1_1_U118/tmp_product__1/DSP_ALU.ALU_OUT<4>
    DSP48E2_X7Y20        DSP_OUTPUT (Prop_DSP_OUTPUT_DSP48E2_ALU_OUT[4]_P[4])
                                                      0.146     5.563 r  bd_0_i/hls_inst/inst/mul_32s_32s_32_1_1_U118/tmp_product__1/DSP_OUTPUT_INST/P[4]
                         net (fo=2, routed)           0.309     5.872    bd_0_i/hls_inst/inst/mul_32s_32s_32_1_1_U118/tmp_product__1_n_103
    SLICE_X29Y48         LUT2 (Prop_F6LUT_SLICEM_I0_O)
                                                      0.149     6.021 r  bd_0_i/hls_inst/inst/mul_32s_32s_32_1_1_U118/tmp_product_carry_i_3/O
                         net (fo=1, routed)           0.029     6.050    bd_0_i/hls_inst/inst/mul_32s_32s_32_1_1_U118/tmp_product_carry_i_3_n_2
    SLICE_X29Y48         CARRY8 (Prop_CARRY8_SLICEM_S[5]_CO[7])
                                                      0.238     6.288 r  bd_0_i/hls_inst/inst/mul_32s_32s_32_1_1_U118/tmp_product_carry/CO[7]
                         net (fo=1, routed)           0.030     6.318    bd_0_i/hls_inst/inst/mul_32s_32s_32_1_1_U118/tmp_product_carry_n_2
    SLICE_X29Y49         CARRY8 (Prop_CARRY8_SLICEM_CI_O[2])
                                                      0.093     6.411 r  bd_0_i/hls_inst/inst/mul_32s_32s_32_1_1_U118/tmp_product_carry__0/O[2]
                         net (fo=2, routed)           0.374     6.785    bd_0_i/hls_inst/inst/vregs_U/tmp_product__2[10]
    SLICE_X27Y46         LUT5 (Prop_B6LUT_SLICEL_I4_O)
                                                      0.083     6.868 r  bd_0_i/hls_inst/inst/vregs_U/r_3_reg_11137[26]_i_1/O
                         net (fo=4, routed)           0.513     7.381    bd_0_i/hls_inst/inst/r_1_i163165171_fu_7659_p3[26]
    SLICE_X25Y44         FDRE                                         r  bd_0_i/hls_inst/inst/r_1_i163165171_reg_11102_reg[26]/D
  -------------------------------------------------------------------    -------------------

                         (clock ap_clk rise edge)    10.000    10.000 r  
                                                      0.000    10.000 r  ap_clk (IN)
                         net (fo=4990, unset)         0.031    10.031    bd_0_i/hls_inst/inst/ap_clk
    SLICE_X25Y44         FDRE                                         r  bd_0_i/hls_inst/inst/r_1_i163165171_reg_11102_reg[26]/C
                         clock pessimism              0.000    10.031    
                         clock uncertainty           -0.035     9.996    
    SLICE_X25Y44         FDRE (Setup_HFF_SLICEM_C_D)
                                                      0.044    10.040    bd_0_i/hls_inst/inst/r_1_i163165171_reg_11102_reg[26]
  -------------------------------------------------------------------
                         required time                         10.040    
                         arrival time                          -7.381    
  -------------------------------------------------------------------
                         slack                                  2.659    

Slack (MET) :             2.670ns  (required time - arrival time)
  Source:                 bd_0_i/hls_inst/inst/vregs_U/ram_reg_bram_0/CLKARDCLK
                            (rising edge-triggered cell RAMB36E2 clocked by ap_clk  {rise@0.000ns fall@5.000ns period=10.000ns})
  Destination:            bd_0_i/hls_inst/inst/r_1_2_i173_reg_11132_reg[27]/D
                            (rising edge-triggered cell FDRE clocked by ap_clk  {rise@0.000ns fall@5.000ns period=10.000ns})
  Path Group:             ap_clk
  Path Type:              Setup (Max at Slow Process Corner)
  Requirement:            10.000ns  (ap_clk rise@10.000ns - ap_clk rise@0.000ns)
  Data Path Delay:        7.260ns  (logic 5.153ns (70.976%)  route 2.107ns (29.024%))
  Logic Levels:           13  (CARRY8=2 DSP_A_B_DATA=1 DSP_ALU=2 DSP_M_DATA=1 DSP_MULTIPLIER=1 DSP_OUTPUT=2 DSP_PREADD_DATA=1 LUT2=1 LUT5=1 LUT6=1)
  Clock Path Skew:        -0.077ns (DCD - SCD + CPR)
    Destination Clock Delay (DCD):    0.030ns = ( 10.030 - 10.000 ) 
    Source Clock Delay      (SCD):    0.107ns
    Clock Pessimism Removal (CPR):    0.000ns
  Clock Uncertainty:      0.035ns  ((TSJ^2 + TIJ^2)^1/2 + DJ) / 2 + PE
    Total System Jitter     (TSJ):    0.071ns
    Total Input Jitter      (TIJ):    0.000ns
    Discrete Jitter          (DJ):    0.000ns
    Phase Error              (PE):    0.000ns

    Location             Delay type                Incr(ns)  Path(ns)    Netlist Resource(s)
  -------------------------------------------------------------------    -------------------
                         (clock ap_clk rise edge)     0.000     0.000 r  
                                                      0.000     0.000 r  ap_clk (IN)
                         net (fo=4990, unset)         0.107     0.107    bd_0_i/hls_inst/inst/vregs_U/ap_clk
    RAMB36_X0Y8          RAMB36E2                                     r  bd_0_i/hls_inst/inst/vregs_U/ram_reg_bram_0/CLKARDCLK
  -------------------------------------------------------------------    -------------------
    RAMB36_X0Y8          RAMB36E2 (Prop_RAMB36E2_RAMB36_CLKARDCLK_DOUTADOUT[16])
                                                      1.277     1.384 f  bd_0_i/hls_inst/inst/vregs_U/ram_reg_bram_0/DOUTADOUT[16]
                         net (fo=5, routed)           0.735     2.119    bd_0_i/hls_inst/inst/vregs_U/vregs_q1[16]
    SLICE_X29Y44         LUT6 (Prop_D6LUT_SLICEM_I0_O)
                                                      0.220     2.339 f  bd_0_i/hls_inst/inst/vregs_U/tmp_product_i_16/O
                         net (fo=2, routed)           0.254     2.593    bd_0_i/hls_inst/inst/mul_32s_32s_32_1_1_U118/tmp_product__0/B[16]
    DSP48E2_X7Y19        DSP_A_B_DATA (Prop_DSP_A_B_DATA_DSP48E2_B[16]_B2_DATA[16])
                                                      0.216     2.809 r  bd_0_i/hls_inst/inst/mul_32s_32s_32_1_1_U118/tmp_product__0/DSP_A_B_DATA_INST/B2_DATA[16]
                         net (fo=1, routed)           0.000     2.809    bd_0_i/hls_inst/inst/mul_32s_32s_32_1_1_U118/tmp_product__0/DSP_A_B_DATA.B2_DATA<16>
    DSP48E2_X7Y19        DSP_PREADD_DATA (Prop_DSP_PREADD_DATA_DSP48E2_B2_DATA[16]_B2B1[16])
                                                      0.097     2.906 r  bd_0_i/hls_inst/inst/mul_32s_32s_32_1_1_U118/tmp_product__0/DSP_PREADD_DATA_INST/B2B1[16]
                         net (fo=1, routed)           0.000     2.906    bd_0_i/hls_inst/inst/mul_32s_32s_32_1_1_U118/tmp_product__0/DSP_PREADD_DATA.B2B1<16>
    DSP48E2_X7Y19        DSP_MULTIPLIER (Prop_DSP_MULTIPLIER_DSP48E2_B2B1[16]_U[43])
                                                      0.773     3.679 f  bd_0_i/hls_inst/inst/mul_32s_32s_32_1_1_U118/tmp_product__0/DSP_MULTIPLIER_INST/U[43]
                         net (fo=1, routed)           0.000     3.679    bd_0_i/hls_inst/inst/mul_32s_32s_32_1_1_U118/tmp_product__0/DSP_MULTIPLIER.U<43>
    DSP48E2_X7Y19        DSP_M_DATA (Prop_DSP_M_DATA_DSP48E2_U[43]_U_DATA[43])
                                                      0.067     3.746 r  bd_0_i/hls_inst/inst/mul_32s_32s_32_1_1_U118/tmp_product__0/DSP_M_DATA_INST/U_DATA[43]
                         net (fo=1, routed)           0.000     3.746    bd_0_i/hls_inst/inst/mul_32s_32s_32_1_1_U118/tmp_product__0/DSP_M_DATA.U_DATA<43>
    DSP48E2_X7Y19        DSP_ALU (Prop_DSP_ALU_DSP48E2_U_DATA[43]_ALU_OUT[47])
                                                      0.727     4.473 f  bd_0_i/hls_inst/inst/mul_32s_32s_32_1_1_U118/tmp_product__0/DSP_ALU_INST/ALU_OUT[47]
                         net (fo=1, routed)           0.000     4.473    bd_0_i/hls_inst/inst/mul_32s_32s_32_1_1_U118/tmp_product__0/DSP_ALU.ALU_OUT<47>
    DSP48E2_X7Y19        DSP_OUTPUT (Prop_DSP_OUTPUT_DSP48E2_ALU_OUT[47]_PCOUT[47])
                                                      0.167     4.640 r  bd_0_i/hls_inst/inst/mul_32s_32s_32_1_1_U118/tmp_product__0/DSP_OUTPUT_INST/PCOUT[47]
                         net (fo=1, routed)           0.038     4.678    bd_0_i/hls_inst/inst/mul_32s_32s_32_1_1_U118/tmp_product__1/PCIN[47]
    DSP48E2_X7Y20        DSP_ALU (Prop_DSP_ALU_DSP48E2_PCIN[47]_ALU_OUT[4])
                                                      0.739     5.417 f  bd_0_i/hls_inst/inst/mul_32s_32s_32_1_1_U118/tmp_product__1/DSP_ALU_INST/ALU_OUT[4]
                         net (fo=1, routed)           0.000     5.417    bd_0_i/hls_inst/inst/mul_32s_32s_32_1_1_U118/tmp_product__1/DSP_ALU.ALU_OUT<4>
    DSP48E2_X7Y20        DSP_OUTPUT (Prop_DSP_OUTPUT_DSP48E2_ALU_OUT[4]_P[4])
                                                      0.146     5.563 r  bd_0_i/hls_inst/inst/mul_32s_32s_32_1_1_U118/tmp_product__1/DSP_OUTPUT_INST/P[4]
                         net (fo=2, routed)           0.309     5.872    bd_0_i/hls_inst/inst/mul_32s_32s_32_1_1_U118/tmp_product__1_n_103
    SLICE_X29Y48         LUT2 (Prop_F6LUT_SLICEM_I0_O)
                                                      0.149     6.021 r  bd_0_i/hls_inst/inst/mul_32s_32s_32_1_1_U118/tmp_product_carry_i_3/O
                         net (fo=1, routed)           0.029     6.050    bd_0_i/hls_inst/inst/mul_32s_32s_32_1_1_U118/tmp_product_carry_i_3_n_2
    SLICE_X29Y48         CARRY8 (Prop_CARRY8_SLICEM_S[5]_CO[7])
                                                      0.238     6.288 r  bd_0_i/hls_inst/inst/mul_32s_32s_32_1_1_U118/tmp_product_carry/CO[7]
                         net (fo=1, routed)           0.030     6.318    bd_0_i/hls_inst/inst/mul_32s_32s_32_1_1_U118/tmp_product_carry_n_2
    SLICE_X29Y49         CARRY8 (Prop_CARRY8_SLICEM_CI_O[3])
                                                      0.114     6.432 r  bd_0_i/hls_inst/inst/mul_32s_32s_32_1_1_U118/tmp_product_carry__0/O[3]
                         net (fo=2, routed)           0.382     6.814    bd_0_i/hls_inst/inst/vregs_U/tmp_product__2[11]
    SLICE_X26Y45         LUT5 (Prop_E6LUT_SLICEL_I4_O)
                                                      0.223     7.037 r  bd_0_i/hls_inst/inst/vregs_U/r_3_reg_11137[27]_i_1/O
                         net (fo=4, routed)           0.331     7.367    bd_0_i/hls_inst/inst/r_1_i163165171_fu_7659_p3[27]
    SLICE_X25Y46         FDRE                                         r  bd_0_i/hls_inst/inst/r_1_2_i173_reg_11132_reg[27]/D
  -------------------------------------------------------------------    -------------------

                         (clock ap_clk rise edge)    10.000    10.000 r  
                                                      0.000    10.000 r  ap_clk (IN)
                         net (fo=4990, unset)         0.030    10.030    bd_0_i/hls_inst/inst/ap_clk
    SLICE_X25Y46         FDRE                                         r  bd_0_i/hls_inst/inst/r_1_2_i173_reg_11132_reg[27]/C
                         clock pessimism              0.000    10.030    
                         clock uncertainty           -0.035     9.995    
    SLICE_X25Y46         FDRE (Setup_DFF_SLICEM_C_D)
                                                      0.043    10.038    bd_0_i/hls_inst/inst/r_1_2_i173_reg_11132_reg[27]
  -------------------------------------------------------------------
                         required time                         10.038    
                         arrival time                          -7.367    
  -------------------------------------------------------------------
                         slack                                  2.670    

Slack (MET) :             2.672ns  (required time - arrival time)
  Source:                 bd_0_i/hls_inst/inst/vregs_U/ram_reg_bram_0/CLKARDCLK
                            (rising edge-triggered cell RAMB36E2 clocked by ap_clk  {rise@0.000ns fall@5.000ns period=10.000ns})
  Destination:            bd_0_i/hls_inst/inst/r_1_2_i173_reg_11132_reg[28]/D
                            (rising edge-triggered cell FDRE clocked by ap_clk  {rise@0.000ns fall@5.000ns period=10.000ns})
  Path Group:             ap_clk
  Path Type:              Setup (Max at Slow Process Corner)
  Requirement:            10.000ns  (ap_clk rise@10.000ns - ap_clk rise@0.000ns)
  Data Path Delay:        7.259ns  (logic 5.070ns (69.849%)  route 2.189ns (30.151%))
  Logic Levels:           13  (CARRY8=2 DSP_A_B_DATA=1 DSP_ALU=2 DSP_M_DATA=1 DSP_MULTIPLIER=1 DSP_OUTPUT=2 DSP_PREADD_DATA=1 LUT2=1 LUT5=1 LUT6=1)
  Clock Path Skew:        -0.077ns (DCD - SCD + CPR)
    Destination Clock Delay (DCD):    0.030ns = ( 10.030 - 10.000 ) 
    Source Clock Delay      (SCD):    0.107ns
    Clock Pessimism Removal (CPR):    0.000ns
  Clock Uncertainty:      0.035ns  ((TSJ^2 + TIJ^2)^1/2 + DJ) / 2 + PE
    Total System Jitter     (TSJ):    0.071ns
    Total Input Jitter      (TIJ):    0.000ns
    Discrete Jitter          (DJ):    0.000ns
    Phase Error              (PE):    0.000ns

    Location             Delay type                Incr(ns)  Path(ns)    Netlist Resource(s)
  -------------------------------------------------------------------    -------------------
                         (clock ap_clk rise edge)     0.000     0.000 r  
                                                      0.000     0.000 r  ap_clk (IN)
                         net (fo=4990, unset)         0.107     0.107    bd_0_i/hls_inst/inst/vregs_U/ap_clk
    RAMB36_X0Y8          RAMB36E2                                     r  bd_0_i/hls_inst/inst/vregs_U/ram_reg_bram_0/CLKARDCLK
  -------------------------------------------------------------------    -------------------
    RAMB36_X0Y8          RAMB36E2 (Prop_RAMB36E2_RAMB36_CLKARDCLK_DOUTADOUT[16])
                                                      1.277     1.384 f  bd_0_i/hls_inst/inst/vregs_U/ram_reg_bram_0/DOUTADOUT[16]
                         net (fo=5, routed)           0.735     2.119    bd_0_i/hls_inst/inst/vregs_U/vregs_q1[16]
    SLICE_X29Y44         LUT6 (Prop_D6LUT_SLICEM_I0_O)
                                                      0.220     2.339 f  bd_0_i/hls_inst/inst/vregs_U/tmp_product_i_16/O
                         net (fo=2, routed)           0.254     2.593    bd_0_i/hls_inst/inst/mul_32s_32s_32_1_1_U118/tmp_product__0/B[16]
    DSP48E2_X7Y19        DSP_A_B_DATA (Prop_DSP_A_B_DATA_DSP48E2_B[16]_B2_DATA[16])
                                                      0.216     2.809 r  bd_0_i/hls_inst/inst/mul_32s_32s_32_1_1_U118/tmp_product__0/DSP_A_B_DATA_INST/B2_DATA[16]
                         net (fo=1, routed)           0.000     2.809    bd_0_i/hls_inst/inst/mul_32s_32s_32_1_1_U118/tmp_product__0/DSP_A_B_DATA.B2_DATA<16>
    DSP48E2_X7Y19        DSP_PREADD_DATA (Prop_DSP_PREADD_DATA_DSP48E2_B2_DATA[16]_B2B1[16])
                                                      0.097     2.906 r  bd_0_i/hls_inst/inst/mul_32s_32s_32_1_1_U118/tmp_product__0/DSP_PREADD_DATA_INST/B2B1[16]
                         net (fo=1, routed)           0.000     2.906    bd_0_i/hls_inst/inst/mul_32s_32s_32_1_1_U118/tmp_product__0/DSP_PREADD_DATA.B2B1<16>
    DSP48E2_X7Y19        DSP_MULTIPLIER (Prop_DSP_MULTIPLIER_DSP48E2_B2B1[16]_U[43])
                                                      0.773     3.679 f  bd_0_i/hls_inst/inst/mul_32s_32s_32_1_1_U118/tmp_product__0/DSP_MULTIPLIER_INST/U[43]
                         net (fo=1, routed)           0.000     3.679    bd_0_i/hls_inst/inst/mul_32s_32s_32_1_1_U118/tmp_product__0/DSP_MULTIPLIER.U<43>
    DSP48E2_X7Y19        DSP_M_DATA (Prop_DSP_M_DATA_DSP48E2_U[43]_U_DATA[43])
                                                      0.067     3.746 r  bd_0_i/hls_inst/inst/mul_32s_32s_32_1_1_U118/tmp_product__0/DSP_M_DATA_INST/U_DATA[43]
                         net (fo=1, routed)           0.000     3.746    bd_0_i/hls_inst/inst/mul_32s_32s_32_1_1_U118/tmp_product__0/DSP_M_DATA.U_DATA<43>
    DSP48E2_X7Y19        DSP_ALU (Prop_DSP_ALU_DSP48E2_U_DATA[43]_ALU_OUT[47])
                                                      0.727     4.473 f  bd_0_i/hls_inst/inst/mul_32s_32s_32_1_1_U118/tmp_product__0/DSP_ALU_INST/ALU_OUT[47]
                         net (fo=1, routed)           0.000     4.473    bd_0_i/hls_inst/inst/mul_32s_32s_32_1_1_U118/tmp_product__0/DSP_ALU.ALU_OUT<47>
    DSP48E2_X7Y19        DSP_OUTPUT (Prop_DSP_OUTPUT_DSP48E2_ALU_OUT[47]_PCOUT[47])
                                                      0.167     4.640 r  bd_0_i/hls_inst/inst/mul_32s_32s_32_1_1_U118/tmp_product__0/DSP_OUTPUT_INST/PCOUT[47]
                         net (fo=1, routed)           0.038     4.678    bd_0_i/hls_inst/inst/mul_32s_32s_32_1_1_U118/tmp_product__1/PCIN[47]
    DSP48E2_X7Y20        DSP_ALU (Prop_DSP_ALU_DSP48E2_PCIN[47]_ALU_OUT[4])
                                                      0.739     5.417 f  bd_0_i/hls_inst/inst/mul_32s_32s_32_1_1_U118/tmp_product__1/DSP_ALU_INST/ALU_OUT[4]
                         net (fo=1, routed)           0.000     5.417    bd_0_i/hls_inst/inst/mul_32s_32s_32_1_1_U118/tmp_product__1/DSP_ALU.ALU_OUT<4>
    DSP48E2_X7Y20        DSP_OUTPUT (Prop_DSP_OUTPUT_DSP48E2_ALU_OUT[4]_P[4])
                                                      0.146     5.563 r  bd_0_i/hls_inst/inst/mul_32s_32s_32_1_1_U118/tmp_product__1/DSP_OUTPUT_INST/P[4]
                         net (fo=2, routed)           0.309     5.872    bd_0_i/hls_inst/inst/mul_32s_32s_32_1_1_U118/tmp_product__1_n_103
    SLICE_X29Y48         LUT2 (Prop_F6LUT_SLICEM_I0_O)
                                                      0.149     6.021 r  bd_0_i/hls_inst/inst/mul_32s_32s_32_1_1_U118/tmp_product_carry_i_3/O
                         net (fo=1, routed)           0.029     6.050    bd_0_i/hls_inst/inst/mul_32s_32s_32_1_1_U118/tmp_product_carry_i_3_n_2
    SLICE_X29Y48         CARRY8 (Prop_CARRY8_SLICEM_S[5]_CO[7])
                                                      0.238     6.288 r  bd_0_i/hls_inst/inst/mul_32s_32s_32_1_1_U118/tmp_product_carry/CO[7]
                         net (fo=1, routed)           0.030     6.318    bd_0_i/hls_inst/inst/mul_32s_32s_32_1_1_U118/tmp_product_carry_n_2
    SLICE_X29Y49         CARRY8 (Prop_CARRY8_SLICEM_CI_O[4])
                                                      0.119     6.437 r  bd_0_i/hls_inst/inst/mul_32s_32s_32_1_1_U118/tmp_product_carry__0/O[4]
                         net (fo=2, routed)           0.407     6.844    bd_0_i/hls_inst/inst/vregs_U/tmp_product__2[12]
    SLICE_X28Y41         LUT5 (Prop_C6LUT_SLICEM_I4_O)
                                                      0.135     6.979 r  bd_0_i/hls_inst/inst/vregs_U/r_3_reg_11137[28]_i_1/O
                         net (fo=4, routed)           0.387     7.366    bd_0_i/hls_inst/inst/r_1_i163165171_fu_7659_p3[28]
    SLICE_X29Y40         FDRE                                         r  bd_0_i/hls_inst/inst/r_1_2_i173_reg_11132_reg[28]/D
  -------------------------------------------------------------------    -------------------

                         (clock ap_clk rise edge)    10.000    10.000 r  
                                                      0.000    10.000 r  ap_clk (IN)
                         net (fo=4990, unset)         0.030    10.030    bd_0_i/hls_inst/inst/ap_clk
    SLICE_X29Y40         FDRE                                         r  bd_0_i/hls_inst/inst/r_1_2_i173_reg_11132_reg[28]/C
                         clock pessimism              0.000    10.030    
                         clock uncertainty           -0.035     9.995    
    SLICE_X29Y40         FDRE (Setup_CFF_SLICEM_C_D)
                                                      0.043    10.038    bd_0_i/hls_inst/inst/r_1_2_i173_reg_11132_reg[28]
  -------------------------------------------------------------------
                         required time                         10.038    
                         arrival time                          -7.366    
  -------------------------------------------------------------------
                         slack                                  2.672    

Slack (MET) :             2.680ns  (required time - arrival time)
  Source:                 bd_0_i/hls_inst/inst/vregs_U/ram_reg_bram_0/CLKARDCLK
                            (rising edge-triggered cell RAMB36E2 clocked by ap_clk  {rise@0.000ns fall@5.000ns period=10.000ns})
  Destination:            bd_0_i/hls_inst/inst/r_1_i163165171_reg_11102_reg[27]/D
                            (rising edge-triggered cell FDRE clocked by ap_clk  {rise@0.000ns fall@5.000ns period=10.000ns})
  Path Group:             ap_clk
  Path Type:              Setup (Max at Slow Process Corner)
  Requirement:            10.000ns  (ap_clk rise@10.000ns - ap_clk rise@0.000ns)
  Data Path Delay:        7.252ns  (logic 5.153ns (71.058%)  route 2.099ns (28.942%))
  Logic Levels:           13  (CARRY8=2 DSP_A_B_DATA=1 DSP_ALU=2 DSP_M_DATA=1 DSP_MULTIPLIER=1 DSP_OUTPUT=2 DSP_PREADD_DATA=1 LUT2=1 LUT5=1 LUT6=1)
  Clock Path Skew:        -0.077ns (DCD - SCD + CPR)
    Destination Clock Delay (DCD):    0.030ns = ( 10.030 - 10.000 ) 
    Source Clock Delay      (SCD):    0.107ns
    Clock Pessimism Removal (CPR):    0.000ns
  Clock Uncertainty:      0.035ns  ((TSJ^2 + TIJ^2)^1/2 + DJ) / 2 + PE
    Total System Jitter     (TSJ):    0.071ns
    Total Input Jitter      (TIJ):    0.000ns
    Discrete Jitter          (DJ):    0.000ns
    Phase Error              (PE):    0.000ns

    Location             Delay type                Incr(ns)  Path(ns)    Netlist Resource(s)
  -------------------------------------------------------------------    -------------------
                         (clock ap_clk rise edge)     0.000     0.000 r  
                                                      0.000     0.000 r  ap_clk (IN)
                         net (fo=4990, unset)         0.107     0.107    bd_0_i/hls_inst/inst/vregs_U/ap_clk
    RAMB36_X0Y8          RAMB36E2                                     r  bd_0_i/hls_inst/inst/vregs_U/ram_reg_bram_0/CLKARDCLK
  -------------------------------------------------------------------    -------------------
    RAMB36_X0Y8          RAMB36E2 (Prop_RAMB36E2_RAMB36_CLKARDCLK_DOUTADOUT[16])
                                                      1.277     1.384 f  bd_0_i/hls_inst/inst/vregs_U/ram_reg_bram_0/DOUTADOUT[16]
                         net (fo=5, routed)           0.735     2.119    bd_0_i/hls_inst/inst/vregs_U/vregs_q1[16]
    SLICE_X29Y44         LUT6 (Prop_D6LUT_SLICEM_I0_O)
                                                      0.220     2.339 f  bd_0_i/hls_inst/inst/vregs_U/tmp_product_i_16/O
                         net (fo=2, routed)           0.254     2.593    bd_0_i/hls_inst/inst/mul_32s_32s_32_1_1_U118/tmp_product__0/B[16]
    DSP48E2_X7Y19        DSP_A_B_DATA (Prop_DSP_A_B_DATA_DSP48E2_B[16]_B2_DATA[16])
                                                      0.216     2.809 r  bd_0_i/hls_inst/inst/mul_32s_32s_32_1_1_U118/tmp_product__0/DSP_A_B_DATA_INST/B2_DATA[16]
                         net (fo=1, routed)           0.000     2.809    bd_0_i/hls_inst/inst/mul_32s_32s_32_1_1_U118/tmp_product__0/DSP_A_B_DATA.B2_DATA<16>
    DSP48E2_X7Y19        DSP_PREADD_DATA (Prop_DSP_PREADD_DATA_DSP48E2_B2_DATA[16]_B2B1[16])
                                                      0.097     2.906 r  bd_0_i/hls_inst/inst/mul_32s_32s_32_1_1_U118/tmp_product__0/DSP_PREADD_DATA_INST/B2B1[16]
                         net (fo=1, routed)           0.000     2.906    bd_0_i/hls_inst/inst/mul_32s_32s_32_1_1_U118/tmp_product__0/DSP_PREADD_DATA.B2B1<16>
    DSP48E2_X7Y19        DSP_MULTIPLIER (Prop_DSP_MULTIPLIER_DSP48E2_B2B1[16]_U[43])
                                                      0.773     3.679 f  bd_0_i/hls_inst/inst/mul_32s_32s_32_1_1_U118/tmp_product__0/DSP_MULTIPLIER_INST/U[43]
                         net (fo=1, routed)           0.000     3.679    bd_0_i/hls_inst/inst/mul_32s_32s_32_1_1_U118/tmp_product__0/DSP_MULTIPLIER.U<43>
    DSP48E2_X7Y19        DSP_M_DATA (Prop_DSP_M_DATA_DSP48E2_U[43]_U_DATA[43])
                                                      0.067     3.746 r  bd_0_i/hls_inst/inst/mul_32s_32s_32_1_1_U118/tmp_product__0/DSP_M_DATA_INST/U_DATA[43]
                         net (fo=1, routed)           0.000     3.746    bd_0_i/hls_inst/inst/mul_32s_32s_32_1_1_U118/tmp_product__0/DSP_M_DATA.U_DATA<43>
    DSP48E2_X7Y19        DSP_ALU (Prop_DSP_ALU_DSP48E2_U_DATA[43]_ALU_OUT[47])
                                                      0.727     4.473 f  bd_0_i/hls_inst/inst/mul_32s_32s_32_1_1_U118/tmp_product__0/DSP_ALU_INST/ALU_OUT[47]
                         net (fo=1, routed)           0.000     4.473    bd_0_i/hls_inst/inst/mul_32s_32s_32_1_1_U118/tmp_product__0/DSP_ALU.ALU_OUT<47>
    DSP48E2_X7Y19        DSP_OUTPUT (Prop_DSP_OUTPUT_DSP48E2_ALU_OUT[47]_PCOUT[47])
                                                      0.167     4.640 r  bd_0_i/hls_inst/inst/mul_32s_32s_32_1_1_U118/tmp_product__0/DSP_OUTPUT_INST/PCOUT[47]
                         net (fo=1, routed)           0.038     4.678    bd_0_i/hls_inst/inst/mul_32s_32s_32_1_1_U118/tmp_product__1/PCIN[47]
    DSP48E2_X7Y20        DSP_ALU (Prop_DSP_ALU_DSP48E2_PCIN[47]_ALU_OUT[4])
                                                      0.739     5.417 f  bd_0_i/hls_inst/inst/mul_32s_32s_32_1_1_U118/tmp_product__1/DSP_ALU_INST/ALU_OUT[4]
                         net (fo=1, routed)           0.000     5.417    bd_0_i/hls_inst/inst/mul_32s_32s_32_1_1_U118/tmp_product__1/DSP_ALU.ALU_OUT<4>
    DSP48E2_X7Y20        DSP_OUTPUT (Prop_DSP_OUTPUT_DSP48E2_ALU_OUT[4]_P[4])
                                                      0.146     5.563 r  bd_0_i/hls_inst/inst/mul_32s_32s_32_1_1_U118/tmp_product__1/DSP_OUTPUT_INST/P[4]
                         net (fo=2, routed)           0.309     5.872    bd_0_i/hls_inst/inst/mul_32s_32s_32_1_1_U118/tmp_product__1_n_103
    SLICE_X29Y48         LUT2 (Prop_F6LUT_SLICEM_I0_O)
                                                      0.149     6.021 r  bd_0_i/hls_inst/inst/mul_32s_32s_32_1_1_U118/tmp_product_carry_i_3/O
                         net (fo=1, routed)           0.029     6.050    bd_0_i/hls_inst/inst/mul_32s_32s_32_1_1_U118/tmp_product_carry_i_3_n_2
    SLICE_X29Y48         CARRY8 (Prop_CARRY8_SLICEM_S[5]_CO[7])
                                                      0.238     6.288 r  bd_0_i/hls_inst/inst/mul_32s_32s_32_1_1_U118/tmp_product_carry/CO[7]
                         net (fo=1, routed)           0.030     6.318    bd_0_i/hls_inst/inst/mul_32s_32s_32_1_1_U118/tmp_product_carry_n_2
    SLICE_X29Y49         CARRY8 (Prop_CARRY8_SLICEM_CI_O[3])
                                                      0.114     6.432 r  bd_0_i/hls_inst/inst/mul_32s_32s_32_1_1_U118/tmp_product_carry__0/O[3]
                         net (fo=2, routed)           0.382     6.814    bd_0_i/hls_inst/inst/vregs_U/tmp_product__2[11]
    SLICE_X26Y45         LUT5 (Prop_E6LUT_SLICEL_I4_O)
                                                      0.223     7.037 r  bd_0_i/hls_inst/inst/vregs_U/r_3_reg_11137[27]_i_1/O
                         net (fo=4, routed)           0.322     7.359    bd_0_i/hls_inst/inst/r_1_i163165171_fu_7659_p3[27]
    SLICE_X25Y45         FDRE                                         r  bd_0_i/hls_inst/inst/r_1_i163165171_reg_11102_reg[27]/D
  -------------------------------------------------------------------    -------------------

                         (clock ap_clk rise edge)    10.000    10.000 r  
                                                      0.000    10.000 r  ap_clk (IN)
                         net (fo=4990, unset)         0.030    10.030    bd_0_i/hls_inst/inst/ap_clk
    SLICE_X25Y45         FDRE                                         r  bd_0_i/hls_inst/inst/r_1_i163165171_reg_11102_reg[27]/C
                         clock pessimism              0.000    10.030    
                         clock uncertainty           -0.035     9.995    
    SLICE_X25Y45         FDRE (Setup_AFF_SLICEM_C_D)
                                                      0.044    10.039    bd_0_i/hls_inst/inst/r_1_i163165171_reg_11102_reg[27]
  -------------------------------------------------------------------
                         required time                         10.039    
                         arrival time                          -7.359    
  -------------------------------------------------------------------
                         slack                                  2.680    




