Copyright 1986-2022 Xilinx, Inc. All Rights Reserved. Copyright 2022-2024 Advanced Micro Devices, Inc. All Rights Reserved.
--------------------------------------------------------------------------------------------------------------------------------------------------
| Tool Version      : Vivado v.2024.2 (lin64) Build 5239630 Fri Nov 08 22:34:34 MST 2024
| Date              : Wed Jul 22 07:53:25 2026
| Host              : andy-ThinkPad-P53 running 64-bit Ubuntu 24.04.4 LTS
| Command           : report_timing -max_paths 10 -file ./report/rv32_ooo_tick_timing_paths_synth.rpt
| Design            : bd_0_wrapper
| Device            : xck26-sfvc784
| Speed File        : -2LV  PRODUCTION 1.30 05-15-2022
| Design State      : Synthesized
| Temperature Grade : C
--------------------------------------------------------------------------------------------------------------------------------------------------

Timing Report

Slack (MET) :             3.436ns  (required time - arrival time)
  Source:                 bd_0_i/hls_inst/inst/vregs_U/ram_reg_bram_0/CLKARDCLK
                            (rising edge-triggered cell RAMB36E2 clocked by ap_clk  {rise@0.000ns fall@5.000ns period=10.000ns})
  Destination:            bd_0_i/hls_inst/inst/res_24_reg_3165_reg[31]/D
                            (rising edge-triggered cell FDRE clocked by ap_clk  {rise@0.000ns fall@5.000ns period=10.000ns})
  Path Group:             ap_clk
  Path Type:              Setup (Max at Slow Process Corner)
  Requirement:            10.000ns  (ap_clk rise@10.000ns - ap_clk rise@0.000ns)
  Data Path Delay:        6.495ns  (logic 5.293ns (81.493%)  route 1.202ns (18.507%))
  Logic Levels:           14  (CARRY8=2 DSP_A_B_DATA=1 DSP_ALU=2 DSP_M_DATA=1 DSP_MULTIPLIER=1 DSP_OUTPUT=2 DSP_PREADD_DATA=1 LUT2=1 LUT5=1 LUT6=2)
  Clock Path Skew:        -0.078ns (DCD - SCD + CPR)
    Destination Clock Delay (DCD):    0.029ns = ( 10.029 - 10.000 ) 
    Source Clock Delay      (SCD):    0.107ns
    Clock Pessimism Removal (CPR):    0.000ns
  Clock Uncertainty:      0.035ns  ((TSJ^2 + TIJ^2)^1/2 + DJ) / 2 + PE
    Total System Jitter     (TSJ):    0.071ns
    Total Input Jitter      (TIJ):    0.000ns
    Discrete Jitter          (DJ):    0.000ns
    Phase Error              (PE):    0.000ns

    Location             Delay type                Incr(ns)  Path(ns)    Netlist Resource(s)
  -------------------------------------------------------------------    -------------------
                         (clock ap_clk rise edge)     0.000     0.000 r  
                                                      0.000     0.000 r  ap_clk (IN)
                         net (fo=5041, unset)         0.107     0.107    bd_0_i/hls_inst/inst/vregs_U/ap_clk
                         RAMB36E2                                     r  bd_0_i/hls_inst/inst/vregs_U/ram_reg_bram_0/CLKARDCLK
  -------------------------------------------------------------------    -------------------
                         RAMB36E2 (Prop_RAMB36E2_CLKARDCLK_DOUTADOUT[0])
                                                      1.398     1.505 f  bd_0_i/hls_inst/inst/vregs_U/ram_reg_bram_0/DOUTADOUT[0]
                         net (fo=5, unplaced)         0.259     1.764    bd_0_i/hls_inst/inst/vregs_U/ram_reg_bram_0_0[0]
                         LUT6 (Prop_LUT6_I0_O)        0.225     1.989 f  bd_0_i/hls_inst/inst/vregs_U/tmp_product_i_32/O
                         net (fo=2, unplaced)         0.256     2.245    bd_0_i/hls_inst/inst/mul_32s_32s_32_1_1_U118/tmp_product__0/B[0]
                         DSP_A_B_DATA (Prop_DSP_A_B_DATA_B[0]_B2_DATA[0])
                                                      0.216     2.461 r  bd_0_i/hls_inst/inst/mul_32s_32s_32_1_1_U118/tmp_product__0/DSP_A_B_DATA_INST/B2_DATA[0]
                         net (fo=1, unplaced)         0.000     2.461    bd_0_i/hls_inst/inst/mul_32s_32s_32_1_1_U118/tmp_product__0/DSP_A_B_DATA.B2_DATA<0>
                         DSP_PREADD_DATA (Prop_DSP_PREADD_DATA_B2_DATA[0]_B2B1[0])
                                                      0.097     2.558 r  bd_0_i/hls_inst/inst/mul_32s_32s_32_1_1_U118/tmp_product__0/DSP_PREADD_DATA_INST/B2B1[0]
                         net (fo=1, unplaced)         0.000     2.558    bd_0_i/hls_inst/inst/mul_32s_32s_32_1_1_U118/tmp_product__0/DSP_PREADD_DATA.B2B1<0>
                         DSP_MULTIPLIER (Prop_DSP_MULTIPLIER_B2B1[0]_U[31])
                                                      0.773     3.331 f  bd_0_i/hls_inst/inst/mul_32s_32s_32_1_1_U118/tmp_product__0/DSP_MULTIPLIER_INST/U[31]
                         net (fo=1, unplaced)         0.000     3.331    bd_0_i/hls_inst/inst/mul_32s_32s_32_1_1_U118/tmp_product__0/DSP_MULTIPLIER.U<31>
                         DSP_M_DATA (Prop_DSP_M_DATA_U[31]_U_DATA[31])
                                                      0.067     3.398 r  bd_0_i/hls_inst/inst/mul_32s_32s_32_1_1_U118/tmp_product__0/DSP_M_DATA_INST/U_DATA[31]
                         net (fo=1, unplaced)         0.000     3.398    bd_0_i/hls_inst/inst/mul_32s_32s_32_1_1_U118/tmp_product__0/DSP_M_DATA.U_DATA<31>
                         DSP_ALU (Prop_DSP_ALU_U_DATA[31]_ALU_OUT[47])
                                                      0.727     4.125 f  bd_0_i/hls_inst/inst/mul_32s_32s_32_1_1_U118/tmp_product__0/DSP_ALU_INST/ALU_OUT[47]
                         net (fo=1, unplaced)         0.000     4.125    bd_0_i/hls_inst/inst/mul_32s_32s_32_1_1_U118/tmp_product__0/DSP_ALU.ALU_OUT<47>
                         DSP_OUTPUT (Prop_DSP_OUTPUT_ALU_OUT[47]_PCOUT[47])
                                                      0.167     4.292 r  bd_0_i/hls_inst/inst/mul_32s_32s_32_1_1_U118/tmp_product__0/DSP_OUTPUT_INST/PCOUT[47]
                         net (fo=1, unplaced)         0.014     4.306    bd_0_i/hls_inst/inst/mul_32s_32s_32_1_1_U118/tmp_product__1/PCIN[47]
                         DSP_ALU (Prop_DSP_ALU_PCIN[47]_ALU_OUT[0])
                                                      0.739     5.045 f  bd_0_i/hls_inst/inst/mul_32s_32s_32_1_1_U118/tmp_product__1/DSP_ALU_INST/ALU_OUT[0]
                         net (fo=1, unplaced)         0.000     5.045    bd_0_i/hls_inst/inst/mul_32s_32s_32_1_1_U118/tmp_product__1/DSP_ALU.ALU_OUT<0>
                         DSP_OUTPUT (Prop_DSP_OUTPUT_ALU_OUT[0]_P[0])
                                                      0.146     5.191 r  bd_0_i/hls_inst/inst/mul_32s_32s_32_1_1_U118/tmp_product__1/DSP_OUTPUT_INST/P[0]
                         net (fo=2, unplaced)         0.258     5.449    bd_0_i/hls_inst/inst/mul_32s_32s_32_1_1_U118/tmp_product__1_n_107
                         LUT2 (Prop_LUT2_I0_O)        0.082     5.531 r  bd_0_i/hls_inst/inst/mul_32s_32s_32_1_1_U118/tmp_product_carry_i_7/O
                         net (fo=1, unplaced)         0.030     5.561    bd_0_i/hls_inst/inst/mul_32s_32s_32_1_1_U118/tmp_product_carry_i_7_n_2
                         CARRY8 (Prop_CARRY8_S[1]_CO[7])
                                                      0.275     5.836 r  bd_0_i/hls_inst/inst/mul_32s_32s_32_1_1_U118/tmp_product_carry/CO[7]
                         net (fo=1, unplaced)         0.006     5.842    bd_0_i/hls_inst/inst/mul_32s_32s_32_1_1_U118/tmp_product_carry_n_2
                         CARRY8 (Prop_CARRY8_CI_O[7])
                                                      0.171     6.013 r  bd_0_i/hls_inst/inst/mul_32s_32s_32_1_1_U118/tmp_product_carry__0/O[7]
                         net (fo=2, unplaced)         0.101     6.114    bd_0_i/hls_inst/inst/mul_32s_32s_32_1_1_U118/tmp_product__2[15]
                         LUT5 (Prop_LUT5_I2_O)        0.152     6.266 r  bd_0_i/hls_inst/inst/mul_32s_32s_32_1_1_U118/res_24_reg_3165[31]_i_3/O
                         net (fo=1, unplaced)         0.211     6.477    bd_0_i/hls_inst/inst/mul_32s_32s_32_1_1_U118/res_24_reg_3165[31]_i_3_n_2
                         LUT6 (Prop_LUT6_I4_O)        0.058     6.535 r  bd_0_i/hls_inst/inst/mul_32s_32s_32_1_1_U118/res_24_reg_3165[31]_i_1/O
                         net (fo=1, unplaced)         0.067     6.602    bd_0_i/hls_inst/inst/mul_32s_32s_32_1_1_U118_n_36
                         FDRE                                         r  bd_0_i/hls_inst/inst/res_24_reg_3165_reg[31]/D
  -------------------------------------------------------------------    -------------------

                         (clock ap_clk rise edge)    10.000    10.000 r  
                                                      0.000    10.000 r  ap_clk (IN)
                         net (fo=5041, unset)         0.029    10.029    bd_0_i/hls_inst/inst/ap_clk
                         FDRE                                         r  bd_0_i/hls_inst/inst/res_24_reg_3165_reg[31]/C
                         clock pessimism              0.000    10.029    
                         clock uncertainty           -0.035     9.994    
                         FDRE (Setup_FDRE_C_D)        0.044    10.038    bd_0_i/hls_inst/inst/res_24_reg_3165_reg[31]
  -------------------------------------------------------------------
                         required time                         10.038    
                         arrival time                          -6.602    
  -------------------------------------------------------------------
                         slack                                  3.436    

Slack (MET) :             3.558ns  (required time - arrival time)
  Source:                 bd_0_i/hls_inst/inst/vregs_U/ram_reg_bram_0/CLKARDCLK
                            (rising edge-triggered cell RAMB36E2 clocked by ap_clk  {rise@0.000ns fall@5.000ns period=10.000ns})
  Destination:            bd_0_i/hls_inst/inst/res_24_reg_3165_reg[28]/D
                            (rising edge-triggered cell FDRE clocked by ap_clk  {rise@0.000ns fall@5.000ns period=10.000ns})
  Path Group:             ap_clk
  Path Type:              Setup (Max at Slow Process Corner)
  Requirement:            10.000ns  (ap_clk rise@10.000ns - ap_clk rise@0.000ns)
  Data Path Delay:        6.373ns  (logic 5.219ns (81.892%)  route 1.154ns (18.108%))
  Logic Levels:           13  (CARRY8=2 DSP_A_B_DATA=1 DSP_ALU=2 DSP_M_DATA=1 DSP_MULTIPLIER=1 DSP_OUTPUT=2 DSP_PREADD_DATA=1 LUT2=1 LUT6=2)
  Clock Path Skew:        -0.078ns (DCD - SCD + CPR)
    Destination Clock Delay (DCD):    0.029ns = ( 10.029 - 10.000 ) 
    Source Clock Delay      (SCD):    0.107ns
    Clock Pessimism Removal (CPR):    0.000ns
  Clock Uncertainty:      0.035ns  ((TSJ^2 + TIJ^2)^1/2 + DJ) / 2 + PE
    Total System Jitter     (TSJ):    0.071ns
    Total Input Jitter      (TIJ):    0.000ns
    Discrete Jitter          (DJ):    0.000ns
    Phase Error              (PE):    0.000ns

    Location             Delay type                Incr(ns)  Path(ns)    Netlist Resource(s)
  -------------------------------------------------------------------    -------------------
                         (clock ap_clk rise edge)     0.000     0.000 r  
                                                      0.000     0.000 r  ap_clk (IN)
                         net (fo=5041, unset)         0.107     0.107    bd_0_i/hls_inst/inst/vregs_U/ap_clk
                         RAMB36E2                                     r  bd_0_i/hls_inst/inst/vregs_U/ram_reg_bram_0/CLKARDCLK
  -------------------------------------------------------------------    -------------------
                         RAMB36E2 (Prop_RAMB36E2_CLKARDCLK_DOUTADOUT[0])
                                                      1.398     1.505 f  bd_0_i/hls_inst/inst/vregs_U/ram_reg_bram_0/DOUTADOUT[0]
                         net (fo=5, unplaced)         0.259     1.764    bd_0_i/hls_inst/inst/vregs_U/ram_reg_bram_0_0[0]
                         LUT6 (Prop_LUT6_I0_O)        0.225     1.989 f  bd_0_i/hls_inst/inst/vregs_U/tmp_product_i_32/O
                         net (fo=2, unplaced)         0.256     2.245    bd_0_i/hls_inst/inst/mul_32s_32s_32_1_1_U118/tmp_product__0/B[0]
                         DSP_A_B_DATA (Prop_DSP_A_B_DATA_B[0]_B2_DATA[0])
                                                      0.216     2.461 r  bd_0_i/hls_inst/inst/mul_32s_32s_32_1_1_U118/tmp_product__0/DSP_A_B_DATA_INST/B2_DATA[0]
                         net (fo=1, unplaced)         0.000     2.461    bd_0_i/hls_inst/inst/mul_32s_32s_32_1_1_U118/tmp_product__0/DSP_A_B_DATA.B2_DATA<0>
                         DSP_PREADD_DATA (Prop_DSP_PREADD_DATA_B2_DATA[0]_B2B1[0])
                                                      0.097     2.558 r  bd_0_i/hls_inst/inst/mul_32s_32s_32_1_1_U118/tmp_product__0/DSP_PREADD_DATA_INST/B2B1[0]
                         net (fo=1, unplaced)         0.000     2.558    bd_0_i/hls_inst/inst/mul_32s_32s_32_1_1_U118/tmp_product__0/DSP_PREADD_DATA.B2B1<0>
                         DSP_MULTIPLIER (Prop_DSP_MULTIPLIER_B2B1[0]_U[31])
                                                      0.773     3.331 f  bd_0_i/hls_inst/inst/mul_32s_32s_32_1_1_U118/tmp_product__0/DSP_MULTIPLIER_INST/U[31]
                         net (fo=1, unplaced)         0.000     3.331    bd_0_i/hls_inst/inst/mul_32s_32s_32_1_1_U118/tmp_product__0/DSP_MULTIPLIER.U<31>
                         DSP_M_DATA (Prop_DSP_M_DATA_U[31]_U_DATA[31])
                                                      0.067     3.398 r  bd_0_i/hls_inst/inst/mul_32s_32s_32_1_1_U118/tmp_product__0/DSP_M_DATA_INST/U_DATA[31]
                         net (fo=1, unplaced)         0.000     3.398    bd_0_i/hls_inst/inst/mul_32s_32s_32_1_1_U118/tmp_product__0/DSP_M_DATA.U_DATA<31>
                         DSP_ALU (Prop_DSP_ALU_U_DATA[31]_ALU_OUT[47])
                                                      0.727     4.125 f  bd_0_i/hls_inst/inst/mul_32s_32s_32_1_1_U118/tmp_product__0/DSP_ALU_INST/ALU_OUT[47]
                         net (fo=1, unplaced)         0.000     4.125    bd_0_i/hls_inst/inst/mul_32s_32s_32_1_1_U118/tmp_product__0/DSP_ALU.ALU_OUT<47>
                         DSP_OUTPUT (Prop_DSP_OUTPUT_ALU_OUT[47]_PCOUT[47])
                                                      0.167     4.292 r  bd_0_i/hls_inst/inst/mul_32s_32s_32_1_1_U118/tmp_product__0/DSP_OUTPUT_INST/PCOUT[47]
                         net (fo=1, unplaced)         0.014     4.306    bd_0_i/hls_inst/inst/mul_32s_32s_32_1_1_U118/tmp_product__1/PCIN[47]
                         DSP_ALU (Prop_DSP_ALU_PCIN[47]_ALU_OUT[0])
                                                      0.739     5.045 f  bd_0_i/hls_inst/inst/mul_32s_32s_32_1_1_U118/tmp_product__1/DSP_ALU_INST/ALU_OUT[0]
                         net (fo=1, unplaced)         0.000     5.045    bd_0_i/hls_inst/inst/mul_32s_32s_32_1_1_U118/tmp_product__1/DSP_ALU.ALU_OUT<0>
                         DSP_OUTPUT (Prop_DSP_OUTPUT_ALU_OUT[0]_P[0])
                                                      0.146     5.191 r  bd_0_i/hls_inst/inst/mul_32s_32s_32_1_1_U118/tmp_product__1/DSP_OUTPUT_INST/P[0]
                         net (fo=2, unplaced)         0.258     5.449    bd_0_i/hls_inst/inst/mul_32s_32s_32_1_1_U118/tmp_product__1_n_107
                         LUT2 (Prop_LUT2_I0_O)        0.082     5.531 r  bd_0_i/hls_inst/inst/mul_32s_32s_32_1_1_U118/tmp_product_carry_i_7/O
                         net (fo=1, unplaced)         0.030     5.561    bd_0_i/hls_inst/inst/mul_32s_32s_32_1_1_U118/tmp_product_carry_i_7_n_2
                         CARRY8 (Prop_CARRY8_S[1]_CO[7])
                                                      0.275     5.836 r  bd_0_i/hls_inst/inst/mul_32s_32s_32_1_1_U118/tmp_product_carry/CO[7]
                         net (fo=1, unplaced)         0.006     5.842    bd_0_i/hls_inst/inst/mul_32s_32s_32_1_1_U118/tmp_product_carry_n_2
                         CARRY8 (Prop_CARRY8_CI_O[4])
                                                      0.119     5.961 r  bd_0_i/hls_inst/inst/mul_32s_32s_32_1_1_U118/tmp_product_carry__0/O[4]
                         net (fo=2, unplaced)         0.264     6.225    bd_0_i/hls_inst/inst/urem_32s_32s_32_36_seq_1_U125/tmp_product__2[6]
                         LUT6 (Prop_LUT6_I4_O)        0.188     6.413 r  bd_0_i/hls_inst/inst/urem_32s_32s_32_36_seq_1_U125/res_24_reg_3165[28]_i_1/O
                         net (fo=1, unplaced)         0.067     6.480    bd_0_i/hls_inst/inst/urem_32s_32s_32_36_seq_1_U125_n_126
                         FDRE                                         r  bd_0_i/hls_inst/inst/res_24_reg_3165_reg[28]/D
  -------------------------------------------------------------------    -------------------

                         (clock ap_clk rise edge)    10.000    10.000 r  
                                                      0.000    10.000 r  ap_clk (IN)
                         net (fo=5041, unset)         0.029    10.029    bd_0_i/hls_inst/inst/ap_clk
                         FDRE                                         r  bd_0_i/hls_inst/inst/res_24_reg_3165_reg[28]/C
                         clock pessimism              0.000    10.029    
                         clock uncertainty           -0.035     9.994    
                         FDRE (Setup_FDRE_C_D)        0.044    10.038    bd_0_i/hls_inst/inst/res_24_reg_3165_reg[28]
  -------------------------------------------------------------------
                         required time                         10.038    
                         arrival time                          -6.480    
  -------------------------------------------------------------------
                         slack                                  3.558    

Slack (MET) :             3.613ns  (required time - arrival time)
  Source:                 bd_0_i/hls_inst/inst/vregs_U/ram_reg_bram_0/CLKARDCLK
                            (rising edge-triggered cell RAMB36E2 clocked by ap_clk  {rise@0.000ns fall@5.000ns period=10.000ns})
  Destination:            bd_0_i/hls_inst/inst/res_24_reg_3165_reg[29]/D
                            (rising edge-triggered cell FDRE clocked by ap_clk  {rise@0.000ns fall@5.000ns period=10.000ns})
  Path Group:             ap_clk
  Path Type:              Setup (Max at Slow Process Corner)
  Requirement:            10.000ns  (ap_clk rise@10.000ns - ap_clk rise@0.000ns)
  Data Path Delay:        6.318ns  (logic 5.261ns (83.270%)  route 1.057ns (16.730%))
  Logic Levels:           13  (CARRY8=2 DSP_A_B_DATA=1 DSP_ALU=2 DSP_M_DATA=1 DSP_MULTIPLIER=1 DSP_OUTPUT=2 DSP_PREADD_DATA=1 LUT2=1 LUT6=2)
  Clock Path Skew:        -0.078ns (DCD - SCD + CPR)
    Destination Clock Delay (DCD):    0.029ns = ( 10.029 - 10.000 ) 
    Source Clock Delay      (SCD):    0.107ns
    Clock Pessimism Removal (CPR):    0.000ns
  Clock Uncertainty:      0.035ns  ((TSJ^2 + TIJ^2)^1/2 + DJ) / 2 + PE
    Total System Jitter     (TSJ):    0.071ns
    Total Input Jitter      (TIJ):    0.000ns
    Discrete Jitter          (DJ):    0.000ns
    Phase Error              (PE):    0.000ns

    Location             Delay type                Incr(ns)  Path(ns)    Netlist Resource(s)
  -------------------------------------------------------------------    -------------------
                         (clock ap_clk rise edge)     0.000     0.000 r  
                                                      0.000     0.000 r  ap_clk (IN)
                         net (fo=5041, unset)         0.107     0.107    bd_0_i/hls_inst/inst/vregs_U/ap_clk
                         RAMB36E2                                     r  bd_0_i/hls_inst/inst/vregs_U/ram_reg_bram_0/CLKARDCLK
  -------------------------------------------------------------------    -------------------
                         RAMB36E2 (Prop_RAMB36E2_CLKARDCLK_DOUTADOUT[0])
                                                      1.398     1.505 f  bd_0_i/hls_inst/inst/vregs_U/ram_reg_bram_0/DOUTADOUT[0]
                         net (fo=5, unplaced)         0.259     1.764    bd_0_i/hls_inst/inst/vregs_U/ram_reg_bram_0_0[0]
                         LUT6 (Prop_LUT6_I0_O)        0.225     1.989 f  bd_0_i/hls_inst/inst/vregs_U/tmp_product_i_32/O
                         net (fo=2, unplaced)         0.256     2.245    bd_0_i/hls_inst/inst/mul_32s_32s_32_1_1_U118/tmp_product__0/B[0]
                         DSP_A_B_DATA (Prop_DSP_A_B_DATA_B[0]_B2_DATA[0])
                                                      0.216     2.461 r  bd_0_i/hls_inst/inst/mul_32s_32s_32_1_1_U118/tmp_product__0/DSP_A_B_DATA_INST/B2_DATA[0]
                         net (fo=1, unplaced)         0.000     2.461    bd_0_i/hls_inst/inst/mul_32s_32s_32_1_1_U118/tmp_product__0/DSP_A_B_DATA.B2_DATA<0>
                         DSP_PREADD_DATA (Prop_DSP_PREADD_DATA_B2_DATA[0]_B2B1[0])
                                                      0.097     2.558 r  bd_0_i/hls_inst/inst/mul_32s_32s_32_1_1_U118/tmp_product__0/DSP_PREADD_DATA_INST/B2B1[0]
                         net (fo=1, unplaced)         0.000     2.558    bd_0_i/hls_inst/inst/mul_32s_32s_32_1_1_U118/tmp_product__0/DSP_PREADD_DATA.B2B1<0>
                         DSP_MULTIPLIER (Prop_DSP_MULTIPLIER_B2B1[0]_U[31])
                                                      0.773     3.331 f  bd_0_i/hls_inst/inst/mul_32s_32s_32_1_1_U118/tmp_product__0/DSP_MULTIPLIER_INST/U[31]
                         net (fo=1, unplaced)         0.000     3.331    bd_0_i/hls_inst/inst/mul_32s_32s_32_1_1_U118/tmp_product__0/DSP_MULTIPLIER.U<31>
                         DSP_M_DATA (Prop_DSP_M_DATA_U[31]_U_DATA[31])
                                                      0.067     3.398 r  bd_0_i/hls_inst/inst/mul_32s_32s_32_1_1_U118/tmp_product__0/DSP_M_DATA_INST/U_DATA[31]
                         net (fo=1, unplaced)         0.000     3.398    bd_0_i/hls_inst/inst/mul_32s_32s_32_1_1_U118/tmp_product__0/DSP_M_DATA.U_DATA<31>
                         DSP_ALU (Prop_DSP_ALU_U_DATA[31]_ALU_OUT[47])
                                                      0.727     4.125 f  bd_0_i/hls_inst/inst/mul_32s_32s_32_1_1_U118/tmp_product__0/DSP_ALU_INST/ALU_OUT[47]
                         net (fo=1, unplaced)         0.000     4.125    bd_0_i/hls_inst/inst/mul_32s_32s_32_1_1_U118/tmp_product__0/DSP_ALU.ALU_OUT<47>
                         DSP_OUTPUT (Prop_DSP_OUTPUT_ALU_OUT[47]_PCOUT[47])
                                                      0.167     4.292 r  bd_0_i/hls_inst/inst/mul_32s_32s_32_1_1_U118/tmp_product__0/DSP_OUTPUT_INST/PCOUT[47]
                         net (fo=1, unplaced)         0.014     4.306    bd_0_i/hls_inst/inst/mul_32s_32s_32_1_1_U118/tmp_product__1/PCIN[47]
                         DSP_ALU (Prop_DSP_ALU_PCIN[47]_ALU_OUT[0])
                                                      0.739     5.045 f  bd_0_i/hls_inst/inst/mul_32s_32s_32_1_1_U118/tmp_product__1/DSP_ALU_INST/ALU_OUT[0]
                         net (fo=1, unplaced)         0.000     5.045    bd_0_i/hls_inst/inst/mul_32s_32s_32_1_1_U118/tmp_product__1/DSP_ALU.ALU_OUT<0>
                         DSP_OUTPUT (Prop_DSP_OUTPUT_ALU_OUT[0]_P[0])
                                                      0.146     5.191 r  bd_0_i/hls_inst/inst/mul_32s_32s_32_1_1_U118/tmp_product__1/DSP_OUTPUT_INST/P[0]
                         net (fo=2, unplaced)         0.258     5.449    bd_0_i/hls_inst/inst/mul_32s_32s_32_1_1_U118/tmp_product__1_n_107
                         LUT2 (Prop_LUT2_I0_O)        0.082     5.531 r  bd_0_i/hls_inst/inst/mul_32s_32s_32_1_1_U118/tmp_product_carry_i_7/O
                         net (fo=1, unplaced)         0.030     5.561    bd_0_i/hls_inst/inst/mul_32s_32s_32_1_1_U118/tmp_product_carry_i_7_n_2
                         CARRY8 (Prop_CARRY8_S[1]_CO[7])
                                                      0.275     5.836 r  bd_0_i/hls_inst/inst/mul_32s_32s_32_1_1_U118/tmp_product_carry/CO[7]
                         net (fo=1, unplaced)         0.006     5.842    bd_0_i/hls_inst/inst/mul_32s_32s_32_1_1_U118/tmp_product_carry_n_2
                         CARRY8 (Prop_CARRY8_CI_O[5])
                                                      0.161     6.003 r  bd_0_i/hls_inst/inst/mul_32s_32s_32_1_1_U118/tmp_product_carry__0/O[5]
                         net (fo=2, unplaced)         0.167     6.170    bd_0_i/hls_inst/inst/urem_32s_32s_32_36_seq_1_U125/tmp_product__2[7]
                         LUT6 (Prop_LUT6_I1_O)        0.188     6.358 r  bd_0_i/hls_inst/inst/urem_32s_32s_32_36_seq_1_U125/res_24_reg_3165[29]_i_1/O
                         net (fo=1, unplaced)         0.067     6.425    bd_0_i/hls_inst/inst/urem_32s_32s_32_36_seq_1_U125_n_124
                         FDRE                                         r  bd_0_i/hls_inst/inst/res_24_reg_3165_reg[29]/D
  -------------------------------------------------------------------    -------------------

                         (clock ap_clk rise edge)    10.000    10.000 r  
                                                      0.000    10.000 r  ap_clk (IN)
                         net (fo=5041, unset)         0.029    10.029    bd_0_i/hls_inst/inst/ap_clk
                         FDRE                                         r  bd_0_i/hls_inst/inst/res_24_reg_3165_reg[29]/C
                         clock pessimism              0.000    10.029    
                         clock uncertainty           -0.035     9.994    
                         FDRE (Setup_FDRE_C_D)        0.044    10.038    bd_0_i/hls_inst/inst/res_24_reg_3165_reg[29]
  -------------------------------------------------------------------
                         required time                         10.038    
                         arrival time                          -6.425    
  -------------------------------------------------------------------
                         slack                                  3.613    

Slack (MET) :             3.624ns  (required time - arrival time)
  Source:                 bd_0_i/hls_inst/inst/vregs_U/ram_reg_bram_0/CLKARDCLK
                            (rising edge-triggered cell RAMB36E2 clocked by ap_clk  {rise@0.000ns fall@5.000ns period=10.000ns})
  Destination:            bd_0_i/hls_inst/inst/res_24_reg_3165_reg[26]/D
                            (rising edge-triggered cell FDRE clocked by ap_clk  {rise@0.000ns fall@5.000ns period=10.000ns})
  Path Group:             ap_clk
  Path Type:              Setup (Max at Slow Process Corner)
  Requirement:            10.000ns  (ap_clk rise@10.000ns - ap_clk rise@0.000ns)
  Data Path Delay:        6.307ns  (logic 5.193ns (82.337%)  route 1.114ns (17.663%))
  Logic Levels:           13  (CARRY8=2 DSP_A_B_DATA=1 DSP_ALU=2 DSP_M_DATA=1 DSP_MULTIPLIER=1 DSP_OUTPUT=2 DSP_PREADD_DATA=1 LUT2=1 LUT6=2)
  Clock Path Skew:        -0.078ns (DCD - SCD + CPR)
    Destination Clock Delay (DCD):    0.029ns = ( 10.029 - 10.000 ) 
    Source Clock Delay      (SCD):    0.107ns
    Clock Pessimism Removal (CPR):    0.000ns
  Clock Uncertainty:      0.035ns  ((TSJ^2 + TIJ^2)^1/2 + DJ) / 2 + PE
    Total System Jitter     (TSJ):    0.071ns
    Total Input Jitter      (TIJ):    0.000ns
    Discrete Jitter          (DJ):    0.000ns
    Phase Error              (PE):    0.000ns

    Location             Delay type                Incr(ns)  Path(ns)    Netlist Resource(s)
  -------------------------------------------------------------------    -------------------
                         (clock ap_clk rise edge)     0.000     0.000 r  
                                                      0.000     0.000 r  ap_clk (IN)
                         net (fo=5041, unset)         0.107     0.107    bd_0_i/hls_inst/inst/vregs_U/ap_clk
                         RAMB36E2                                     r  bd_0_i/hls_inst/inst/vregs_U/ram_reg_bram_0/CLKARDCLK
  -------------------------------------------------------------------    -------------------
                         RAMB36E2 (Prop_RAMB36E2_CLKARDCLK_DOUTADOUT[0])
                                                      1.398     1.505 f  bd_0_i/hls_inst/inst/vregs_U/ram_reg_bram_0/DOUTADOUT[0]
                         net (fo=5, unplaced)         0.259     1.764    bd_0_i/hls_inst/inst/vregs_U/ram_reg_bram_0_0[0]
                         LUT6 (Prop_LUT6_I0_O)        0.225     1.989 f  bd_0_i/hls_inst/inst/vregs_U/tmp_product_i_32/O
                         net (fo=2, unplaced)         0.256     2.245    bd_0_i/hls_inst/inst/mul_32s_32s_32_1_1_U118/tmp_product__0/B[0]
                         DSP_A_B_DATA (Prop_DSP_A_B_DATA_B[0]_B2_DATA[0])
                                                      0.216     2.461 r  bd_0_i/hls_inst/inst/mul_32s_32s_32_1_1_U118/tmp_product__0/DSP_A_B_DATA_INST/B2_DATA[0]
                         net (fo=1, unplaced)         0.000     2.461    bd_0_i/hls_inst/inst/mul_32s_32s_32_1_1_U118/tmp_product__0/DSP_A_B_DATA.B2_DATA<0>
                         DSP_PREADD_DATA (Prop_DSP_PREADD_DATA_B2_DATA[0]_B2B1[0])
                                                      0.097     2.558 r  bd_0_i/hls_inst/inst/mul_32s_32s_32_1_1_U118/tmp_product__0/DSP_PREADD_DATA_INST/B2B1[0]
                         net (fo=1, unplaced)         0.000     2.558    bd_0_i/hls_inst/inst/mul_32s_32s_32_1_1_U118/tmp_product__0/DSP_PREADD_DATA.B2B1<0>
                         DSP_MULTIPLIER (Prop_DSP_MULTIPLIER_B2B1[0]_U[31])
                                                      0.773     3.331 f  bd_0_i/hls_inst/inst/mul_32s_32s_32_1_1_U118/tmp_product__0/DSP_MULTIPLIER_INST/U[31]
                         net (fo=1, unplaced)         0.000     3.331    bd_0_i/hls_inst/inst/mul_32s_32s_32_1_1_U118/tmp_product__0/DSP_MULTIPLIER.U<31>
                         DSP_M_DATA (Prop_DSP_M_DATA_U[31]_U_DATA[31])
                                                      0.067     3.398 r  bd_0_i/hls_inst/inst/mul_32s_32s_32_1_1_U118/tmp_product__0/DSP_M_DATA_INST/U_DATA[31]
                         net (fo=1, unplaced)         0.000     3.398    bd_0_i/hls_inst/inst/mul_32s_32s_32_1_1_U118/tmp_product__0/DSP_M_DATA.U_DATA<31>
                         DSP_ALU (Prop_DSP_ALU_U_DATA[31]_ALU_OUT[47])
                                                      0.727     4.125 f  bd_0_i/hls_inst/inst/mul_32s_32s_32_1_1_U118/tmp_product__0/DSP_ALU_INST/ALU_OUT[47]
                         net (fo=1, unplaced)         0.000     4.125    bd_0_i/hls_inst/inst/mul_32s_32s_32_1_1_U118/tmp_product__0/DSP_ALU.ALU_OUT<47>
                         DSP_OUTPUT (Prop_DSP_OUTPUT_ALU_OUT[47]_PCOUT[47])
                                                      0.167     4.292 r  bd_0_i/hls_inst/inst/mul_32s_32s_32_1_1_U118/tmp_product__0/DSP_OUTPUT_INST/PCOUT[47]
                         net (fo=1, unplaced)         0.014     4.306    bd_0_i/hls_inst/inst/mul_32s_32s_32_1_1_U118/tmp_product__1/PCIN[47]
                         DSP_ALU (Prop_DSP_ALU_PCIN[47]_ALU_OUT[0])
                                                      0.739     5.045 f  bd_0_i/hls_inst/inst/mul_32s_32s_32_1_1_U118/tmp_product__1/DSP_ALU_INST/ALU_OUT[0]
                         net (fo=1, unplaced)         0.000     5.045    bd_0_i/hls_inst/inst/mul_32s_32s_32_1_1_U118/tmp_product__1/DSP_ALU.ALU_OUT<0>
                         DSP_OUTPUT (Prop_DSP_OUTPUT_ALU_OUT[0]_P[0])
                                                      0.146     5.191 r  bd_0_i/hls_inst/inst/mul_32s_32s_32_1_1_U118/tmp_product__1/DSP_OUTPUT_INST/P[0]
                         net (fo=2, unplaced)         0.258     5.449    bd_0_i/hls_inst/inst/mul_32s_32s_32_1_1_U118/tmp_product__1_n_107
                         LUT2 (Prop_LUT2_I0_O)        0.082     5.531 r  bd_0_i/hls_inst/inst/mul_32s_32s_32_1_1_U118/tmp_product_carry_i_7/O
                         net (fo=1, unplaced)         0.030     5.561    bd_0_i/hls_inst/inst/mul_32s_32s_32_1_1_U118/tmp_product_carry_i_7_n_2
                         CARRY8 (Prop_CARRY8_S[1]_CO[7])
                                                      0.275     5.836 r  bd_0_i/hls_inst/inst/mul_32s_32s_32_1_1_U118/tmp_product_carry/CO[7]
                         net (fo=1, unplaced)         0.006     5.842    bd_0_i/hls_inst/inst/mul_32s_32s_32_1_1_U118/tmp_product_carry_n_2
                         CARRY8 (Prop_CARRY8_CI_O[2])
                                                      0.093     5.935 r  bd_0_i/hls_inst/inst/mul_32s_32s_32_1_1_U118/tmp_product_carry__0/O[2]
                         net (fo=2, unplaced)         0.224     6.159    bd_0_i/hls_inst/inst/urem_32s_32s_32_36_seq_1_U125/tmp_product__2[4]
                         LUT6 (Prop_LUT6_I1_O)        0.188     6.347 r  bd_0_i/hls_inst/inst/urem_32s_32s_32_36_seq_1_U125/res_24_reg_3165[26]_i_1/O
                         net (fo=1, unplaced)         0.067     6.414    bd_0_i/hls_inst/inst/urem_32s_32s_32_36_seq_1_U125_n_128
                         FDRE                                         r  bd_0_i/hls_inst/inst/res_24_reg_3165_reg[26]/D
  -------------------------------------------------------------------    -------------------

                         (clock ap_clk rise edge)    10.000    10.000 r  
                                                      0.000    10.000 r  ap_clk (IN)
                         net (fo=5041, unset)         0.029    10.029    bd_0_i/hls_inst/inst/ap_clk
                         FDRE                                         r  bd_0_i/hls_inst/inst/res_24_reg_3165_reg[26]/C
                         clock pessimism              0.000    10.029    
                         clock uncertainty           -0.035     9.994    
                         FDRE (Setup_FDRE_C_D)        0.044    10.038    bd_0_i/hls_inst/inst/res_24_reg_3165_reg[26]
  -------------------------------------------------------------------
                         required time                         10.038    
                         arrival time                          -6.414    
  -------------------------------------------------------------------
                         slack                                  3.624    

Slack (MET) :             3.661ns  (required time - arrival time)
  Source:                 bd_0_i/hls_inst/inst/vregs_U/ram_reg_bram_0/CLKARDCLK
                            (rising edge-triggered cell RAMB36E2 clocked by ap_clk  {rise@0.000ns fall@5.000ns period=10.000ns})
  Destination:            bd_0_i/hls_inst/inst/r_1_1_i167169_reg_11117_reg[28]/D
                            (rising edge-triggered cell FDRE clocked by ap_clk  {rise@0.000ns fall@5.000ns period=10.000ns})
  Path Group:             ap_clk
  Path Type:              Setup (Max at Slow Process Corner)
  Requirement:            10.000ns  (ap_clk rise@10.000ns - ap_clk rise@0.000ns)
  Data Path Delay:        6.270ns  (logic 5.168ns (82.424%)  route 1.102ns (17.576%))
  Logic Levels:           13  (CARRY8=2 DSP_A_B_DATA=1 DSP_ALU=2 DSP_M_DATA=1 DSP_MULTIPLIER=1 DSP_OUTPUT=2 DSP_PREADD_DATA=1 LUT2=1 LUT5=1 LUT6=1)
  Clock Path Skew:        -0.078ns (DCD - SCD + CPR)
    Destination Clock Delay (DCD):    0.029ns = ( 10.029 - 10.000 ) 
    Source Clock Delay      (SCD):    0.107ns
    Clock Pessimism Removal (CPR):    0.000ns
  Clock Uncertainty:      0.035ns  ((TSJ^2 + TIJ^2)^1/2 + DJ) / 2 + PE
    Total System Jitter     (TSJ):    0.071ns
    Total Input Jitter      (TIJ):    0.000ns
    Discrete Jitter          (DJ):    0.000ns
    Phase Error              (PE):    0.000ns

    Location             Delay type                Incr(ns)  Path(ns)    Netlist Resource(s)
  -------------------------------------------------------------------    -------------------
                         (clock ap_clk rise edge)     0.000     0.000 r  
                                                      0.000     0.000 r  ap_clk (IN)
                         net (fo=5041, unset)         0.107     0.107    bd_0_i/hls_inst/inst/vregs_U/ap_clk
                         RAMB36E2                                     r  bd_0_i/hls_inst/inst/vregs_U/ram_reg_bram_0/CLKARDCLK
  -------------------------------------------------------------------    -------------------
                         RAMB36E2 (Prop_RAMB36E2_CLKARDCLK_DOUTADOUT[0])
                                                      1.398     1.505 f  bd_0_i/hls_inst/inst/vregs_U/ram_reg_bram_0/DOUTADOUT[0]
                         net (fo=5, unplaced)         0.259     1.764    bd_0_i/hls_inst/inst/vregs_U/ram_reg_bram_0_0[0]
                         LUT6 (Prop_LUT6_I0_O)        0.225     1.989 f  bd_0_i/hls_inst/inst/vregs_U/tmp_product_i_32/O
                         net (fo=2, unplaced)         0.256     2.245    bd_0_i/hls_inst/inst/mul_32s_32s_32_1_1_U118/tmp_product__0/B[0]
                         DSP_A_B_DATA (Prop_DSP_A_B_DATA_B[0]_B2_DATA[0])
                                                      0.216     2.461 r  bd_0_i/hls_inst/inst/mul_32s_32s_32_1_1_U118/tmp_product__0/DSP_A_B_DATA_INST/B2_DATA[0]
                         net (fo=1, unplaced)         0.000     2.461    bd_0_i/hls_inst/inst/mul_32s_32s_32_1_1_U118/tmp_product__0/DSP_A_B_DATA.B2_DATA<0>
                         DSP_PREADD_DATA (Prop_DSP_PREADD_DATA_B2_DATA[0]_B2B1[0])
                                                      0.097     2.558 r  bd_0_i/hls_inst/inst/mul_32s_32s_32_1_1_U118/tmp_product__0/DSP_PREADD_DATA_INST/B2B1[0]
                         net (fo=1, unplaced)         0.000     2.558    bd_0_i/hls_inst/inst/mul_32s_32s_32_1_1_U118/tmp_product__0/DSP_PREADD_DATA.B2B1<0>
                         DSP_MULTIPLIER (Prop_DSP_MULTIPLIER_B2B1[0]_U[31])
                                                      0.773     3.331 f  bd_0_i/hls_inst/inst/mul_32s_32s_32_1_1_U118/tmp_product__0/DSP_MULTIPLIER_INST/U[31]
                         net (fo=1, unplaced)         0.000     3.331    bd_0_i/hls_inst/inst/mul_32s_32s_32_1_1_U118/tmp_product__0/DSP_MULTIPLIER.U<31>
                         DSP_M_DATA (Prop_DSP_M_DATA_U[31]_U_DATA[31])
                                                      0.067     3.398 r  bd_0_i/hls_inst/inst/mul_32s_32s_32_1_1_U118/tmp_product__0/DSP_M_DATA_INST/U_DATA[31]
                         net (fo=1, unplaced)         0.000     3.398    bd_0_i/hls_inst/inst/mul_32s_32s_32_1_1_U118/tmp_product__0/DSP_M_DATA.U_DATA<31>
                         DSP_ALU (Prop_DSP_ALU_U_DATA[31]_ALU_OUT[47])
                                                      0.727     4.125 f  bd_0_i/hls_inst/inst/mul_32s_32s_32_1_1_U118/tmp_product__0/DSP_ALU_INST/ALU_OUT[47]
                         net (fo=1, unplaced)         0.000     4.125    bd_0_i/hls_inst/inst/mul_32s_32s_32_1_1_U118/tmp_product__0/DSP_ALU.ALU_OUT<47>
                         DSP_OUTPUT (Prop_DSP_OUTPUT_ALU_OUT[47]_PCOUT[47])
                                                      0.167     4.292 r  bd_0_i/hls_inst/inst/mul_32s_32s_32_1_1_U118/tmp_product__0/DSP_OUTPUT_INST/PCOUT[47]
                         net (fo=1, unplaced)         0.014     4.306    bd_0_i/hls_inst/inst/mul_32s_32s_32_1_1_U118/tmp_product__1/PCIN[47]
                         DSP_ALU (Prop_DSP_ALU_PCIN[47]_ALU_OUT[0])
                                                      0.739     5.045 f  bd_0_i/hls_inst/inst/mul_32s_32s_32_1_1_U118/tmp_product__1/DSP_ALU_INST/ALU_OUT[0]
                         net (fo=1, unplaced)         0.000     5.045    bd_0_i/hls_inst/inst/mul_32s_32s_32_1_1_U118/tmp_product__1/DSP_ALU.ALU_OUT<0>
                         DSP_OUTPUT (Prop_DSP_OUTPUT_ALU_OUT[0]_P[0])
                                                      0.146     5.191 r  bd_0_i/hls_inst/inst/mul_32s_32s_32_1_1_U118/tmp_product__1/DSP_OUTPUT_INST/P[0]
                         net (fo=2, unplaced)         0.258     5.449    bd_0_i/hls_inst/inst/mul_32s_32s_32_1_1_U118/tmp_product__1_n_107
                         LUT2 (Prop_LUT2_I0_O)        0.082     5.531 r  bd_0_i/hls_inst/inst/mul_32s_32s_32_1_1_U118/tmp_product_carry_i_7/O
                         net (fo=1, unplaced)         0.030     5.561    bd_0_i/hls_inst/inst/mul_32s_32s_32_1_1_U118/tmp_product_carry_i_7_n_2
                         CARRY8 (Prop_CARRY8_S[1]_CO[7])
                                                      0.275     5.836 r  bd_0_i/hls_inst/inst/mul_32s_32s_32_1_1_U118/tmp_product_carry/CO[7]
                         net (fo=1, unplaced)         0.006     5.842    bd_0_i/hls_inst/inst/mul_32s_32s_32_1_1_U118/tmp_product_carry_n_2
                         CARRY8 (Prop_CARRY8_CI_O[4])
                                                      0.119     5.961 r  bd_0_i/hls_inst/inst/mul_32s_32s_32_1_1_U118/tmp_product_carry__0/O[4]
                         net (fo=2, unplaced)         0.212     6.173    bd_0_i/hls_inst/inst/vregs_U/tmp_product__2[12]
                         LUT5 (Prop_LUT5_I4_O)        0.137     6.310 r  bd_0_i/hls_inst/inst/vregs_U/r_3_reg_11137[28]_i_1/O
                         net (fo=4, unplaced)         0.067     6.377    bd_0_i/hls_inst/inst/r_1_i163165171_fu_7659_p3[28]
                         FDRE                                         r  bd_0_i/hls_inst/inst/r_1_1_i167169_reg_11117_reg[28]/D
  -------------------------------------------------------------------    -------------------

                         (clock ap_clk rise edge)    10.000    10.000 r  
                                                      0.000    10.000 r  ap_clk (IN)
                         net (fo=5041, unset)         0.029    10.029    bd_0_i/hls_inst/inst/ap_clk
                         FDRE                                         r  bd_0_i/hls_inst/inst/r_1_1_i167169_reg_11117_reg[28]/C
                         clock pessimism              0.000    10.029    
                         clock uncertainty           -0.035     9.994    
                         FDRE (Setup_FDRE_C_D)        0.044    10.038    bd_0_i/hls_inst/inst/r_1_1_i167169_reg_11117_reg[28]
  -------------------------------------------------------------------
                         required time                         10.038    
                         arrival time                          -6.377    
  -------------------------------------------------------------------
                         slack                                  3.661    

Slack (MET) :             3.661ns  (required time - arrival time)
  Source:                 bd_0_i/hls_inst/inst/vregs_U/ram_reg_bram_0/CLKARDCLK
                            (rising edge-triggered cell RAMB36E2 clocked by ap_clk  {rise@0.000ns fall@5.000ns period=10.000ns})
  Destination:            bd_0_i/hls_inst/inst/r_1_2_i173_reg_11132_reg[28]/D
                            (rising edge-triggered cell FDRE clocked by ap_clk  {rise@0.000ns fall@5.000ns period=10.000ns})
  Path Group:             ap_clk
  Path Type:              Setup (Max at Slow Process Corner)
  Requirement:            10.000ns  (ap_clk rise@10.000ns - ap_clk rise@0.000ns)
  Data Path Delay:        6.270ns  (logic 5.168ns (82.424%)  route 1.102ns (17.576%))
  Logic Levels:           13  (CARRY8=2 DSP_A_B_DATA=1 DSP_ALU=2 DSP_M_DATA=1 DSP_MULTIPLIER=1 DSP_OUTPUT=2 DSP_PREADD_DATA=1 LUT2=1 LUT5=1 LUT6=1)
  Clock Path Skew:        -0.078ns (DCD - SCD + CPR)
    Destination Clock Delay (DCD):    0.029ns = ( 10.029 - 10.000 ) 
    Source Clock Delay      (SCD):    0.107ns
    Clock Pessimism Removal (CPR):    0.000ns
  Clock Uncertainty:      0.035ns  ((TSJ^2 + TIJ^2)^1/2 + DJ) / 2 + PE
    Total System Jitter     (TSJ):    0.071ns
    Total Input Jitter      (TIJ):    0.000ns
    Discrete Jitter          (DJ):    0.000ns
    Phase Error              (PE):    0.000ns

    Location             Delay type                Incr(ns)  Path(ns)    Netlist Resource(s)
  -------------------------------------------------------------------    -------------------
                         (clock ap_clk rise edge)     0.000     0.000 r  
                                                      0.000     0.000 r  ap_clk (IN)
                         net (fo=5041, unset)         0.107     0.107    bd_0_i/hls_inst/inst/vregs_U/ap_clk
                         RAMB36E2                                     r  bd_0_i/hls_inst/inst/vregs_U/ram_reg_bram_0/CLKARDCLK
  -------------------------------------------------------------------    -------------------
                         RAMB36E2 (Prop_RAMB36E2_CLKARDCLK_DOUTADOUT[0])
                                                      1.398     1.505 f  bd_0_i/hls_inst/inst/vregs_U/ram_reg_bram_0/DOUTADOUT[0]
                         net (fo=5, unplaced)         0.259     1.764    bd_0_i/hls_inst/inst/vregs_U/ram_reg_bram_0_0[0]
                         LUT6 (Prop_LUT6_I0_O)        0.225     1.989 f  bd_0_i/hls_inst/inst/vregs_U/tmp_product_i_32/O
                         net (fo=2, unplaced)         0.256     2.245    bd_0_i/hls_inst/inst/mul_32s_32s_32_1_1_U118/tmp_product__0/B[0]
                         DSP_A_B_DATA (Prop_DSP_A_B_DATA_B[0]_B2_DATA[0])
                                                      0.216     2.461 r  bd_0_i/hls_inst/inst/mul_32s_32s_32_1_1_U118/tmp_product__0/DSP_A_B_DATA_INST/B2_DATA[0]
                         net (fo=1, unplaced)         0.000     2.461    bd_0_i/hls_inst/inst/mul_32s_32s_32_1_1_U118/tmp_product__0/DSP_A_B_DATA.B2_DATA<0>
                         DSP_PREADD_DATA (Prop_DSP_PREADD_DATA_B2_DATA[0]_B2B1[0])
                                                      0.097     2.558 r  bd_0_i/hls_inst/inst/mul_32s_32s_32_1_1_U118/tmp_product__0/DSP_PREADD_DATA_INST/B2B1[0]
                         net (fo=1, unplaced)         0.000     2.558    bd_0_i/hls_inst/inst/mul_32s_32s_32_1_1_U118/tmp_product__0/DSP_PREADD_DATA.B2B1<0>
                         DSP_MULTIPLIER (Prop_DSP_MULTIPLIER_B2B1[0]_U[31])
                                                      0.773     3.331 f  bd_0_i/hls_inst/inst/mul_32s_32s_32_1_1_U118/tmp_product__0/DSP_MULTIPLIER_INST/U[31]
                         net (fo=1, unplaced)         0.000     3.331    bd_0_i/hls_inst/inst/mul_32s_32s_32_1_1_U118/tmp_product__0/DSP_MULTIPLIER.U<31>
                         DSP_M_DATA (Prop_DSP_M_DATA_U[31]_U_DATA[31])
                                                      0.067     3.398 r  bd_0_i/hls_inst/inst/mul_32s_32s_32_1_1_U118/tmp_product__0/DSP_M_DATA_INST/U_DATA[31]
                         net (fo=1, unplaced)         0.000     3.398    bd_0_i/hls_inst/inst/mul_32s_32s_32_1_1_U118/tmp_product__0/DSP_M_DATA.U_DATA<31>
                         DSP_ALU (Prop_DSP_ALU_U_DATA[31]_ALU_OUT[47])
                                                      0.727     4.125 f  bd_0_i/hls_inst/inst/mul_32s_32s_32_1_1_U118/tmp_product__0/DSP_ALU_INST/ALU_OUT[47]
                         net (fo=1, unplaced)         0.000     4.125    bd_0_i/hls_inst/inst/mul_32s_32s_32_1_1_U118/tmp_product__0/DSP_ALU.ALU_OUT<47>
                         DSP_OUTPUT (Prop_DSP_OUTPUT_ALU_OUT[47]_PCOUT[47])
                                                      0.167     4.292 r  bd_0_i/hls_inst/inst/mul_32s_32s_32_1_1_U118/tmp_product__0/DSP_OUTPUT_INST/PCOUT[47]
                         net (fo=1, unplaced)         0.014     4.306    bd_0_i/hls_inst/inst/mul_32s_32s_32_1_1_U118/tmp_product__1/PCIN[47]
                         DSP_ALU (Prop_DSP_ALU_PCIN[47]_ALU_OUT[0])
                                                      0.739     5.045 f  bd_0_i/hls_inst/inst/mul_32s_32s_32_1_1_U118/tmp_product__1/DSP_ALU_INST/ALU_OUT[0]
                         net (fo=1, unplaced)         0.000     5.045    bd_0_i/hls_inst/inst/mul_32s_32s_32_1_1_U118/tmp_product__1/DSP_ALU.ALU_OUT<0>
                         DSP_OUTPUT (Prop_DSP_OUTPUT_ALU_OUT[0]_P[0])
                                                      0.146     5.191 r  bd_0_i/hls_inst/inst/mul_32s_32s_32_1_1_U118/tmp_product__1/DSP_OUTPUT_INST/P[0]
                         net (fo=2, unplaced)         0.258     5.449    bd_0_i/hls_inst/inst/mul_32s_32s_32_1_1_U118/tmp_product__1_n_107
                         LUT2 (Prop_LUT2_I0_O)        0.082     5.531 r  bd_0_i/hls_inst/inst/mul_32s_32s_32_1_1_U118/tmp_product_carry_i_7/O
                         net (fo=1, unplaced)         0.030     5.561    bd_0_i/hls_inst/inst/mul_32s_32s_32_1_1_U118/tmp_product_carry_i_7_n_2
                         CARRY8 (Prop_CARRY8_S[1]_CO[7])
                                                      0.275     5.836 r  bd_0_i/hls_inst/inst/mul_32s_32s_32_1_1_U118/tmp_product_carry/CO[7]
                         net (fo=1, unplaced)         0.006     5.842    bd_0_i/hls_inst/inst/mul_32s_32s_32_1_1_U118/tmp_product_carry_n_2
                         CARRY8 (Prop_CARRY8_CI_O[4])
                                                      0.119     5.961 r  bd_0_i/hls_inst/inst/mul_32s_32s_32_1_1_U118/tmp_product_carry__0/O[4]
                         net (fo=2, unplaced)         0.212     6.173    bd_0_i/hls_inst/inst/vregs_U/tmp_product__2[12]
                         LUT5 (Prop_LUT5_I4_O)        0.137     6.310 r  bd_0_i/hls_inst/inst/vregs_U/r_3_reg_11137[28]_i_1/O
                         net (fo=4, unplaced)         0.067     6.377    bd_0_i/hls_inst/inst/r_1_i163165171_fu_7659_p3[28]
                         FDRE                                         r  bd_0_i/hls_inst/inst/r_1_2_i173_reg_11132_reg[28]/D
  -------------------------------------------------------------------    -------------------

                         (clock ap_clk rise edge)    10.000    10.000 r  
                                                      0.000    10.000 r  ap_clk (IN)
                         net (fo=5041, unset)         0.029    10.029    bd_0_i/hls_inst/inst/ap_clk
                         FDRE                                         r  bd_0_i/hls_inst/inst/r_1_2_i173_reg_11132_reg[28]/C
                         clock pessimism              0.000    10.029    
                         clock uncertainty           -0.035     9.994    
                         FDRE (Setup_FDRE_C_D)        0.044    10.038    bd_0_i/hls_inst/inst/r_1_2_i173_reg_11132_reg[28]
  -------------------------------------------------------------------
                         required time                         10.038    
                         arrival time                          -6.377    
  -------------------------------------------------------------------
                         slack                                  3.661    

Slack (MET) :             3.661ns  (required time - arrival time)
  Source:                 bd_0_i/hls_inst/inst/vregs_U/ram_reg_bram_0/CLKARDCLK
                            (rising edge-triggered cell RAMB36E2 clocked by ap_clk  {rise@0.000ns fall@5.000ns period=10.000ns})
  Destination:            bd_0_i/hls_inst/inst/r_1_i163165171_reg_11102_reg[28]/D
                            (rising edge-triggered cell FDRE clocked by ap_clk  {rise@0.000ns fall@5.000ns period=10.000ns})
  Path Group:             ap_clk
  Path Type:              Setup (Max at Slow Process Corner)
  Requirement:            10.000ns  (ap_clk rise@10.000ns - ap_clk rise@0.000ns)
  Data Path Delay:        6.270ns  (logic 5.168ns (82.424%)  route 1.102ns (17.576%))
  Logic Levels:           13  (CARRY8=2 DSP_A_B_DATA=1 DSP_ALU=2 DSP_M_DATA=1 DSP_MULTIPLIER=1 DSP_OUTPUT=2 DSP_PREADD_DATA=1 LUT2=1 LUT5=1 LUT6=1)
  Clock Path Skew:        -0.078ns (DCD - SCD + CPR)
    Destination Clock Delay (DCD):    0.029ns = ( 10.029 - 10.000 ) 
    Source Clock Delay      (SCD):    0.107ns
    Clock Pessimism Removal (CPR):    0.000ns
  Clock Uncertainty:      0.035ns  ((TSJ^2 + TIJ^2)^1/2 + DJ) / 2 + PE
    Total System Jitter     (TSJ):    0.071ns
    Total Input Jitter      (TIJ):    0.000ns
    Discrete Jitter          (DJ):    0.000ns
    Phase Error              (PE):    0.000ns

    Location             Delay type                Incr(ns)  Path(ns)    Netlist Resource(s)
  -------------------------------------------------------------------    -------------------
                         (clock ap_clk rise edge)     0.000     0.000 r  
                                                      0.000     0.000 r  ap_clk (IN)
                         net (fo=5041, unset)         0.107     0.107    bd_0_i/hls_inst/inst/vregs_U/ap_clk
                         RAMB36E2                                     r  bd_0_i/hls_inst/inst/vregs_U/ram_reg_bram_0/CLKARDCLK
  -------------------------------------------------------------------    -------------------
                         RAMB36E2 (Prop_RAMB36E2_CLKARDCLK_DOUTADOUT[0])
                                                      1.398     1.505 f  bd_0_i/hls_inst/inst/vregs_U/ram_reg_bram_0/DOUTADOUT[0]
                         net (fo=5, unplaced)         0.259     1.764    bd_0_i/hls_inst/inst/vregs_U/ram_reg_bram_0_0[0]
                         LUT6 (Prop_LUT6_I0_O)        0.225     1.989 f  bd_0_i/hls_inst/inst/vregs_U/tmp_product_i_32/O
                         net (fo=2, unplaced)         0.256     2.245    bd_0_i/hls_inst/inst/mul_32s_32s_32_1_1_U118/tmp_product__0/B[0]
                         DSP_A_B_DATA (Prop_DSP_A_B_DATA_B[0]_B2_DATA[0])
                                                      0.216     2.461 r  bd_0_i/hls_inst/inst/mul_32s_32s_32_1_1_U118/tmp_product__0/DSP_A_B_DATA_INST/B2_DATA[0]
                         net (fo=1, unplaced)         0.000     2.461    bd_0_i/hls_inst/inst/mul_32s_32s_32_1_1_U118/tmp_product__0/DSP_A_B_DATA.B2_DATA<0>
                         DSP_PREADD_DATA (Prop_DSP_PREADD_DATA_B2_DATA[0]_B2B1[0])
                                                      0.097     2.558 r  bd_0_i/hls_inst/inst/mul_32s_32s_32_1_1_U118/tmp_product__0/DSP_PREADD_DATA_INST/B2B1[0]
                         net (fo=1, unplaced)         0.000     2.558    bd_0_i/hls_inst/inst/mul_32s_32s_32_1_1_U118/tmp_product__0/DSP_PREADD_DATA.B2B1<0>
                         DSP_MULTIPLIER (Prop_DSP_MULTIPLIER_B2B1[0]_U[31])
                                                      0.773     3.331 f  bd_0_i/hls_inst/inst/mul_32s_32s_32_1_1_U118/tmp_product__0/DSP_MULTIPLIER_INST/U[31]
                         net (fo=1, unplaced)         0.000     3.331    bd_0_i/hls_inst/inst/mul_32s_32s_32_1_1_U118/tmp_product__0/DSP_MULTIPLIER.U<31>
                         DSP_M_DATA (Prop_DSP_M_DATA_U[31]_U_DATA[31])
                                                      0.067     3.398 r  bd_0_i/hls_inst/inst/mul_32s_32s_32_1_1_U118/tmp_product__0/DSP_M_DATA_INST/U_DATA[31]
                         net (fo=1, unplaced)         0.000     3.398    bd_0_i/hls_inst/inst/mul_32s_32s_32_1_1_U118/tmp_product__0/DSP_M_DATA.U_DATA<31>
                         DSP_ALU (Prop_DSP_ALU_U_DATA[31]_ALU_OUT[47])
                                                      0.727     4.125 f  bd_0_i/hls_inst/inst/mul_32s_32s_32_1_1_U118/tmp_product__0/DSP_ALU_INST/ALU_OUT[47]
                         net (fo=1, unplaced)         0.000     4.125    bd_0_i/hls_inst/inst/mul_32s_32s_32_1_1_U118/tmp_product__0/DSP_ALU.ALU_OUT<47>
                         DSP_OUTPUT (Prop_DSP_OUTPUT_ALU_OUT[47]_PCOUT[47])
                                                      0.167     4.292 r  bd_0_i/hls_inst/inst/mul_32s_32s_32_1_1_U118/tmp_product__0/DSP_OUTPUT_INST/PCOUT[47]
                         net (fo=1, unplaced)         0.014     4.306    bd_0_i/hls_inst/inst/mul_32s_32s_32_1_1_U118/tmp_product__1/PCIN[47]
                         DSP_ALU (Prop_DSP_ALU_PCIN[47]_ALU_OUT[0])
                                                      0.739     5.045 f  bd_0_i/hls_inst/inst/mul_32s_32s_32_1_1_U118/tmp_product__1/DSP_ALU_INST/ALU_OUT[0]
                         net (fo=1, unplaced)         0.000     5.045    bd_0_i/hls_inst/inst/mul_32s_32s_32_1_1_U118/tmp_product__1/DSP_ALU.ALU_OUT<0>
                         DSP_OUTPUT (Prop_DSP_OUTPUT_ALU_OUT[0]_P[0])
                                                      0.146     5.191 r  bd_0_i/hls_inst/inst/mul_32s_32s_32_1_1_U118/tmp_product__1/DSP_OUTPUT_INST/P[0]
                         net (fo=2, unplaced)         0.258     5.449    bd_0_i/hls_inst/inst/mul_32s_32s_32_1_1_U118/tmp_product__1_n_107
                         LUT2 (Prop_LUT2_I0_O)        0.082     5.531 r  bd_0_i/hls_inst/inst/mul_32s_32s_32_1_1_U118/tmp_product_carry_i_7/O
                         net (fo=1, unplaced)         0.030     5.561    bd_0_i/hls_inst/inst/mul_32s_32s_32_1_1_U118/tmp_product_carry_i_7_n_2
                         CARRY8 (Prop_CARRY8_S[1]_CO[7])
                                                      0.275     5.836 r  bd_0_i/hls_inst/inst/mul_32s_32s_32_1_1_U118/tmp_product_carry/CO[7]
                         net (fo=1, unplaced)         0.006     5.842    bd_0_i/hls_inst/inst/mul_32s_32s_32_1_1_U118/tmp_product_carry_n_2
                         CARRY8 (Prop_CARRY8_CI_O[4])
                                                      0.119     5.961 r  bd_0_i/hls_inst/inst/mul_32s_32s_32_1_1_U118/tmp_product_carry__0/O[4]
                         net (fo=2, unplaced)         0.212     6.173    bd_0_i/hls_inst/inst/vregs_U/tmp_product__2[12]
                         LUT5 (Prop_LUT5_I4_O)        0.137     6.310 r  bd_0_i/hls_inst/inst/vregs_U/r_3_reg_11137[28]_i_1/O
                         net (fo=4, unplaced)         0.067     6.377    bd_0_i/hls_inst/inst/r_1_i163165171_fu_7659_p3[28]
                         FDRE                                         r  bd_0_i/hls_inst/inst/r_1_i163165171_reg_11102_reg[28]/D
  -------------------------------------------------------------------    -------------------

                         (clock ap_clk rise edge)    10.000    10.000 r  
                                                      0.000    10.000 r  ap_clk (IN)
                         net (fo=5041, unset)         0.029    10.029    bd_0_i/hls_inst/inst/ap_clk
                         FDRE                                         r  bd_0_i/hls_inst/inst/r_1_i163165171_reg_11102_reg[28]/C
                         clock pessimism              0.000    10.029    
                         clock uncertainty           -0.035     9.994    
                         FDRE (Setup_FDRE_C_D)        0.044    10.038    bd_0_i/hls_inst/inst/r_1_i163165171_reg_11102_reg[28]
  -------------------------------------------------------------------
                         required time                         10.038    
                         arrival time                          -6.377    
  -------------------------------------------------------------------
                         slack                                  3.661    

Slack (MET) :             3.661ns  (required time - arrival time)
  Source:                 bd_0_i/hls_inst/inst/vregs_U/ram_reg_bram_0/CLKARDCLK
                            (rising edge-triggered cell RAMB36E2 clocked by ap_clk  {rise@0.000ns fall@5.000ns period=10.000ns})
  Destination:            bd_0_i/hls_inst/inst/r_3_reg_11137_reg[28]/D
                            (rising edge-triggered cell FDRE clocked by ap_clk  {rise@0.000ns fall@5.000ns period=10.000ns})
  Path Group:             ap_clk
  Path Type:              Setup (Max at Slow Process Corner)
  Requirement:            10.000ns  (ap_clk rise@10.000ns - ap_clk rise@0.000ns)
  Data Path Delay:        6.270ns  (logic 5.168ns (82.424%)  route 1.102ns (17.576%))
  Logic Levels:           13  (CARRY8=2 DSP_A_B_DATA=1 DSP_ALU=2 DSP_M_DATA=1 DSP_MULTIPLIER=1 DSP_OUTPUT=2 DSP_PREADD_DATA=1 LUT2=1 LUT5=1 LUT6=1)
  Clock Path Skew:        -0.078ns (DCD - SCD + CPR)
    Destination Clock Delay (DCD):    0.029ns = ( 10.029 - 10.000 ) 
    Source Clock Delay      (SCD):    0.107ns
    Clock Pessimism Removal (CPR):    0.000ns
  Clock Uncertainty:      0.035ns  ((TSJ^2 + TIJ^2)^1/2 + DJ) / 2 + PE
    Total System Jitter     (TSJ):    0.071ns
    Total Input Jitter      (TIJ):    0.000ns
    Discrete Jitter          (DJ):    0.000ns
    Phase Error              (PE):    0.000ns

    Location             Delay type                Incr(ns)  Path(ns)    Netlist Resource(s)
  -------------------------------------------------------------------    -------------------
                         (clock ap_clk rise edge)     0.000     0.000 r  
                                                      0.000     0.000 r  ap_clk (IN)
                         net (fo=5041, unset)         0.107     0.107    bd_0_i/hls_inst/inst/vregs_U/ap_clk
                         RAMB36E2                                     r  bd_0_i/hls_inst/inst/vregs_U/ram_reg_bram_0/CLKARDCLK
  -------------------------------------------------------------------    -------------------
                         RAMB36E2 (Prop_RAMB36E2_CLKARDCLK_DOUTADOUT[0])
                                                      1.398     1.505 f  bd_0_i/hls_inst/inst/vregs_U/ram_reg_bram_0/DOUTADOUT[0]
                         net (fo=5, unplaced)         0.259     1.764    bd_0_i/hls_inst/inst/vregs_U/ram_reg_bram_0_0[0]
                         LUT6 (Prop_LUT6_I0_O)        0.225     1.989 f  bd_0_i/hls_inst/inst/vregs_U/tmp_product_i_32/O
                         net (fo=2, unplaced)         0.256     2.245    bd_0_i/hls_inst/inst/mul_32s_32s_32_1_1_U118/tmp_product__0/B[0]
                         DSP_A_B_DATA (Prop_DSP_A_B_DATA_B[0]_B2_DATA[0])
                                                      0.216     2.461 r  bd_0_i/hls_inst/inst/mul_32s_32s_32_1_1_U118/tmp_product__0/DSP_A_B_DATA_INST/B2_DATA[0]
                         net (fo=1, unplaced)         0.000     2.461    bd_0_i/hls_inst/inst/mul_32s_32s_32_1_1_U118/tmp_product__0/DSP_A_B_DATA.B2_DATA<0>
                         DSP_PREADD_DATA (Prop_DSP_PREADD_DATA_B2_DATA[0]_B2B1[0])
                                                      0.097     2.558 r  bd_0_i/hls_inst/inst/mul_32s_32s_32_1_1_U118/tmp_product__0/DSP_PREADD_DATA_INST/B2B1[0]
                         net (fo=1, unplaced)         0.000     2.558    bd_0_i/hls_inst/inst/mul_32s_32s_32_1_1_U118/tmp_product__0/DSP_PREADD_DATA.B2B1<0>
                         DSP_MULTIPLIER (Prop_DSP_MULTIPLIER_B2B1[0]_U[31])
                                                      0.773     3.331 f  bd_0_i/hls_inst/inst/mul_32s_32s_32_1_1_U118/tmp_product__0/DSP_MULTIPLIER_INST/U[31]
                         net (fo=1, unplaced)         0.000     3.331    bd_0_i/hls_inst/inst/mul_32s_32s_32_1_1_U118/tmp_product__0/DSP_MULTIPLIER.U<31>
                         DSP_M_DATA (Prop_DSP_M_DATA_U[31]_U_DATA[31])
                                                      0.067     3.398 r  bd_0_i/hls_inst/inst/mul_32s_32s_32_1_1_U118/tmp_product__0/DSP_M_DATA_INST/U_DATA[31]
                         net (fo=1, unplaced)         0.000     3.398    bd_0_i/hls_inst/inst/mul_32s_32s_32_1_1_U118/tmp_product__0/DSP_M_DATA.U_DATA<31>
                         DSP_ALU (Prop_DSP_ALU_U_DATA[31]_ALU_OUT[47])
                                                      0.727     4.125 f  bd_0_i/hls_inst/inst/mul_32s_32s_32_1_1_U118/tmp_product__0/DSP_ALU_INST/ALU_OUT[47]
                         net (fo=1, unplaced)         0.000     4.125    bd_0_i/hls_inst/inst/mul_32s_32s_32_1_1_U118/tmp_product__0/DSP_ALU.ALU_OUT<47>
                         DSP_OUTPUT (Prop_DSP_OUTPUT_ALU_OUT[47]_PCOUT[47])
                                                      0.167     4.292 r  bd_0_i/hls_inst/inst/mul_32s_32s_32_1_1_U118/tmp_product__0/DSP_OUTPUT_INST/PCOUT[47]
                         net (fo=1, unplaced)         0.014     4.306    bd_0_i/hls_inst/inst/mul_32s_32s_32_1_1_U118/tmp_product__1/PCIN[47]
                         DSP_ALU (Prop_DSP_ALU_PCIN[47]_ALU_OUT[0])
                                                      0.739     5.045 f  bd_0_i/hls_inst/inst/mul_32s_32s_32_1_1_U118/tmp_product__1/DSP_ALU_INST/ALU_OUT[0]
                         net (fo=1, unplaced)         0.000     5.045    bd_0_i/hls_inst/inst/mul_32s_32s_32_1_1_U118/tmp_product__1/DSP_ALU.ALU_OUT<0>
                         DSP_OUTPUT (Prop_DSP_OUTPUT_ALU_OUT[0]_P[0])
                                                      0.146     5.191 r  bd_0_i/hls_inst/inst/mul_32s_32s_32_1_1_U118/tmp_product__1/DSP_OUTPUT_INST/P[0]
                         net (fo=2, unplaced)         0.258     5.449    bd_0_i/hls_inst/inst/mul_32s_32s_32_1_1_U118/tmp_product__1_n_107
                         LUT2 (Prop_LUT2_I0_O)        0.082     5.531 r  bd_0_i/hls_inst/inst/mul_32s_32s_32_1_1_U118/tmp_product_carry_i_7/O
                         net (fo=1, unplaced)         0.030     5.561    bd_0_i/hls_inst/inst/mul_32s_32s_32_1_1_U118/tmp_product_carry_i_7_n_2
                         CARRY8 (Prop_CARRY8_S[1]_CO[7])
                                                      0.275     5.836 r  bd_0_i/hls_inst/inst/mul_32s_32s_32_1_1_U118/tmp_product_carry/CO[7]
                         net (fo=1, unplaced)         0.006     5.842    bd_0_i/hls_inst/inst/mul_32s_32s_32_1_1_U118/tmp_product_carry_n_2
                         CARRY8 (Prop_CARRY8_CI_O[4])
                                                      0.119     5.961 r  bd_0_i/hls_inst/inst/mul_32s_32s_32_1_1_U118/tmp_product_carry__0/O[4]
                         net (fo=2, unplaced)         0.212     6.173    bd_0_i/hls_inst/inst/vregs_U/tmp_product__2[12]
                         LUT5 (Prop_LUT5_I4_O)        0.137     6.310 r  bd_0_i/hls_inst/inst/vregs_U/r_3_reg_11137[28]_i_1/O
                         net (fo=4, unplaced)         0.067     6.377    bd_0_i/hls_inst/inst/r_1_i163165171_fu_7659_p3[28]
                         FDRE                                         r  bd_0_i/hls_inst/inst/r_3_reg_11137_reg[28]/D
  -------------------------------------------------------------------    -------------------

                         (clock ap_clk rise edge)    10.000    10.000 r  
                                                      0.000    10.000 r  ap_clk (IN)
                         net (fo=5041, unset)         0.029    10.029    bd_0_i/hls_inst/inst/ap_clk
                         FDRE                                         r  bd_0_i/hls_inst/inst/r_3_reg_11137_reg[28]/C
                         clock pessimism              0.000    10.029    
                         clock uncertainty           -0.035     9.994    
                         FDRE (Setup_FDRE_C_D)        0.044    10.038    bd_0_i/hls_inst/inst/r_3_reg_11137_reg[28]
  -------------------------------------------------------------------
                         required time                         10.038    
                         arrival time                          -6.377    
  -------------------------------------------------------------------
                         slack                                  3.661    

Slack (MET) :             3.664ns  (required time - arrival time)
  Source:                 bd_0_i/hls_inst/inst/vregs_U/ram_reg_bram_0/CLKARDCLK
                            (rising edge-triggered cell RAMB36E2 clocked by ap_clk  {rise@0.000ns fall@5.000ns period=10.000ns})
  Destination:            bd_0_i/hls_inst/inst/res_24_reg_3165_reg[27]/D
                            (rising edge-triggered cell FDRE clocked by ap_clk  {rise@0.000ns fall@5.000ns period=10.000ns})
  Path Group:             ap_clk
  Path Type:              Setup (Max at Slow Process Corner)
  Requirement:            10.000ns  (ap_clk rise@10.000ns - ap_clk rise@0.000ns)
  Data Path Delay:        6.267ns  (logic 5.214ns (83.198%)  route 1.053ns (16.802%))
  Logic Levels:           13  (CARRY8=2 DSP_A_B_DATA=1 DSP_ALU=2 DSP_M_DATA=1 DSP_MULTIPLIER=1 DSP_OUTPUT=2 DSP_PREADD_DATA=1 LUT2=1 LUT6=2)
  Clock Path Skew:        -0.078ns (DCD - SCD + CPR)
    Destination Clock Delay (DCD):    0.029ns = ( 10.029 - 10.000 ) 
    Source Clock Delay      (SCD):    0.107ns
    Clock Pessimism Removal (CPR):    0.000ns
  Clock Uncertainty:      0.035ns  ((TSJ^2 + TIJ^2)^1/2 + DJ) / 2 + PE
    Total System Jitter     (TSJ):    0.071ns
    Total Input Jitter      (TIJ):    0.000ns
    Discrete Jitter          (DJ):    0.000ns
    Phase Error              (PE):    0.000ns

    Location             Delay type                Incr(ns)  Path(ns)    Netlist Resource(s)
  -------------------------------------------------------------------    -------------------
                         (clock ap_clk rise edge)     0.000     0.000 r  
                                                      0.000     0.000 r  ap_clk (IN)
                         net (fo=5041, unset)         0.107     0.107    bd_0_i/hls_inst/inst/vregs_U/ap_clk
                         RAMB36E2                                     r  bd_0_i/hls_inst/inst/vregs_U/ram_reg_bram_0/CLKARDCLK
  -------------------------------------------------------------------    -------------------
                         RAMB36E2 (Prop_RAMB36E2_CLKARDCLK_DOUTADOUT[0])
                                                      1.398     1.505 f  bd_0_i/hls_inst/inst/vregs_U/ram_reg_bram_0/DOUTADOUT[0]
                         net (fo=5, unplaced)         0.259     1.764    bd_0_i/hls_inst/inst/vregs_U/ram_reg_bram_0_0[0]
                         LUT6 (Prop_LUT6_I0_O)        0.225     1.989 f  bd_0_i/hls_inst/inst/vregs_U/tmp_product_i_32/O
                         net (fo=2, unplaced)         0.256     2.245    bd_0_i/hls_inst/inst/mul_32s_32s_32_1_1_U118/tmp_product__0/B[0]
                         DSP_A_B_DATA (Prop_DSP_A_B_DATA_B[0]_B2_DATA[0])
                                                      0.216     2.461 r  bd_0_i/hls_inst/inst/mul_32s_32s_32_1_1_U118/tmp_product__0/DSP_A_B_DATA_INST/B2_DATA[0]
                         net (fo=1, unplaced)         0.000     2.461    bd_0_i/hls_inst/inst/mul_32s_32s_32_1_1_U118/tmp_product__0/DSP_A_B_DATA.B2_DATA<0>
                         DSP_PREADD_DATA (Prop_DSP_PREADD_DATA_B2_DATA[0]_B2B1[0])
                                                      0.097     2.558 r  bd_0_i/hls_inst/inst/mul_32s_32s_32_1_1_U118/tmp_product__0/DSP_PREADD_DATA_INST/B2B1[0]
                         net (fo=1, unplaced)         0.000     2.558    bd_0_i/hls_inst/inst/mul_32s_32s_32_1_1_U118/tmp_product__0/DSP_PREADD_DATA.B2B1<0>
                         DSP_MULTIPLIER (Prop_DSP_MULTIPLIER_B2B1[0]_U[31])
                                                      0.773     3.331 f  bd_0_i/hls_inst/inst/mul_32s_32s_32_1_1_U118/tmp_product__0/DSP_MULTIPLIER_INST/U[31]
                         net (fo=1, unplaced)         0.000     3.331    bd_0_i/hls_inst/inst/mul_32s_32s_32_1_1_U118/tmp_product__0/DSP_MULTIPLIER.U<31>
                         DSP_M_DATA (Prop_DSP_M_DATA_U[31]_U_DATA[31])
                                                      0.067     3.398 r  bd_0_i/hls_inst/inst/mul_32s_32s_32_1_1_U118/tmp_product__0/DSP_M_DATA_INST/U_DATA[31]
                         net (fo=1, unplaced)         0.000     3.398    bd_0_i/hls_inst/inst/mul_32s_32s_32_1_1_U118/tmp_product__0/DSP_M_DATA.U_DATA<31>
                         DSP_ALU (Prop_DSP_ALU_U_DATA[31]_ALU_OUT[47])
                                                      0.727     4.125 f  bd_0_i/hls_inst/inst/mul_32s_32s_32_1_1_U118/tmp_product__0/DSP_ALU_INST/ALU_OUT[47]
                         net (fo=1, unplaced)         0.000     4.125    bd_0_i/hls_inst/inst/mul_32s_32s_32_1_1_U118/tmp_product__0/DSP_ALU.ALU_OUT<47>
                         DSP_OUTPUT (Prop_DSP_OUTPUT_ALU_OUT[47]_PCOUT[47])
                                                      0.167     4.292 r  bd_0_i/hls_inst/inst/mul_32s_32s_32_1_1_U118/tmp_product__0/DSP_OUTPUT_INST/PCOUT[47]
                         net (fo=1, unplaced)         0.014     4.306    bd_0_i/hls_inst/inst/mul_32s_32s_32_1_1_U118/tmp_product__1/PCIN[47]
                         DSP_ALU (Prop_DSP_ALU_PCIN[47]_ALU_OUT[0])
                                                      0.739     5.045 f  bd_0_i/hls_inst/inst/mul_32s_32s_32_1_1_U118/tmp_product__1/DSP_ALU_INST/ALU_OUT[0]
                         net (fo=1, unplaced)         0.000     5.045    bd_0_i/hls_inst/inst/mul_32s_32s_32_1_1_U118/tmp_product__1/DSP_ALU.ALU_OUT<0>
                         DSP_OUTPUT (Prop_DSP_OUTPUT_ALU_OUT[0]_P[0])
                                                      0.146     5.191 r  bd_0_i/hls_inst/inst/mul_32s_32s_32_1_1_U118/tmp_product__1/DSP_OUTPUT_INST/P[0]
                         net (fo=2, unplaced)         0.258     5.449    bd_0_i/hls_inst/inst/mul_32s_32s_32_1_1_U118/tmp_product__1_n_107
                         LUT2 (Prop_LUT2_I0_O)        0.082     5.531 r  bd_0_i/hls_inst/inst/mul_32s_32s_32_1_1_U118/tmp_product_carry_i_7/O
                         net (fo=1, unplaced)         0.030     5.561    bd_0_i/hls_inst/inst/mul_32s_32s_32_1_1_U118/tmp_product_carry_i_7_n_2
                         CARRY8 (Prop_CARRY8_S[1]_CO[7])
                                                      0.275     5.836 r  bd_0_i/hls_inst/inst/mul_32s_32s_32_1_1_U118/tmp_product_carry/CO[7]
                         net (fo=1, unplaced)         0.006     5.842    bd_0_i/hls_inst/inst/mul_32s_32s_32_1_1_U118/tmp_product_carry_n_2
                         CARRY8 (Prop_CARRY8_CI_O[3])
                                                      0.114     5.956 r  bd_0_i/hls_inst/inst/mul_32s_32s_32_1_1_U118/tmp_product_carry__0/O[3]
                         net (fo=2, unplaced)         0.163     6.119    bd_0_i/hls_inst/inst/urem_32s_32s_32_36_seq_1_U125/tmp_product__2[5]
                         LUT6 (Prop_LUT6_I4_O)        0.188     6.307 r  bd_0_i/hls_inst/inst/urem_32s_32s_32_36_seq_1_U125/res_24_reg_3165[27]_i_1/O
                         net (fo=1, unplaced)         0.067     6.374    bd_0_i/hls_inst/inst/urem_32s_32s_32_36_seq_1_U125_n_127
                         FDRE                                         r  bd_0_i/hls_inst/inst/res_24_reg_3165_reg[27]/D
  -------------------------------------------------------------------    -------------------

                         (clock ap_clk rise edge)    10.000    10.000 r  
                                                      0.000    10.000 r  ap_clk (IN)
                         net (fo=5041, unset)         0.029    10.029    bd_0_i/hls_inst/inst/ap_clk
                         FDRE                                         r  bd_0_i/hls_inst/inst/res_24_reg_3165_reg[27]/C
                         clock pessimism              0.000    10.029    
                         clock uncertainty           -0.035     9.994    
                         FDRE (Setup_FDRE_C_D)        0.044    10.038    bd_0_i/hls_inst/inst/res_24_reg_3165_reg[27]
  -------------------------------------------------------------------
                         required time                         10.038    
                         arrival time                          -6.374    
  -------------------------------------------------------------------
                         slack                                  3.664    

Slack (MET) :             3.672ns  (required time - arrival time)
  Source:                 bd_0_i/hls_inst/inst/vregs_U/ram_reg_bram_0/CLKARDCLK
                            (rising edge-triggered cell RAMB36E2 clocked by ap_clk  {rise@0.000ns fall@5.000ns period=10.000ns})
  Destination:            bd_0_i/hls_inst/inst/res_24_reg_3165_reg[20]/D
                            (rising edge-triggered cell FDRE clocked by ap_clk  {rise@0.000ns fall@5.000ns period=10.000ns})
  Path Group:             ap_clk
  Path Type:              Setup (Max at Slow Process Corner)
  Requirement:            10.000ns  (ap_clk rise@10.000ns - ap_clk rise@0.000ns)
  Data Path Delay:        6.259ns  (logic 5.111ns (81.658%)  route 1.148ns (18.342%))
  Logic Levels:           12  (CARRY8=1 DSP_A_B_DATA=1 DSP_ALU=2 DSP_M_DATA=1 DSP_MULTIPLIER=1 DSP_OUTPUT=2 DSP_PREADD_DATA=1 LUT2=1 LUT6=2)
  Clock Path Skew:        -0.078ns (DCD - SCD + CPR)
    Destination Clock Delay (DCD):    0.029ns = ( 10.029 - 10.000 ) 
    Source Clock Delay      (SCD):    0.107ns
    Clock Pessimism Removal (CPR):    0.000ns
  Clock Uncertainty:      0.035ns  ((TSJ^2 + TIJ^2)^1/2 + DJ) / 2 + PE
    Total System Jitter     (TSJ):    0.071ns
    Total Input Jitter      (TIJ):    0.000ns
    Discrete Jitter          (DJ):    0.000ns
    Phase Error              (PE):    0.000ns

    Location             Delay type                Incr(ns)  Path(ns)    Netlist Resource(s)
  -------------------------------------------------------------------    -------------------
                         (clock ap_clk rise edge)     0.000     0.000 r  
                                                      0.000     0.000 r  ap_clk (IN)
                         net (fo=5041, unset)         0.107     0.107    bd_0_i/hls_inst/inst/vregs_U/ap_clk
                         RAMB36E2                                     r  bd_0_i/hls_inst/inst/vregs_U/ram_reg_bram_0/CLKARDCLK
  -------------------------------------------------------------------    -------------------
                         RAMB36E2 (Prop_RAMB36E2_CLKARDCLK_DOUTADOUT[0])
                                                      1.398     1.505 f  bd_0_i/hls_inst/inst/vregs_U/ram_reg_bram_0/DOUTADOUT[0]
                         net (fo=5, unplaced)         0.259     1.764    bd_0_i/hls_inst/inst/vregs_U/ram_reg_bram_0_0[0]
                         LUT6 (Prop_LUT6_I0_O)        0.225     1.989 f  bd_0_i/hls_inst/inst/vregs_U/tmp_product_i_32/O
                         net (fo=2, unplaced)         0.256     2.245    bd_0_i/hls_inst/inst/mul_32s_32s_32_1_1_U118/tmp_product__0/B[0]
                         DSP_A_B_DATA (Prop_DSP_A_B_DATA_B[0]_B2_DATA[0])
                                                      0.216     2.461 r  bd_0_i/hls_inst/inst/mul_32s_32s_32_1_1_U118/tmp_product__0/DSP_A_B_DATA_INST/B2_DATA[0]
                         net (fo=1, unplaced)         0.000     2.461    bd_0_i/hls_inst/inst/mul_32s_32s_32_1_1_U118/tmp_product__0/DSP_A_B_DATA.B2_DATA<0>
                         DSP_PREADD_DATA (Prop_DSP_PREADD_DATA_B2_DATA[0]_B2B1[0])
                                                      0.097     2.558 r  bd_0_i/hls_inst/inst/mul_32s_32s_32_1_1_U118/tmp_product__0/DSP_PREADD_DATA_INST/B2B1[0]
                         net (fo=1, unplaced)         0.000     2.558    bd_0_i/hls_inst/inst/mul_32s_32s_32_1_1_U118/tmp_product__0/DSP_PREADD_DATA.B2B1<0>
                         DSP_MULTIPLIER (Prop_DSP_MULTIPLIER_B2B1[0]_U[31])
                                                      0.773     3.331 f  bd_0_i/hls_inst/inst/mul_32s_32s_32_1_1_U118/tmp_product__0/DSP_MULTIPLIER_INST/U[31]
                         net (fo=1, unplaced)         0.000     3.331    bd_0_i/hls_inst/inst/mul_32s_32s_32_1_1_U118/tmp_product__0/DSP_MULTIPLIER.U<31>
                         DSP_M_DATA (Prop_DSP_M_DATA_U[31]_U_DATA[31])
                                                      0.067     3.398 r  bd_0_i/hls_inst/inst/mul_32s_32s_32_1_1_U118/tmp_product__0/DSP_M_DATA_INST/U_DATA[31]
                         net (fo=1, unplaced)         0.000     3.398    bd_0_i/hls_inst/inst/mul_32s_32s_32_1_1_U118/tmp_product__0/DSP_M_DATA.U_DATA<31>
                         DSP_ALU (Prop_DSP_ALU_U_DATA[31]_ALU_OUT[47])
                                                      0.727     4.125 f  bd_0_i/hls_inst/inst/mul_32s_32s_32_1_1_U118/tmp_product__0/DSP_ALU_INST/ALU_OUT[47]
                         net (fo=1, unplaced)         0.000     4.125    bd_0_i/hls_inst/inst/mul_32s_32s_32_1_1_U118/tmp_product__0/DSP_ALU.ALU_OUT<47>
                         DSP_OUTPUT (Prop_DSP_OUTPUT_ALU_OUT[47]_PCOUT[47])
                                                      0.167     4.292 r  bd_0_i/hls_inst/inst/mul_32s_32s_32_1_1_U118/tmp_product__0/DSP_OUTPUT_INST/PCOUT[47]
                         net (fo=1, unplaced)         0.014     4.306    bd_0_i/hls_inst/inst/mul_32s_32s_32_1_1_U118/tmp_product__1/PCIN[47]
                         DSP_ALU (Prop_DSP_ALU_PCIN[47]_ALU_OUT[0])
                                                      0.739     5.045 f  bd_0_i/hls_inst/inst/mul_32s_32s_32_1_1_U118/tmp_product__1/DSP_ALU_INST/ALU_OUT[0]
                         net (fo=1, unplaced)         0.000     5.045    bd_0_i/hls_inst/inst/mul_32s_32s_32_1_1_U118/tmp_product__1/DSP_ALU.ALU_OUT<0>
                         DSP_OUTPUT (Prop_DSP_OUTPUT_ALU_OUT[0]_P[0])
                                                      0.146     5.191 r  bd_0_i/hls_inst/inst/mul_32s_32s_32_1_1_U118/tmp_product__1/DSP_OUTPUT_INST/P[0]
                         net (fo=2, unplaced)         0.258     5.449    bd_0_i/hls_inst/inst/mul_32s_32s_32_1_1_U118/tmp_product__1_n_107
                         LUT2 (Prop_LUT2_I0_O)        0.082     5.531 r  bd_0_i/hls_inst/inst/mul_32s_32s_32_1_1_U118/tmp_product_carry_i_7/O
                         net (fo=1, unplaced)         0.030     5.561    bd_0_i/hls_inst/inst/mul_32s_32s_32_1_1_U118/tmp_product_carry_i_7_n_2
                         CARRY8 (Prop_CARRY8_S[1]_O[4])
                                                      0.286     5.847 r  bd_0_i/hls_inst/inst/mul_32s_32s_32_1_1_U118/tmp_product_carry/O[4]
                         net (fo=2, unplaced)         0.264     6.111    bd_0_i/hls_inst/inst/urem_32s_32s_32_36_seq_1_U125/tmp_product__2[2]
                         LUT6 (Prop_LUT6_I4_O)        0.188     6.299 r  bd_0_i/hls_inst/inst/urem_32s_32s_32_36_seq_1_U125/res_24_reg_3165[20]_i_1/O
                         net (fo=1, unplaced)         0.067     6.366    bd_0_i/hls_inst/inst/urem_32s_32s_32_36_seq_1_U125_n_130
                         FDRE                                         r  bd_0_i/hls_inst/inst/res_24_reg_3165_reg[20]/D
  -------------------------------------------------------------------    -------------------

                         (clock ap_clk rise edge)    10.000    10.000 r  
                                                      0.000    10.000 r  ap_clk (IN)
                         net (fo=5041, unset)         0.029    10.029    bd_0_i/hls_inst/inst/ap_clk
                         FDRE                                         r  bd_0_i/hls_inst/inst/res_24_reg_3165_reg[20]/C
                         clock pessimism              0.000    10.029    
                         clock uncertainty           -0.035     9.994    
                         FDRE (Setup_FDRE_C_D)        0.044    10.038    bd_0_i/hls_inst/inst/res_24_reg_3165_reg[20]
  -------------------------------------------------------------------
                         required time                         10.038    
                         arrival time                          -6.366    
  -------------------------------------------------------------------
                         slack                                  3.672    




