Copyright 1986-2022 Xilinx, Inc. All Rights Reserved. Copyright 2022-2024 Advanced Micro Devices, Inc. All Rights Reserved.
---------------------------------------------------------------------------------------------------------------------------------------------
| Tool Version : Vivado v.2024.2 (lin64) Build 5239630 Fri Nov 08 22:34:34 MST 2024
| Date         : Wed Jul 22 07:53:26 2026
| Host         : andy-ThinkPad-P53 running 64-bit Ubuntu 24.04.4 LTS
| Command      : report_design_analysis -file ./report/rv32_ooo_tick_design_analysis_synth.rpt
| Design       : bd_0_wrapper
| Device       : xck26
| Design State : Synthesized
---------------------------------------------------------------------------------------------------------------------------------------------

Report Design Analysis

Table of Contents
-----------------
1. Setup Path Characteristics 1-1
2. Logic Level Distribution
3. Placer Final Level Congestion Reporting
4. SLR Net Crossing Reporting

1. Setup Path Characteristics 1-1
---------------------------------

+---------------------------+----------------------------------------------------------------------------------------------------------------------------------------------------------------------------------+
|      Characteristics      |                                                                                      Path #1                                                                                     |
+---------------------------+----------------------------------------------------------------------------------------------------------------------------------------------------------------------------------+
| Requirement               | 10.000                                                                                                                                                                           |
| Path Delay                | 6.495                                                                                                                                                                            |
| Logic Delay               | 5.293(82%)                                                                                                                                                                       |
| Net Delay                 | 1.202(18%)                                                                                                                                                                       |
| Clock Skew                | -0.078                                                                                                                                                                           |
| Slack                     | 3.436                                                                                                                                                                            |
| Clock Uncertainty         | 0.035                                                                                                                                                                            |
| Clock Relationship        | Timed                                                                                                                                                                            |
| Clock Delay Group         | Same Clock                                                                                                                                                                       |
| Logic Levels              | 14                                                                                                                                                                               |
| Routes                    | NA                                                                                                                                                                               |
| Logical Path              | RAMB36E2/CLKARDCLK-(5)-LUT6-(2)-DSP_A_B_DATA-(1)-DSP_PREADD_DATA-DSP_MULTIPLIER-DSP_M_DATA-DSP_ALU-DSP_OUTPUT-DSP_ALU-DSP_OUTPUT-LUT2-(1)-CARRY8-CARRY8-LUT5-(1)-LUT6-(1)-FDRE/D |
| Start Point Clock         | ap_clk                                                                                                                                                                           |
| End Point Clock           | ap_clk                                                                                                                                                                           |
| DSP Block                 | Comb                                                                                                                                                                             |
| RAM Registers             | DO_REG(0)-None                                                                                                                                                                   |
| IO Crossings              | 0                                                                                                                                                                                |
| SLR Crossings             | 0                                                                                                                                                                                |
| PBlocks                   | 0                                                                                                                                                                                |
| High Fanout               | 5                                                                                                                                                                                |
| Dont Touch                | 0                                                                                                                                                                                |
| Mark Debug                | 0                                                                                                                                                                                |
| Start Point Pin Primitive | RAMB36E2/CLKARDCLK                                                                                                                                                               |
| End Point Pin Primitive   | FDRE/D                                                                                                                                                                           |
| Start Point Pin           | ram_reg_bram_0/CLKARDCLK                                                                                                                                                         |
| End Point Pin             | res_24_reg_3165_reg[31]/D                                                                                                                                                        |
+---------------------------+----------------------------------------------------------------------------------------------------------------------------------------------------------------------------------+
* Bounding box calculated as % of dimensions for the target device (2818, 498)


2. Logic Level Distribution
---------------------------

+-----------------+-------------+-----+----+-----+----+----+----+----+----+----+----+----+----+----+----+----+----+----+----+----+----+
| End Point Clock | Requirement |  3  |  7 |  8  |  9 | 10 | 11 | 12 | 13 | 14 | 15 | 16 | 17 | 18 | 19 | 20 | 21 | 22 | 23 | 24 | 25 |
+-----------------+-------------+-----+----+-----+----+----+----+----+----+----+----+----+----+----+----+----+----+----+----+----+----+
| ap_clk          | 10.000ns    | 258 | 16 | 221 | 20 | 75 | 75 | 56 | 39 |  9 | 26 | 17 |  4 |  8 |  9 | 13 |  8 | 48 | 48 | 45 |  5 |
+-----------------+-------------+-----+----+-----+----+----+----+----+----+----+----+----+----+----+----+----+----+----+----+----+----+
* Columns represent the logic levels per end point clock
** Distribution is for top worst 1000 paths


3. Placer Final Level Congestion Reporting
------------------------------------------

+-----------+------+-------+--------+---------------+---------------+-----+--------+------+------+------+------+-----+-------+-----+------------+
| Direction | Type | Level | Window | Combined LUTs | Avg LUT Input | LUT | LUTRAM | Flop | MUXF | RAMB | URAM | DSP | CARRY | SRL | Cell Names |
+-----------+------+-------+--------+---------------+---------------+-----+--------+------+------+------+------+-----+-------+-----+------------+
* The design has not been placed, hence congestion data is not available. The command report_design_analysis -congestion should be run only after place_design has completed.


4. SLR Net Crossing Reporting
-----------------------------

+------------+-----------------------------+
| Cell Names | Number of Nets crossing SLR |
+------------+-----------------------------+
* The current part is not an SSI device


