INFO-FLOW: Workspace /media/andy/9cf23886-b985-4f84-a422-2da06e76f300/home/byovsh/Documents/Vscode/Proyecto/RV32IMFC_hls/rv32_vector_proj/solution1 opened at Tue Jul 21 12:32:07 CST 2026
Execute       send_msg_by_id INFO @200-1505@%s%s default  vivado 
INFO: [HLS 200-1505] Using default flow_target 'vivado'
Execute     set_part xck26-sfvc784-2LV-c 
INFO: [HLS 200-1510] Running: set_part xck26-sfvc784-2LV-c 
Execute       create_platform xck26-sfvc784-2LV-c -board  
DBG:HLSDevice: Trying to load device library: /home/andy/Programas/Vivado/Vitis/2024.2/lib/lnx64.o/libxv_hlsvwrap.so
DBG:HLSDevice: first parts/arch.xml in RDI_DATADIR: /home/andy/Programas/Vivado/Vivado/2024.2/data/parts/arch.xml
DBG:HLSDevice: init success
INFO: [HLS 200-1611] Setting target device to 'xck26-sfvc784-2LV-c'
Command       create_platform done; 2.13 sec.
Execute       source /home/andy/Programas/Vivado/Vitis/2024.2/common/technology/xilinx/common/xilinx.gen 
Execute         source /home/andy/Programas/Vivado/Vitis/2024.2/common/technology/xilinx/interface/plb46.gen 
Execute         source /home/andy/Programas/Vivado/Vitis/2024.2/common/technology/xilinx/interface/axi4.gen 
Execute         source /home/andy/Programas/Vivado/Vitis/2024.2/common/technology/xilinx/interface/nativeAXI4.gen 
Execute           source /home/andy/Programas/Vivado/Vitis/2024.2/common/technology/xilinx/interface/saxilite.gen 
Execute         source /home/andy/Programas/Vivado/Vitis/2024.2/common/technology/xilinx/scripts/xilinxcoregen.gen 
Execute         source /home/andy/Programas/Vivado/Vitis/2024.2/common/technology/xilinx/interface/XilEDKCoreGen.gen 
Execute         source /home/andy/Programas/Vivado/Vitis/2024.2/common/technology/xilinx/ip/xfft.gen 
Execute         source /home/andy/Programas/Vivado/Vitis/2024.2/common/technology/xilinx/ip/util.gen 
Execute         source /home/andy/Programas/Vivado/Vitis/2024.2/common/technology/xilinx/ip/xfir.gen 
Execute         source /home/andy/Programas/Vivado/Vitis/2024.2/common/technology/xilinx/ip/dds_compiler.gen 
Execute         source /home/andy/Programas/Vivado/Vitis/2024.2/common/technology/xilinx/DSP48/dsp48.gen 
Execute       ap_part_info -name xck26-sfvc784-2LV-c -data info 
Execute       config_compile -quiet -complex-mul-dsp=0 
Command     set_part done; 2.22 sec.
Execute     create_clock -period 10 -name default 
INFO: [HLS 200-1510] Running: create_clock -period 10 -name default 
Execute       ap_set_clock -name default -period 10 -unit ns -default=false 
INFO: [SYN 201-201] Setting up clock 'default' with a period of 10ns.
Execute     csim_design 
INFO: [HLS 200-1510] Running: csim_design 
Execute       ::AP::init_summary_file csim 
INFO-FLOW: Running SLX 'csim' proc: ::SLX::run_csim
INFO: [SIM 211-2] *************** CSIM start ***************
INFO: [SIM 211-4] CSIM will launch CLANG as the compiler.
Execute       send_msg_by_id INFO @200-2036@%s debug 
INFO: [HLS 200-2036] Building debug C Simulation binaries
Execute       source /home/andy/Programas/Vivado/Vitis/2024.2/tps/tcl/tcllib1.11.1/yaml/huddle.tcl 
Execute       source /home/andy/Programas/Vivado/Vitis/2024.2/tps/tcl/tcllib1.11.1/yaml/json2huddle.tcl 
Execute         source /home/andy/Programas/Vivado/Vitis/2024.2/tps/tcl/tcllib1.11.1/try/try.tcl 
Execute       ap_part_info -name xck26-sfvc784-2LV-c -data info 
Command       ap_part_info done; 0.11 sec.
Execute       source run_sim.tcl 
Command       ap_source done; 0.13 sec.
INFO: [SIM 211-1] CSim done with 0 errors.
INFO: [SIM 211-3] *************** CSIM finish ***************
Command     csim_design done; 4.41 sec.
INFO: [HLS 200-2161] Finished Command csim_design Elapsed time: 00:00:04; Allocated memory: 0.141 MB.
Execute     csynth_design 
INFO: [HLS 200-1510] Running: csynth_design 
Execute       ::AP::init_summary_file csynth 
INFO-FLOW: Running SLX 'csynth' proc: ::SLX::run_csynth
Execute       elaborate -effort=medium -skip_syncheck=0 -keep_printf=0 -skip_cdt=0 -skip_transform=0 -ng=0 -g=0 -opt_fp=0 -from_csynth_design=1 
INFO: [HLS 200-111] Finished File checks and directory preparation: CPU user time: 0.25 seconds. CPU system time: 0.04 seconds. Elapsed time: 0.3 seconds; current allocated memory: 634.691 MB.
Execute         set_directive_top rv32_vector_step -name=rv32_vector_step 
INFO: [HLS 200-10] Analyzing design file 'rv32_vector.cpp' ... 
INFO-FLOW: Compiling one TU...
INFO-FLOW: Handling rv32_vector.cpp as C++
Execute         ap_part_info -name xck26-sfvc784-2LV-c -data info 
INFO-FLOW: Running: GCC PP 39
INFO-FLOW: Source preprocessing
INFO-FLOW: run_clang exec: /home/andy/Programas/Vivado/Vitis/2024.2/lnx64/tools/clang-3.9-csynth/bin/clang rv32_vector.cpp -foptimization-record-file=/media/andy/9cf23886-b985-4f84-a422-2da06e76f300/home/byovsh/Documents/Vscode/Proyecto/RV32IMFC_hls/rv32_vector_proj/solution1/.autopilot/db/rv32_vector.cpp.clang.diag.yml -mllvm -pass-remarks-missed=reflow|pasta|unroll|inline -mllvm -pass-remarks=reflow|pasta|unroll|inline -fno-limit-debug-info --gcc-toolchain=/home/andy/Programas/Vivado/Vitis/2024.2/tps/lnx64/gcc-8.3.0 -fhls -fno-exceptions -insert-hls-directive=/media/andy/9cf23886-b985-4f84-a422-2da06e76f300/home/byovsh/Documents/Vscode/Proyecto/RV32IMFC_hls/rv32_vector_proj/solution1/.autopilot/db/all.directive.json -E -fno-math-errno -c -emit-llvm -mllvm -disable-llvm-optzns -Werror=implicit-function-declaration -Werror=implicit-hls-streams -Werror=return-type -Wpragmas -Wunused-parameter -Wdump-hls-pragmas -Wno-error=dump-hls-pragmas -hls-clock-period=10 -fno-threadsafe-statics -fno-use-cxa-atexit -std=gnu++14 -target fpga64-xilinx-linux-gnu -fno-threadsafe-statics -fno-use-cxa-atexit -D__VITIS_HLS__ -DAESL_SYN -D__SYNTHESIS__ -D__HLS_SYN__ -I /home/andy/Programas/Vivado/Vitis/2024.2/common/technology/autopilot -I /home/andy/Programas/Vivado/Vitis/2024.2/common/technology/autopilot/ap_sysc -include etc/autopilot_ssdm_op.h -D__DSP48E2__ -I /usr/include/x86_64-linux-gnu -o /media/andy/9cf23886-b985-4f84-a422-2da06e76f300/home/byovsh/Documents/Vscode/Proyecto/RV32IMFC_hls/rv32_vector_proj/solution1/.autopilot/db/rv32_vector.pp.0.cpp -hls-platform-db-name=/home/andy/Programas/Vivado/Vitis/2024.2/common/technology/xilinx/common/platform.db -hls-platform-name=zynquplus_medium -device-resource-info=BRAM_288.000000_DSP_1248.000000_FF_234240.000000_LUT_117120.000000_SLICE_14640.000000_URAM_64.000000 -device-name-info=xck26-sfvc784-2LV-c > /media/andy/9cf23886-b985-4f84-a422-2da06e76f300/home/byovsh/Documents/Vscode/Proyecto/RV32IMFC_hls/rv32_vector_proj/solution1/.autopilot/db/rv32_vector.cpp.clang.out.log 2> /media/andy/9cf23886-b985-4f84-a422-2da06e76f300/home/byovsh/Documents/Vscode/Proyecto/RV32IMFC_hls/rv32_vector_proj/solution1/.autopilot/db/rv32_vector.cpp.clang.err.log
INFO-FLOW: Done: GCC PP 39 time: 0.2 seconds per iteration
INFO-FLOW: Source syntax check for synthesis
INFO-FLOW: run_clang exec: /home/andy/Programas/Vivado/Vitis/2024.2/lnx64/tools/clang-3.9-csynth/bin/clang -foptimization-record-file=/media/andy/9cf23886-b985-4f84-a422-2da06e76f300/home/byovsh/Documents/Vscode/Proyecto/RV32IMFC_hls/rv32_vector_proj/solution1/.autopilot/db/clang.diag.yml -mllvm -pass-remarks-missed=reflow|pasta|unroll|inline -mllvm -pass-remarks=reflow|pasta|unroll|inline -fsyntax-only -fhls -target fpga64-xilinx-linux-gnu /media/andy/9cf23886-b985-4f84-a422-2da06e76f300/home/byovsh/Documents/Vscode/Proyecto/RV32IMFC_hls/rv32_vector_proj/solution1/.autopilot/db/rv32_vector.pp.0.cpp -hls-platform-db-name=/home/andy/Programas/Vivado/Vitis/2024.2/common/technology/xilinx/common/platform.db -hls-platform-name=zynquplus_medium -device-resource-info=BRAM_288.000000_DSP_1248.000000_FF_234240.000000_LUT_117120.000000_SLICE_14640.000000_URAM_64.000000 -device-name-info=xck26-sfvc784-2LV-c > /media/andy/9cf23886-b985-4f84-a422-2da06e76f300/home/byovsh/Documents/Vscode/Proyecto/RV32IMFC_hls/rv32_vector_proj/solution1/.autopilot/db/clang.out.log 2> /media/andy/9cf23886-b985-4f84-a422-2da06e76f300/home/byovsh/Documents/Vscode/Proyecto/RV32IMFC_hls/rv32_vector_proj/solution1/.autopilot/db/clang.err.log
Execute         clang_tidy xilinx-systemc-detector -desc systemc-detector /media/andy/9cf23886-b985-4f84-a422-2da06e76f300/home/byovsh/Documents/Vscode/Proyecto/RV32IMFC_hls/rv32_vector_proj/solution1/.autopilot/db/rv32_vector.pp.0.cpp std=gnu++14 -target fpga  -directive=/media/andy/9cf23886-b985-4f84-a422-2da06e76f300/home/byovsh/Documents/Vscode/Proyecto/RV32IMFC_hls/rv32_vector_proj/solution1/.autopilot/db/.systemc_flag 
INFO-FLOW: exec /home/andy/Programas/Vivado/Vitis/2024.2/lnx64/tools/clang-3.9-csynth/bin/clang-tidy -header-filter=.* --checks=-*,xilinx-systemc-detector -import-directive=/media/andy/9cf23886-b985-4f84-a422-2da06e76f300/home/byovsh/Documents/Vscode/Proyecto/RV32IMFC_hls/rv32_vector_proj/solution1/.autopilot/db/.systemc_flag -fix-errors /media/andy/9cf23886-b985-4f84-a422-2da06e76f300/home/byovsh/Documents/Vscode/Proyecto/RV32IMFC_hls/rv32_vector_proj/solution1/.autopilot/db/rv32_vector.pp.0.cpp -- -std=gnu++14 -target fpga -fhls -ferror-limit=0
Command         clang_tidy done; 0.48 sec.
INFO-FLOW: Running: clang-tidy CDT preprocess 39
Execute         clang_tidy xilinx-directive2pragma -desc directive2pragma /media/andy/9cf23886-b985-4f84-a422-2da06e76f300/home/byovsh/Documents/Vscode/Proyecto/RV32IMFC_hls/rv32_vector_proj/solution1/.autopilot/db/rv32_vector.pp.0.cpp std=gnu++14 -target fpga  -directive=/media/andy/9cf23886-b985-4f84-a422-2da06e76f300/home/byovsh/Documents/Vscode/Proyecto/RV32IMFC_hls/rv32_vector_proj/solution1/.autopilot/db/all.directive.json 
INFO-FLOW: exec /home/andy/Programas/Vivado/Vitis/2024.2/lnx64/tools/clang-3.9-csynth/bin/clang-tidy -header-filter=.* --checks=-*,xilinx-directive2pragma -import-directive=/media/andy/9cf23886-b985-4f84-a422-2da06e76f300/home/byovsh/Documents/Vscode/Proyecto/RV32IMFC_hls/rv32_vector_proj/solution1/.autopilot/db/all.directive.json -fix-errors /media/andy/9cf23886-b985-4f84-a422-2da06e76f300/home/byovsh/Documents/Vscode/Proyecto/RV32IMFC_hls/rv32_vector_proj/solution1/.autopilot/db/rv32_vector.pp.0.cpp -- -std=gnu++14 -target fpga -fhls -ferror-limit=0
Command         clang_tidy done; 0.69 sec.
INFO-FLOW: Done: clang-tidy CDT preprocess 39 time: 0.7 seconds per iteration
INFO-FLOW: Calling xilinx-label-all-loops ... 
INFO-FLOW: Calling xilinx-aggregate-on-hls-vector ... 
Execute         clang_tidy -errorcheck -desc loop-label xilinx-label-all-loops,xilinx-aggregate-on-hls-vector,,xilinx-warn-mayneed-no-ctor-attribute /media/andy/9cf23886-b985-4f84-a422-2da06e76f300/home/byovsh/Documents/Vscode/Proyecto/RV32IMFC_hls/rv32_vector_proj/solution1/.autopilot/db/rv32_vector.pp.0.cpp std=gnu++14 -target fpga  
INFO-FLOW: run_clang exec: /home/andy/Programas/Vivado/Vitis/2024.2/lnx64/tools/clang-3.9-csynth/bin/clang-tidy -export-fixes=/media/andy/9cf23886-b985-4f84-a422-2da06e76f300/home/byovsh/Documents/Vscode/Proyecto/RV32IMFC_hls/rv32_vector_proj/solution1/.autopilot/db/rv32_vector.pp.0.cpp.clang-tidy.loop-label.diag.yml -header-filter=.* --checks=-*,xilinx-label-all-loops,xilinx-aggregate-on-hls-vector,,xilinx-warn-mayneed-no-ctor-attribute -fix-errors /media/andy/9cf23886-b985-4f84-a422-2da06e76f300/home/byovsh/Documents/Vscode/Proyecto/RV32IMFC_hls/rv32_vector_proj/solution1/.autopilot/db/rv32_vector.pp.0.cpp -- -std=gnu++14 -target fpga -fhls -ferror-limit=0 > /media/andy/9cf23886-b985-4f84-a422-2da06e76f300/home/byovsh/Documents/Vscode/Proyecto/RV32IMFC_hls/rv32_vector_proj/solution1/.autopilot/db/rv32_vector.pp.0.cpp.clang-tidy.loop-label.out.log 2> /media/andy/9cf23886-b985-4f84-a422-2da06e76f300/home/byovsh/Documents/Vscode/Proyecto/RV32IMFC_hls/rv32_vector_proj/solution1/.autopilot/db/rv32_vector.pp.0.cpp.clang-tidy.loop-label.err.log
Execute           source /home/andy/Programas/Vivado/Vitis/2024.2/tps/tcl/tcllib1.11.1/yaml/yaml.tcl 
Command         clang_tidy done; 0.8 sec.
INFO-FLOW: run_clang exec: /home/andy/Programas/Vivado/Vitis/2024.2/lnx64/tools/clang-3.9-csynth/bin/xilinx-dataflow-lawyer -export-fixes=/media/andy/9cf23886-b985-4f84-a422-2da06e76f300/home/byovsh/Documents/Vscode/Proyecto/RV32IMFC_hls/rv32_vector_proj/solution1/.autopilot/db/rv32_vector.pp.0.cpp.xilinx-dataflow-lawyer.diag.yml /media/andy/9cf23886-b985-4f84-a422-2da06e76f300/home/byovsh/Documents/Vscode/Proyecto/RV32IMFC_hls/rv32_vector_proj/solution1/.autopilot/db/rv32_vector.pp.0.cpp -- -std=gnu++14 -target fpga -fhls -ferror-limit=0 -fstrict-dataflow > /media/andy/9cf23886-b985-4f84-a422-2da06e76f300/home/byovsh/Documents/Vscode/Proyecto/RV32IMFC_hls/rv32_vector_proj/solution1/.autopilot/db/rv32_vector.pp.0.cpp.xilinx-dataflow-lawyer.out.log 2> /media/andy/9cf23886-b985-4f84-a422-2da06e76f300/home/byovsh/Documents/Vscode/Proyecto/RV32IMFC_hls/rv32_vector_proj/solution1/.autopilot/db/rv32_vector.pp.0.cpp.xilinx-dataflow-lawyer.err.log
Execute         ap_part_info -name xck26-sfvc784-2LV-c -data info 
INFO-FLOW: compiling source code to llvm bc
INFO-FLOW: run_clang exec: /home/andy/Programas/Vivado/Vitis/2024.2/lnx64/tools/clang-3.9-csynth/bin/clang -foptimization-record-file=/media/andy/9cf23886-b985-4f84-a422-2da06e76f300/home/byovsh/Documents/Vscode/Proyecto/RV32IMFC_hls/rv32_vector_proj/solution1/.autopilot/db/rv32_vector.pp.0.cpp.clang.diag.yml -mllvm -pass-remarks-missed=reflow|pasta|unroll|inline -mllvm -pass-remarks=reflow|pasta|unroll|inline -fno-limit-debug-info -fhls -flto -fno-exceptions -Wno-error=c++11-narrowing -hls-emit-hint-scope /media/andy/9cf23886-b985-4f84-a422-2da06e76f300/home/byovsh/Documents/Vscode/Proyecto/RV32IMFC_hls/rv32_vector_proj/solution1/.autopilot/db/rv32_vector.pp.0.cpp -fno-math-errno -c -emit-llvm -mllvm -disable-llvm-optzns -Werror=implicit-function-declaration -Werror=implicit-hls-streams -Werror=return-type -Wpragmas -Wunused-parameter -Wdump-hls-pragmas -Wno-error=dump-hls-pragmas -hls-clock-period=10 -fno-threadsafe-statics -fno-use-cxa-atexit -std=gnu++14 -target fpga64-xilinx-linux-gnu -D__VITIS_HLS__ -DAESL_SYN -D__SYNTHESIS__ -D__HLS_SYN__ -I /home/andy/Programas/Vivado/Vitis/2024.2/common/technology/autopilot -I /home/andy/Programas/Vivado/Vitis/2024.2/common/technology/autopilot/ap_sysc -include etc/autopilot_ssdm_op.h -D__DSP48E2__ -g -o /media/andy/9cf23886-b985-4f84-a422-2da06e76f300/home/byovsh/Documents/Vscode/Proyecto/RV32IMFC_hls/rv32_vector_proj/solution1/.autopilot/db/rv32_vector.bc -hls-platform-db-name=/home/andy/Programas/Vivado/Vitis/2024.2/common/technology/xilinx/common/platform.db -hls-platform-name=zynquplus_medium -device-resource-info=BRAM_288.000000_DSP_1248.000000_FF_234240.000000_LUT_117120.000000_SLICE_14640.000000_URAM_64.000000 -device-name-info=xck26-sfvc784-2LV-c > /media/andy/9cf23886-b985-4f84-a422-2da06e76f300/home/byovsh/Documents/Vscode/Proyecto/RV32IMFC_hls/rv32_vector_proj/solution1/.autopilot/db/rv32_vector.pp.0.cpp.clang.out.log 2> /media/andy/9cf23886-b985-4f84-a422-2da06e76f300/home/byovsh/Documents/Vscode/Proyecto/RV32IMFC_hls/rv32_vector_proj/solution1/.autopilot/db/rv32_vector.pp.0.cpp.clang.err.log
INFO: [HLS 200-111] Finished Source Code Analysis and Preprocessing: CPU user time: 3.56 seconds. CPU system time: 0.59 seconds. Elapsed time: 4.15 seconds; current allocated memory: 636.812 MB.
INFO-FLOW: Linking Debug ...
INFO-FLOW: Linking dut bc code.
Execute         run_link_or_opt -out /media/andy/9cf23886-b985-4f84-a422-2da06e76f300/home/byovsh/Documents/Vscode/Proyecto/RV32IMFC_hls/rv32_vector_proj/solution1/.autopilot/db/a.g.ld.0.bc -args  "/media/andy/9cf23886-b985-4f84-a422-2da06e76f300/home/byovsh/Documents/Vscode/Proyecto/RV32IMFC_hls/rv32_vector_proj/solution1/.autopilot/db/rv32_vector.g.bc"  
INFO-FLOW: run_clang exec: /home/andy/Programas/Vivado/Vitis/2024.2/lnx64/tools/clang-3.9-csynth/bin/llvm-link /media/andy/9cf23886-b985-4f84-a422-2da06e76f300/home/byovsh/Documents/Vscode/Proyecto/RV32IMFC_hls/rv32_vector_proj/solution1/.autopilot/db/rv32_vector.g.bc -o /media/andy/9cf23886-b985-4f84-a422-2da06e76f300/home/byovsh/Documents/Vscode/Proyecto/RV32IMFC_hls/rv32_vector_proj/solution1/.autopilot/db/a.g.ld.0.bc > /media/andy/9cf23886-b985-4f84-a422-2da06e76f300/home/byovsh/Documents/Vscode/Proyecto/RV32IMFC_hls/rv32_vector_proj/solution1/.autopilot/db/a.g.ld.0.bc.llvm-link.out.log 2> /media/andy/9cf23886-b985-4f84-a422-2da06e76f300/home/byovsh/Documents/Vscode/Proyecto/RV32IMFC_hls/rv32_vector_proj/solution1/.autopilot/db/a.g.ld.0.bc.llvm-link.err.log
Execute         run_link_or_opt -opt -out /media/andy/9cf23886-b985-4f84-a422-2da06e76f300/home/byovsh/Documents/Vscode/Proyecto/RV32IMFC_hls/rv32_vector_proj/solution1/.autopilot/db/a.g.ld.1.lower.bc -args /media/andy/9cf23886-b985-4f84-a422-2da06e76f300/home/byovsh/Documents/Vscode/Proyecto/RV32IMFC_hls/rv32_vector_proj/solution1/.autopilot/db/a.g.ld.0.bc -reflow-lower-math-intrinsics 
INFO-FLOW: run_clang exec: /home/andy/Programas/Vivado/Vitis/2024.2/lnx64/tools/clang-3.9-csynth/bin/opt -pass-remarks-missed=reflow|pasta|unroll|inline -pass-remarks=reflow|pasta|unroll|inline -pass-remarks-output=/media/andy/9cf23886-b985-4f84-a422-2da06e76f300/home/byovsh/Documents/Vscode/Proyecto/RV32IMFC_hls/rv32_vector_proj/solution1/.autopilot/db/a.g.ld.1.lower.bc.opt.diag.yml /media/andy/9cf23886-b985-4f84-a422-2da06e76f300/home/byovsh/Documents/Vscode/Proyecto/RV32IMFC_hls/rv32_vector_proj/solution1/.autopilot/db/a.g.ld.0.bc -reflow-lower-math-intrinsics -o /media/andy/9cf23886-b985-4f84-a422-2da06e76f300/home/byovsh/Documents/Vscode/Proyecto/RV32IMFC_hls/rv32_vector_proj/solution1/.autopilot/db/a.g.ld.1.lower.bc > /media/andy/9cf23886-b985-4f84-a422-2da06e76f300/home/byovsh/Documents/Vscode/Proyecto/RV32IMFC_hls/rv32_vector_proj/solution1/.autopilot/db/a.g.ld.1.lower.bc.opt.out.log 2> /media/andy/9cf23886-b985-4f84-a422-2da06e76f300/home/byovsh/Documents/Vscode/Proyecto/RV32IMFC_hls/rv32_vector_proj/solution1/.autopilot/db/a.g.ld.1.lower.bc.opt.err.log
INFO-FLOW: Running: gen_design_size_report post-opt
INFO-FLOW: Done: gen_design_size_report post-opt time: 0 seconds per iteration
INFO-FLOW: Linking math bc lib
Execute         run_link_or_opt -out /media/andy/9cf23886-b985-4f84-a422-2da06e76f300/home/byovsh/Documents/Vscode/Proyecto/RV32IMFC_hls/rv32_vector_proj/solution1/.autopilot/db/a.g.ld.2.m1.bc -args /media/andy/9cf23886-b985-4f84-a422-2da06e76f300/home/byovsh/Documents/Vscode/Proyecto/RV32IMFC_hls/rv32_vector_proj/solution1/.autopilot/db/a.g.ld.1.lower.bc -only-needed /home/andy/Programas/Vivado/Vitis/2024.2/lnx64/lib/libhlsm_39.bc /home/andy/Programas/Vivado/Vitis/2024.2/lnx64/lib/libhlsmc++_39.bc 
INFO-FLOW: run_clang exec: /home/andy/Programas/Vivado/Vitis/2024.2/lnx64/tools/clang-3.9-csynth/bin/llvm-link /media/andy/9cf23886-b985-4f84-a422-2da06e76f300/home/byovsh/Documents/Vscode/Proyecto/RV32IMFC_hls/rv32_vector_proj/solution1/.autopilot/db/a.g.ld.1.lower.bc -only-needed /home/andy/Programas/Vivado/Vitis/2024.2/lnx64/lib/libhlsm_39.bc /home/andy/Programas/Vivado/Vitis/2024.2/lnx64/lib/libhlsmc++_39.bc -o /media/andy/9cf23886-b985-4f84-a422-2da06e76f300/home/byovsh/Documents/Vscode/Proyecto/RV32IMFC_hls/rv32_vector_proj/solution1/.autopilot/db/a.g.ld.2.m1.bc > /media/andy/9cf23886-b985-4f84-a422-2da06e76f300/home/byovsh/Documents/Vscode/Proyecto/RV32IMFC_hls/rv32_vector_proj/solution1/.autopilot/db/a.g.ld.2.m1.bc.llvm-link.out.log 2> /media/andy/9cf23886-b985-4f84-a422-2da06e76f300/home/byovsh/Documents/Vscode/Proyecto/RV32IMFC_hls/rv32_vector_proj/solution1/.autopilot/db/a.g.ld.2.m1.bc.llvm-link.err.log
Command         run_link_or_opt done; 1.46 sec.
Execute         run_link_or_opt -opt -out /media/andy/9cf23886-b985-4f84-a422-2da06e76f300/home/byovsh/Documents/Vscode/Proyecto/RV32IMFC_hls/rv32_vector_proj/solution1/.autopilot/db/a.g.ld.3.fpc.bc -args /media/andy/9cf23886-b985-4f84-a422-2da06e76f300/home/byovsh/Documents/Vscode/Proyecto/RV32IMFC_hls/rv32_vector_proj/solution1/.autopilot/db/a.g.ld.2.m1.bc -reflow-globaldce -hls-top-function-name=rv32_vector_step -reflow-float-conversion 
INFO-FLOW: run_clang exec: /home/andy/Programas/Vivado/Vitis/2024.2/lnx64/tools/clang-3.9-csynth/bin/opt -pass-remarks-missed=reflow|pasta|unroll|inline -pass-remarks=reflow|pasta|unroll|inline -pass-remarks-output=/media/andy/9cf23886-b985-4f84-a422-2da06e76f300/home/byovsh/Documents/Vscode/Proyecto/RV32IMFC_hls/rv32_vector_proj/solution1/.autopilot/db/a.g.ld.3.fpc.bc.opt.diag.yml /media/andy/9cf23886-b985-4f84-a422-2da06e76f300/home/byovsh/Documents/Vscode/Proyecto/RV32IMFC_hls/rv32_vector_proj/solution1/.autopilot/db/a.g.ld.2.m1.bc -reflow-globaldce -hls-top-function-name=rv32_vector_step -reflow-float-conversion -o /media/andy/9cf23886-b985-4f84-a422-2da06e76f300/home/byovsh/Documents/Vscode/Proyecto/RV32IMFC_hls/rv32_vector_proj/solution1/.autopilot/db/a.g.ld.3.fpc.bc > /media/andy/9cf23886-b985-4f84-a422-2da06e76f300/home/byovsh/Documents/Vscode/Proyecto/RV32IMFC_hls/rv32_vector_proj/solution1/.autopilot/db/a.g.ld.3.fpc.bc.opt.out.log 2> /media/andy/9cf23886-b985-4f84-a422-2da06e76f300/home/byovsh/Documents/Vscode/Proyecto/RV32IMFC_hls/rv32_vector_proj/solution1/.autopilot/db/a.g.ld.3.fpc.bc.opt.err.log
INFO-FLOW: Running: gen_design_size_report post-opt
INFO-FLOW: Done: gen_design_size_report post-opt time: 0 seconds per iteration
Command         run_link_or_opt done; 0.51 sec.
Execute         run_link_or_opt -out /media/andy/9cf23886-b985-4f84-a422-2da06e76f300/home/byovsh/Documents/Vscode/Proyecto/RV32IMFC_hls/rv32_vector_proj/solution1/.autopilot/db/a.g.ld.4.m2.bc -args /media/andy/9cf23886-b985-4f84-a422-2da06e76f300/home/byovsh/Documents/Vscode/Proyecto/RV32IMFC_hls/rv32_vector_proj/solution1/.autopilot/db/a.g.ld.3.fpc.bc -only-needed /home/andy/Programas/Vivado/Vitis/2024.2/lnx64/lib/libfloatconversion_39.bc 
INFO-FLOW: run_clang exec: /home/andy/Programas/Vivado/Vitis/2024.2/lnx64/tools/clang-3.9-csynth/bin/llvm-link /media/andy/9cf23886-b985-4f84-a422-2da06e76f300/home/byovsh/Documents/Vscode/Proyecto/RV32IMFC_hls/rv32_vector_proj/solution1/.autopilot/db/a.g.ld.3.fpc.bc -only-needed /home/andy/Programas/Vivado/Vitis/2024.2/lnx64/lib/libfloatconversion_39.bc -o /media/andy/9cf23886-b985-4f84-a422-2da06e76f300/home/byovsh/Documents/Vscode/Proyecto/RV32IMFC_hls/rv32_vector_proj/solution1/.autopilot/db/a.g.ld.4.m2.bc > /media/andy/9cf23886-b985-4f84-a422-2da06e76f300/home/byovsh/Documents/Vscode/Proyecto/RV32IMFC_hls/rv32_vector_proj/solution1/.autopilot/db/a.g.ld.4.m2.bc.llvm-link.out.log 2> /media/andy/9cf23886-b985-4f84-a422-2da06e76f300/home/byovsh/Documents/Vscode/Proyecto/RV32IMFC_hls/rv32_vector_proj/solution1/.autopilot/db/a.g.ld.4.m2.bc.llvm-link.err.log
Execute         run_link_or_opt -opt -out /media/andy/9cf23886-b985-4f84-a422-2da06e76f300/home/byovsh/Documents/Vscode/Proyecto/RV32IMFC_hls/rv32_vector_proj/solution1/.autopilot/db/a.g.ld.5.gdce.bc -args /media/andy/9cf23886-b985-4f84-a422-2da06e76f300/home/byovsh/Documents/Vscode/Proyecto/RV32IMFC_hls/rv32_vector_proj/solution1/.autopilot/db/a.g.ld.4.m2.bc -reflow-globaldce -hls-top-function-name=rv32_vector_step 
INFO-FLOW: run_clang exec: /home/andy/Programas/Vivado/Vitis/2024.2/lnx64/tools/clang-3.9-csynth/bin/opt -pass-remarks-missed=reflow|pasta|unroll|inline -pass-remarks=reflow|pasta|unroll|inline -pass-remarks-output=/media/andy/9cf23886-b985-4f84-a422-2da06e76f300/home/byovsh/Documents/Vscode/Proyecto/RV32IMFC_hls/rv32_vector_proj/solution1/.autopilot/db/a.g.ld.5.gdce.bc.opt.diag.yml /media/andy/9cf23886-b985-4f84-a422-2da06e76f300/home/byovsh/Documents/Vscode/Proyecto/RV32IMFC_hls/rv32_vector_proj/solution1/.autopilot/db/a.g.ld.4.m2.bc -reflow-globaldce -hls-top-function-name=rv32_vector_step -o /media/andy/9cf23886-b985-4f84-a422-2da06e76f300/home/byovsh/Documents/Vscode/Proyecto/RV32IMFC_hls/rv32_vector_proj/solution1/.autopilot/db/a.g.ld.5.gdce.bc > /media/andy/9cf23886-b985-4f84-a422-2da06e76f300/home/byovsh/Documents/Vscode/Proyecto/RV32IMFC_hls/rv32_vector_proj/solution1/.autopilot/db/a.g.ld.5.gdce.bc.opt.out.log 2> /media/andy/9cf23886-b985-4f84-a422-2da06e76f300/home/byovsh/Documents/Vscode/Proyecto/RV32IMFC_hls/rv32_vector_proj/solution1/.autopilot/db/a.g.ld.5.gdce.bc.opt.err.log
INFO-FLOW: Running: gen_design_size_report post-opt
INFO-FLOW: Done: gen_design_size_report post-opt time: 0 seconds per iteration
Execute         send_msg_by_id INFO @200-777@%s Vivado 
INFO: [HLS 200-777] Using interface defaults for 'Vivado' flow target.
Execute         is_m_axi_addr64 
INFO-FLOW: Doing LTO.
INFO-FLOW: run_clang (background poll_ms 5000) exec: /home/andy/Programas/Vivado/Vitis/2024.2/lnx64/tools/clang-3.9-csynth/bin/clang -foptimization-record-file=/media/andy/9cf23886-b985-4f84-a422-2da06e76f300/home/byovsh/Documents/Vscode/Proyecto/RV32IMFC_hls/rv32_vector_proj/solution1/.autopilot/db/a.g.ld.0.bc.clang.reflow.diag.yml -mllvm -pass-remarks-missed=reflow|pasta|unroll|inline -mllvm -pass-remarks=reflow|pasta|unroll|inline -fhls -mllvm -hls-top-function-name=rv32_vector_step -mllvm -hls-db-dir -mllvm /media/andy/9cf23886-b985-4f84-a422-2da06e76f300/home/byovsh/Documents/Vscode/Proyecto/RV32IMFC_hls/rv32_vector_proj/solution1/.autopilot/db -emit-llvm -c -target fpga64-xilinx-none -mllvm -xcl-xmlinfo=/media/andy/9cf23886-b985-4f84-a422-2da06e76f300/home/byovsh/Documents/Vscode/Proyecto/RV32IMFC_hls/rv32_vector_proj/solution1/.autopilot/db/kernel.internal.xml -mllvm -top-io-mapping-info=/media/andy/9cf23886-b985-4f84-a422-2da06e76f300/home/byovsh/Documents/Vscode/Proyecto/RV32IMFC_hls/rv32_vector_proj/solution1/.autopilot/db/top-io-fe.xml -mllvm -hls-bitcode-version=3.1 -mllvm -reflow-enable-slave-interface-default-setting=true -mllvm -gen-kernel-xml=false -mllvm -default-maxi-offset=slave -mllvm -maxi-latency=0 -mllvm -hls-maxi-data-size-in-bits=8 -mllvm -hls-maxi-max-data-size-in-bits=1024 -mllvm -hls-max-widen-size-in-bits=0 -mllvm -xcl-kernel-max-mem-ports=0 -mllvm -maxi-read-trans=16 -mllvm -maxi-write-trans=16 -mllvm -maxi-read-burst-len=16 -mllvm -maxi-write-burst-len=16 -mllvm -reflow-enable-saxi-64bits=0 -mllvm -reflow-basic-block-instr-threshold=200000 -mllvm -reflow-auto-pipeline-threshold=64 -mllvm -reflow-enable-maxi-auto-id-channel=0 -mllvm -reflow-bdd-simplify-threshold=1048576 -mllvm -reflow-fanout-threshold=16 -mllvm -reflow-complete-threshold=4 -mllvm -reflow-array-promotion-threshold=64 -mllvm -assume-maxi-align=1 -mllvm -reflow-enable-dataflow-strict-mode-checking=1 -ftime-report -mllvm -time-passes -mllvm -reflow-auto-array-partition-mode=default -mllvm -reflow-enable-auto-small-array-partition=true -mllvm -reflow-enable-auto-array-promotion=true -mllvm -reflow-enable-auto-array-partition-for-flatten=true -mllvm -reflow-enable-auto-parallel-performance-driven=true -mllvm -reflow-enable-partition-for-automation=true -mllvm -reflow-aggregate-bitwidth-threshold=4096 -mllvm -reflow-reserved-saxilite-registers=0 -mllvm -enable-reflow-auto-loop-pipeline -mllvm -reflow-max-unroll-threshold=409600 -mllvm -auto-unroll-tripcount-threshold=0 -mllvm -reflow-assume-no-address-wrap=true -mllvm -reflow-enable-occurrence-inference=true -mllvm -reflow-emit-hint-scope=true -mllvm -reflow-enable-codegen-with-if=true -mllvm -reflow-enable-dataflow-canon=true -mllvm -reflow-enable-dataflow-canon2=true -mllvm -hls -mllvm -disable-inlined-alloca-merging=true -mllvm -default-clock-period=10 -mllvm -use_read_first_ram_in_loop=1 -mllvm -default-clock-uncertainty=2.7 -x ir /media/andy/9cf23886-b985-4f84-a422-2da06e76f300/home/byovsh/Documents/Vscode/Proyecto/RV32IMFC_hls/rv32_vector_proj/solution1/.autopilot/db/a.g.ld.5.gdce.bc -o /media/andy/9cf23886-b985-4f84-a422-2da06e76f300/home/byovsh/Documents/Vscode/Proyecto/RV32IMFC_hls/rv32_vector_proj/solution1/.autopilot/db/a.g.lto.bc -hls-platform-db-name=/home/andy/Programas/Vivado/Vitis/2024.2/common/technology/xilinx/common/platform.db -hls-platform-name=zynquplus_medium -device-resource-info=BRAM_288.000000_DSP_1248.000000_FF_234240.000000_LUT_117120.000000_SLICE_14640.000000_URAM_64.000000 -device-name-info=xck26-sfvc784-2LV-c 2> /media/andy/9cf23886-b985-4f84-a422-2da06e76f300/home/byovsh/Documents/Vscode/Proyecto/RV32IMFC_hls/rv32_vector_proj/solution1/.autopilot/db/a.g.ld.0.bc.clang.reflow.err.log bg_poll_cmd: ::AP::poll_clang_39_closed_source
Execute         send_msg_by_id INFO @200-1995@%s%s%s 1,649 Compile/Link /media/andy/9cf23886-b985-4f84-a422-2da06e76f300/home/byovsh/Documents/Vscode/Proyecto/RV32IMFC_hls/rv32_vector_proj/solution1/syn/report/csynth_design_size.rpt 
INFO: [HLS 200-1995] There were 1,649 instructions in the design after the 'Compile/Link' phase of compilation. See the Design Size Report for more details: /media/andy/9cf23886-b985-4f84-a422-2da06e76f300/home/byovsh/Documents/Vscode/Proyecto/RV32IMFC_hls/rv32_vector_proj/solution1/syn/report/csynth_design_size.rpt
Execute         send_msg_by_id INFO @200-1995@%s%s%s 344 Unroll/Inline (step 1) /media/andy/9cf23886-b985-4f84-a422-2da06e76f300/home/byovsh/Documents/Vscode/Proyecto/RV32IMFC_hls/rv32_vector_proj/solution1/syn/report/csynth_design_size.rpt 
INFO: [HLS 200-1995] There were 344 instructions in the design after the 'Unroll/Inline (step 1)' phase of compilation. See the Design Size Report for more details: /media/andy/9cf23886-b985-4f84-a422-2da06e76f300/home/byovsh/Documents/Vscode/Proyecto/RV32IMFC_hls/rv32_vector_proj/solution1/syn/report/csynth_design_size.rpt
Execute         send_msg_by_id INFO @200-1995@%s%s%s 274 Unroll/Inline (step 2) /media/andy/9cf23886-b985-4f84-a422-2da06e76f300/home/byovsh/Documents/Vscode/Proyecto/RV32IMFC_hls/rv32_vector_proj/solution1/syn/report/csynth_design_size.rpt 
INFO: [HLS 200-1995] There were 274 instructions in the design after the 'Unroll/Inline (step 2)' phase of compilation. See the Design Size Report for more details: /media/andy/9cf23886-b985-4f84-a422-2da06e76f300/home/byovsh/Documents/Vscode/Proyecto/RV32IMFC_hls/rv32_vector_proj/solution1/syn/report/csynth_design_size.rpt
Execute         send_msg_by_id INFO @200-1995@%s%s%s 246 Unroll/Inline (step 3) /media/andy/9cf23886-b985-4f84-a422-2da06e76f300/home/byovsh/Documents/Vscode/Proyecto/RV32IMFC_hls/rv32_vector_proj/solution1/syn/report/csynth_design_size.rpt 
INFO: [HLS 200-1995] There were 246 instructions in the design after the 'Unroll/Inline (step 3)' phase of compilation. See the Design Size Report for more details: /media/andy/9cf23886-b985-4f84-a422-2da06e76f300/home/byovsh/Documents/Vscode/Proyecto/RV32IMFC_hls/rv32_vector_proj/solution1/syn/report/csynth_design_size.rpt
Execute         send_msg_by_id INFO @200-1995@%s%s%s 239 Unroll/Inline (step 4) /media/andy/9cf23886-b985-4f84-a422-2da06e76f300/home/byovsh/Documents/Vscode/Proyecto/RV32IMFC_hls/rv32_vector_proj/solution1/syn/report/csynth_design_size.rpt 
INFO: [HLS 200-1995] There were 239 instructions in the design after the 'Unroll/Inline (step 4)' phase of compilation. See the Design Size Report for more details: /media/andy/9cf23886-b985-4f84-a422-2da06e76f300/home/byovsh/Documents/Vscode/Proyecto/RV32IMFC_hls/rv32_vector_proj/solution1/syn/report/csynth_design_size.rpt
Execute         send_msg_by_id INFO @200-1995@%s%s%s 233 Array/Struct (step 1) /media/andy/9cf23886-b985-4f84-a422-2da06e76f300/home/byovsh/Documents/Vscode/Proyecto/RV32IMFC_hls/rv32_vector_proj/solution1/syn/report/csynth_design_size.rpt 
INFO: [HLS 200-1995] There were 233 instructions in the design after the 'Array/Struct (step 1)' phase of compilation. See the Design Size Report for more details: /media/andy/9cf23886-b985-4f84-a422-2da06e76f300/home/byovsh/Documents/Vscode/Proyecto/RV32IMFC_hls/rv32_vector_proj/solution1/syn/report/csynth_design_size.rpt
Execute         send_msg_by_id INFO @200-1995@%s%s%s 233 Array/Struct (step 2) /media/andy/9cf23886-b985-4f84-a422-2da06e76f300/home/byovsh/Documents/Vscode/Proyecto/RV32IMFC_hls/rv32_vector_proj/solution1/syn/report/csynth_design_size.rpt 
INFO: [HLS 200-1995] There were 233 instructions in the design after the 'Array/Struct (step 2)' phase of compilation. See the Design Size Report for more details: /media/andy/9cf23886-b985-4f84-a422-2da06e76f300/home/byovsh/Documents/Vscode/Proyecto/RV32IMFC_hls/rv32_vector_proj/solution1/syn/report/csynth_design_size.rpt
Execute         send_msg_by_id INFO @200-1995@%s%s%s 233 Array/Struct (step 3) /media/andy/9cf23886-b985-4f84-a422-2da06e76f300/home/byovsh/Documents/Vscode/Proyecto/RV32IMFC_hls/rv32_vector_proj/solution1/syn/report/csynth_design_size.rpt 
INFO: [HLS 200-1995] There were 233 instructions in the design after the 'Array/Struct (step 3)' phase of compilation. See the Design Size Report for more details: /media/andy/9cf23886-b985-4f84-a422-2da06e76f300/home/byovsh/Documents/Vscode/Proyecto/RV32IMFC_hls/rv32_vector_proj/solution1/syn/report/csynth_design_size.rpt
Execute         send_msg_by_id INFO @200-1995@%s%s%s 233 Array/Struct (step 4) /media/andy/9cf23886-b985-4f84-a422-2da06e76f300/home/byovsh/Documents/Vscode/Proyecto/RV32IMFC_hls/rv32_vector_proj/solution1/syn/report/csynth_design_size.rpt 
INFO: [HLS 200-1995] There were 233 instructions in the design after the 'Array/Struct (step 4)' phase of compilation. See the Design Size Report for more details: /media/andy/9cf23886-b985-4f84-a422-2da06e76f300/home/byovsh/Documents/Vscode/Proyecto/RV32IMFC_hls/rv32_vector_proj/solution1/syn/report/csynth_design_size.rpt
Execute         send_msg_by_id INFO @200-1995@%s%s%s 219 Array/Struct (step 5) /media/andy/9cf23886-b985-4f84-a422-2da06e76f300/home/byovsh/Documents/Vscode/Proyecto/RV32IMFC_hls/rv32_vector_proj/solution1/syn/report/csynth_design_size.rpt 
INFO: [HLS 200-1995] There were 219 instructions in the design after the 'Array/Struct (step 5)' phase of compilation. See the Design Size Report for more details: /media/andy/9cf23886-b985-4f84-a422-2da06e76f300/home/byovsh/Documents/Vscode/Proyecto/RV32IMFC_hls/rv32_vector_proj/solution1/syn/report/csynth_design_size.rpt
Execute         send_msg_by_id INFO @200-1995@%s%s%s 219 Performance (step 1) /media/andy/9cf23886-b985-4f84-a422-2da06e76f300/home/byovsh/Documents/Vscode/Proyecto/RV32IMFC_hls/rv32_vector_proj/solution1/syn/report/csynth_design_size.rpt 
INFO: [HLS 200-1995] There were 219 instructions in the design after the 'Performance (step 1)' phase of compilation. See the Design Size Report for more details: /media/andy/9cf23886-b985-4f84-a422-2da06e76f300/home/byovsh/Documents/Vscode/Proyecto/RV32IMFC_hls/rv32_vector_proj/solution1/syn/report/csynth_design_size.rpt
Execute         send_msg_by_id INFO @200-1995@%s%s%s 219 Performance (step 2) /media/andy/9cf23886-b985-4f84-a422-2da06e76f300/home/byovsh/Documents/Vscode/Proyecto/RV32IMFC_hls/rv32_vector_proj/solution1/syn/report/csynth_design_size.rpt 
INFO: [HLS 200-1995] There were 219 instructions in the design after the 'Performance (step 2)' phase of compilation. See the Design Size Report for more details: /media/andy/9cf23886-b985-4f84-a422-2da06e76f300/home/byovsh/Documents/Vscode/Proyecto/RV32IMFC_hls/rv32_vector_proj/solution1/syn/report/csynth_design_size.rpt
Execute         send_msg_by_id INFO @200-1995@%s%s%s 219 Performance (step 3) /media/andy/9cf23886-b985-4f84-a422-2da06e76f300/home/byovsh/Documents/Vscode/Proyecto/RV32IMFC_hls/rv32_vector_proj/solution1/syn/report/csynth_design_size.rpt 
INFO: [HLS 200-1995] There were 219 instructions in the design after the 'Performance (step 3)' phase of compilation. See the Design Size Report for more details: /media/andy/9cf23886-b985-4f84-a422-2da06e76f300/home/byovsh/Documents/Vscode/Proyecto/RV32IMFC_hls/rv32_vector_proj/solution1/syn/report/csynth_design_size.rpt
Execute         send_msg_by_id INFO @200-1995@%s%s%s 219 Performance (step 4) /media/andy/9cf23886-b985-4f84-a422-2da06e76f300/home/byovsh/Documents/Vscode/Proyecto/RV32IMFC_hls/rv32_vector_proj/solution1/syn/report/csynth_design_size.rpt 
INFO: [HLS 200-1995] There were 219 instructions in the design after the 'Performance (step 4)' phase of compilation. See the Design Size Report for more details: /media/andy/9cf23886-b985-4f84-a422-2da06e76f300/home/byovsh/Documents/Vscode/Proyecto/RV32IMFC_hls/rv32_vector_proj/solution1/syn/report/csynth_design_size.rpt
Execute         send_msg_by_id INFO @200-1995@%s%s%s 235 HW Transforms (step 1) /media/andy/9cf23886-b985-4f84-a422-2da06e76f300/home/byovsh/Documents/Vscode/Proyecto/RV32IMFC_hls/rv32_vector_proj/solution1/syn/report/csynth_design_size.rpt 
INFO: [HLS 200-1995] There were 235 instructions in the design after the 'HW Transforms (step 1)' phase of compilation. See the Design Size Report for more details: /media/andy/9cf23886-b985-4f84-a422-2da06e76f300/home/byovsh/Documents/Vscode/Proyecto/RV32IMFC_hls/rv32_vector_proj/solution1/syn/report/csynth_design_size.rpt
Execute         send_msg_by_id INFO @200-1995@%s%s%s 215 HW Transforms (step 2) /media/andy/9cf23886-b985-4f84-a422-2da06e76f300/home/byovsh/Documents/Vscode/Proyecto/RV32IMFC_hls/rv32_vector_proj/solution1/syn/report/csynth_design_size.rpt 
INFO: [HLS 200-1995] There were 215 instructions in the design after the 'HW Transforms (step 2)' phase of compilation. See the Design Size Report for more details: /media/andy/9cf23886-b985-4f84-a422-2da06e76f300/home/byovsh/Documents/Vscode/Proyecto/RV32IMFC_hls/rv32_vector_proj/solution1/syn/report/csynth_design_size.rpt
INFO: [HLS 214-186] Unrolling loop 'VITIS_LOOP_67_2' (rv32_vector.cpp:67:26) in function 'rv32_vector_step' completely with a factor of 4 (rv32_vector.cpp:43:0)
INFO: [HLS 214-186] Unrolling loop 'VITIS_LOOP_77_3' (rv32_vector.cpp:77:26) in function 'rv32_vector_step' completely with a factor of 4 (rv32_vector.cpp:43:0)
INFO: [HLS 214-186] Unrolling loop 'VITIS_LOOP_90_4' (rv32_vector.cpp:90:30) in function 'rv32_vector_step' completely with a factor of 4 (rv32_vector.cpp:43:0)
INFO: [HLS 214-178] Inlining function 'opcode(ap_uint<32>)' into 'rv32_vector_step(ap_uint<32>, ap_uint<32>, ap_uint<32>*, ap_uint<32>*, ap_uint<32>*, ap_uint<1>&)' (rv32_vector.cpp:43:0)
INFO: [HLS 214-178] Inlining function 'width(ap_uint<32>)' into 'rv32_vector_step(ap_uint<32>, ap_uint<32>, ap_uint<32>*, ap_uint<32>*, ap_uint<32>*, ap_uint<1>&)' (rv32_vector.cpp:43:0)
INFO: [HLS 214-178] Inlining function 'mop(ap_uint<32>)' into 'rv32_vector_step(ap_uint<32>, ap_uint<32>, ap_uint<32>*, ap_uint<32>*, ap_uint<32>*, ap_uint<1>&)' (rv32_vector.cpp:43:0)
INFO: [HLS 214-178] Inlining function 'lumop(ap_uint<32>)' into 'rv32_vector_step(ap_uint<32>, ap_uint<32>, ap_uint<32>*, ap_uint<32>*, ap_uint<32>*, ap_uint<1>&)' (rv32_vector.cpp:43:0)
INFO: [HLS 214-178] Inlining function 'vd(ap_uint<32>)' into 'rv32_vector_step(ap_uint<32>, ap_uint<32>, ap_uint<32>*, ap_uint<32>*, ap_uint<32>*, ap_uint<1>&)' (rv32_vector.cpp:43:0)
INFO: [HLS 214-178] Inlining function 'funct3(ap_uint<32>)' into 'rv32_vector_step(ap_uint<32>, ap_uint<32>, ap_uint<32>*, ap_uint<32>*, ap_uint<32>*, ap_uint<1>&)' (rv32_vector.cpp:43:0)
INFO: [HLS 214-178] Inlining function 'vs1(ap_uint<32>)' into 'rv32_vector_step(ap_uint<32>, ap_uint<32>, ap_uint<32>*, ap_uint<32>*, ap_uint<32>*, ap_uint<1>&)' (rv32_vector.cpp:43:0)
INFO: [HLS 214-178] Inlining function 'vs2(ap_uint<32>)' into 'rv32_vector_step(ap_uint<32>, ap_uint<32>, ap_uint<32>*, ap_uint<32>*, ap_uint<32>*, ap_uint<1>&)' (rv32_vector.cpp:43:0)
INFO: [HLS 214-178] Inlining function 'funct6(ap_uint<32>)' into 'rv32_vector_step(ap_uint<32>, ap_uint<32>, ap_uint<32>*, ap_uint<32>*, ap_uint<32>*, ap_uint<1>&)' (rv32_vector.cpp:43:0)
INFO: [HLS 214-376] automatically set the pipeline for Loop< VITIS_LOOP_54_1> at rv32_vector.cpp:54:19 
INFO: [HLS 214-115] Multiple burst reads of length 4 and bit width 32 has been inferred on bundle 'gmem'. These burst requests might be further partitioned into multiple requests during RTL generation, based on max_read_burst_length or max_write_burst_length settings. (rv32_vector.cpp:69:26)
INFO: [HLS 214-115] Multiple burst writes of length 4 and bit width 32 has been inferred on bundle 'gmem'. These burst requests might be further partitioned into multiple requests during RTL generation, based on max_read_burst_length or max_write_burst_length settings. (rv32_vector.cpp:81:5)
INFO-FLOW: DBG:PUTS: copy_raw_kernel_xml ap_link_39: kernel.xml not generated: /media/andy/9cf23886-b985-4f84-a422-2da06e76f300/home/byovsh/Documents/Vscode/Proyecto/RV32IMFC_hls/rv32_vector_proj/solution1/.autopilot/db/kernel.internal.xml
INFO: [HLS 200-111] Finished Compiling Optimization and Transform: CPU user time: 2.78 seconds. CPU system time: 0.42 seconds. Elapsed time: 7.63 seconds; current allocated memory: 646.969 MB.
INFO: [HLS 200-111] Finished Checking Pragmas: CPU user time: 0 seconds. CPU system time: 0.01 seconds. Elapsed time: 0 seconds; current allocated memory: 646.969 MB.
Execute         opt_and_import_c a -opt_level=2 -skip_syncheck=0 -ng=0 -keep_printf=0 
Execute           cleanup_all_models 
INFO: [HLS 200-10] Starting code transformations ...
INFO-FLOW: Running Standard Transforms...
Execute           transform -hls -share-std-xform -demangle-name -inline-byval-memcpy -always-inline -promote-dbg-pointer -interface-preproc -mem2reg -scalarrepl -mem2reg -keep-read-access -instcombine -dce -promote-dbg-pointer -bitop-raise -loop-simplify -indvarspre -indvars -loop-simplify -constprop -instcombine -simplifycfg -indvars -simplifycfg -dce -globaldce -basicaa -simplifycfg -mem2reg -globalopt -global-constprop -deadargelim -instcombine -simplifycfg -scalarrepl -instcombine -reassociate -licm -simplifycfg -loop-simplify -indvars -instcombine -simplifycfg -mem2reg -loop-simplify -indvars -instcombine -gvn -gvn -instcombine -adce -break-crit-edges -simplifycfg -loop-delete -global-array-opt -dce -dse -adce -find-syn-modules -top rv32_vector_step -deadargelim -mem2reg -instcombine -dce -presyn-prepare -interface-preproc -syn-check -check-rec-only -find-region -simplifycfg -func-extr -function-inline -globaldce -mem2reg -instcombine -dce -gvn -globaldce -adce -adse -constprop -instcombine -bit-constprop -instcombine -dce -simplifycfg -bitop-raise -simplifycfg -dce -loop-delete -reassociate -globalopt -global-privatize -mem2reg -dce -global-constprop -pointer-simplify -constprop -dce -promote-dbg-pointer -norm-name /media/andy/9cf23886-b985-4f84-a422-2da06e76f300/home/byovsh/Documents/Vscode/Proyecto/RV32IMFC_hls/rv32_vector_proj/solution1/.autopilot/db/a.g.0.bc -o /media/andy/9cf23886-b985-4f84-a422-2da06e76f300/home/byovsh/Documents/Vscode/Proyecto/RV32IMFC_hls/rv32_vector_proj/solution1/.autopilot/db/a.g.1.bc -f -phase std-opt 
INFO: [HLS 200-111] Finished Standard Transforms: CPU user time: 0.01 seconds. CPU system time: 0 seconds. Elapsed time: 0.01 seconds; current allocated memory: 647.145 MB.
INFO: [HLS 200-10] Checking synthesizability ...
INFO-FLOW: Checking Synthesizability 1/2..
Execute           transform -hls -syn-check -check-rec-only -scalarrepl -norm-name -dce -mem2reg -instcombine -directive-preproc -mem2reg -dse -dce -dce -pag -array-normalize -instcombine -dce -array-seg-normalize -instcombine -dce -data-pack -instcombine -dce -inst-simplify -array-flatten -instcombine -dce -array-burst -dce -deadargelim -promote-global-argument -simplifycfg -mem2reg -globaldce -dce -deadargelim -dce -instcombine -function-inline -globaldce -dce -doublePtrSimplify -doublePtrElim -dce -doublePtrSimplify -promote-dbg-pointer -dce -scalarrepl -dse -adse -instcombine -ptrLegalization -simplifycfg -dce -instcombine -pointer-simplify -ptrArgReplace -dce -instcombine -resolve-double-ptr -scalarrepl -norm-name -dce -mem2reg -instcombine -ptrLegalization -simplifycfg -deadargelim -instcombine -dce -inst-simplify -directive-preproc -mem2reg -dse -dce -globaldce /media/andy/9cf23886-b985-4f84-a422-2da06e76f300/home/byovsh/Documents/Vscode/Proyecto/RV32IMFC_hls/rv32_vector_proj/solution1/.autopilot/db/a.g.1.bc -o /media/andy/9cf23886-b985-4f84-a422-2da06e76f300/home/byovsh/Documents/Vscode/Proyecto/RV32IMFC_hls/rv32_vector_proj/solution1/.autopilot/db/a.g.2.prechk.bc -f 
INFO-FLOW: Checking Synthesizability 2/2..
Execute           transform -syn-check /media/andy/9cf23886-b985-4f84-a422-2da06e76f300/home/byovsh/Documents/Vscode/Proyecto/RV32IMFC_hls/rv32_vector_proj/solution1/.autopilot/db/a.g.2.prechk.bc -o /media/andy/9cf23886-b985-4f84-a422-2da06e76f300/home/byovsh/Documents/Vscode/Proyecto/RV32IMFC_hls/rv32_vector_proj/solution1/.autopilot/db/a.g.2.bc -f -phase syn-check 
INFO: [HLS 200-111] Finished Checking Synthesizability: CPU user time: 0.01 seconds. CPU system time: 0 seconds. Elapsed time: 0.01 seconds; current allocated memory: 647.180 MB.
INFO-FLOW: Compiler optimizing ...
INFO-FLOW: Share syncheck's 1.bc for syn flow: copy /media/andy/9cf23886-b985-4f84-a422-2da06e76f300/home/byovsh/Documents/Vscode/Proyecto/RV32IMFC_hls/rv32_vector_proj/solution1/.autopilot/db/a.g.1.bc to /media/andy/9cf23886-b985-4f84-a422-2da06e76f300/home/byovsh/Documents/Vscode/Proyecto/RV32IMFC_hls/rv32_vector_proj/solution1/.autopilot/db/a.o.1.bc
INFO-FLOW: Presyn 1...
Execute           transform -hls -tmp /media/andy/9cf23886-b985-4f84-a422-2da06e76f300/home/byovsh/Documents/Vscode/Proyecto/RV32IMFC_hls/rv32_vector_proj/solution1/.autopilot/db -interface-port-rename -directive-preproc -mem2reg -dse -dce -scalarrepl -norm-name -deadargelim -dce -hls-dead-arg-elim -deadargelim -mem2reg -instcombine -dce -simplifycfg -dce -resource-proc -clib-intrinsic-prepare -dce -func-buffer -dce -pag -array-normalize -func-legal -instcombine -gvn -constprop -dce -simplifycfg -mem2reg -globaldce -resolve-double-ptr -dce -deadargelim -dce -instcombine -ptrArgReplace -mem2reg -dce -array-seg-normalize -deadargelim -instcombine -dce -directive-preproc -mem2reg -dse -dce -pointer-simplify -dce -port-alignment -dce -interface-preproc -data-pack -instcombine -dce -basicaa -aggr-aa -aggrmodref-aa -aggr-aa -gvn -gvn -basicaa -aggr-aa -aggrmodref-aa -aggr-aa -dse -adse -adce -loop-simplify -indvars -instcombine -gvn -loop-simplify -mem2reg -dce -find-region -instcombine -inst-simplify -interface-preproc -cfgopt -instcombine -indvars -loop-simplify -loop-bound -constprop -instcombine -simplifycfg -indvars -simplifycfg -dce -globaldce -clean-region -attach-range -gvn -inst-simplify -constprop -simplifycfg -dce -pointer-simplify -dce -globalopt -constprop -dce -ptrArgReplace -mem2reg -simplifycfg -dce -instcombine -dce -array-transform-check -array-reshape -instcombine -simplifycfg -dce -ptrArgReplace -deadargelim -mem2reg -instcombine -simplifycfg -dce -indvars -loop-simplify -loop-bound -constprop -instcombine -simplifycfg -indvars -simplifycfg -dce -globaldce -basicaa -aggr-aa -aggrmodref-aa -aggr-aa -dse -duplicate-dataflow-processes -globaldce -instcombine -array-partition -prepare-dynamic-array-partition -instcombine -simplifycfg -dce -ptrArgReplace -global-constprop -deadargelim -mem2reg -func-legal -dce -global-constprop -deadargelim -mem2reg -simplifycfg -dce -merge-param -deadargelim -globalopt -constprop -dce -ptrArgReplace -mem2reg -simplifycfg -dce -mem-intrinsic-preproc -dce -global-internalize -global-privatize -mem2reg -globaldce -lcssa -loop-simplify -phi-select-elim -promote-global-argument -ptrArgReplace -mem2reg -dce -globalopt -mergereturn -simplify-global-access -mem2reg -dce -pointer-simplify -dce -basicaa -aggr-aa -aggrmodref-aa -aggr-aa -functionattrs -basicaa -aggr-aa -aggrmodref-aa -aggr-aa -gvn -gvn -basicaa -aggr-aa -aggrmodref-aa -aggr-aa -dse -adse -adce -dce -norm-name -basicaa -aggr-aa -aggrmodref-aa -aggr-aa -accesses-merge -function-inline -complex-op-raise -inst-simplify -globaldce -func-legal -dce -loop-bound -arraycheck -bitwidthmin2 -bitwidthmin2 -on-by-dataflow -loop-delete -instcombine -simplifycfg -globaldce -dce -gvn -deadargelim -dce -loop-simplify -clean-region -simplifycfg -propagate-stable-arguments -instcombine -simplifycfg -dce -globaldce -duplicate-dataflow-processes -stream-intrinsic-preproc -dce -check-ap-stream -loop-simplify -eliminate-keepreads -extract-dataflow-in-loop -loop-simplify -dce -gvn -deadargelim -dse -duplicate-dataflow-processes -check-dataflow-syntax -legalize-stream-variable -globaldce -legalize-global -extract-subproc -dce -dead-channel-elimination -canonicalize-gep -globaldce -dce -gvn -hls-dead-arg-elim -deadargelim -directive-preproc -canonicalize-dataflow -dce -globaldce -scalar-preprocessing -scalar-propagation2 -scalar-stream -deadargelim -globaldce -mem2reg -check-dataflow-channels -function-stream -dce -globaldce -prop-fifo-spec -internal-stream-gen -canonicalize-gep -globaldce -dce -gvn -deadargelim -mergereturn -indvars -loop-simplify -instcombine -array-stream -array-seg-normalize -array-partition -clean-array-spec -func-legal -instcombine -simplifycfg -dce -bundle-memfifo-ops -deadargelim -directive-preproc -mem2reg -dse -dce -group-axi-access -licm -simplifycfg -dce -loop-delete -hls-display -norm-name /media/andy/9cf23886-b985-4f84-a422-2da06e76f300/home/byovsh/Documents/Vscode/Proyecto/RV32IMFC_hls/rv32_vector_proj/solution1/.autopilot/db/a.o.1.bc -o /media/andy/9cf23886-b985-4f84-a422-2da06e76f300/home/byovsh/Documents/Vscode/Proyecto/RV32IMFC_hls/rv32_vector_proj/solution1/.autopilot/db/a.o.1.tmp.bc -f 
INFO-FLOW: Presyn 2...
Execute           transform -hls -keep-callgraph -scalarrepl -mem2reg -port-alignment -attach-range -dce -pipe-mux-gen -indvars -loop-bound -inst-simplify -instcombine -dce -merge-array-access -mem2reg -dce -clean-region -mergereturn -if-conv -instcombine -dce -constprop -basicaa -aggr-aa -aggrmodref-aa -aggr-aa -gvn -gvn -basicaa -aggr-aa -aggrmodref-aa -aggr-aa -dse -adse -adce -scalarrepl -mem2reg -global-constprop -deadargelim -deadargelim -instcombine -dce -simplifycfg -ptrArgReplace -mem2reg -function-inline -globaldce -mem2reg -instcombine -dce -expr-balance -instcombine -dce -bitwidthmin2 -bitwidthmin2 -interface-preproc -directive-preproc -inst-rectify -instcombine -dce -basicaa -aggr-aa -aggrmodref-aa -aggr-aa -functionattrs -constprop -instcombine -bit-constprop -simplify-global-access -globalopt -globaldce -inst-simplify -instcombine -elimdeaddata -dce -loop-delete -simplifycfg -loop-simplify -barrier -norm-name /media/andy/9cf23886-b985-4f84-a422-2da06e76f300/home/byovsh/Documents/Vscode/Proyecto/RV32IMFC_hls/rv32_vector_proj/solution1/.autopilot/db/a.o.1.tmp.bc -o /media/andy/9cf23886-b985-4f84-a422-2da06e76f300/home/byovsh/Documents/Vscode/Proyecto/RV32IMFC_hls/rv32_vector_proj/solution1/.autopilot/db/a.o.2.bc -f -phase presyn 
INFO: [XFORM 203-401] Performing if-conversion on hyperblock to (rv32_vector.cpp:100:9) in function 'rv32_vector_step'... converting 4 basic blocks.
INFO: [HLS 200-111] Finished Loop, function and other optimizations: CPU user time: 0.04 seconds. CPU system time: 0.01 seconds. Elapsed time: 0.05 seconds; current allocated memory: 669.504 MB.
Execute           transform -hls -auto-function-inline -globaldce -ptrArgReplace -mem2reg -dce -reset-lda -loop-simplify -indvars -aggr-aa -licm -loop-dep -loop-bound -licm -loop-simplify -loop-sink-hoist -flattenloopnest -array-flatten -gvn -instcombine -dce -array-map -dce -func-legal -gvn -adce -instcombine -cfgopt -simplifycfg-lite -loop-simplify -array-burst -promote-global-argument -dce -array-seg-normalize -basicaa -aggrmodref-aa -globalsmodref-aa -aggr-aa -gvn -gvn -basicaa -aggrmodref-aa -globalsmodref-aa -aggr-aa -dse -adse -adce -licm -inst-simplify -dce -globaldce -instcombine -array-stream -eliminate-keepreads -instcombine -dce -deadargelim -doublePtrSimplify -doublePtrElim -dce -doublePtrSimplify -promote-dbg-pointer -dce -scalarrepl -mem2reg -norm-name -mem2reg -instcombine -dse -adse -adce -ptrLegalization -dce -array-flatten -dce -instcombine -check-doubleptr -loop-rot -constprop -inst-simplify -cfgopt -simplifycfg-lite -loop-simplify -indvars -pointer-simplify -dce -loop-bound -loop-simplify -loop-preproc -constprop -global-constprop -gvn -mem2reg -instcombine -dce -loop-bound -loop-merge -dce -deadargelim -dce -canonicalize-dataflow -dce -deadargelim -globaldce -mem2reg -bram-byte-enable -inst-simplify -inst-rectify -instcombine -adce -deadargelim -load-elim -read-loop-dep -loop-simplify -loop-rewind-sink-hoist -loop-outline -hls-dead-arg-elim -directive-preproc -bitwidthmin2 -bitwidthmin2 -read-loop-dep -interface-preproc -directive-preproc -interface-gen -bram-byte-enable-spec-prop -mul2addshift -deadargelim -inst-simplify -dce -mem2reg -instcombine -gvn -dce -adse -loop-bound -instcombine -cfgopt -simplifycfg-lite -loop-simplify -clean-region -io-protocol -find-region -mem2reg -bitop-raise -complex-op-raise -inst-simplify -inst-rectify -instcombine -adce -deadargelim -float-op-raise -loop-simplify -phi-opt -bitop-raise -cfgopt -simplifycfg-lite -strip-dead-prototypes -interface-lower -bitop-lower -intrinsic-lower -auto-function-inline -basicaa -aggrmodref-aa -globalsmodref-aa -aggr-aa -inst-simplify -simplifycfg-lite -loop-simplify -mergereturn -inst-simplify -inst-rectify -globaldce -dce -load-elim -bitop-lower -float-op-raise -fma-raise -loop-rewind -pointer-simplify -dce -cfgopt -dce -loop-bound -loop-dep -read-loop-dep -dce -dyn-mem-reuse -dce -recurrence-min -dce -share-scalar-alloca -deadargelim -dce -check-stream -norm-name -legalize -inst-clarity -bitwidth -dce -validate-dataflow -dump-loop-dep-to-ir -check-all-ssdm -dump-complexity-metric /media/andy/9cf23886-b985-4f84-a422-2da06e76f300/home/byovsh/Documents/Vscode/Proyecto/RV32IMFC_hls/rv32_vector_proj/solution1/.autopilot/db/a.o.2.bc -o /media/andy/9cf23886-b985-4f84-a422-2da06e76f300/home/byovsh/Documents/Vscode/Proyecto/RV32IMFC_hls/rv32_vector_proj/solution1/.autopilot/db/a.o.3.bc -f -phase build-ssdm 
Execute             auto_get_db
INFO-FLOW: Building ssdm...
Execute           transform -hls -cdfg-build /media/andy/9cf23886-b985-4f84-a422-2da06e76f300/home/byovsh/Documents/Vscode/Proyecto/RV32IMFC_hls/rv32_vector_proj/solution1/.autopilot/db/a.o.3.bc -o /media/andy/9cf23886-b985-4f84-a422-2da06e76f300/home/byovsh/Documents/Vscode/Proyecto/RV32IMFC_hls/rv32_vector_proj/solution1/.autopilot/db/a.o.3.bc -f -phase build-ssdm 
INFO: [HLS 200-111] Finished Architecture Synthesis: CPU user time: 0.04 seconds. CPU system time: 0 seconds. Elapsed time: 0.04 seconds; current allocated memory: 669.840 MB.
INFO-FLOW: Finish building internal data model.
Command         opt_and_import_c done; 0.11 sec.
Command       elaborate done; 11.89 sec.
Execute       ap_eval exec zip -j /media/andy/9cf23886-b985-4f84-a422-2da06e76f300/home/byovsh/Documents/Vscode/Proyecto/RV32IMFC_hls/rv32_vector_proj/solution1/.autopilot/db/dut.hcp $dbDir/a.o.3.bc $dbDir/${topname}.rtl_wrap.cfg.tcl $dbDir/apatb_${topname}.cpp $dbDir/apatb_${topname}_util.cpp $dbDir/apatb_${topname}_ir.ll $dbDir/mapper_${topname}.cpp $dbDir/top-io-fe.xml $dbDir/kernel.internal.xml $workdir/../hls.app 
Execute       autosyn -from_csynth_design=1 
INFO: [HLS 200-10] Starting hardware synthesis ...
INFO-FLOW: Synthesizing C/C++ design ...
INFO: [HLS 200-10] Synthesizing 'rv32_vector_step' ...
Execute         ap_set_top_model rv32_vector_step 
Execute         get_model_list rv32_vector_step -filter all-wo-channel -topdown 
Execute         preproc_iomode -model rv32_vector_step 
Execute         preproc_iomode -model rv32_vector_step_Pipeline_VITIS_LOOP_54_1 
Execute         get_model_list rv32_vector_step -filter all-wo-channel 
INFO-FLOW: Model list for configure: rv32_vector_step_Pipeline_VITIS_LOOP_54_1 rv32_vector_step
INFO-FLOW: Configuring Module : rv32_vector_step_Pipeline_VITIS_LOOP_54_1 ...
Execute         set_default_model rv32_vector_step_Pipeline_VITIS_LOOP_54_1 
Execute         apply_spec_resource_limit rv32_vector_step_Pipeline_VITIS_LOOP_54_1 
INFO-FLOW: Configuring Module : rv32_vector_step ...
Execute         set_default_model rv32_vector_step 
Execute         apply_spec_resource_limit rv32_vector_step 
INFO-FLOW: Model list for preprocess: rv32_vector_step_Pipeline_VITIS_LOOP_54_1 rv32_vector_step
INFO-FLOW: Preprocessing Module: rv32_vector_step_Pipeline_VITIS_LOOP_54_1 ...
Execute         set_default_model rv32_vector_step_Pipeline_VITIS_LOOP_54_1 
Execute         cdfg_preprocess -model rv32_vector_step_Pipeline_VITIS_LOOP_54_1 
Execute         rtl_gen_preprocess rv32_vector_step_Pipeline_VITIS_LOOP_54_1 
INFO-FLOW: Preprocessing Module: rv32_vector_step ...
Execute         set_default_model rv32_vector_step 
Execute         cdfg_preprocess -model rv32_vector_step 
Execute         rtl_gen_preprocess rv32_vector_step 
INFO-FLOW: Model list for synthesis: rv32_vector_step_Pipeline_VITIS_LOOP_54_1 rv32_vector_step
INFO: [HLS 200-10] ----------------------------------------------------------------
INFO: [HLS 200-42] -- Implementing module 'rv32_vector_step_Pipeline_VITIS_LOOP_54_1' 
INFO: [HLS 200-10] ----------------------------------------------------------------
Execute         set_default_model rv32_vector_step_Pipeline_VITIS_LOOP_54_1 
Execute         schedule -model rv32_vector_step_Pipeline_VITIS_LOOP_54_1 
INFO: [SCHED 204-11] Starting scheduling ...
INFO: [SCHED 204-61] Pipelining loop 'VITIS_LOOP_54_1'.
INFO: [HLS 200-1470] Pipelining result : Target II = NA, Final II = 1, Depth = 2, loop 'VITIS_LOOP_54_1'
INFO: [SCHED 204-11] Finished scheduling.
INFO: [HLS 200-111] Finished Scheduling: CPU user time: 0.02 seconds. CPU system time: 0.02 seconds. Elapsed time: 0.04 seconds; current allocated memory: 670.848 MB.
Execute         syn_report -verbosereport -o /media/andy/9cf23886-b985-4f84-a422-2da06e76f300/home/byovsh/Documents/Vscode/Proyecto/RV32IMFC_hls/rv32_vector_proj/solution1/.autopilot/db/rv32_vector_step_Pipeline_VITIS_LOOP_54_1.verbose.sched.rpt 
Execute           list_part -family xck26-sfvc784-2LV-c 
Execute             ap_family_info -name xck26-sfvc784-2LV-c -data names 
Execute             ap_part_info -quiet -name xck26-sfvc784-2LV-c -data family 
Execute         db_write -o /media/andy/9cf23886-b985-4f84-a422-2da06e76f300/home/byovsh/Documents/Vscode/Proyecto/RV32IMFC_hls/rv32_vector_proj/solution1/.autopilot/db/rv32_vector_step_Pipeline_VITIS_LOOP_54_1.sched.adb -f 
INFO-FLOW: Finish scheduling rv32_vector_step_Pipeline_VITIS_LOOP_54_1.
Execute         set_default_model rv32_vector_step_Pipeline_VITIS_LOOP_54_1 
Execute         bind -model rv32_vector_step_Pipeline_VITIS_LOOP_54_1 
INFO: [BIND 205-100] Starting micro-architecture generation ...
INFO: [BIND 205-101] Performing variable lifetime analysis.
INFO: [BIND 205-101] Exploring resource sharing.
INFO: [BIND 205-101] Binding ...
INFO: [BIND 205-100] Finished micro-architecture generation.
INFO: [HLS 200-111] Finished Binding: CPU user time: 0.01 seconds. CPU system time: 0 seconds. Elapsed time: 0.02 seconds; current allocated memory: 670.848 MB.
Execute         syn_report -verbosereport -o /media/andy/9cf23886-b985-4f84-a422-2da06e76f300/home/byovsh/Documents/Vscode/Proyecto/RV32IMFC_hls/rv32_vector_proj/solution1/.autopilot/db/rv32_vector_step_Pipeline_VITIS_LOOP_54_1.verbose.bind.rpt 
Execute           list_part -family xck26-sfvc784-2LV-c 
Execute             ap_family_info -name xck26-sfvc784-2LV-c -data names 
Execute             ap_part_info -quiet -name xck26-sfvc784-2LV-c -data family 
Execute         db_write -o /media/andy/9cf23886-b985-4f84-a422-2da06e76f300/home/byovsh/Documents/Vscode/Proyecto/RV32IMFC_hls/rv32_vector_proj/solution1/.autopilot/db/rv32_vector_step_Pipeline_VITIS_LOOP_54_1.bind.adb -f 
INFO-FLOW: Finish binding rv32_vector_step_Pipeline_VITIS_LOOP_54_1.
INFO: [HLS 200-10] ----------------------------------------------------------------
INFO: [HLS 200-42] -- Implementing module 'rv32_vector_step' 
INFO: [HLS 200-10] ----------------------------------------------------------------
Execute         set_default_model rv32_vector_step 
Execute         schedule -model rv32_vector_step 
INFO: [SCHED 204-11] Starting scheduling ...
INFO: [SCHED 204-11] Finished scheduling.
INFO: [HLS 200-111] Finished Scheduling: CPU user time: 0.09 seconds. CPU system time: 0 seconds. Elapsed time: 0.09 seconds; current allocated memory: 671.410 MB.
Execute         syn_report -verbosereport -o /media/andy/9cf23886-b985-4f84-a422-2da06e76f300/home/byovsh/Documents/Vscode/Proyecto/RV32IMFC_hls/rv32_vector_proj/solution1/.autopilot/db/rv32_vector_step.verbose.sched.rpt 
Execute           list_part -family xck26-sfvc784-2LV-c 
Execute             ap_family_info -name xck26-sfvc784-2LV-c -data names 
Execute             ap_part_info -quiet -name xck26-sfvc784-2LV-c -data family 
Execute         db_write -o /media/andy/9cf23886-b985-4f84-a422-2da06e76f300/home/byovsh/Documents/Vscode/Proyecto/RV32IMFC_hls/rv32_vector_proj/solution1/.autopilot/db/rv32_vector_step.sched.adb -f 
INFO-FLOW: Finish scheduling rv32_vector_step.
Execute         set_default_model rv32_vector_step 
Execute         bind -model rv32_vector_step 
INFO: [BIND 205-100] Starting micro-architecture generation ...
INFO: [BIND 205-101] Performing variable lifetime analysis.
INFO: [BIND 205-101] Exploring resource sharing.
INFO: [BIND 205-101] Binding ...
INFO: [BIND 205-100] Finished micro-architecture generation.
INFO: [HLS 200-111] Finished Binding: CPU user time: 0.03 seconds. CPU system time: 0 seconds. Elapsed time: 0.03 seconds; current allocated memory: 671.410 MB.
Execute         syn_report -verbosereport -o /media/andy/9cf23886-b985-4f84-a422-2da06e76f300/home/byovsh/Documents/Vscode/Proyecto/RV32IMFC_hls/rv32_vector_proj/solution1/.autopilot/db/rv32_vector_step.verbose.bind.rpt 
Execute           list_part -family xck26-sfvc784-2LV-c 
Execute             ap_family_info -name xck26-sfvc784-2LV-c -data names 
Execute             ap_part_info -quiet -name xck26-sfvc784-2LV-c -data family 
Execute         db_write -o /media/andy/9cf23886-b985-4f84-a422-2da06e76f300/home/byovsh/Documents/Vscode/Proyecto/RV32IMFC_hls/rv32_vector_proj/solution1/.autopilot/db/rv32_vector_step.bind.adb -f 
INFO-FLOW: Finish binding rv32_vector_step.
Execute         get_model_list rv32_vector_step -filter all-wo-channel 
INFO-FLOW: Preprocessing for RTLGen ...
Execute         rtl_gen_preprocess rv32_vector_step_Pipeline_VITIS_LOOP_54_1 
Execute         rtl_gen_preprocess rv32_vector_step 
INFO-FLOW: Model list for RTL generation: rv32_vector_step_Pipeline_VITIS_LOOP_54_1 rv32_vector_step
INFO: [HLS 200-10] ----------------------------------------------------------------
INFO: [HLS 200-10] -- Generating RTL for module 'rv32_vector_step_Pipeline_VITIS_LOOP_54_1' 
INFO: [HLS 200-10] ----------------------------------------------------------------
Execute         create_rtl_model rv32_vector_step_Pipeline_VITIS_LOOP_54_1 -top_prefix rv32_vector_step_ -sub_prefix rv32_vector_step_ -mg_file /media/andy/9cf23886-b985-4f84-a422-2da06e76f300/home/byovsh/Documents/Vscode/Proyecto/RV32IMFC_hls/rv32_vector_proj/solution1/.autopilot/db/rv32_vector_step_Pipeline_VITIS_LOOP_54_1.compgen.tcl 
INFO: [HLS 200-1030] Apply Unified Pipeline Control on module 'rv32_vector_step_Pipeline_VITIS_LOOP_54_1' pipeline 'VITIS_LOOP_54_1' pipeline type 'loop pipeline'
WARNING: [RTGEN 206-101] Setting dangling out port 'rv32_vector_step_Pipeline_VITIS_LOOP_54_1/vregs_in_WEN_A' to 0.
WARNING: [RTGEN 206-101] Setting dangling out port 'rv32_vector_step_Pipeline_VITIS_LOOP_54_1/vregs_in_Din_A' to 0.
INFO: [RTGEN 206-100] Finished creating RTL model for 'rv32_vector_step_Pipeline_VITIS_LOOP_54_1'.
INFO: [HLS 200-111] Finished Creating RTL model: CPU user time: 0.04 seconds. CPU system time: 0 seconds. Elapsed time: 0.03 seconds; current allocated memory: 671.410 MB.
Execute         source /media/andy/9cf23886-b985-4f84-a422-2da06e76f300/home/byovsh/Documents/Vscode/Proyecto/RV32IMFC_hls/rv32_vector_proj/solution1/.autopilot/db/rv32_vector_step.rtl_wrap.cfg.tcl 
Execute         gen_rtl rv32_vector_step_Pipeline_VITIS_LOOP_54_1 -style xilinx -f -lang vhdl -o /media/andy/9cf23886-b985-4f84-a422-2da06e76f300/home/byovsh/Documents/Vscode/Proyecto/RV32IMFC_hls/rv32_vector_proj/solution1/syn/vhdl/rv32_vector_step_rv32_vector_step_Pipeline_VITIS_LOOP_54_1 
Execute         gen_rtl rv32_vector_step_Pipeline_VITIS_LOOP_54_1 -style xilinx -f -lang vlog -o /media/andy/9cf23886-b985-4f84-a422-2da06e76f300/home/byovsh/Documents/Vscode/Proyecto/RV32IMFC_hls/rv32_vector_proj/solution1/syn/verilog/rv32_vector_step_rv32_vector_step_Pipeline_VITIS_LOOP_54_1 
Execute         syn_report -csynth -model rv32_vector_step_Pipeline_VITIS_LOOP_54_1 -o /media/andy/9cf23886-b985-4f84-a422-2da06e76f300/home/byovsh/Documents/Vscode/Proyecto/RV32IMFC_hls/rv32_vector_proj/solution1/syn/report/rv32_vector_step_Pipeline_VITIS_LOOP_54_1_csynth.rpt 
Execute           list_part -family xck26-sfvc784-2LV-c 
Execute             ap_family_info -name xck26-sfvc784-2LV-c -data names 
Execute             ap_part_info -quiet -name xck26-sfvc784-2LV-c -data family 
Execute         syn_report -rtlxml -model rv32_vector_step_Pipeline_VITIS_LOOP_54_1 -o /media/andy/9cf23886-b985-4f84-a422-2da06e76f300/home/byovsh/Documents/Vscode/Proyecto/RV32IMFC_hls/rv32_vector_proj/solution1/syn/report/rv32_vector_step_Pipeline_VITIS_LOOP_54_1_csynth.xml 
Execute           list_part -family xck26-sfvc784-2LV-c 
Execute             ap_family_info -name xck26-sfvc784-2LV-c -data names 
Execute             ap_part_info -quiet -name xck26-sfvc784-2LV-c -data family 
Execute         syn_report -verbosereport -model rv32_vector_step_Pipeline_VITIS_LOOP_54_1 -o /media/andy/9cf23886-b985-4f84-a422-2da06e76f300/home/byovsh/Documents/Vscode/Proyecto/RV32IMFC_hls/rv32_vector_proj/solution1/.autopilot/db/rv32_vector_step_Pipeline_VITIS_LOOP_54_1.verbose.rpt 
Execute           list_part -family xck26-sfvc784-2LV-c 
Execute             ap_family_info -name xck26-sfvc784-2LV-c -data names 
Execute             ap_part_info -quiet -name xck26-sfvc784-2LV-c -data family 
Execute         db_write -model rv32_vector_step_Pipeline_VITIS_LOOP_54_1 -f -o /media/andy/9cf23886-b985-4f84-a422-2da06e76f300/home/byovsh/Documents/Vscode/Proyecto/RV32IMFC_hls/rv32_vector_proj/solution1/.autopilot/db/rv32_vector_step_Pipeline_VITIS_LOOP_54_1.adb 
Execute         db_write -model rv32_vector_step_Pipeline_VITIS_LOOP_54_1 -bindview -o /media/andy/9cf23886-b985-4f84-a422-2da06e76f300/home/byovsh/Documents/Vscode/Proyecto/RV32IMFC_hls/rv32_vector_proj/solution1/.autopilot/db/design.bindinfo.xml 
Execute         gen_tb_info rv32_vector_step_Pipeline_VITIS_LOOP_54_1 -p /media/andy/9cf23886-b985-4f84-a422-2da06e76f300/home/byovsh/Documents/Vscode/Proyecto/RV32IMFC_hls/rv32_vector_proj/solution1/.autopilot/db -o /media/andy/9cf23886-b985-4f84-a422-2da06e76f300/home/byovsh/Documents/Vscode/Proyecto/RV32IMFC_hls/rv32_vector_proj/solution1/.autopilot/db/rv32_vector_step_Pipeline_VITIS_LOOP_54_1 
INFO: [HLS 200-10] ----------------------------------------------------------------
INFO: [HLS 200-10] -- Generating RTL for module 'rv32_vector_step' 
INFO: [HLS 200-10] ----------------------------------------------------------------
Execute         create_rtl_model rv32_vector_step -top_prefix  -sub_prefix rv32_vector_step_ -mg_file /media/andy/9cf23886-b985-4f84-a422-2da06e76f300/home/byovsh/Documents/Vscode/Proyecto/RV32IMFC_hls/rv32_vector_proj/solution1/.autopilot/db/rv32_vector_step.compgen.tcl 
WARNING: [RTGEN 206-101] Design contains AXI ports. Reset is fixed to synchronous and active low.
INFO: [RTGEN 206-500] Setting interface mode on port 'rv32_vector_step/gmem' to 'm_axi'.
INFO: [RTGEN 206-500] Setting interface mode on port 'rv32_vector_step/instr' to 'ap_none'.
INFO: [RTGEN 206-500] Setting interface mode on port 'rv32_vector_step/rs1_val' to 'ap_none'.
INFO: [RTGEN 206-500] Setting interface mode on port 'rv32_vector_step/vregs_in' to 'bram'.
INFO: [RTGEN 206-500] Setting interface mode on port 'rv32_vector_step/vregs_out' to 'bram'.
INFO: [RTGEN 206-500] Setting interface mode on port 'rv32_vector_step/mem' to 's_axilite & ap_none'.
INFO: [RTGEN 206-500] Setting interface mode on port 'rv32_vector_step/halted' to 'ap_none'.
WARNING: [RTGEN 206-101] Port 'halted' with mode 'ap_none' may require an associated data valid signal to correctly communicate with other blocks or a test bench; automatic C/RTL co-simulation may not be able to verify such a port.
INFO: [RTGEN 206-500] Setting interface mode on function 'rv32_vector_step' to 's_axilite & ap_ctrl_hs'.
INFO: [RTGEN 206-100] Bundling port 'return' to AXI-Lite port control.
INFO: [RTGEN 206-100] Bundling port 'mem' to AXI-Lite port control_r.
WARNING: [RTGEN 206-101] Setting dangling out port 'rv32_vector_step/vregs_in_WEN_A' to 0.
WARNING: [RTGEN 206-101] Setting dangling out port 'rv32_vector_step/vregs_in_Din_A' to 0.
WARNING: [RTGEN 206-101] Setting dangling out port 'rv32_vector_step/vregs_in_WEN_B' to 0.
WARNING: [RTGEN 206-101] Setting dangling out port 'rv32_vector_step/vregs_in_Din_B' to 0.
INFO: [RTGEN 206-100] Generating core module 'mul_32s_32s_32_1_1': 1 instance(s).
INFO: [RTGEN 206-100] Finished creating RTL model for 'rv32_vector_step'.
INFO: [HLS 200-111] Finished Creating RTL model: CPU user time: 0.08 seconds. CPU system time: 0.01 seconds. Elapsed time: 0.09 seconds; current allocated memory: 672.402 MB.
Execute         source /media/andy/9cf23886-b985-4f84-a422-2da06e76f300/home/byovsh/Documents/Vscode/Proyecto/RV32IMFC_hls/rv32_vector_proj/solution1/.autopilot/db/rv32_vector_step.rtl_wrap.cfg.tcl 
Execute         gen_rtl rv32_vector_step -istop -style xilinx -f -lang vhdl -o /media/andy/9cf23886-b985-4f84-a422-2da06e76f300/home/byovsh/Documents/Vscode/Proyecto/RV32IMFC_hls/rv32_vector_proj/solution1/syn/vhdl/rv32_vector_step 
Execute         gen_rtl rv32_vector_step -istop -style xilinx -f -lang vlog -o /media/andy/9cf23886-b985-4f84-a422-2da06e76f300/home/byovsh/Documents/Vscode/Proyecto/RV32IMFC_hls/rv32_vector_proj/solution1/syn/verilog/rv32_vector_step 
Execute         syn_report -csynth -model rv32_vector_step -o /media/andy/9cf23886-b985-4f84-a422-2da06e76f300/home/byovsh/Documents/Vscode/Proyecto/RV32IMFC_hls/rv32_vector_proj/solution1/syn/report/rv32_vector_step_csynth.rpt 
Execute           list_part -family xck26-sfvc784-2LV-c 
Execute             ap_family_info -name xck26-sfvc784-2LV-c -data names 
Execute             ap_part_info -quiet -name xck26-sfvc784-2LV-c -data family 
Execute         syn_report -rtlxml -model rv32_vector_step -o /media/andy/9cf23886-b985-4f84-a422-2da06e76f300/home/byovsh/Documents/Vscode/Proyecto/RV32IMFC_hls/rv32_vector_proj/solution1/syn/report/rv32_vector_step_csynth.xml 
Execute           list_part -family xck26-sfvc784-2LV-c 
Execute             ap_family_info -name xck26-sfvc784-2LV-c -data names 
Execute             ap_part_info -quiet -name xck26-sfvc784-2LV-c -data family 
Execute         syn_report -verbosereport -model rv32_vector_step -o /media/andy/9cf23886-b985-4f84-a422-2da06e76f300/home/byovsh/Documents/Vscode/Proyecto/RV32IMFC_hls/rv32_vector_proj/solution1/.autopilot/db/rv32_vector_step.verbose.rpt 
Execute           list_part -family xck26-sfvc784-2LV-c 
Execute             ap_family_info -name xck26-sfvc784-2LV-c -data names 
Execute             ap_part_info -quiet -name xck26-sfvc784-2LV-c -data family 
Execute         db_write -model rv32_vector_step -f -o /media/andy/9cf23886-b985-4f84-a422-2da06e76f300/home/byovsh/Documents/Vscode/Proyecto/RV32IMFC_hls/rv32_vector_proj/solution1/.autopilot/db/rv32_vector_step.adb 
Execute         db_write -model rv32_vector_step -bindview -o /media/andy/9cf23886-b985-4f84-a422-2da06e76f300/home/byovsh/Documents/Vscode/Proyecto/RV32IMFC_hls/rv32_vector_proj/solution1/.autopilot/db/design.bindinfo.xml 
Execute         gen_tb_info rv32_vector_step -p /media/andy/9cf23886-b985-4f84-a422-2da06e76f300/home/byovsh/Documents/Vscode/Proyecto/RV32IMFC_hls/rv32_vector_proj/solution1/.autopilot/db -o /media/andy/9cf23886-b985-4f84-a422-2da06e76f300/home/byovsh/Documents/Vscode/Proyecto/RV32IMFC_hls/rv32_vector_proj/solution1/.autopilot/db/rv32_vector_step 
Execute         export_constraint_db -f -tool general -o /media/andy/9cf23886-b985-4f84-a422-2da06e76f300/home/byovsh/Documents/Vscode/Proyecto/RV32IMFC_hls/rv32_vector_proj/solution1/.autopilot/db/rv32_vector_step.constraint.tcl 
Execute         syn_report -designview -model rv32_vector_step -o /media/andy/9cf23886-b985-4f84-a422-2da06e76f300/home/byovsh/Documents/Vscode/Proyecto/RV32IMFC_hls/rv32_vector_proj/solution1/.autopilot/db/rv32_vector_step.design.xml 
Execute         syn_report -csynthDesign -model rv32_vector_step -o /media/andy/9cf23886-b985-4f84-a422-2da06e76f300/home/byovsh/Documents/Vscode/Proyecto/RV32IMFC_hls/rv32_vector_proj/solution1/syn/report/csynth.rpt -MHOut /media/andy/9cf23886-b985-4f84-a422-2da06e76f300/home/byovsh/Documents/Vscode/Proyecto/RV32IMFC_hls/rv32_vector_proj/solution1/.autopilot/db/kernel_module_hierarchy.tcl 
Execute           list_part -family xck26-sfvc784-2LV-c 
Execute             ap_family_info -name xck26-sfvc784-2LV-c -data names 
Execute             ap_part_info -quiet -name xck26-sfvc784-2LV-c -data family 
Execute         syn_report -wcfg -model rv32_vector_step -o /media/andy/9cf23886-b985-4f84-a422-2da06e76f300/home/byovsh/Documents/Vscode/Proyecto/RV32IMFC_hls/rv32_vector_proj/solution1/.autopilot/db/rv32_vector_step_dataflow_ana.wcfg 
Execute         syn_report -protoinst -model rv32_vector_step -o /media/andy/9cf23886-b985-4f84-a422-2da06e76f300/home/byovsh/Documents/Vscode/Proyecto/RV32IMFC_hls/rv32_vector_proj/solution1/.autopilot/db/rv32_vector_step.protoinst 
Execute         sc_get_clocks rv32_vector_step 
Execute         sc_get_portdomain rv32_vector_step 
INFO-FLOW: Model list for RTL component generation: rv32_vector_step_Pipeline_VITIS_LOOP_54_1 rv32_vector_step
INFO-FLOW: Handling components in module [rv32_vector_step_Pipeline_VITIS_LOOP_54_1] ... 
Execute         source /media/andy/9cf23886-b985-4f84-a422-2da06e76f300/home/byovsh/Documents/Vscode/Proyecto/RV32IMFC_hls/rv32_vector_proj/solution1/.autopilot/db/rv32_vector_step_Pipeline_VITIS_LOOP_54_1.compgen.tcl 
INFO-FLOW: Found component rv32_vector_step_flow_control_loop_pipe_sequential_init.
INFO-FLOW: Append model rv32_vector_step_flow_control_loop_pipe_sequential_init
INFO-FLOW: Handling components in module [rv32_vector_step] ... 
Execute         source /media/andy/9cf23886-b985-4f84-a422-2da06e76f300/home/byovsh/Documents/Vscode/Proyecto/RV32IMFC_hls/rv32_vector_proj/solution1/.autopilot/db/rv32_vector_step.compgen.tcl 
INFO-FLOW: Found component rv32_vector_step_mul_32s_32s_32_1_1.
INFO-FLOW: Append model rv32_vector_step_mul_32s_32s_32_1_1
INFO-FLOW: Found component rv32_vector_step_gmem_m_axi.
INFO-FLOW: Append model rv32_vector_step_gmem_m_axi
INFO-FLOW: Found component rv32_vector_step_control_s_axi.
INFO-FLOW: Append model rv32_vector_step_control_s_axi
INFO-FLOW: Found component rv32_vector_step_control_r_s_axi.
INFO-FLOW: Append model rv32_vector_step_control_r_s_axi
INFO-FLOW: Append model rv32_vector_step_Pipeline_VITIS_LOOP_54_1
INFO-FLOW: Append model rv32_vector_step
INFO-FLOW: Generating RTL model list ...
INFO-FLOW: All models in this session: rv32_vector_step_flow_control_loop_pipe_sequential_init rv32_vector_step_mul_32s_32s_32_1_1 rv32_vector_step_gmem_m_axi rv32_vector_step_control_s_axi rv32_vector_step_control_r_s_axi rv32_vector_step_Pipeline_VITIS_LOOP_54_1 rv32_vector_step
INFO-FLOW: Generating /media/andy/9cf23886-b985-4f84-a422-2da06e76f300/home/byovsh/Documents/Vscode/Proyecto/RV32IMFC_hls/rv32_vector_proj/solution1/.autopilot/db/autopilot.rtl.models.txt file...
INFO-FLOW: To file: write model rv32_vector_step_flow_control_loop_pipe_sequential_init
INFO-FLOW: To file: write model rv32_vector_step_mul_32s_32s_32_1_1
INFO-FLOW: To file: write model rv32_vector_step_gmem_m_axi
INFO-FLOW: To file: write model rv32_vector_step_control_s_axi
INFO-FLOW: To file: write model rv32_vector_step_control_r_s_axi
INFO-FLOW: To file: write model rv32_vector_step_Pipeline_VITIS_LOOP_54_1
INFO-FLOW: To file: write model rv32_vector_step
INFO-FLOW: Generating /media/andy/9cf23886-b985-4f84-a422-2da06e76f300/home/byovsh/Documents/Vscode/Proyecto/RV32IMFC_hls/rv32_vector_proj/solution1/.autopilot/db/autopilot.rtl.models.tcl file...
INFO-FLOW: Finished generating RTL model list.


INFO-FLOW: RTL Generation done.
INFO-FLOW: CAS Generation done.
INFO-FLOW: CBC Generation done.
INFO-FLOW: DBG:PROC: ::AESL_AUTOMG::auto_generate_csynth_design
INFO-FLOW: DBG:PUTS: read_platform_lib /media/andy/9cf23886-b985-4f84-a422-2da06e76f300/home/byovsh/Documents/Vscode/Proyecto/RV32IMFC_hls/rv32_vector_proj/solution1/.autopilot/db/global.setting.tcl
Execute         source /home/andy/Programas/Vivado/Vitis/2024.2/common/technology/generic/autopilot/common.gen 
Execute           source /home/andy/Programas/Vivado/Vitis/2024.2/common/technology/generic/autopilot/APCoreGen.gen 
Execute         source /home/andy/Programas/Vivado/Vitis/2024.2/common/technology/generic/autopilot/op.gen 
Execute         source /home/andy/Programas/Vivado/Vitis/2024.2/common/technology/generic/autopilot/op_simcore.gen 
Execute         source /home/andy/Programas/Vivado/Vitis/2024.2/common/technology/generic/autopilot/interface.gen 
Execute         source /media/andy/9cf23886-b985-4f84-a422-2da06e76f300/home/byovsh/Documents/Vscode/Proyecto/RV32IMFC_hls/rv32_vector_proj/solution1/.autopilot/db/global.setting.tcl 
Execute         source /home/andy/Programas/Vivado/Vitis/2024.2/common/technology/xilinx/common/xilinx.gen 
Execute           source /home/andy/Programas/Vivado/Vitis/2024.2/common/technology/xilinx/interface/plb46.gen 
Execute           source /home/andy/Programas/Vivado/Vitis/2024.2/common/technology/xilinx/interface/axi4.gen 
Execute           source /home/andy/Programas/Vivado/Vitis/2024.2/common/technology/xilinx/interface/nativeAXI4.gen 
Execute             source /home/andy/Programas/Vivado/Vitis/2024.2/common/technology/xilinx/interface/saxilite.gen 
Execute           source /home/andy/Programas/Vivado/Vitis/2024.2/common/technology/xilinx/scripts/xilinxcoregen.gen 
Execute           source /home/andy/Programas/Vivado/Vitis/2024.2/common/technology/xilinx/interface/XilEDKCoreGen.gen 
Execute           source /home/andy/Programas/Vivado/Vitis/2024.2/common/technology/xilinx/ip/xfft.gen 
Execute           source /home/andy/Programas/Vivado/Vitis/2024.2/common/technology/xilinx/ip/util.gen 
Execute           source /home/andy/Programas/Vivado/Vitis/2024.2/common/technology/xilinx/ip/xfir.gen 
Execute           source /home/andy/Programas/Vivado/Vitis/2024.2/common/technology/xilinx/ip/dds_compiler.gen 
Execute           source /home/andy/Programas/Vivado/Vitis/2024.2/common/technology/xilinx/DSP48/dsp48.gen 
INFO-FLOW: DBG:PUTS:   using AESL_AUTOCG::g_clock_period=10.000 (was NA)
INFO-FLOW: DBG:PROC: ::AESL_AUTOMG::generate_ip_cores gen_sim_model='1' gen_fp_models='0' gen_for_export='0' dstSCDir='' dstVhdlDir='/media/andy/9cf23886-b985-4f84-a422-2da06e76f300/home/byovsh/Documents/Vscode/Proyecto/RV32IMFC_hls/rv32_vector_proj/solution1/.autopilot/db/vhdl' dstVlogDir='/media/andy/9cf23886-b985-4f84-a422-2da06e76f300/home/byovsh/Documents/Vscode/Proyecto/RV32IMFC_hls/rv32_vector_proj/solution1/.autopilot/db/vlog' tclDir='/media/andy/9cf23886-b985-4f84-a422-2da06e76f300/home/byovsh/Documents/Vscode/Proyecto/RV32IMFC_hls/rv32_vector_proj/solution1/.autopilot/db' modelList='rv32_vector_step_flow_control_loop_pipe_sequential_init
rv32_vector_step_mul_32s_32s_32_1_1
rv32_vector_step_gmem_m_axi
rv32_vector_step_control_s_axi
rv32_vector_step_control_r_s_axi
rv32_vector_step_Pipeline_VITIS_LOOP_54_1
rv32_vector_step
' expOnly='0'
Execute         source /media/andy/9cf23886-b985-4f84-a422-2da06e76f300/home/byovsh/Documents/Vscode/Proyecto/RV32IMFC_hls/rv32_vector_proj/solution1/.autopilot/db/global.setting.tcl 
Execute         ap_part_info -name xck26-sfvc784-2LV-c -data names -quiet 
Execute         ap_part_info -name xck26-sfvc784-2LV-c -data info -quiet 
Execute         source /media/andy/9cf23886-b985-4f84-a422-2da06e76f300/home/byovsh/Documents/Vscode/Proyecto/RV32IMFC_hls/rv32_vector_proj/solution1/.autopilot/db/global.setting.tcl 
Execute         source /media/andy/9cf23886-b985-4f84-a422-2da06e76f300/home/byovsh/Documents/Vscode/Proyecto/RV32IMFC_hls/rv32_vector_proj/solution1/.autopilot/db/global.setting.tcl 
Execute         source /media/andy/9cf23886-b985-4f84-a422-2da06e76f300/home/byovsh/Documents/Vscode/Proyecto/RV32IMFC_hls/rv32_vector_proj/solution1/.autopilot/db/rv32_vector_step_Pipeline_VITIS_LOOP_54_1.compgen.tcl 
Execute         source /media/andy/9cf23886-b985-4f84-a422-2da06e76f300/home/byovsh/Documents/Vscode/Proyecto/RV32IMFC_hls/rv32_vector_proj/solution1/.autopilot/db/rv32_vector_step.compgen.tcl 
Execute           source ./control.slave.tcl 
Execute           source ./control.slave.tcl 
Execute           source ./control_r.slave.tcl 
INFO: [HLS 200-111] Finished Generating all RTL models: CPU user time: 0.23 seconds. CPU system time: 0.01 seconds. Elapsed time: 0.25 seconds; current allocated memory: 677.508 MB.
INFO-FLOW: DBG:PROC: ::HLSREPORTS::create_csynth_xml bind_info_var='bind_info' RtlSubPrefix='rv32_vector_step_' outfile=''
INFO-FLOW: Running: create_csynth_xml read xml data
INFO-FLOW: Done: create_csynth_xml read xml data time: 0 seconds per iteration
INFO-FLOW: Running: create_csynth_xml bind info
INFO-FLOW: Done: create_csynth_xml bind info time: 0 seconds per iteration
INFO-FLOW: Running: create_csynth_xml config info
INFO-FLOW: Done: create_csynth_xml config info time: 0.1 seconds per iteration
INFO-FLOW: Running: create_csynth_xml write xml
INFO-FLOW: Done: create_csynth_xml write xml time: 0 seconds per iteration
INFO-FLOW: DBG:PUTS:      create_csynth_xml wrote csynth_xml=/media/andy/9cf23886-b985-4f84-a422-2da06e76f300/home/byovsh/Documents/Vscode/Proyecto/RV32IMFC_hls/rv32_vector_proj/solution1/syn/report/csynth.xml
INFO-FLOW: DBG:PROC: ::AP::DESIGN_DATA::generate_json generate_bd_files='0' generate_xo_files='0' modelList='rv32_vector_step_flow_control_loop_pipe_sequential_init
rv32_vector_step_mul_32s_32s_32_1_1
rv32_vector_step_gmem_m_axi
rv32_vector_step_control_s_axi
rv32_vector_step_control_r_s_axi
rv32_vector_step_Pipeline_VITIS_LOOP_54_1
rv32_vector_step
' rtl_lang='both' bootstrap_tcl='false' outdir='' outfilename=''
Execute         source /media/andy/9cf23886-b985-4f84-a422-2da06e76f300/home/byovsh/Documents/Vscode/Proyecto/RV32IMFC_hls/rv32_vector_proj/solution1/.autopilot/db/global.setting.tcl 
Execute         source /media/andy/9cf23886-b985-4f84-a422-2da06e76f300/home/byovsh/Documents/Vscode/Proyecto/RV32IMFC_hls/rv32_vector_proj/solution1/.autopilot/db/global.setting.tcl 
Execute         source /media/andy/9cf23886-b985-4f84-a422-2da06e76f300/home/byovsh/Documents/Vscode/Proyecto/RV32IMFC_hls/rv32_vector_proj/solution1/.autopilot/db/top-io-be.tcl 
Execute         source /media/andy/9cf23886-b985-4f84-a422-2da06e76f300/home/byovsh/Documents/Vscode/Proyecto/RV32IMFC_hls/rv32_vector_proj/solution1/.autopilot/db/rv32_vector_step.tbgen.tcl 
Execute         source /media/andy/9cf23886-b985-4f84-a422-2da06e76f300/home/byovsh/Documents/Vscode/Proyecto/RV32IMFC_hls/rv32_vector_proj/solution1/.autopilot/db/rv32_vector_step.compgen.dataonly.tcl 
Execute         source /media/andy/9cf23886-b985-4f84-a422-2da06e76f300/home/byovsh/Documents/Vscode/Proyecto/RV32IMFC_hls/rv32_vector_proj/solution1/.autopilot/db/rv32_vector_step.compgen.dataonly.tcl 
Execute         source /media/andy/9cf23886-b985-4f84-a422-2da06e76f300/home/byovsh/Documents/Vscode/Proyecto/RV32IMFC_hls/rv32_vector_proj/solution1/.autopilot/db/rv32_vector_step.compgen.dataonly.tcl 
Execute         source /media/andy/9cf23886-b985-4f84-a422-2da06e76f300/home/byovsh/Documents/Vscode/Proyecto/RV32IMFC_hls/rv32_vector_proj/solution1/.autopilot/db/rv32_vector_step.compgen.dataonly.tcl 
Execute         source /media/andy/9cf23886-b985-4f84-a422-2da06e76f300/home/byovsh/Documents/Vscode/Proyecto/RV32IMFC_hls/rv32_vector_proj/solution1/.autopilot/db/rv32_vector_step.rtl_wrap.cfg.tcl 
Execute         source /media/andy/9cf23886-b985-4f84-a422-2da06e76f300/home/byovsh/Documents/Vscode/Proyecto/RV32IMFC_hls/rv32_vector_proj/solution1/.autopilot/db/rv32_vector_step.compgen.dataonly.tcl 
Execute         source /media/andy/9cf23886-b985-4f84-a422-2da06e76f300/home/byovsh/Documents/Vscode/Proyecto/RV32IMFC_hls/rv32_vector_proj/solution1/.autopilot/db/rv32_vector_step_Pipeline_VITIS_LOOP_54_1.tbgen.tcl 
Execute         source /media/andy/9cf23886-b985-4f84-a422-2da06e76f300/home/byovsh/Documents/Vscode/Proyecto/RV32IMFC_hls/rv32_vector_proj/solution1/.autopilot/db/rv32_vector_step.tbgen.tcl 
Execute         source /media/andy/9cf23886-b985-4f84-a422-2da06e76f300/home/byovsh/Documents/Vscode/Proyecto/RV32IMFC_hls/rv32_vector_proj/solution1/.autopilot/db/global.setting.tcl 
Execute         ap_part_info -name xck26-sfvc784-2LV-c -data names -quiet 
Execute         ap_part_info -name xck26-sfvc784-2LV-c -data info -quiet 
Execute         source /media/andy/9cf23886-b985-4f84-a422-2da06e76f300/home/byovsh/Documents/Vscode/Proyecto/RV32IMFC_hls/rv32_vector_proj/solution1/.autopilot/db/rv32_vector_step.constraint.tcl 
Execute         sc_get_clocks rv32_vector_step 
Execute         source /media/andy/9cf23886-b985-4f84-a422-2da06e76f300/home/byovsh/Documents/Vscode/Proyecto/RV32IMFC_hls/rv32_vector_proj/solution1/.autopilot/db/global.setting.tcl 
INFO-FLOW: DBG:PROC: ::HLSREPORTS::add_csynth_report_sections bind_info_dict='adapter_nodes {{BINDTYPE adapter ID {} IMPL {} LATENCY {} OPTYPE {} PRAGMA {} RTLNAME control_s_axi_U SOURCE {} VARIABLE {} LOOP {} BUNDLEDNAME control DSP 0 BRAM 0 URAM 0 STORAGESUBTYPE s_axilite STORAGESIZE {} STORAGEUSAGE interface DISPNAME {bind_adapter }} {BINDTYPE adapter ID {} IMPL {} LATENCY {} OPTYPE {} PRAGMA {} RTLNAME control_r_s_axi_U SOURCE {} VARIABLE {} LOOP {} BUNDLEDNAME control_r DSP 0 BRAM 0 URAM 0 STORAGESUBTYPE s_axilite STORAGESIZE {} STORAGEUSAGE interface DISPNAME {bind_adapter }} {BINDTYPE adapter ID {} IMPL {} LATENCY {} OPTYPE {} PRAGMA {} RTLNAME gmem_m_axi_U SOURCE {} VARIABLE {} LOOP {} BUNDLEDNAME gmem DSP 0 BRAM 4 URAM 0 STORAGESUBTYPE m_axi STORAGESIZE {} STORAGEUSAGE interface DISPNAME {bind_adapter }}} cache_nodes {} report_dict {TOPINST rv32_vector_step MODULE2INSTS {rv32_vector_step rv32_vector_step rv32_vector_step_Pipeline_VITIS_LOOP_54_1 grp_rv32_vector_step_Pipeline_VITIS_LOOP_54_1_fu_421} INST2MODULE {rv32_vector_step rv32_vector_step grp_rv32_vector_step_Pipeline_VITIS_LOOP_54_1_fu_421 rv32_vector_step_Pipeline_VITIS_LOOP_54_1} INSTDATA {rv32_vector_step {DEPTH 1 CHILDREN grp_rv32_vector_step_Pipeline_VITIS_LOOP_54_1_fu_421} grp_rv32_vector_step_Pipeline_VITIS_LOOP_54_1_fu_421 {DEPTH 2 CHILDREN {}}} MODULEDATA {rv32_vector_step_Pipeline_VITIS_LOOP_54_1 {BINDINFO {{BINDTYPE op ID {} IMPL auto LATENCY 0 OPTYPE seteq PRAGMA {} RTLNAME icmp_ln54_fu_73_p2 SOURCE rv32_vector.cpp:54 VARIABLE icmp_ln54 LOOP VITIS_LOOP_54_1 BUNDLEDNAME {} DSP 0 BRAM 0 URAM 0 STORAGESUBTYPE {} DISPNAME {bind_op seteq} VISIBLE false} {BINDTYPE op ID {} IMPL fabric LATENCY 0 OPTYPE add PRAGMA {} RTLNAME add_ln54_fu_79_p2 SOURCE rv32_vector.cpp:54 VARIABLE add_ln54 LOOP VITIS_LOOP_54_1 BUNDLEDNAME {} DSP 0 BRAM 0 URAM 0 STORAGESUBTYPE {} DISPNAME {bind_op add} VISIBLE true}} AREA {DSP 0 BRAM 0 URAM 0}} rv32_vector_step {BINDINFO {{BINDTYPE op ID {} IMPL auto LATENCY 0 OPTYPE seteq PRAGMA {} RTLNAME icmp_ln84_fu_531_p2 SOURCE rv32_vector.cpp:84 VARIABLE icmp_ln84 LOOP {} BUNDLEDNAME {} DSP 0 BRAM 0 URAM 0 STORAGESUBTYPE {} DISPNAME {bind_op seteq} VISIBLE false} {BINDTYPE op ID {} IMPL auto LATENCY 0 OPTYPE seteq PRAGMA {} RTLNAME icmp_ln36_fu_537_p2 SOURCE rv32_vector.cpp:36 VARIABLE icmp_ln36 LOOP {} BUNDLEDNAME {} DSP 0 BRAM 0 URAM 0 STORAGESUBTYPE {} DISPNAME {bind_op seteq} VISIBLE false} {BINDTYPE op ID {} IMPL auto LATENCY 0 OPTYPE or PRAGMA {} RTLNAME or_ln36_fu_543_p2 SOURCE rv32_vector.cpp:36 VARIABLE or_ln36 LOOP {} BUNDLEDNAME {} DSP 0 BRAM 0 URAM 0 STORAGESUBTYPE {} DISPNAME {bind_op or} VISIBLE false} {BINDTYPE op ID {} IMPL auto LATENCY 0 OPTYPE seteq PRAGMA {} RTLNAME icmp_ln86_fu_557_p2 SOURCE rv32_vector.cpp:86 VARIABLE icmp_ln86 LOOP {} BUNDLEDNAME {} DSP 0 BRAM 0 URAM 0 STORAGESUBTYPE {} DISPNAME {bind_op seteq} VISIBLE false} {BINDTYPE op ID {} IMPL auto LATENCY 0 OPTYPE and PRAGMA {} RTLNAME is_add_fu_563_p2 SOURCE rv32_vector.cpp:86 VARIABLE is_add LOOP {} BUNDLEDNAME {} DSP 0 BRAM 0 URAM 0 STORAGESUBTYPE {} DISPNAME {bind_op and} VISIBLE false} {BINDTYPE op ID {} IMPL auto LATENCY 0 OPTYPE seteq PRAGMA {} RTLNAME icmp_ln87_fu_569_p2 SOURCE rv32_vector.cpp:87 VARIABLE icmp_ln87 LOOP {} BUNDLEDNAME {} DSP 0 BRAM 0 URAM 0 STORAGESUBTYPE {} DISPNAME {bind_op seteq} VISIBLE false} {BINDTYPE op ID {} IMPL auto LATENCY 0 OPTYPE and PRAGMA {} RTLNAME is_sub_fu_575_p2 SOURCE rv32_vector.cpp:87 VARIABLE is_sub LOOP {} BUNDLEDNAME {} DSP 0 BRAM 0 URAM 0 STORAGESUBTYPE {} DISPNAME {bind_op and} VISIBLE false} {BINDTYPE op ID {} IMPL auto LATENCY 0 OPTYPE seteq PRAGMA {} RTLNAME icmp_ln88_fu_581_p2 SOURCE rv32_vector.cpp:88 VARIABLE icmp_ln88 LOOP {} BUNDLEDNAME {} DSP 0 BRAM 0 URAM 0 STORAGESUBTYPE {} DISPNAME {bind_op seteq} VISIBLE false} {BINDTYPE op ID {} IMPL auto LATENCY 0 OPTYPE and PRAGMA {} RTLNAME is_mul_fu_587_p2 SOURCE rv32_vector.cpp:88 VARIABLE is_mul LOOP {} BUNDLEDNAME {} DSP 0 BRAM 0 URAM 0 STORAGESUBTYPE {} DISPNAME {bind_op and} VISIBLE false} {BINDTYPE op ID {} IMPL auto LATENCY 0 OPTYPE or PRAGMA {} RTLNAME or_ln89_fu_593_p2 SOURCE rv32_vector.cpp:89 VARIABLE or_ln89 LOOP {} BUNDLEDNAME {} DSP 0 BRAM 0 URAM 0 STORAGESUBTYPE {} DISPNAME {bind_op or} VISIBLE false} {BINDTYPE op ID {} IMPL auto LATENCY 0 OPTYPE or PRAGMA {} RTLNAME or_ln89_1_fu_599_p2 SOURCE rv32_vector.cpp:89 VARIABLE or_ln89_1 LOOP {} BUNDLEDNAME {} DSP 0 BRAM 0 URAM 0 STORAGESUBTYPE {} DISPNAME {bind_op or} VISIBLE false} {BINDTYPE op ID {} IMPL fabric LATENCY 0 OPTYPE add PRAGMA {} RTLNAME grp_fu_497_p2 SOURCE rv32_vector.cpp:95 VARIABLE add_ln95 LOOP {} BUNDLEDNAME {} DSP 0 BRAM 0 URAM 0 STORAGESUBTYPE {} DISPNAME {bind_op add} VISIBLE true} {BINDTYPE op ID {} IMPL fabric LATENCY 0 OPTYPE add PRAGMA {} RTLNAME grp_fu_497_p2 SOURCE rv32_vector.cpp:95 VARIABLE add_ln95_1 LOOP {} BUNDLEDNAME {} DSP 0 BRAM 0 URAM 0 STORAGESUBTYPE {} DISPNAME {bind_op add} VISIBLE true} {BINDTYPE op ID {} IMPL fabric LATENCY 0 OPTYPE add PRAGMA {} RTLNAME grp_fu_497_p2 SOURCE rv32_vector.cpp:95 VARIABLE add_ln95_2 LOOP {} BUNDLEDNAME {} DSP 0 BRAM 0 URAM 0 STORAGESUBTYPE {} DISPNAME {bind_op add} VISIBLE true} {BINDTYPE op ID {} IMPL fabric LATENCY 0 OPTYPE add PRAGMA {} RTLNAME grp_fu_497_p2 SOURCE rv32_vector.cpp:95 VARIABLE add_ln95_3 LOOP {} BUNDLEDNAME {} DSP 0 BRAM 0 URAM 0 STORAGESUBTYPE {} DISPNAME {bind_op add} VISIBLE true} {BINDTYPE op ID {} IMPL fabric LATENCY 0 OPTYPE sub PRAGMA {} RTLNAME grp_fu_503_p2 SOURCE rv32_vector.cpp:96 VARIABLE sub_ln96 LOOP {} BUNDLEDNAME {} DSP 0 BRAM 0 URAM 0 STORAGESUBTYPE {} DISPNAME {bind_op sub} VISIBLE true} {BINDTYPE op ID {} IMPL auto LATENCY 0 OPTYPE mul PRAGMA {} RTLNAME mul_32s_32s_32_1_1_U1 SOURCE rv32_vector.cpp:97 VARIABLE mul_ln97 LOOP {} BUNDLEDNAME {} DSP 3 BRAM 0 URAM 0 STORAGESUBTYPE {} DISPNAME {bind_op mul} VISIBLE true} {BINDTYPE op ID {} IMPL auto_sel LATENCY 0 OPTYPE select PRAGMA {} RTLNAME r_5_fu_762_p3 SOURCE rv32_vector.cpp:96 VARIABLE r_5 LOOP {} BUNDLEDNAME {} DSP 0 BRAM 0 URAM 0 STORAGESUBTYPE {} DISPNAME {bind_op select} VISIBLE false} {BINDTYPE op ID {} IMPL fabric LATENCY 0 OPTYPE sub PRAGMA {} RTLNAME grp_fu_503_p2 SOURCE rv32_vector.cpp:96 VARIABLE sub_ln96_1 LOOP {} BUNDLEDNAME {} DSP 0 BRAM 0 URAM 0 STORAGESUBTYPE {} DISPNAME {bind_op sub} VISIBLE true} {BINDTYPE op ID {} IMPL auto LATENCY 0 OPTYPE mul PRAGMA {} RTLNAME mul_32s_32s_32_1_1_U1 SOURCE rv32_vector.cpp:97 VARIABLE mul_ln97_1 LOOP {} BUNDLEDNAME {} DSP 3 BRAM 0 URAM 0 STORAGESUBTYPE {} DISPNAME {bind_op mul} VISIBLE true} {BINDTYPE op ID {} IMPL auto_sel LATENCY 0 OPTYPE select PRAGMA {} RTLNAME r_6_fu_814_p3 SOURCE rv32_vector.cpp:96 VARIABLE r_6 LOOP {} BUNDLEDNAME {} DSP 0 BRAM 0 URAM 0 STORAGESUBTYPE {} DISPNAME {bind_op select} VISIBLE false} {BINDTYPE op ID {} IMPL fabric LATENCY 0 OPTYPE sub PRAGMA {} RTLNAME grp_fu_503_p2 SOURCE rv32_vector.cpp:96 VARIABLE sub_ln96_2 LOOP {} BUNDLEDNAME {} DSP 0 BRAM 0 URAM 0 STORAGESUBTYPE {} DISPNAME {bind_op sub} VISIBLE true} {BINDTYPE op ID {} IMPL auto LATENCY 0 OPTYPE mul PRAGMA {} RTLNAME mul_32s_32s_32_1_1_U1 SOURCE rv32_vector.cpp:97 VARIABLE mul_ln97_2 LOOP {} BUNDLEDNAME {} DSP 3 BRAM 0 URAM 0 STORAGESUBTYPE {} DISPNAME {bind_op mul} VISIBLE true} {BINDTYPE op ID {} IMPL auto_sel LATENCY 0 OPTYPE select PRAGMA {} RTLNAME r_7_fu_866_p3 SOURCE rv32_vector.cpp:96 VARIABLE r_7 LOOP {} BUNDLEDNAME {} DSP 0 BRAM 0 URAM 0 STORAGESUBTYPE {} DISPNAME {bind_op select} VISIBLE false} {BINDTYPE op ID {} IMPL fabric LATENCY 0 OPTYPE sub PRAGMA {} RTLNAME grp_fu_503_p2 SOURCE rv32_vector.cpp:96 VARIABLE sub_ln96_3 LOOP {} BUNDLEDNAME {} DSP 0 BRAM 0 URAM 0 STORAGESUBTYPE {} DISPNAME {bind_op sub} VISIBLE true} {BINDTYPE op ID {} IMPL auto LATENCY 0 OPTYPE mul PRAGMA {} RTLNAME mul_32s_32s_32_1_1_U1 SOURCE rv32_vector.cpp:97 VARIABLE mul_ln97_3 LOOP {} BUNDLEDNAME {} DSP 3 BRAM 0 URAM 0 STORAGESUBTYPE {} DISPNAME {bind_op mul} VISIBLE true} {BINDTYPE op ID {} IMPL auto_sel LATENCY 0 OPTYPE select PRAGMA {} RTLNAME r_fu_881_p3 SOURCE rv32_vector.cpp:96 VARIABLE r LOOP {} BUNDLEDNAME {} DSP 0 BRAM 0 URAM 0 STORAGESUBTYPE {} DISPNAME {bind_op select} VISIBLE false} {BINDTYPE op ID {} IMPL auto_sel LATENCY 0 OPTYPE select PRAGMA {} RTLNAME r_1_222_fu_873_p3 SOURCE rv32_vector.cpp:86 VARIABLE r_1_222 LOOP {} BUNDLEDNAME {} DSP 0 BRAM 0 URAM 0 STORAGESUBTYPE {} DISPNAME {bind_op select} VISIBLE false} {BINDTYPE op ID {} IMPL auto_sel LATENCY 0 OPTYPE select PRAGMA {} RTLNAME r_1121420_fu_769_p3 SOURCE rv32_vector.cpp:86 VARIABLE r_1121420 LOOP {} BUNDLEDNAME {} DSP 0 BRAM 0 URAM 0 STORAGESUBTYPE {} DISPNAME {bind_op select} VISIBLE false} {BINDTYPE op ID {} IMPL auto_sel LATENCY 0 OPTYPE select PRAGMA {} RTLNAME r_1_11618_fu_821_p3 SOURCE rv32_vector.cpp:86 VARIABLE r_1_11618 LOOP {} BUNDLEDNAME {} DSP 0 BRAM 0 URAM 0 STORAGESUBTYPE {} DISPNAME {bind_op select} VISIBLE false} {BINDTYPE op ID {} IMPL auto_sel LATENCY 0 OPTYPE select PRAGMA {} RTLNAME r_3_fu_888_p3 SOURCE rv32_vector.cpp:86 VARIABLE r_3 LOOP {} BUNDLEDNAME {} DSP 0 BRAM 0 URAM 0 STORAGESUBTYPE {} DISPNAME {bind_op select} VISIBLE false} {BINDTYPE op ID {} IMPL auto LATENCY 0 OPTYPE seteq PRAGMA {} RTLNAME grp_fu_453_p2 SOURCE rv32_vector.cpp:71 VARIABLE icmp_ln71 LOOP {} BUNDLEDNAME {} DSP 0 BRAM 0 URAM 0 STORAGESUBTYPE {} DISPNAME {bind_op seteq} VISIBLE false} {BINDTYPE op ID {} IMPL auto LATENCY 0 OPTYPE seteq PRAGMA {} RTLNAME grp_fu_467_p2 SOURCE rv32_vector.cpp:72 VARIABLE icmp_ln72 LOOP {} BUNDLEDNAME {} DSP 0 BRAM 0 URAM 0 STORAGESUBTYPE {} DISPNAME {bind_op seteq} VISIBLE false} {BINDTYPE op ID {} IMPL auto LATENCY 0 OPTYPE seteq PRAGMA {} RTLNAME grp_fu_481_p2 SOURCE rv32_vector.cpp:72 VARIABLE icmp_ln72_1 LOOP {} BUNDLEDNAME {} DSP 0 BRAM 0 URAM 0 STORAGESUBTYPE {} DISPNAME {bind_op seteq} VISIBLE false} {BINDTYPE op ID {} IMPL fabric LATENCY 0 OPTYPE add PRAGMA {} RTLNAME add_ln79_fu_637_p2 SOURCE rv32_vector.cpp:79 VARIABLE add_ln79 LOOP {} BUNDLEDNAME {} DSP 0 BRAM 0 URAM 0 STORAGESUBTYPE {} DISPNAME {bind_op add} VISIBLE true} {BINDTYPE op ID {} IMPL auto LATENCY 0 OPTYPE seteq PRAGMA {} RTLNAME grp_fu_453_p2 SOURCE rv32_vector.cpp:62 VARIABLE icmp_ln62 LOOP {} BUNDLEDNAME {} DSP 0 BRAM 0 URAM 0 STORAGESUBTYPE {} DISPNAME {bind_op seteq} VISIBLE false} {BINDTYPE op ID {} IMPL auto LATENCY 0 OPTYPE seteq PRAGMA {} RTLNAME grp_fu_467_p2 SOURCE rv32_vector.cpp:63 VARIABLE icmp_ln63 LOOP {} BUNDLEDNAME {} DSP 0 BRAM 0 URAM 0 STORAGESUBTYPE {} DISPNAME {bind_op seteq} VISIBLE false} {BINDTYPE op ID {} IMPL auto LATENCY 0 OPTYPE seteq PRAGMA {} RTLNAME grp_fu_481_p2 SOURCE rv32_vector.cpp:63 VARIABLE icmp_ln63_1 LOOP {} BUNDLEDNAME {} DSP 0 BRAM 0 URAM 0 STORAGESUBTYPE {} DISPNAME {bind_op seteq} VISIBLE false} {BINDTYPE op ID {} IMPL fabric LATENCY 0 OPTYPE add PRAGMA {} RTLNAME add_ln69_fu_675_p2 SOURCE rv32_vector.cpp:69 VARIABLE add_ln69 LOOP {} BUNDLEDNAME {} DSP 0 BRAM 0 URAM 0 STORAGESUBTYPE {} DISPNAME {bind_op add} VISIBLE true}} AREA {DSP 3 BRAM 4 URAM 0}}}}'
INFO-FLOW: DBG:PUTS:      update_csynth_reports json2rpt_hw_sw_interfaces
Execute         send_msg_by_id INFO @200-1603@%s  and missed bursts 
INFO: [HLS 200-1603] Design has inferred MAXI bursts and missed bursts, see Vitis HLS GUI synthesis summary report for detailed information.
INFO-FLOW: Running: gen_csynth_sec_pragma
INFO-FLOW: Done: gen_csynth_sec_pragma time: 0 seconds per iteration
INFO-FLOW: DBG:PUTS:      update_csynth_reports wrote xml
INFO-FLOW: DBG:PUTS:      update_csynth_reports appended to csynth rpt file
INFO: [HLS 200-111] Finished Updating report files: CPU user time: 0.51 seconds. CPU system time: 0.02 seconds. Elapsed time: 0.53 seconds; current allocated memory: 683.422 MB.
INFO: [VHDL 208-304] Generating VHDL RTL for rv32_vector_step.
INFO: [VLOG 209-307] Generating Verilog RTL for rv32_vector_step.
Execute         syn_report -model rv32_vector_step -printsummary 
INFO: [HLS 200-790] **** Loop Constraint Status: All loop constraints were satisfied.
INFO: [HLS 200-789] **** Estimated Fmax: 136.99 MHz
Command       autosyn done; 1.06 sec.
Command     csynth_design done; 13.27 sec.
INFO: [HLS 200-2161] Finished Command csynth_design Elapsed time: 00:00:13; Allocated memory: 49.148 MB.
Execute     cleanup_all 
