

================================================================
== Vitis HLS Report for 'ooo_demo_tick_Pipeline_VITIS_LOOP_119_1'
================================================================
* Date:           Fri Jul 17 22:55:53 2026

* Version:        2024.2 (Build 5238294 on Nov  8 2024)
* Project:        ooo_demo_proj
* Solution:       solution1 (Vivado IP Flow Target)
* Product family: zynquplus
* Target device:  xck26-sfvc784-2LV-c


================================================================
== Performance Estimates
================================================================
+ Timing: 
    * Summary: 
    +--------+----------+----------+------------+
    |  Clock |  Target  | Estimated| Uncertainty|
    +--------+----------+----------+------------+
    |ap_clk  |  10.00 ns|  1.527 ns|     2.70 ns|
    +--------+----------+----------+------------+

+ Latency: 
    * Summary: 
    +---------+---------+-----------+-----------+-----+-----+------------------------------------------------+
    |  Latency (cycles) |   Latency (absolute)  |  Interval |                    Pipeline                    |
    |   min   |   max   |    min    |    max    | min | max |                      Type                      |
    +---------+---------+-----------+-----------+-----+-----+------------------------------------------------+
    |        6|        6|  60.000 ns|  60.000 ns|    5|    5|  loop auto-rewind stp (delay=0 clock cycles(s))|
    +---------+---------+-----------+-----------+-----+-----+------------------------------------------------+

    + Detail: 
        * Instance: 
        N/A

        * Loop: 
        +--------------------+---------+---------+----------+-----------+-----------+------+----------+
        |                    |  Latency (cycles) | Iteration|  Initiation Interval  | Trip |          |
        |      Loop Name     |   min   |   max   |  Latency |  achieved |   target  | Count| Pipelined|
        +--------------------+---------+---------+----------+-----------+-----------+------+----------+
        |- VITIS_LOOP_119_1  |        4|        4|         1|          1|          1|     4|       yes|
        +--------------------+---------+---------+----------+-----------+-----------+------+----------+

============================================================
+ Verbose Summary: Synthesis Manager
============================================================
InlineROM: 1
ExposeGlobal: 0
============================================================
+ Verbose Summary: CDFG Model
============================================================
IsTopModel: 0
ResetActiveHigh: 1
IsCombinational: 0
IsDatapathOnly: 0
HasWiredReturn: 1
HasMFsm: 2
HasVarLatency: 1
IsPipeline: 0
IsRtlPipelined: 0
IsInstanceOverlapped: 0
IsDontTouch: 0
HasImplIP: 0
IsGatedGlobalClock: 0

+ Individual pipeline summary: 
  * Pipeline-0: initiation interval (II) = 1, depth = 1


============================================================
+ Verbose Summary: Schedule
============================================================
* Number of FSM states : 1
* Pipeline : 1
  Pipeline-0 : II = 1, D = 1, States = { 1 }
* Dataflow Pipeline: 0

* FSM state transitions: 
1 --> 

* FSM state operations: 

State 1 <SV = 0> <Delay = 1.52>
ST_1 : Operation 4 [1/1] (0.00ns)   --->   "%i = alloca i32 1" [ooo_demo.cpp:119]   --->   Operation 4 'alloca' 'i' <Predicate = true> <Delay = 0.00>
ST_1 : Operation 5 [1/1] (0.42ns)   --->   "%store_ln119 = store i3 0, i3 %i" [ooo_demo.cpp:119]   --->   Operation 5 'store' 'store_ln119' <Predicate = true> <Delay = 0.42>
ST_1 : Operation 6 [1/1] (0.00ns)   --->   "%br_ln0 = br void %for.inc"   --->   Operation 6 'br' 'br_ln0' <Predicate = true> <Delay = 0.00>
ST_1 : Operation 7 [1/1] (0.00ns)   --->   "%i_1 = load i3 %i" [ooo_demo.cpp:119]   --->   Operation 7 'load' 'i_1' <Predicate = true> <Delay = 0.00>
ST_1 : Operation 8 [1/1] (0.67ns)   --->   "%icmp_ln119 = icmp_eq  i3 %i_1, i3 4" [ooo_demo.cpp:119]   --->   Operation 8 'icmp' 'icmp_ln119' <Predicate = true> <Delay = 0.67> <CoreInst = "Cmp">   --->   Core 9 'Cmp' <Latency = 0> <II = 1> <Delay = 0.67> <FuncUnit> <Opcode : 'seteq' 'setne' 'setle' 'setge' 'setlt' 'setgt'> <InPorts = 2> <OutPorts = 1>
ST_1 : Operation 9 [1/1] (0.67ns)   --->   "%add_ln119 = add i3 %i_1, i3 1" [ooo_demo.cpp:119]   --->   Operation 9 'add' 'add_ln119' <Predicate = true> <Delay = 0.67> <CoreInst = "Adder">   --->   Core 1 'Adder' <Latency = 0> <II = 1> <Delay = 0.67> <FuncUnit> <Opcode : 'add' 'sub'> <InPorts = 2> <OutPorts = 1>
ST_1 : Operation 10 [1/1] (0.00ns)   --->   "%br_ln119 = br i1 %icmp_ln119, void %for.inc.split, void %for.end.exitStub" [ooo_demo.cpp:119]   --->   Operation 10 'br' 'br_ln119' <Predicate = true> <Delay = 0.00>
ST_1 : Operation 11 [1/1] (0.00ns)   --->   "%trunc_ln119 = trunc i3 %i_1" [ooo_demo.cpp:119]   --->   Operation 11 'trunc' 'trunc_ln119' <Predicate = (!icmp_ln119)> <Delay = 0.00>
ST_1 : Operation 12 [1/1] (0.00ns)   --->   "%specpipeline_ln119 = specpipeline void @_ssdm_op_SpecPipeline, i32 4294967295, i32 0, i32 0, i32 0, void @empty_1" [ooo_demo.cpp:119]   --->   Operation 12 'specpipeline' 'specpipeline_ln119' <Predicate = (!icmp_ln119)> <Delay = 0.00>
ST_1 : Operation 13 [1/1] (0.00ns)   --->   "%speclooptripcount_ln119 = speclooptripcount void @_ssdm_op_SpecLoopTripCount, i64 4, i64 4, i64 4" [ooo_demo.cpp:119]   --->   Operation 13 'speclooptripcount' 'speclooptripcount_ln119' <Predicate = (!icmp_ln119)> <Delay = 0.00>
ST_1 : Operation 14 [1/1] (0.00ns)   --->   "%specloopname_ln119 = specloopname void @_ssdm_op_SpecLoopName, void @empty_4" [ooo_demo.cpp:119]   --->   Operation 14 'specloopname' 'specloopname_ln119' <Predicate = (!icmp_ln119)> <Delay = 0.00>
ST_1 : Operation 15 [1/1] (0.54ns)   --->   "%switch_ln120 = switch i2 %trunc_ln119, void %dest23.case.3, i2 0, void %dest23.case.0, i2 1, void %dest23.case.1, i2 2, void %dest23.case.2" [ooo_demo.cpp:120]   --->   Operation 15 'switch' 'switch_ln120' <Predicate = (!icmp_ln119)> <Delay = 0.54>
ST_1 : Operation 16 [1/1] (0.00ns)   --->   "%store_ln120 = store i32 0, i32 %ooo_demo_tick_ap_uint_ap_uint_ap_uint_ap_uint_ap_uint_ap_uint_ap_uint_ap_u_17" [ooo_demo.cpp:120]   --->   Operation 16 'store' 'store_ln120' <Predicate = (!icmp_ln119 & trunc_ln119 == 2)> <Delay = 0.00>
ST_1 : Operation 17 [1/1] (0.00ns)   --->   "%store_ln121 = store i1 0, i1 %ooo_demo_tick_ap_uint_ap_uint_ap_uint_ap_uint_ap_uint_ap_uint_ap_uint_ap_u_24" [ooo_demo.cpp:121]   --->   Operation 17 'store' 'store_ln121' <Predicate = (!icmp_ln119 & trunc_ln119 == 2)> <Delay = 0.00>
ST_1 : Operation 18 [1/1] (0.00ns)   --->   "%store_ln122 = store i2 0, i2 %ooo_demo_tick_ap_uint_ap_uint_ap_uint_ap_uint_ap_uint_ap_uint_ap_uint_ap_u_21" [ooo_demo.cpp:122]   --->   Operation 18 'store' 'store_ln122' <Predicate = (!icmp_ln119 & trunc_ln119 == 2)> <Delay = 0.00>
ST_1 : Operation 19 [1/1] (0.00ns)   --->   "%store_ln123 = store i1 0, i1 %ooo_demo_tick_ap_uint_ap_uint_ap_uint_ap_uint_ap_uint_ap_uint_ap_uint_ap_u_5" [ooo_demo.cpp:123]   --->   Operation 19 'store' 'store_ln123' <Predicate = (!icmp_ln119 & trunc_ln119 == 2)> <Delay = 0.00>
ST_1 : Operation 20 [1/1] (0.00ns)   --->   "%store_ln124 = store i1 0, i1 %ooo_demo_tick_ap_uint_ap_uint_ap_uint_ap_uint_ap_uint_ap_uint_ap_uint_ap_u_9" [ooo_demo.cpp:124]   --->   Operation 20 'store' 'store_ln124' <Predicate = (!icmp_ln119 & trunc_ln119 == 2)> <Delay = 0.00>
ST_1 : Operation 21 [1/1] (0.00ns)   --->   "%store_ln125 = store i32 0, i32 %ooo_demo_tick_ap_uint_ap_uint_ap_uint_ap_uint_ap_uint_ap_uint_ap_uint_ap_u_1" [ooo_demo.cpp:125]   --->   Operation 21 'store' 'store_ln125' <Predicate = (!icmp_ln119 & trunc_ln119 == 2)> <Delay = 0.00>
ST_1 : Operation 22 [1/1] (0.00ns)   --->   "%store_ln126 = store i2 0, i2 %ooo_demo_tick_ap_uint_ap_uint_ap_uint_ap_uint_ap_uint_ap_uint_ap_uint_ap_u_13" [ooo_demo.cpp:126]   --->   Operation 22 'store' 'store_ln126' <Predicate = (!icmp_ln119 & trunc_ln119 == 2)> <Delay = 0.00>
ST_1 : Operation 23 [1/1] (0.00ns)   --->   "%br_ln126 = br void %dest23.exit" [ooo_demo.cpp:126]   --->   Operation 23 'br' 'br_ln126' <Predicate = (!icmp_ln119 & trunc_ln119 == 2)> <Delay = 0.00>
ST_1 : Operation 24 [1/1] (0.00ns)   --->   "%store_ln120 = store i32 0, i32 %ooo_demo_tick_ap_uint_ap_uint_ap_uint_ap_uint_ap_uint_ap_uint_ap_uint_ap_u_18" [ooo_demo.cpp:120]   --->   Operation 24 'store' 'store_ln120' <Predicate = (!icmp_ln119 & trunc_ln119 == 1)> <Delay = 0.00>
ST_1 : Operation 25 [1/1] (0.00ns)   --->   "%store_ln121 = store i1 0, i1 %ooo_demo_tick_ap_uint_ap_uint_ap_uint_ap_uint_ap_uint_ap_uint_ap_uint_ap_u_25" [ooo_demo.cpp:121]   --->   Operation 25 'store' 'store_ln121' <Predicate = (!icmp_ln119 & trunc_ln119 == 1)> <Delay = 0.00>
ST_1 : Operation 26 [1/1] (0.00ns)   --->   "%store_ln122 = store i2 0, i2 %ooo_demo_tick_ap_uint_ap_uint_ap_uint_ap_uint_ap_uint_ap_uint_ap_uint_ap_u_22" [ooo_demo.cpp:122]   --->   Operation 26 'store' 'store_ln122' <Predicate = (!icmp_ln119 & trunc_ln119 == 1)> <Delay = 0.00>
ST_1 : Operation 27 [1/1] (0.00ns)   --->   "%store_ln123 = store i1 0, i1 %ooo_demo_tick_ap_uint_ap_uint_ap_uint_ap_uint_ap_uint_ap_uint_ap_uint_ap_u_6" [ooo_demo.cpp:123]   --->   Operation 27 'store' 'store_ln123' <Predicate = (!icmp_ln119 & trunc_ln119 == 1)> <Delay = 0.00>
ST_1 : Operation 28 [1/1] (0.00ns)   --->   "%store_ln124 = store i1 0, i1 %ooo_demo_tick_ap_uint_ap_uint_ap_uint_ap_uint_ap_uint_ap_uint_ap_uint_ap_u_10" [ooo_demo.cpp:124]   --->   Operation 28 'store' 'store_ln124' <Predicate = (!icmp_ln119 & trunc_ln119 == 1)> <Delay = 0.00>
ST_1 : Operation 29 [1/1] (0.00ns)   --->   "%store_ln125 = store i32 0, i32 %ooo_demo_tick_ap_uint_ap_uint_ap_uint_ap_uint_ap_uint_ap_uint_ap_uint_ap_u_2" [ooo_demo.cpp:125]   --->   Operation 29 'store' 'store_ln125' <Predicate = (!icmp_ln119 & trunc_ln119 == 1)> <Delay = 0.00>
ST_1 : Operation 30 [1/1] (0.00ns)   --->   "%store_ln126 = store i2 0, i2 %ooo_demo_tick_ap_uint_ap_uint_ap_uint_ap_uint_ap_uint_ap_uint_ap_uint_ap_u_14" [ooo_demo.cpp:126]   --->   Operation 30 'store' 'store_ln126' <Predicate = (!icmp_ln119 & trunc_ln119 == 1)> <Delay = 0.00>
ST_1 : Operation 31 [1/1] (0.00ns)   --->   "%br_ln126 = br void %dest23.exit" [ooo_demo.cpp:126]   --->   Operation 31 'br' 'br_ln126' <Predicate = (!icmp_ln119 & trunc_ln119 == 1)> <Delay = 0.00>
ST_1 : Operation 32 [1/1] (0.00ns)   --->   "%store_ln123 = store i1 0, i1 %ooo_demo_tick_ap_uint_ap_uint_ap_uint_ap_uint_ap_uint_ap_uint_ap_uint_ap_u_7" [ooo_demo.cpp:123]   --->   Operation 32 'store' 'store_ln123' <Predicate = (!icmp_ln119 & trunc_ln119 == 0)> <Delay = 0.00>
ST_1 : Operation 33 [1/1] (0.00ns)   --->   "%store_ln124 = store i1 0, i1 %ooo_demo_tick_ap_uint_ap_uint_ap_uint_ap_uint_ap_uint_ap_uint_ap_uint_ap_u_11" [ooo_demo.cpp:124]   --->   Operation 33 'store' 'store_ln124' <Predicate = (!icmp_ln119 & trunc_ln119 == 0)> <Delay = 0.00>
ST_1 : Operation 34 [1/1] (0.00ns)   --->   "%store_ln125 = store i32 0, i32 %ooo_demo_tick_ap_uint_ap_uint_ap_uint_ap_uint_ap_uint_ap_uint_ap_uint_ap_u_3" [ooo_demo.cpp:125]   --->   Operation 34 'store' 'store_ln125' <Predicate = (!icmp_ln119 & trunc_ln119 == 0)> <Delay = 0.00>
ST_1 : Operation 35 [1/1] (0.00ns)   --->   "%store_ln126 = store i2 0, i2 %ooo_demo_tick_ap_uint_ap_uint_ap_uint_ap_uint_ap_uint_ap_uint_ap_uint_ap_u_15" [ooo_demo.cpp:126]   --->   Operation 35 'store' 'store_ln126' <Predicate = (!icmp_ln119 & trunc_ln119 == 0)> <Delay = 0.00>
ST_1 : Operation 36 [1/1] (0.00ns)   --->   "%br_ln126 = br void %dest23.exit" [ooo_demo.cpp:126]   --->   Operation 36 'br' 'br_ln126' <Predicate = (!icmp_ln119 & trunc_ln119 == 0)> <Delay = 0.00>
ST_1 : Operation 37 [1/1] (0.00ns)   --->   "%store_ln120 = store i32 0, i32 %ooo_demo_tick_ap_uint_ap_uint_ap_uint_ap_uint_ap_uint_ap_uint_ap_uint_ap_u_16" [ooo_demo.cpp:120]   --->   Operation 37 'store' 'store_ln120' <Predicate = (!icmp_ln119 & trunc_ln119 == 3)> <Delay = 0.00>
ST_1 : Operation 38 [1/1] (0.00ns)   --->   "%store_ln121 = store i1 0, i1 %ooo_demo_tick_ap_uint_ap_uint_ap_uint_ap_uint_ap_uint_ap_uint_ap_uint_ap_u_23" [ooo_demo.cpp:121]   --->   Operation 38 'store' 'store_ln121' <Predicate = (!icmp_ln119 & trunc_ln119 == 3)> <Delay = 0.00>
ST_1 : Operation 39 [1/1] (0.00ns)   --->   "%store_ln122 = store i2 0, i2 %ooo_demo_tick_ap_uint_ap_uint_ap_uint_ap_uint_ap_uint_ap_uint_ap_uint_ap_u_20" [ooo_demo.cpp:122]   --->   Operation 39 'store' 'store_ln122' <Predicate = (!icmp_ln119 & trunc_ln119 == 3)> <Delay = 0.00>
ST_1 : Operation 40 [1/1] (0.00ns)   --->   "%store_ln123 = store i1 0, i1 %ooo_demo_tick_ap_uint_ap_uint_ap_uint_ap_uint_ap_uint_ap_uint_ap_uint_ap_u_4" [ooo_demo.cpp:123]   --->   Operation 40 'store' 'store_ln123' <Predicate = (!icmp_ln119 & trunc_ln119 == 3)> <Delay = 0.00>
ST_1 : Operation 41 [1/1] (0.00ns)   --->   "%store_ln124 = store i1 0, i1 %ooo_demo_tick_ap_uint_ap_uint_ap_uint_ap_uint_ap_uint_ap_uint_ap_uint_ap_u_8" [ooo_demo.cpp:124]   --->   Operation 41 'store' 'store_ln124' <Predicate = (!icmp_ln119 & trunc_ln119 == 3)> <Delay = 0.00>
ST_1 : Operation 42 [1/1] (0.00ns)   --->   "%store_ln125 = store i32 0, i32 %ooo_demo_tick_ap_uint_ap_uint_ap_uint_ap_uint_ap_uint_ap_uint_ap_uint_ap_u" [ooo_demo.cpp:125]   --->   Operation 42 'store' 'store_ln125' <Predicate = (!icmp_ln119 & trunc_ln119 == 3)> <Delay = 0.00>
ST_1 : Operation 43 [1/1] (0.00ns)   --->   "%store_ln126 = store i2 0, i2 %ooo_demo_tick_ap_uint_ap_uint_ap_uint_ap_uint_ap_uint_ap_uint_ap_uint_ap_u_12" [ooo_demo.cpp:126]   --->   Operation 43 'store' 'store_ln126' <Predicate = (!icmp_ln119 & trunc_ln119 == 3)> <Delay = 0.00>
ST_1 : Operation 44 [1/1] (0.00ns)   --->   "%br_ln126 = br void %dest23.exit" [ooo_demo.cpp:126]   --->   Operation 44 'br' 'br_ln126' <Predicate = (!icmp_ln119 & trunc_ln119 == 3)> <Delay = 0.00>
ST_1 : Operation 45 [1/1] (0.42ns)   --->   "%store_ln119 = store i3 %add_ln119, i3 %i" [ooo_demo.cpp:119]   --->   Operation 45 'store' 'store_ln119' <Predicate = (!icmp_ln119)> <Delay = 0.42>
ST_1 : Operation 46 [1/1] (0.00ns)   --->   "%br_ln119 = br void %for.inc" [ooo_demo.cpp:119]   --->   Operation 46 'br' 'br_ln119' <Predicate = (!icmp_ln119)> <Delay = 0.00>
ST_1 : Operation 47 [1/1] (0.42ns)   --->   "%ret_ln0 = ret"   --->   Operation 47 'ret' 'ret_ln0' <Predicate = (icmp_ln119)> <Delay = 0.42>


============================================================
+ Verbose Summary: Timing violations
============================================================
Target clock period: 10.000ns, clock uncertainty: 2.700ns.

 <State 1>: 1.527ns
The critical path consists of the following:
	'store' operation 0 bit ('store_ln119', ooo_demo.cpp:119) of constant 0 on local variable 'i', ooo_demo.cpp:119 [27]  (0.427 ns)
	'load' operation 3 bit ('i', ooo_demo.cpp:119) on local variable 'i', ooo_demo.cpp:119 [30]  (0.000 ns)
	'add' operation 3 bit ('add_ln119', ooo_demo.cpp:119) [32]  (0.673 ns)
	'store' operation 0 bit ('store_ln119', ooo_demo.cpp:119) of variable 'add_ln119', ooo_demo.cpp:119 on local variable 'i', ooo_demo.cpp:119 [74]  (0.427 ns)


============================================================
+ Verbose Summary: Binding
============================================================
N/A
* FSMD analyzer results:
  - Output states:
 - Input state : 
  - Chain level:
	State 1


============================================================
+ Verbose Summary: Datapath Resource usage 
============================================================
N/A
