

================================================================
== Vitis HLS Report for 'ooo_demo_tick_Pipeline_VITIS_LOOP_119_1'
================================================================
* Date:           Fri Jul 17 22:55:54 2026

* Version:        2024.2 (Build 5238294 on Nov  8 2024)
* Project:        ooo_demo_proj
* Solution:       solution1 (Vivado IP Flow Target)
* Product family: zynquplus
* Target device:  xck26-sfvc784-2LV-c


================================================================
== Performance Estimates
================================================================
+ Timing: 
    * Summary: 
    +--------+----------+----------+------------+
    |  Clock |  Target  | Estimated| Uncertainty|
    +--------+----------+----------+------------+
    |ap_clk  |  10.00 ns|  1.527 ns|     2.70 ns|
    +--------+----------+----------+------------+

+ Latency: 
    * Summary: 
    +---------+---------+-----------+-----------+-----+-----+------------------------------------------------+
    |  Latency (cycles) |   Latency (absolute)  |  Interval |                    Pipeline                    |
    |   min   |   max   |    min    |    max    | min | max |                      Type                      |
    +---------+---------+-----------+-----------+-----+-----+------------------------------------------------+
    |        6|        6|  60.000 ns|  60.000 ns|    5|    5|  loop auto-rewind stp (delay=0 clock cycles(s))|
    +---------+---------+-----------+-----------+-----+-----+------------------------------------------------+

    + Detail: 
        * Instance: 
        N/A

        * Loop: 
        +--------------------+---------+---------+----------+-----------+-----------+------+----------+
        |                    |  Latency (cycles) | Iteration|  Initiation Interval  | Trip |          |
        |      Loop Name     |   min   |   max   |  Latency |  achieved |   target  | Count| Pipelined|
        +--------------------+---------+---------+----------+-----------+-----------+------+----------+
        |- VITIS_LOOP_119_1  |        4|        4|         1|          1|          1|     4|       yes|
        +--------------------+---------+---------+----------+-----------+-----------+------+----------+



================================================================
== Utilization Estimates
================================================================
* Summary: 
+-----------------+---------+------+--------+--------+-----+
|       Name      | BRAM_18K|  DSP |   FF   |   LUT  | URAM|
+-----------------+---------+------+--------+--------+-----+
|DSP              |        -|     -|       -|       -|    -|
|Expression       |        -|     -|       0|      22|    -|
|FIFO             |        -|     -|       -|       -|    -|
|Instance         |        -|     -|       -|       -|    -|
|Memory           |        -|     -|       -|       -|    -|
|Multiplexer      |        -|     -|       0|      27|    -|
|Register         |        -|     -|       5|       -|    -|
+-----------------+---------+------+--------+--------+-----+
|Total            |        0|     0|       5|      49|    0|
+-----------------+---------+------+--------+--------+-----+
|Available        |      288|  1248|  234240|  117120|   64|
+-----------------+---------+------+--------+--------+-----+
|Utilization (%)  |        0|     0|      ~0|      ~0|    0|
+-----------------+---------+------+--------+--------+-----+

+ Detail: 
    * Instance: 
    N/A

    * DSP: 
    N/A

    * Memory: 
    N/A

    * FIFO: 
    N/A

    * Expression: 
    +---------------------+----------+----+---+----+------------+------------+
    |    Variable Name    | Operation| DSP| FF| LUT| Bitwidth P0| Bitwidth P1|
    +---------------------+----------+----+---+----+------------+------------+
    |add_ln119_fu_100_p2  |         +|   0|  0|  10|           3|           1|
    |icmp_ln119_fu_94_p2  |      icmp|   0|  0|  12|           3|           4|
    +---------------------+----------+----+---+----+------------+------------+
    |Total                |          |   0|  0|  22|           6|           5|
    +---------------------+----------+----+---+----+------------+------------+

    * Multiplexer: 
    +----------------------+----+-----------+-----+-----------+
    |         Name         | LUT| Input Size| Bits| Total Bits|
    +----------------------+----+-----------+-----+-----------+
    |ap_done_int           |   9|          2|    1|          2|
    |ap_sig_allocacmp_i_1  |   9|          2|    3|          6|
    |i_fu_82               |   9|          2|    3|          6|
    +----------------------+----+-----------+-----+-----------+
    |Total                 |  27|          6|    7|         14|
    +----------------------+----+-----------+-----+-----------+

    * Register: 
    +-------------+---+----+-----+-----------+
    |     Name    | FF| LUT| Bits| Const Bits|
    +-------------+---+----+-----+-----------+
    |ap_CS_fsm    |  1|   0|    1|          0|
    |ap_done_reg  |  1|   0|    1|          0|
    |i_fu_82      |  3|   0|    3|          0|
    +-------------+---+----+-----+-----------+
    |Total        |  5|   0|    5|          0|
    +-------------+---+----+-----+-----------+



================================================================
== Interface
================================================================
* Summary: 
+--------------------------------------------------------------------------------------+-----+-----+------------+-------------------------------------------------------------------------------+--------------+
|                                       RTL Ports                                      | Dir | Bits|  Protocol  |                                 Source Object                                 |    C Type    |
+--------------------------------------------------------------------------------------+-----+-----+------------+-------------------------------------------------------------------------------+--------------+
|ap_clk                                                                                |   in|    1|  ap_ctrl_hs|                                        ooo_demo_tick_Pipeline_VITIS_LOOP_119_1|  return value|
|ap_rst                                                                                |   in|    1|  ap_ctrl_hs|                                        ooo_demo_tick_Pipeline_VITIS_LOOP_119_1|  return value|
|ap_start                                                                              |   in|    1|  ap_ctrl_hs|                                        ooo_demo_tick_Pipeline_VITIS_LOOP_119_1|  return value|
|ap_done                                                                               |  out|    1|  ap_ctrl_hs|                                        ooo_demo_tick_Pipeline_VITIS_LOOP_119_1|  return value|
|ap_idle                                                                               |  out|    1|  ap_ctrl_hs|                                        ooo_demo_tick_Pipeline_VITIS_LOOP_119_1|  return value|
|ap_ready                                                                              |  out|    1|  ap_ctrl_hs|                                        ooo_demo_tick_Pipeline_VITIS_LOOP_119_1|  return value|
|ooo_demo_tick_ap_uint_ap_uint_ap_uint_ap_uint_ap_uint_ap_uint_ap_uint_ap_u_7          |  out|    1|      ap_vld|   ooo_demo_tick_ap_uint_ap_uint_ap_uint_ap_uint_ap_uint_ap_uint_ap_uint_ap_u_7|       pointer|
|ooo_demo_tick_ap_uint_ap_uint_ap_uint_ap_uint_ap_uint_ap_uint_ap_uint_ap_u_7_ap_vld   |  out|    1|      ap_vld|   ooo_demo_tick_ap_uint_ap_uint_ap_uint_ap_uint_ap_uint_ap_uint_ap_uint_ap_u_7|       pointer|
|ooo_demo_tick_ap_uint_ap_uint_ap_uint_ap_uint_ap_uint_ap_uint_ap_uint_ap_u_11         |  out|    1|      ap_vld|  ooo_demo_tick_ap_uint_ap_uint_ap_uint_ap_uint_ap_uint_ap_uint_ap_uint_ap_u_11|       pointer|
|ooo_demo_tick_ap_uint_ap_uint_ap_uint_ap_uint_ap_uint_ap_uint_ap_uint_ap_u_11_ap_vld  |  out|    1|      ap_vld|  ooo_demo_tick_ap_uint_ap_uint_ap_uint_ap_uint_ap_uint_ap_uint_ap_uint_ap_u_11|       pointer|
|ooo_demo_tick_ap_uint_ap_uint_ap_uint_ap_uint_ap_uint_ap_uint_ap_uint_ap_u_3          |  out|   32|      ap_vld|   ooo_demo_tick_ap_uint_ap_uint_ap_uint_ap_uint_ap_uint_ap_uint_ap_uint_ap_u_3|       pointer|
|ooo_demo_tick_ap_uint_ap_uint_ap_uint_ap_uint_ap_uint_ap_uint_ap_uint_ap_u_3_ap_vld   |  out|    1|      ap_vld|   ooo_demo_tick_ap_uint_ap_uint_ap_uint_ap_uint_ap_uint_ap_uint_ap_uint_ap_u_3|       pointer|
|ooo_demo_tick_ap_uint_ap_uint_ap_uint_ap_uint_ap_uint_ap_uint_ap_uint_ap_u_15         |  out|    2|      ap_vld|  ooo_demo_tick_ap_uint_ap_uint_ap_uint_ap_uint_ap_uint_ap_uint_ap_uint_ap_u_15|       pointer|
|ooo_demo_tick_ap_uint_ap_uint_ap_uint_ap_uint_ap_uint_ap_uint_ap_uint_ap_u_15_ap_vld  |  out|    1|      ap_vld|  ooo_demo_tick_ap_uint_ap_uint_ap_uint_ap_uint_ap_uint_ap_uint_ap_uint_ap_u_15|       pointer|
|ooo_demo_tick_ap_uint_ap_uint_ap_uint_ap_uint_ap_uint_ap_uint_ap_uint_ap_u_18         |  out|   32|      ap_vld|  ooo_demo_tick_ap_uint_ap_uint_ap_uint_ap_uint_ap_uint_ap_uint_ap_uint_ap_u_18|       pointer|
|ooo_demo_tick_ap_uint_ap_uint_ap_uint_ap_uint_ap_uint_ap_uint_ap_uint_ap_u_18_ap_vld  |  out|    1|      ap_vld|  ooo_demo_tick_ap_uint_ap_uint_ap_uint_ap_uint_ap_uint_ap_uint_ap_uint_ap_u_18|       pointer|
|ooo_demo_tick_ap_uint_ap_uint_ap_uint_ap_uint_ap_uint_ap_uint_ap_uint_ap_u_25         |  out|    1|      ap_vld|  ooo_demo_tick_ap_uint_ap_uint_ap_uint_ap_uint_ap_uint_ap_uint_ap_uint_ap_u_25|       pointer|
|ooo_demo_tick_ap_uint_ap_uint_ap_uint_ap_uint_ap_uint_ap_uint_ap_uint_ap_u_25_ap_vld  |  out|    1|      ap_vld|  ooo_demo_tick_ap_uint_ap_uint_ap_uint_ap_uint_ap_uint_ap_uint_ap_uint_ap_u_25|       pointer|
|ooo_demo_tick_ap_uint_ap_uint_ap_uint_ap_uint_ap_uint_ap_uint_ap_uint_ap_u_22         |  out|    2|      ap_vld|  ooo_demo_tick_ap_uint_ap_uint_ap_uint_ap_uint_ap_uint_ap_uint_ap_uint_ap_u_22|       pointer|
|ooo_demo_tick_ap_uint_ap_uint_ap_uint_ap_uint_ap_uint_ap_uint_ap_uint_ap_u_22_ap_vld  |  out|    1|      ap_vld|  ooo_demo_tick_ap_uint_ap_uint_ap_uint_ap_uint_ap_uint_ap_uint_ap_uint_ap_u_22|       pointer|
|ooo_demo_tick_ap_uint_ap_uint_ap_uint_ap_uint_ap_uint_ap_uint_ap_uint_ap_u_6          |  out|    1|      ap_vld|   ooo_demo_tick_ap_uint_ap_uint_ap_uint_ap_uint_ap_uint_ap_uint_ap_uint_ap_u_6|       pointer|
|ooo_demo_tick_ap_uint_ap_uint_ap_uint_ap_uint_ap_uint_ap_uint_ap_uint_ap_u_6_ap_vld   |  out|    1|      ap_vld|   ooo_demo_tick_ap_uint_ap_uint_ap_uint_ap_uint_ap_uint_ap_uint_ap_uint_ap_u_6|       pointer|
|ooo_demo_tick_ap_uint_ap_uint_ap_uint_ap_uint_ap_uint_ap_uint_ap_uint_ap_u_10         |  out|    1|      ap_vld|  ooo_demo_tick_ap_uint_ap_uint_ap_uint_ap_uint_ap_uint_ap_uint_ap_uint_ap_u_10|       pointer|
|ooo_demo_tick_ap_uint_ap_uint_ap_uint_ap_uint_ap_uint_ap_uint_ap_uint_ap_u_10_ap_vld  |  out|    1|      ap_vld|  ooo_demo_tick_ap_uint_ap_uint_ap_uint_ap_uint_ap_uint_ap_uint_ap_uint_ap_u_10|       pointer|
|ooo_demo_tick_ap_uint_ap_uint_ap_uint_ap_uint_ap_uint_ap_uint_ap_uint_ap_u_2          |  out|   32|      ap_vld|   ooo_demo_tick_ap_uint_ap_uint_ap_uint_ap_uint_ap_uint_ap_uint_ap_uint_ap_u_2|       pointer|
|ooo_demo_tick_ap_uint_ap_uint_ap_uint_ap_uint_ap_uint_ap_uint_ap_uint_ap_u_2_ap_vld   |  out|    1|      ap_vld|   ooo_demo_tick_ap_uint_ap_uint_ap_uint_ap_uint_ap_uint_ap_uint_ap_uint_ap_u_2|       pointer|
|ooo_demo_tick_ap_uint_ap_uint_ap_uint_ap_uint_ap_uint_ap_uint_ap_uint_ap_u_14         |  out|    2|      ap_vld|  ooo_demo_tick_ap_uint_ap_uint_ap_uint_ap_uint_ap_uint_ap_uint_ap_uint_ap_u_14|       pointer|
|ooo_demo_tick_ap_uint_ap_uint_ap_uint_ap_uint_ap_uint_ap_uint_ap_uint_ap_u_14_ap_vld  |  out|    1|      ap_vld|  ooo_demo_tick_ap_uint_ap_uint_ap_uint_ap_uint_ap_uint_ap_uint_ap_uint_ap_u_14|       pointer|
|ooo_demo_tick_ap_uint_ap_uint_ap_uint_ap_uint_ap_uint_ap_uint_ap_uint_ap_u_17         |  out|   32|      ap_vld|  ooo_demo_tick_ap_uint_ap_uint_ap_uint_ap_uint_ap_uint_ap_uint_ap_uint_ap_u_17|       pointer|
|ooo_demo_tick_ap_uint_ap_uint_ap_uint_ap_uint_ap_uint_ap_uint_ap_uint_ap_u_17_ap_vld  |  out|    1|      ap_vld|  ooo_demo_tick_ap_uint_ap_uint_ap_uint_ap_uint_ap_uint_ap_uint_ap_uint_ap_u_17|       pointer|
|ooo_demo_tick_ap_uint_ap_uint_ap_uint_ap_uint_ap_uint_ap_uint_ap_uint_ap_u_24         |  out|    1|      ap_vld|  ooo_demo_tick_ap_uint_ap_uint_ap_uint_ap_uint_ap_uint_ap_uint_ap_uint_ap_u_24|       pointer|
|ooo_demo_tick_ap_uint_ap_uint_ap_uint_ap_uint_ap_uint_ap_uint_ap_uint_ap_u_24_ap_vld  |  out|    1|      ap_vld|  ooo_demo_tick_ap_uint_ap_uint_ap_uint_ap_uint_ap_uint_ap_uint_ap_uint_ap_u_24|       pointer|
|ooo_demo_tick_ap_uint_ap_uint_ap_uint_ap_uint_ap_uint_ap_uint_ap_uint_ap_u_21         |  out|    2|      ap_vld|  ooo_demo_tick_ap_uint_ap_uint_ap_uint_ap_uint_ap_uint_ap_uint_ap_uint_ap_u_21|       pointer|
|ooo_demo_tick_ap_uint_ap_uint_ap_uint_ap_uint_ap_uint_ap_uint_ap_uint_ap_u_21_ap_vld  |  out|    1|      ap_vld|  ooo_demo_tick_ap_uint_ap_uint_ap_uint_ap_uint_ap_uint_ap_uint_ap_uint_ap_u_21|       pointer|
|ooo_demo_tick_ap_uint_ap_uint_ap_uint_ap_uint_ap_uint_ap_uint_ap_uint_ap_u_5          |  out|    1|      ap_vld|   ooo_demo_tick_ap_uint_ap_uint_ap_uint_ap_uint_ap_uint_ap_uint_ap_uint_ap_u_5|       pointer|
|ooo_demo_tick_ap_uint_ap_uint_ap_uint_ap_uint_ap_uint_ap_uint_ap_uint_ap_u_5_ap_vld   |  out|    1|      ap_vld|   ooo_demo_tick_ap_uint_ap_uint_ap_uint_ap_uint_ap_uint_ap_uint_ap_uint_ap_u_5|       pointer|
|ooo_demo_tick_ap_uint_ap_uint_ap_uint_ap_uint_ap_uint_ap_uint_ap_uint_ap_u_9          |  out|    1|      ap_vld|   ooo_demo_tick_ap_uint_ap_uint_ap_uint_ap_uint_ap_uint_ap_uint_ap_uint_ap_u_9|       pointer|
|ooo_demo_tick_ap_uint_ap_uint_ap_uint_ap_uint_ap_uint_ap_uint_ap_uint_ap_u_9_ap_vld   |  out|    1|      ap_vld|   ooo_demo_tick_ap_uint_ap_uint_ap_uint_ap_uint_ap_uint_ap_uint_ap_uint_ap_u_9|       pointer|
|ooo_demo_tick_ap_uint_ap_uint_ap_uint_ap_uint_ap_uint_ap_uint_ap_uint_ap_u_1          |  out|   32|      ap_vld|   ooo_demo_tick_ap_uint_ap_uint_ap_uint_ap_uint_ap_uint_ap_uint_ap_uint_ap_u_1|       pointer|
|ooo_demo_tick_ap_uint_ap_uint_ap_uint_ap_uint_ap_uint_ap_uint_ap_uint_ap_u_1_ap_vld   |  out|    1|      ap_vld|   ooo_demo_tick_ap_uint_ap_uint_ap_uint_ap_uint_ap_uint_ap_uint_ap_uint_ap_u_1|       pointer|
|ooo_demo_tick_ap_uint_ap_uint_ap_uint_ap_uint_ap_uint_ap_uint_ap_uint_ap_u_13         |  out|    2|      ap_vld|  ooo_demo_tick_ap_uint_ap_uint_ap_uint_ap_uint_ap_uint_ap_uint_ap_uint_ap_u_13|       pointer|
|ooo_demo_tick_ap_uint_ap_uint_ap_uint_ap_uint_ap_uint_ap_uint_ap_uint_ap_u_13_ap_vld  |  out|    1|      ap_vld|  ooo_demo_tick_ap_uint_ap_uint_ap_uint_ap_uint_ap_uint_ap_uint_ap_uint_ap_u_13|       pointer|
|ooo_demo_tick_ap_uint_ap_uint_ap_uint_ap_uint_ap_uint_ap_uint_ap_uint_ap_u_16         |  out|   32|      ap_vld|  ooo_demo_tick_ap_uint_ap_uint_ap_uint_ap_uint_ap_uint_ap_uint_ap_uint_ap_u_16|       pointer|
|ooo_demo_tick_ap_uint_ap_uint_ap_uint_ap_uint_ap_uint_ap_uint_ap_uint_ap_u_16_ap_vld  |  out|    1|      ap_vld|  ooo_demo_tick_ap_uint_ap_uint_ap_uint_ap_uint_ap_uint_ap_uint_ap_uint_ap_u_16|       pointer|
|ooo_demo_tick_ap_uint_ap_uint_ap_uint_ap_uint_ap_uint_ap_uint_ap_uint_ap_u_23         |  out|    1|      ap_vld|  ooo_demo_tick_ap_uint_ap_uint_ap_uint_ap_uint_ap_uint_ap_uint_ap_uint_ap_u_23|       pointer|
|ooo_demo_tick_ap_uint_ap_uint_ap_uint_ap_uint_ap_uint_ap_uint_ap_uint_ap_u_23_ap_vld  |  out|    1|      ap_vld|  ooo_demo_tick_ap_uint_ap_uint_ap_uint_ap_uint_ap_uint_ap_uint_ap_uint_ap_u_23|       pointer|
|ooo_demo_tick_ap_uint_ap_uint_ap_uint_ap_uint_ap_uint_ap_uint_ap_uint_ap_u_20         |  out|    2|      ap_vld|  ooo_demo_tick_ap_uint_ap_uint_ap_uint_ap_uint_ap_uint_ap_uint_ap_uint_ap_u_20|       pointer|
|ooo_demo_tick_ap_uint_ap_uint_ap_uint_ap_uint_ap_uint_ap_uint_ap_uint_ap_u_20_ap_vld  |  out|    1|      ap_vld|  ooo_demo_tick_ap_uint_ap_uint_ap_uint_ap_uint_ap_uint_ap_uint_ap_uint_ap_u_20|       pointer|
|ooo_demo_tick_ap_uint_ap_uint_ap_uint_ap_uint_ap_uint_ap_uint_ap_uint_ap_u_4          |  out|    1|      ap_vld|   ooo_demo_tick_ap_uint_ap_uint_ap_uint_ap_uint_ap_uint_ap_uint_ap_uint_ap_u_4|       pointer|
|ooo_demo_tick_ap_uint_ap_uint_ap_uint_ap_uint_ap_uint_ap_uint_ap_uint_ap_u_4_ap_vld   |  out|    1|      ap_vld|   ooo_demo_tick_ap_uint_ap_uint_ap_uint_ap_uint_ap_uint_ap_uint_ap_uint_ap_u_4|       pointer|
|ooo_demo_tick_ap_uint_ap_uint_ap_uint_ap_uint_ap_uint_ap_uint_ap_uint_ap_u_8          |  out|    1|      ap_vld|   ooo_demo_tick_ap_uint_ap_uint_ap_uint_ap_uint_ap_uint_ap_uint_ap_uint_ap_u_8|       pointer|
|ooo_demo_tick_ap_uint_ap_uint_ap_uint_ap_uint_ap_uint_ap_uint_ap_uint_ap_u_8_ap_vld   |  out|    1|      ap_vld|   ooo_demo_tick_ap_uint_ap_uint_ap_uint_ap_uint_ap_uint_ap_uint_ap_uint_ap_u_8|       pointer|
|ooo_demo_tick_ap_uint_ap_uint_ap_uint_ap_uint_ap_uint_ap_uint_ap_uint_ap_u            |  out|   32|      ap_vld|     ooo_demo_tick_ap_uint_ap_uint_ap_uint_ap_uint_ap_uint_ap_uint_ap_uint_ap_u|       pointer|
|ooo_demo_tick_ap_uint_ap_uint_ap_uint_ap_uint_ap_uint_ap_uint_ap_uint_ap_u_ap_vld     |  out|    1|      ap_vld|     ooo_demo_tick_ap_uint_ap_uint_ap_uint_ap_uint_ap_uint_ap_uint_ap_uint_ap_u|       pointer|
|ooo_demo_tick_ap_uint_ap_uint_ap_uint_ap_uint_ap_uint_ap_uint_ap_uint_ap_u_12         |  out|    2|      ap_vld|  ooo_demo_tick_ap_uint_ap_uint_ap_uint_ap_uint_ap_uint_ap_uint_ap_uint_ap_u_12|       pointer|
|ooo_demo_tick_ap_uint_ap_uint_ap_uint_ap_uint_ap_uint_ap_uint_ap_uint_ap_u_12_ap_vld  |  out|    1|      ap_vld|  ooo_demo_tick_ap_uint_ap_uint_ap_uint_ap_uint_ap_uint_ap_uint_ap_uint_ap_u_12|       pointer|
+--------------------------------------------------------------------------------------+-----+-----+------------+-------------------------------------------------------------------------------+--------------+

============================================================
+ Verbose Summary: Synthesis Manager
============================================================
InlineROM: 1
ExposeGlobal: 0
============================================================
+ Verbose Summary: CDFG Model
============================================================
IsTopModel: 0
ResetActiveHigh: 1
IsCombinational: 2
IsDatapathOnly: 2
HasWiredReturn: 1
HasMFsm: 2
HasVarLatency: 1
IsPipeline: 0
IsRtlPipelined: 0
IsInstanceOverlapped: 0
IsDontTouch: 0
HasImplIP: 0
IsGatedGlobalClock: 0

+ Individual pipeline summary: 
  * Pipeline-0: initiation interval (II) = 1, depth = 1


============================================================
+ Verbose Summary: Schedule
============================================================
* Number of FSM states : 1
* Pipeline : 1
  Pipeline-0 : II = 1, D = 1, States = { 1 }
* Dataflow Pipeline: 0

* FSM state transitions: 
1 --> 

* FSM state operations: 

State 1 <SV = 0> <Delay = 1.52>
ST_1 : Operation 4 [1/1] (0.00ns)   --->   "%i = alloca i32 1" [ooo_demo.cpp:119]   --->   Operation 4 'alloca' 'i' <Predicate = true> <Delay = 0.00>
ST_1 : Operation 5 [1/1] (0.42ns)   --->   "%store_ln119 = store i3 0, i3 %i" [ooo_demo.cpp:119]   --->   Operation 5 'store' 'store_ln119' <Predicate = true> <Delay = 0.42>
ST_1 : Operation 6 [1/1] (0.00ns)   --->   "%br_ln0 = br void %for.inc"   --->   Operation 6 'br' 'br_ln0' <Predicate = true> <Delay = 0.00>
ST_1 : Operation 7 [1/1] (0.00ns)   --->   "%i_1 = load i3 %i" [ooo_demo.cpp:119]   --->   Operation 7 'load' 'i_1' <Predicate = true> <Delay = 0.00>
ST_1 : Operation 8 [1/1] (0.67ns)   --->   "%icmp_ln119 = icmp_eq  i3 %i_1, i3 4" [ooo_demo.cpp:119]   --->   Operation 8 'icmp' 'icmp_ln119' <Predicate = true> <Delay = 0.67> <CoreInst = "Cmp">   --->   Core 9 'Cmp' <Latency = 0> <II = 1> <Delay = 0.79> <FuncUnit> <Opcode : 'seteq' 'setne' 'setle' 'setge' 'setlt' 'setgt'> <InPorts = 2> <OutPorts = 1>
ST_1 : Operation 9 [1/1] (0.67ns)   --->   "%add_ln119 = add i3 %i_1, i3 1" [ooo_demo.cpp:119]   --->   Operation 9 'add' 'add_ln119' <Predicate = true> <Delay = 0.67> <CoreInst = "Adder">   --->   Core 1 'Adder' <Latency = 0> <II = 1> <Delay = 0.67> <FuncUnit> <Opcode : 'add' 'sub'> <InPorts = 2> <OutPorts = 1>
ST_1 : Operation 10 [1/1] (0.00ns)   --->   "%br_ln119 = br i1 %icmp_ln119, void %for.inc.split, void %for.end.exitStub" [ooo_demo.cpp:119]   --->   Operation 10 'br' 'br_ln119' <Predicate = true> <Delay = 0.00>
ST_1 : Operation 11 [1/1] (0.00ns)   --->   "%trunc_ln119 = trunc i3 %i_1" [ooo_demo.cpp:119]   --->   Operation 11 'trunc' 'trunc_ln119' <Predicate = (!icmp_ln119)> <Delay = 0.00>
ST_1 : Operation 12 [1/1] (0.00ns)   --->   "%specpipeline_ln119 = specpipeline void @_ssdm_op_SpecPipeline, i32 4294967295, i32 0, i32 0, i32 0, void @empty_1" [ooo_demo.cpp:119]   --->   Operation 12 'specpipeline' 'specpipeline_ln119' <Predicate = (!icmp_ln119)> <Delay = 0.00>
ST_1 : Operation 13 [1/1] (0.00ns)   --->   "%speclooptripcount_ln119 = speclooptripcount void @_ssdm_op_SpecLoopTripCount, i64 4, i64 4, i64 4" [ooo_demo.cpp:119]   --->   Operation 13 'speclooptripcount' 'speclooptripcount_ln119' <Predicate = (!icmp_ln119)> <Delay = 0.00>
ST_1 : Operation 14 [1/1] (0.00ns)   --->   "%specloopname_ln119 = specloopname void @_ssdm_op_SpecLoopName, void @empty_4" [ooo_demo.cpp:119]   --->   Operation 14 'specloopname' 'specloopname_ln119' <Predicate = (!icmp_ln119)> <Delay = 0.00>
ST_1 : Operation 15 [1/1] (0.54ns)   --->   "%switch_ln120 = switch i2 %trunc_ln119, void %dest23.case.3, i2 0, void %dest23.case.0, i2 1, void %dest23.case.1, i2 2, void %dest23.case.2" [ooo_demo.cpp:120]   --->   Operation 15 'switch' 'switch_ln120' <Predicate = (!icmp_ln119)> <Delay = 0.54>
ST_1 : Operation 16 [1/1] (0.00ns)   --->   "%store_ln120 = store i32 0, i32 %ooo_demo_tick_ap_uint_ap_uint_ap_uint_ap_uint_ap_uint_ap_uint_ap_uint_ap_u_17" [ooo_demo.cpp:120]   --->   Operation 16 'store' 'store_ln120' <Predicate = (!icmp_ln119 & trunc_ln119 == 2)> <Delay = 0.00>
ST_1 : Operation 17 [1/1] (0.00ns)   --->   "%store_ln121 = store i1 0, i1 %ooo_demo_tick_ap_uint_ap_uint_ap_uint_ap_uint_ap_uint_ap_uint_ap_uint_ap_u_24" [ooo_demo.cpp:121]   --->   Operation 17 'store' 'store_ln121' <Predicate = (!icmp_ln119 & trunc_ln119 == 2)> <Delay = 0.00>
ST_1 : Operation 18 [1/1] (0.00ns)   --->   "%store_ln122 = store i2 0, i2 %ooo_demo_tick_ap_uint_ap_uint_ap_uint_ap_uint_ap_uint_ap_uint_ap_uint_ap_u_21" [ooo_demo.cpp:122]   --->   Operation 18 'store' 'store_ln122' <Predicate = (!icmp_ln119 & trunc_ln119 == 2)> <Delay = 0.00>
ST_1 : Operation 19 [1/1] (0.00ns)   --->   "%store_ln123 = store i1 0, i1 %ooo_demo_tick_ap_uint_ap_uint_ap_uint_ap_uint_ap_uint_ap_uint_ap_uint_ap_u_5" [ooo_demo.cpp:123]   --->   Operation 19 'store' 'store_ln123' <Predicate = (!icmp_ln119 & trunc_ln119 == 2)> <Delay = 0.00>
ST_1 : Operation 20 [1/1] (0.00ns)   --->   "%store_ln124 = store i1 0, i1 %ooo_demo_tick_ap_uint_ap_uint_ap_uint_ap_uint_ap_uint_ap_uint_ap_uint_ap_u_9" [ooo_demo.cpp:124]   --->   Operation 20 'store' 'store_ln124' <Predicate = (!icmp_ln119 & trunc_ln119 == 2)> <Delay = 0.00>
ST_1 : Operation 21 [1/1] (0.00ns)   --->   "%store_ln125 = store i32 0, i32 %ooo_demo_tick_ap_uint_ap_uint_ap_uint_ap_uint_ap_uint_ap_uint_ap_uint_ap_u_1" [ooo_demo.cpp:125]   --->   Operation 21 'store' 'store_ln125' <Predicate = (!icmp_ln119 & trunc_ln119 == 2)> <Delay = 0.00>
ST_1 : Operation 22 [1/1] (0.00ns)   --->   "%store_ln126 = store i2 0, i2 %ooo_demo_tick_ap_uint_ap_uint_ap_uint_ap_uint_ap_uint_ap_uint_ap_uint_ap_u_13" [ooo_demo.cpp:126]   --->   Operation 22 'store' 'store_ln126' <Predicate = (!icmp_ln119 & trunc_ln119 == 2)> <Delay = 0.00>
ST_1 : Operation 23 [1/1] (0.00ns)   --->   "%br_ln126 = br void %dest23.exit" [ooo_demo.cpp:126]   --->   Operation 23 'br' 'br_ln126' <Predicate = (!icmp_ln119 & trunc_ln119 == 2)> <Delay = 0.00>
ST_1 : Operation 24 [1/1] (0.00ns)   --->   "%store_ln120 = store i32 0, i32 %ooo_demo_tick_ap_uint_ap_uint_ap_uint_ap_uint_ap_uint_ap_uint_ap_uint_ap_u_18" [ooo_demo.cpp:120]   --->   Operation 24 'store' 'store_ln120' <Predicate = (!icmp_ln119 & trunc_ln119 == 1)> <Delay = 0.00>
ST_1 : Operation 25 [1/1] (0.00ns)   --->   "%store_ln121 = store i1 0, i1 %ooo_demo_tick_ap_uint_ap_uint_ap_uint_ap_uint_ap_uint_ap_uint_ap_uint_ap_u_25" [ooo_demo.cpp:121]   --->   Operation 25 'store' 'store_ln121' <Predicate = (!icmp_ln119 & trunc_ln119 == 1)> <Delay = 0.00>
ST_1 : Operation 26 [1/1] (0.00ns)   --->   "%store_ln122 = store i2 0, i2 %ooo_demo_tick_ap_uint_ap_uint_ap_uint_ap_uint_ap_uint_ap_uint_ap_uint_ap_u_22" [ooo_demo.cpp:122]   --->   Operation 26 'store' 'store_ln122' <Predicate = (!icmp_ln119 & trunc_ln119 == 1)> <Delay = 0.00>
ST_1 : Operation 27 [1/1] (0.00ns)   --->   "%store_ln123 = store i1 0, i1 %ooo_demo_tick_ap_uint_ap_uint_ap_uint_ap_uint_ap_uint_ap_uint_ap_uint_ap_u_6" [ooo_demo.cpp:123]   --->   Operation 27 'store' 'store_ln123' <Predicate = (!icmp_ln119 & trunc_ln119 == 1)> <Delay = 0.00>
ST_1 : Operation 28 [1/1] (0.00ns)   --->   "%store_ln124 = store i1 0, i1 %ooo_demo_tick_ap_uint_ap_uint_ap_uint_ap_uint_ap_uint_ap_uint_ap_uint_ap_u_10" [ooo_demo.cpp:124]   --->   Operation 28 'store' 'store_ln124' <Predicate = (!icmp_ln119 & trunc_ln119 == 1)> <Delay = 0.00>
ST_1 : Operation 29 [1/1] (0.00ns)   --->   "%store_ln125 = store i32 0, i32 %ooo_demo_tick_ap_uint_ap_uint_ap_uint_ap_uint_ap_uint_ap_uint_ap_uint_ap_u_2" [ooo_demo.cpp:125]   --->   Operation 29 'store' 'store_ln125' <Predicate = (!icmp_ln119 & trunc_ln119 == 1)> <Delay = 0.00>
ST_1 : Operation 30 [1/1] (0.00ns)   --->   "%store_ln126 = store i2 0, i2 %ooo_demo_tick_ap_uint_ap_uint_ap_uint_ap_uint_ap_uint_ap_uint_ap_uint_ap_u_14" [ooo_demo.cpp:126]   --->   Operation 30 'store' 'store_ln126' <Predicate = (!icmp_ln119 & trunc_ln119 == 1)> <Delay = 0.00>
ST_1 : Operation 31 [1/1] (0.00ns)   --->   "%br_ln126 = br void %dest23.exit" [ooo_demo.cpp:126]   --->   Operation 31 'br' 'br_ln126' <Predicate = (!icmp_ln119 & trunc_ln119 == 1)> <Delay = 0.00>
ST_1 : Operation 32 [1/1] (0.00ns)   --->   "%store_ln123 = store i1 0, i1 %ooo_demo_tick_ap_uint_ap_uint_ap_uint_ap_uint_ap_uint_ap_uint_ap_uint_ap_u_7" [ooo_demo.cpp:123]   --->   Operation 32 'store' 'store_ln123' <Predicate = (!icmp_ln119 & trunc_ln119 == 0)> <Delay = 0.00>
ST_1 : Operation 33 [1/1] (0.00ns)   --->   "%store_ln124 = store i1 0, i1 %ooo_demo_tick_ap_uint_ap_uint_ap_uint_ap_uint_ap_uint_ap_uint_ap_uint_ap_u_11" [ooo_demo.cpp:124]   --->   Operation 33 'store' 'store_ln124' <Predicate = (!icmp_ln119 & trunc_ln119 == 0)> <Delay = 0.00>
ST_1 : Operation 34 [1/1] (0.00ns)   --->   "%store_ln125 = store i32 0, i32 %ooo_demo_tick_ap_uint_ap_uint_ap_uint_ap_uint_ap_uint_ap_uint_ap_uint_ap_u_3" [ooo_demo.cpp:125]   --->   Operation 34 'store' 'store_ln125' <Predicate = (!icmp_ln119 & trunc_ln119 == 0)> <Delay = 0.00>
ST_1 : Operation 35 [1/1] (0.00ns)   --->   "%store_ln126 = store i2 0, i2 %ooo_demo_tick_ap_uint_ap_uint_ap_uint_ap_uint_ap_uint_ap_uint_ap_uint_ap_u_15" [ooo_demo.cpp:126]   --->   Operation 35 'store' 'store_ln126' <Predicate = (!icmp_ln119 & trunc_ln119 == 0)> <Delay = 0.00>
ST_1 : Operation 36 [1/1] (0.00ns)   --->   "%br_ln126 = br void %dest23.exit" [ooo_demo.cpp:126]   --->   Operation 36 'br' 'br_ln126' <Predicate = (!icmp_ln119 & trunc_ln119 == 0)> <Delay = 0.00>
ST_1 : Operation 37 [1/1] (0.00ns)   --->   "%store_ln120 = store i32 0, i32 %ooo_demo_tick_ap_uint_ap_uint_ap_uint_ap_uint_ap_uint_ap_uint_ap_uint_ap_u_16" [ooo_demo.cpp:120]   --->   Operation 37 'store' 'store_ln120' <Predicate = (!icmp_ln119 & trunc_ln119 == 3)> <Delay = 0.00>
ST_1 : Operation 38 [1/1] (0.00ns)   --->   "%store_ln121 = store i1 0, i1 %ooo_demo_tick_ap_uint_ap_uint_ap_uint_ap_uint_ap_uint_ap_uint_ap_uint_ap_u_23" [ooo_demo.cpp:121]   --->   Operation 38 'store' 'store_ln121' <Predicate = (!icmp_ln119 & trunc_ln119 == 3)> <Delay = 0.00>
ST_1 : Operation 39 [1/1] (0.00ns)   --->   "%store_ln122 = store i2 0, i2 %ooo_demo_tick_ap_uint_ap_uint_ap_uint_ap_uint_ap_uint_ap_uint_ap_uint_ap_u_20" [ooo_demo.cpp:122]   --->   Operation 39 'store' 'store_ln122' <Predicate = (!icmp_ln119 & trunc_ln119 == 3)> <Delay = 0.00>
ST_1 : Operation 40 [1/1] (0.00ns)   --->   "%store_ln123 = store i1 0, i1 %ooo_demo_tick_ap_uint_ap_uint_ap_uint_ap_uint_ap_uint_ap_uint_ap_uint_ap_u_4" [ooo_demo.cpp:123]   --->   Operation 40 'store' 'store_ln123' <Predicate = (!icmp_ln119 & trunc_ln119 == 3)> <Delay = 0.00>
ST_1 : Operation 41 [1/1] (0.00ns)   --->   "%store_ln124 = store i1 0, i1 %ooo_demo_tick_ap_uint_ap_uint_ap_uint_ap_uint_ap_uint_ap_uint_ap_uint_ap_u_8" [ooo_demo.cpp:124]   --->   Operation 41 'store' 'store_ln124' <Predicate = (!icmp_ln119 & trunc_ln119 == 3)> <Delay = 0.00>
ST_1 : Operation 42 [1/1] (0.00ns)   --->   "%store_ln125 = store i32 0, i32 %ooo_demo_tick_ap_uint_ap_uint_ap_uint_ap_uint_ap_uint_ap_uint_ap_uint_ap_u" [ooo_demo.cpp:125]   --->   Operation 42 'store' 'store_ln125' <Predicate = (!icmp_ln119 & trunc_ln119 == 3)> <Delay = 0.00>
ST_1 : Operation 43 [1/1] (0.00ns)   --->   "%store_ln126 = store i2 0, i2 %ooo_demo_tick_ap_uint_ap_uint_ap_uint_ap_uint_ap_uint_ap_uint_ap_uint_ap_u_12" [ooo_demo.cpp:126]   --->   Operation 43 'store' 'store_ln126' <Predicate = (!icmp_ln119 & trunc_ln119 == 3)> <Delay = 0.00>
ST_1 : Operation 44 [1/1] (0.00ns)   --->   "%br_ln126 = br void %dest23.exit" [ooo_demo.cpp:126]   --->   Operation 44 'br' 'br_ln126' <Predicate = (!icmp_ln119 & trunc_ln119 == 3)> <Delay = 0.00>
ST_1 : Operation 45 [1/1] (0.42ns)   --->   "%store_ln119 = store i3 %add_ln119, i3 %i" [ooo_demo.cpp:119]   --->   Operation 45 'store' 'store_ln119' <Predicate = (!icmp_ln119)> <Delay = 0.42>
ST_1 : Operation 46 [1/1] (0.00ns)   --->   "%br_ln119 = br void %for.inc" [ooo_demo.cpp:119]   --->   Operation 46 'br' 'br_ln119' <Predicate = (!icmp_ln119)> <Delay = 0.00>
ST_1 : Operation 47 [1/1] (0.42ns)   --->   "%ret_ln0 = ret"   --->   Operation 47 'ret' 'ret_ln0' <Predicate = (icmp_ln119)> <Delay = 0.42>


============================================================
+ Verbose Summary: Binding
============================================================
STG Binding: 
---------------- STG Properties BEGIN ----------------
- Is combinational: 0
- Is one-state seq: 0
- Is datapath-only: 0
- Is pipelined: 0
- Is top level: 0
Port [ Return ] is wired: 1; IO mode=ap_ctrl_hs:ce=0
Port [ ooo_demo_tick_ap_uint_ap_uint_ap_uint_ap_uint_ap_uint_ap_uint_ap_uint_ap_u_7]:  wired=1; compound=0; hidden=0; nouse=0; global=1; static=1; extern=0; dir=1; type=0; pingpong=0; private_global=0; IO mode=ap_vld:ce=0
Port [ ooo_demo_tick_ap_uint_ap_uint_ap_uint_ap_uint_ap_uint_ap_uint_ap_uint_ap_u_11]:  wired=1; compound=0; hidden=0; nouse=0; global=1; static=1; extern=0; dir=1; type=0; pingpong=0; private_global=0; IO mode=ap_vld:ce=0
Port [ ooo_demo_tick_ap_uint_ap_uint_ap_uint_ap_uint_ap_uint_ap_uint_ap_uint_ap_u_3]:  wired=1; compound=0; hidden=0; nouse=0; global=1; static=1; extern=0; dir=1; type=0; pingpong=0; private_global=0; IO mode=ap_vld:ce=0
Port [ ooo_demo_tick_ap_uint_ap_uint_ap_uint_ap_uint_ap_uint_ap_uint_ap_uint_ap_u_15]:  wired=1; compound=0; hidden=0; nouse=0; global=1; static=1; extern=0; dir=1; type=0; pingpong=0; private_global=0; IO mode=ap_vld:ce=0
Port [ ooo_demo_tick_ap_uint_ap_uint_ap_uint_ap_uint_ap_uint_ap_uint_ap_uint_ap_u_18]:  wired=1; compound=0; hidden=0; nouse=0; global=1; static=1; extern=0; dir=1; type=0; pingpong=0; private_global=0; IO mode=ap_vld:ce=0
Port [ ooo_demo_tick_ap_uint_ap_uint_ap_uint_ap_uint_ap_uint_ap_uint_ap_uint_ap_u_25]:  wired=1; compound=0; hidden=0; nouse=0; global=1; static=1; extern=0; dir=1; type=0; pingpong=0; private_global=0; IO mode=ap_vld:ce=0
Port [ ooo_demo_tick_ap_uint_ap_uint_ap_uint_ap_uint_ap_uint_ap_uint_ap_uint_ap_u_22]:  wired=1; compound=0; hidden=0; nouse=0; global=1; static=1; extern=0; dir=1; type=0; pingpong=0; private_global=0; IO mode=ap_vld:ce=0
Port [ ooo_demo_tick_ap_uint_ap_uint_ap_uint_ap_uint_ap_uint_ap_uint_ap_uint_ap_u_6]:  wired=1; compound=0; hidden=0; nouse=0; global=1; static=1; extern=0; dir=1; type=0; pingpong=0; private_global=0; IO mode=ap_vld:ce=0
Port [ ooo_demo_tick_ap_uint_ap_uint_ap_uint_ap_uint_ap_uint_ap_uint_ap_uint_ap_u_10]:  wired=1; compound=0; hidden=0; nouse=0; global=1; static=1; extern=0; dir=1; type=0; pingpong=0; private_global=0; IO mode=ap_vld:ce=0
Port [ ooo_demo_tick_ap_uint_ap_uint_ap_uint_ap_uint_ap_uint_ap_uint_ap_uint_ap_u_2]:  wired=1; compound=0; hidden=0; nouse=0; global=1; static=1; extern=0; dir=1; type=0; pingpong=0; private_global=0; IO mode=ap_vld:ce=0
Port [ ooo_demo_tick_ap_uint_ap_uint_ap_uint_ap_uint_ap_uint_ap_uint_ap_uint_ap_u_14]:  wired=1; compound=0; hidden=0; nouse=0; global=1; static=1; extern=0; dir=1; type=0; pingpong=0; private_global=0; IO mode=ap_vld:ce=0
Port [ ooo_demo_tick_ap_uint_ap_uint_ap_uint_ap_uint_ap_uint_ap_uint_ap_uint_ap_u_17]:  wired=1; compound=0; hidden=0; nouse=0; global=1; static=1; extern=0; dir=1; type=0; pingpong=0; private_global=0; IO mode=ap_vld:ce=0
Port [ ooo_demo_tick_ap_uint_ap_uint_ap_uint_ap_uint_ap_uint_ap_uint_ap_uint_ap_u_24]:  wired=1; compound=0; hidden=0; nouse=0; global=1; static=1; extern=0; dir=1; type=0; pingpong=0; private_global=0; IO mode=ap_vld:ce=0
Port [ ooo_demo_tick_ap_uint_ap_uint_ap_uint_ap_uint_ap_uint_ap_uint_ap_uint_ap_u_21]:  wired=1; compound=0; hidden=0; nouse=0; global=1; static=1; extern=0; dir=1; type=0; pingpong=0; private_global=0; IO mode=ap_vld:ce=0
Port [ ooo_demo_tick_ap_uint_ap_uint_ap_uint_ap_uint_ap_uint_ap_uint_ap_uint_ap_u_5]:  wired=1; compound=0; hidden=0; nouse=0; global=1; static=1; extern=0; dir=1; type=0; pingpong=0; private_global=0; IO mode=ap_vld:ce=0
Port [ ooo_demo_tick_ap_uint_ap_uint_ap_uint_ap_uint_ap_uint_ap_uint_ap_uint_ap_u_9]:  wired=1; compound=0; hidden=0; nouse=0; global=1; static=1; extern=0; dir=1; type=0; pingpong=0; private_global=0; IO mode=ap_vld:ce=0
Port [ ooo_demo_tick_ap_uint_ap_uint_ap_uint_ap_uint_ap_uint_ap_uint_ap_uint_ap_u_1]:  wired=1; compound=0; hidden=0; nouse=0; global=1; static=1; extern=0; dir=1; type=0; pingpong=0; private_global=0; IO mode=ap_vld:ce=0
Port [ ooo_demo_tick_ap_uint_ap_uint_ap_uint_ap_uint_ap_uint_ap_uint_ap_uint_ap_u_13]:  wired=1; compound=0; hidden=0; nouse=0; global=1; static=1; extern=0; dir=1; type=0; pingpong=0; private_global=0; IO mode=ap_vld:ce=0
Port [ ooo_demo_tick_ap_uint_ap_uint_ap_uint_ap_uint_ap_uint_ap_uint_ap_uint_ap_u_16]:  wired=1; compound=0; hidden=0; nouse=0; global=1; static=1; extern=0; dir=1; type=0; pingpong=0; private_global=0; IO mode=ap_vld:ce=0
Port [ ooo_demo_tick_ap_uint_ap_uint_ap_uint_ap_uint_ap_uint_ap_uint_ap_uint_ap_u_23]:  wired=1; compound=0; hidden=0; nouse=0; global=1; static=1; extern=0; dir=1; type=0; pingpong=0; private_global=0; IO mode=ap_vld:ce=0
Port [ ooo_demo_tick_ap_uint_ap_uint_ap_uint_ap_uint_ap_uint_ap_uint_ap_uint_ap_u_20]:  wired=1; compound=0; hidden=0; nouse=0; global=1; static=1; extern=0; dir=1; type=0; pingpong=0; private_global=0; IO mode=ap_vld:ce=0
Port [ ooo_demo_tick_ap_uint_ap_uint_ap_uint_ap_uint_ap_uint_ap_uint_ap_uint_ap_u_4]:  wired=1; compound=0; hidden=0; nouse=0; global=1; static=1; extern=0; dir=1; type=0; pingpong=0; private_global=0; IO mode=ap_vld:ce=0
Port [ ooo_demo_tick_ap_uint_ap_uint_ap_uint_ap_uint_ap_uint_ap_uint_ap_uint_ap_u_8]:  wired=1; compound=0; hidden=0; nouse=0; global=1; static=1; extern=0; dir=1; type=0; pingpong=0; private_global=0; IO mode=ap_vld:ce=0
Port [ ooo_demo_tick_ap_uint_ap_uint_ap_uint_ap_uint_ap_uint_ap_uint_ap_uint_ap_u]:  wired=1; compound=0; hidden=0; nouse=0; global=1; static=1; extern=0; dir=1; type=0; pingpong=0; private_global=0; IO mode=ap_vld:ce=0
Port [ ooo_demo_tick_ap_uint_ap_uint_ap_uint_ap_uint_ap_uint_ap_uint_ap_uint_ap_u_12]:  wired=1; compound=0; hidden=0; nouse=0; global=1; static=1; extern=0; dir=1; type=0; pingpong=0; private_global=0; IO mode=ap_vld:ce=0
---------------- STG Properties END ------------------

---------------- Datapath Model BEGIN ----------------

<LifeTime>
<method=bitvector/>
i                       (alloca           ) [ 01]
store_ln119             (store            ) [ 00]
br_ln0                  (br               ) [ 00]
i_1                     (load             ) [ 00]
icmp_ln119              (icmp             ) [ 01]
add_ln119               (add              ) [ 00]
br_ln119                (br               ) [ 00]
trunc_ln119             (trunc            ) [ 01]
specpipeline_ln119      (specpipeline     ) [ 00]
speclooptripcount_ln119 (speclooptripcount) [ 00]
specloopname_ln119      (specloopname     ) [ 00]
switch_ln120            (switch           ) [ 00]
store_ln120             (store            ) [ 00]
store_ln121             (store            ) [ 00]
store_ln122             (store            ) [ 00]
store_ln123             (store            ) [ 00]
store_ln124             (store            ) [ 00]
store_ln125             (store            ) [ 00]
store_ln126             (store            ) [ 00]
br_ln126                (br               ) [ 00]
store_ln120             (store            ) [ 00]
store_ln121             (store            ) [ 00]
store_ln122             (store            ) [ 00]
store_ln123             (store            ) [ 00]
store_ln124             (store            ) [ 00]
store_ln125             (store            ) [ 00]
store_ln126             (store            ) [ 00]
br_ln126                (br               ) [ 00]
store_ln123             (store            ) [ 00]
store_ln124             (store            ) [ 00]
store_ln125             (store            ) [ 00]
store_ln126             (store            ) [ 00]
br_ln126                (br               ) [ 00]
store_ln120             (store            ) [ 00]
store_ln121             (store            ) [ 00]
store_ln122             (store            ) [ 00]
store_ln123             (store            ) [ 00]
store_ln124             (store            ) [ 00]
store_ln125             (store            ) [ 00]
store_ln126             (store            ) [ 00]
br_ln126                (br               ) [ 00]
store_ln119             (store            ) [ 00]
br_ln119                (br               ) [ 00]
ret_ln0                 (ret              ) [ 00]
</LifeTime>

<model>

<comp_list>
<comp id="0" class="1000" name="ooo_demo_tick_ap_uint_ap_uint_ap_uint_ap_uint_ap_uint_ap_uint_ap_uint_ap_u_7">
<pin_list>
<pin id="1" dir="1" index="0" bw="1" slack="0"/>
</pin_list>
<bind>
<StgValue><ssdm name="ooo_demo_tick_ap_uint_ap_uint_ap_uint_ap_uint_ap_uint_ap_uint_ap_uint_ap_u_7"/></StgValue>
</bind>
</comp>

<comp id="2" class="1000" name="ooo_demo_tick_ap_uint_ap_uint_ap_uint_ap_uint_ap_uint_ap_uint_ap_uint_ap_u_11">
<pin_list>
<pin id="3" dir="1" index="0" bw="1" slack="0"/>
</pin_list>
<bind>
<StgValue><ssdm name="ooo_demo_tick_ap_uint_ap_uint_ap_uint_ap_uint_ap_uint_ap_uint_ap_uint_ap_u_11"/></StgValue>
</bind>
</comp>

<comp id="4" class="1000" name="ooo_demo_tick_ap_uint_ap_uint_ap_uint_ap_uint_ap_uint_ap_uint_ap_uint_ap_u_3">
<pin_list>
<pin id="5" dir="1" index="0" bw="1" slack="0"/>
</pin_list>
<bind>
<StgValue><ssdm name="ooo_demo_tick_ap_uint_ap_uint_ap_uint_ap_uint_ap_uint_ap_uint_ap_uint_ap_u_3"/></StgValue>
</bind>
</comp>

<comp id="6" class="1000" name="ooo_demo_tick_ap_uint_ap_uint_ap_uint_ap_uint_ap_uint_ap_uint_ap_uint_ap_u_15">
<pin_list>
<pin id="7" dir="1" index="0" bw="1" slack="0"/>
</pin_list>
<bind>
<StgValue><ssdm name="ooo_demo_tick_ap_uint_ap_uint_ap_uint_ap_uint_ap_uint_ap_uint_ap_uint_ap_u_15"/></StgValue>
</bind>
</comp>

<comp id="8" class="1000" name="ooo_demo_tick_ap_uint_ap_uint_ap_uint_ap_uint_ap_uint_ap_uint_ap_uint_ap_u_18">
<pin_list>
<pin id="9" dir="1" index="0" bw="1" slack="0"/>
</pin_list>
<bind>
<StgValue><ssdm name="ooo_demo_tick_ap_uint_ap_uint_ap_uint_ap_uint_ap_uint_ap_uint_ap_uint_ap_u_18"/></StgValue>
</bind>
</comp>

<comp id="10" class="1000" name="ooo_demo_tick_ap_uint_ap_uint_ap_uint_ap_uint_ap_uint_ap_uint_ap_uint_ap_u_25">
<pin_list>
<pin id="11" dir="1" index="0" bw="1" slack="0"/>
</pin_list>
<bind>
<StgValue><ssdm name="ooo_demo_tick_ap_uint_ap_uint_ap_uint_ap_uint_ap_uint_ap_uint_ap_uint_ap_u_25"/></StgValue>
</bind>
</comp>

<comp id="12" class="1000" name="ooo_demo_tick_ap_uint_ap_uint_ap_uint_ap_uint_ap_uint_ap_uint_ap_uint_ap_u_22">
<pin_list>
<pin id="13" dir="1" index="0" bw="1" slack="0"/>
</pin_list>
<bind>
<StgValue><ssdm name="ooo_demo_tick_ap_uint_ap_uint_ap_uint_ap_uint_ap_uint_ap_uint_ap_uint_ap_u_22"/></StgValue>
</bind>
</comp>

<comp id="14" class="1000" name="ooo_demo_tick_ap_uint_ap_uint_ap_uint_ap_uint_ap_uint_ap_uint_ap_uint_ap_u_6">
<pin_list>
<pin id="15" dir="1" index="0" bw="1" slack="0"/>
</pin_list>
<bind>
<StgValue><ssdm name="ooo_demo_tick_ap_uint_ap_uint_ap_uint_ap_uint_ap_uint_ap_uint_ap_uint_ap_u_6"/></StgValue>
</bind>
</comp>

<comp id="16" class="1000" name="ooo_demo_tick_ap_uint_ap_uint_ap_uint_ap_uint_ap_uint_ap_uint_ap_uint_ap_u_10">
<pin_list>
<pin id="17" dir="1" index="0" bw="1" slack="0"/>
</pin_list>
<bind>
<StgValue><ssdm name="ooo_demo_tick_ap_uint_ap_uint_ap_uint_ap_uint_ap_uint_ap_uint_ap_uint_ap_u_10"/></StgValue>
</bind>
</comp>

<comp id="18" class="1000" name="ooo_demo_tick_ap_uint_ap_uint_ap_uint_ap_uint_ap_uint_ap_uint_ap_uint_ap_u_2">
<pin_list>
<pin id="19" dir="1" index="0" bw="1" slack="0"/>
</pin_list>
<bind>
<StgValue><ssdm name="ooo_demo_tick_ap_uint_ap_uint_ap_uint_ap_uint_ap_uint_ap_uint_ap_uint_ap_u_2"/></StgValue>
</bind>
</comp>

<comp id="20" class="1000" name="ooo_demo_tick_ap_uint_ap_uint_ap_uint_ap_uint_ap_uint_ap_uint_ap_uint_ap_u_14">
<pin_list>
<pin id="21" dir="1" index="0" bw="1" slack="0"/>
</pin_list>
<bind>
<StgValue><ssdm name="ooo_demo_tick_ap_uint_ap_uint_ap_uint_ap_uint_ap_uint_ap_uint_ap_uint_ap_u_14"/></StgValue>
</bind>
</comp>

<comp id="22" class="1000" name="ooo_demo_tick_ap_uint_ap_uint_ap_uint_ap_uint_ap_uint_ap_uint_ap_uint_ap_u_17">
<pin_list>
<pin id="23" dir="1" index="0" bw="1" slack="0"/>
</pin_list>
<bind>
<StgValue><ssdm name="ooo_demo_tick_ap_uint_ap_uint_ap_uint_ap_uint_ap_uint_ap_uint_ap_uint_ap_u_17"/></StgValue>
</bind>
</comp>

<comp id="24" class="1000" name="ooo_demo_tick_ap_uint_ap_uint_ap_uint_ap_uint_ap_uint_ap_uint_ap_uint_ap_u_24">
<pin_list>
<pin id="25" dir="1" index="0" bw="1" slack="0"/>
</pin_list>
<bind>
<StgValue><ssdm name="ooo_demo_tick_ap_uint_ap_uint_ap_uint_ap_uint_ap_uint_ap_uint_ap_uint_ap_u_24"/></StgValue>
</bind>
</comp>

<comp id="26" class="1000" name="ooo_demo_tick_ap_uint_ap_uint_ap_uint_ap_uint_ap_uint_ap_uint_ap_uint_ap_u_21">
<pin_list>
<pin id="27" dir="1" index="0" bw="1" slack="0"/>
</pin_list>
<bind>
<StgValue><ssdm name="ooo_demo_tick_ap_uint_ap_uint_ap_uint_ap_uint_ap_uint_ap_uint_ap_uint_ap_u_21"/></StgValue>
</bind>
</comp>

<comp id="28" class="1000" name="ooo_demo_tick_ap_uint_ap_uint_ap_uint_ap_uint_ap_uint_ap_uint_ap_uint_ap_u_5">
<pin_list>
<pin id="29" dir="1" index="0" bw="1" slack="0"/>
</pin_list>
<bind>
<StgValue><ssdm name="ooo_demo_tick_ap_uint_ap_uint_ap_uint_ap_uint_ap_uint_ap_uint_ap_uint_ap_u_5"/></StgValue>
</bind>
</comp>

<comp id="30" class="1000" name="ooo_demo_tick_ap_uint_ap_uint_ap_uint_ap_uint_ap_uint_ap_uint_ap_uint_ap_u_9">
<pin_list>
<pin id="31" dir="1" index="0" bw="1" slack="0"/>
</pin_list>
<bind>
<StgValue><ssdm name="ooo_demo_tick_ap_uint_ap_uint_ap_uint_ap_uint_ap_uint_ap_uint_ap_uint_ap_u_9"/></StgValue>
</bind>
</comp>

<comp id="32" class="1000" name="ooo_demo_tick_ap_uint_ap_uint_ap_uint_ap_uint_ap_uint_ap_uint_ap_uint_ap_u_1">
<pin_list>
<pin id="33" dir="1" index="0" bw="1" slack="0"/>
</pin_list>
<bind>
<StgValue><ssdm name="ooo_demo_tick_ap_uint_ap_uint_ap_uint_ap_uint_ap_uint_ap_uint_ap_uint_ap_u_1"/></StgValue>
</bind>
</comp>

<comp id="34" class="1000" name="ooo_demo_tick_ap_uint_ap_uint_ap_uint_ap_uint_ap_uint_ap_uint_ap_uint_ap_u_13">
<pin_list>
<pin id="35" dir="1" index="0" bw="1" slack="0"/>
</pin_list>
<bind>
<StgValue><ssdm name="ooo_demo_tick_ap_uint_ap_uint_ap_uint_ap_uint_ap_uint_ap_uint_ap_uint_ap_u_13"/></StgValue>
</bind>
</comp>

<comp id="36" class="1000" name="ooo_demo_tick_ap_uint_ap_uint_ap_uint_ap_uint_ap_uint_ap_uint_ap_uint_ap_u_16">
<pin_list>
<pin id="37" dir="1" index="0" bw="1" slack="0"/>
</pin_list>
<bind>
<StgValue><ssdm name="ooo_demo_tick_ap_uint_ap_uint_ap_uint_ap_uint_ap_uint_ap_uint_ap_uint_ap_u_16"/></StgValue>
</bind>
</comp>

<comp id="38" class="1000" name="ooo_demo_tick_ap_uint_ap_uint_ap_uint_ap_uint_ap_uint_ap_uint_ap_uint_ap_u_23">
<pin_list>
<pin id="39" dir="1" index="0" bw="1" slack="0"/>
</pin_list>
<bind>
<StgValue><ssdm name="ooo_demo_tick_ap_uint_ap_uint_ap_uint_ap_uint_ap_uint_ap_uint_ap_uint_ap_u_23"/></StgValue>
</bind>
</comp>

<comp id="40" class="1000" name="ooo_demo_tick_ap_uint_ap_uint_ap_uint_ap_uint_ap_uint_ap_uint_ap_uint_ap_u_20">
<pin_list>
<pin id="41" dir="1" index="0" bw="1" slack="0"/>
</pin_list>
<bind>
<StgValue><ssdm name="ooo_demo_tick_ap_uint_ap_uint_ap_uint_ap_uint_ap_uint_ap_uint_ap_uint_ap_u_20"/></StgValue>
</bind>
</comp>

<comp id="42" class="1000" name="ooo_demo_tick_ap_uint_ap_uint_ap_uint_ap_uint_ap_uint_ap_uint_ap_uint_ap_u_4">
<pin_list>
<pin id="43" dir="1" index="0" bw="1" slack="0"/>
</pin_list>
<bind>
<StgValue><ssdm name="ooo_demo_tick_ap_uint_ap_uint_ap_uint_ap_uint_ap_uint_ap_uint_ap_uint_ap_u_4"/></StgValue>
</bind>
</comp>

<comp id="44" class="1000" name="ooo_demo_tick_ap_uint_ap_uint_ap_uint_ap_uint_ap_uint_ap_uint_ap_uint_ap_u_8">
<pin_list>
<pin id="45" dir="1" index="0" bw="1" slack="0"/>
</pin_list>
<bind>
<StgValue><ssdm name="ooo_demo_tick_ap_uint_ap_uint_ap_uint_ap_uint_ap_uint_ap_uint_ap_uint_ap_u_8"/></StgValue>
</bind>
</comp>

<comp id="46" class="1000" name="ooo_demo_tick_ap_uint_ap_uint_ap_uint_ap_uint_ap_uint_ap_uint_ap_uint_ap_u">
<pin_list>
<pin id="47" dir="1" index="0" bw="1" slack="0"/>
</pin_list>
<bind>
<StgValue><ssdm name="ooo_demo_tick_ap_uint_ap_uint_ap_uint_ap_uint_ap_uint_ap_uint_ap_uint_ap_u"/></StgValue>
</bind>
</comp>

<comp id="48" class="1000" name="ooo_demo_tick_ap_uint_ap_uint_ap_uint_ap_uint_ap_uint_ap_uint_ap_uint_ap_u_12">
<pin_list>
<pin id="49" dir="1" index="0" bw="1" slack="0"/>
</pin_list>
<bind>
<StgValue><ssdm name="ooo_demo_tick_ap_uint_ap_uint_ap_uint_ap_uint_ap_uint_ap_uint_ap_uint_ap_u_12"/></StgValue>
</bind>
</comp>

<comp id="50" class="1001" name="const_50">
<pin_list>
<pin id="51" dir="1" index="0" bw="1" slack="0"/>
</pin_list>
<bind>
<StgValue><ssdm name=""/></StgValue>
</bind>
</comp>

<comp id="52" class="1001" name="const_52">
<pin_list>
<pin id="53" dir="1" index="0" bw="1" slack="0"/>
</pin_list>
<bind>
<StgValue><ssdm name=""/></StgValue>
</bind>
</comp>

<comp id="54" class="1001" name="const_54">
<pin_list>
<pin id="55" dir="1" index="0" bw="1" slack="0"/>
</pin_list>
<bind>
<StgValue><ssdm name=""/></StgValue>
</bind>
</comp>

<comp id="56" class="1001" name="const_56">
<pin_list>
<pin id="57" dir="1" index="0" bw="1" slack="0"/>
</pin_list>
<bind>
<StgValue><ssdm name=""/></StgValue>
</bind>
</comp>

<comp id="58" class="1001" name="const_58">
<pin_list>
<pin id="59" dir="1" index="0" bw="1" slack="2147483647"/>
</pin_list>
<bind>
<StgValue><ssdm name="_ssdm_op_SpecPipeline"/></StgValue>
</bind>
</comp>

<comp id="60" class="1001" name="const_60">
<pin_list>
<pin id="61" dir="1" index="0" bw="1" slack="2147483647"/>
</pin_list>
<bind>
<StgValue><ssdm name=""/></StgValue>
</bind>
</comp>

<comp id="62" class="1001" name="const_62">
<pin_list>
<pin id="63" dir="1" index="0" bw="1" slack="0"/>
</pin_list>
<bind>
<StgValue><ssdm name=""/></StgValue>
</bind>
</comp>

<comp id="64" class="1001" name="const_64">
<pin_list>
<pin id="65" dir="1" index="0" bw="1" slack="2147483647"/>
</pin_list>
<bind>
<StgValue><ssdm name="empty_1"/></StgValue>
</bind>
</comp>

<comp id="66" class="1001" name="const_66">
<pin_list>
<pin id="67" dir="1" index="0" bw="1" slack="2147483647"/>
</pin_list>
<bind>
<StgValue><ssdm name="_ssdm_op_SpecLoopTripCount"/></StgValue>
</bind>
</comp>

<comp id="68" class="1001" name="const_68">
<pin_list>
<pin id="69" dir="1" index="0" bw="1" slack="2147483647"/>
</pin_list>
<bind>
<StgValue><ssdm name=""/></StgValue>
</bind>
</comp>

<comp id="70" class="1001" name="const_70">
<pin_list>
<pin id="71" dir="1" index="0" bw="1" slack="2147483647"/>
</pin_list>
<bind>
<StgValue><ssdm name="_ssdm_op_SpecLoopName"/></StgValue>
</bind>
</comp>

<comp id="72" class="1001" name="const_72">
<pin_list>
<pin id="73" dir="1" index="0" bw="1" slack="2147483647"/>
</pin_list>
<bind>
<StgValue><ssdm name="empty_4"/></StgValue>
</bind>
</comp>

<comp id="74" class="1001" name="const_74">
<pin_list>
<pin id="75" dir="1" index="0" bw="1" slack="0"/>
</pin_list>
<bind>
<StgValue><ssdm name=""/></StgValue>
</bind>
</comp>

<comp id="76" class="1001" name="const_76">
<pin_list>
<pin id="77" dir="1" index="0" bw="1" slack="2147483647"/>
</pin_list>
<bind>
<StgValue><ssdm name=""/></StgValue>
</bind>
</comp>

<comp id="78" class="1001" name="const_78">
<pin_list>
<pin id="79" dir="1" index="0" bw="1" slack="2147483647"/>
</pin_list>
<bind>
<StgValue><ssdm name=""/></StgValue>
</bind>
</comp>

<comp id="80" class="1001" name="const_80">
<pin_list>
<pin id="81" dir="1" index="0" bw="1" slack="0"/>
</pin_list>
<bind>
<StgValue><ssdm name=""/></StgValue>
</bind>
</comp>

<comp id="82" class="1004" name="i_fu_82">
<pin_list>
<pin id="83" dir="0" index="0" bw="1" slack="0"/>
<pin id="84" dir="1" index="1" bw="3" slack="0"/>
</pin_list>
<bind>
<opcode="alloca(26) " fcode="alloca"/>
<opset="i/1 "/>
</bind>
</comp>

<comp id="86" class="1004" name="store_ln119_store_fu_86">
<pin_list>
<pin id="87" dir="0" index="0" bw="1" slack="0"/>
<pin id="88" dir="0" index="1" bw="3" slack="0"/>
<pin id="89" dir="1" index="2" bw="0" slack="2147483647"/>
</pin_list>
<bind>
<opcode="store(28) " fcode="store"/>
<opset="store_ln119/1 "/>
</bind>
</comp>

<comp id="91" class="1004" name="i_1_load_fu_91">
<pin_list>
<pin id="92" dir="0" index="0" bw="3" slack="0"/>
<pin id="93" dir="1" index="1" bw="3" slack="0"/>
</pin_list>
<bind>
<opcode="load(27) " fcode="load"/>
<opset="i_1/1 "/>
</bind>
</comp>

<comp id="94" class="1004" name="icmp_ln119_fu_94">
<pin_list>
<pin id="95" dir="0" index="0" bw="3" slack="0"/>
<pin id="96" dir="0" index="1" bw="3" slack="0"/>
<pin id="97" dir="1" index="2" bw="1" slack="2147483647"/>
</pin_list>
<bind>
<opcode="icmp(45) " fcode="icmp"/>
<opset="icmp_ln119/1 "/>
</bind>
</comp>

<comp id="100" class="1004" name="add_ln119_fu_100">
<pin_list>
<pin id="101" dir="0" index="0" bw="3" slack="0"/>
<pin id="102" dir="0" index="1" bw="1" slack="0"/>
<pin id="103" dir="1" index="2" bw="3" slack="0"/>
</pin_list>
<bind>
<opcode="add(8) " fcode="add"/>
<opset="add_ln119/1 "/>
</bind>
</comp>

<comp id="106" class="1004" name="trunc_ln119_fu_106">
<pin_list>
<pin id="107" dir="0" index="0" bw="3" slack="0"/>
<pin id="108" dir="1" index="1" bw="2" slack="2147483647"/>
</pin_list>
<bind>
<opcode="trunc(33) " fcode="trunc"/>
<opset="trunc_ln119/1 "/>
</bind>
</comp>

<comp id="110" class="1004" name="store_ln120_store_fu_110">
<pin_list>
<pin id="111" dir="0" index="0" bw="1" slack="0"/>
<pin id="112" dir="0" index="1" bw="32" slack="0"/>
<pin id="113" dir="1" index="2" bw="0" slack="2147483647"/>
</pin_list>
<bind>
<opcode="store(28) " fcode="store"/>
<opset="store_ln120/1 "/>
</bind>
</comp>

<comp id="116" class="1004" name="store_ln121_store_fu_116">
<pin_list>
<pin id="117" dir="0" index="0" bw="1" slack="0"/>
<pin id="118" dir="0" index="1" bw="1" slack="0"/>
<pin id="119" dir="1" index="2" bw="0" slack="2147483647"/>
</pin_list>
<bind>
<opcode="store(28) " fcode="store"/>
<opset="store_ln121/1 "/>
</bind>
</comp>

<comp id="122" class="1004" name="store_ln122_store_fu_122">
<pin_list>
<pin id="123" dir="0" index="0" bw="1" slack="0"/>
<pin id="124" dir="0" index="1" bw="2" slack="0"/>
<pin id="125" dir="1" index="2" bw="0" slack="2147483647"/>
</pin_list>
<bind>
<opcode="store(28) " fcode="store"/>
<opset="store_ln122/1 "/>
</bind>
</comp>

<comp id="128" class="1004" name="store_ln123_store_fu_128">
<pin_list>
<pin id="129" dir="0" index="0" bw="1" slack="0"/>
<pin id="130" dir="0" index="1" bw="1" slack="0"/>
<pin id="131" dir="1" index="2" bw="0" slack="2147483647"/>
</pin_list>
<bind>
<opcode="store(28) " fcode="store"/>
<opset="store_ln123/1 "/>
</bind>
</comp>

<comp id="134" class="1004" name="store_ln124_store_fu_134">
<pin_list>
<pin id="135" dir="0" index="0" bw="1" slack="0"/>
<pin id="136" dir="0" index="1" bw="1" slack="0"/>
<pin id="137" dir="1" index="2" bw="0" slack="2147483647"/>
</pin_list>
<bind>
<opcode="store(28) " fcode="store"/>
<opset="store_ln124/1 "/>
</bind>
</comp>

<comp id="140" class="1004" name="store_ln125_store_fu_140">
<pin_list>
<pin id="141" dir="0" index="0" bw="1" slack="0"/>
<pin id="142" dir="0" index="1" bw="32" slack="0"/>
<pin id="143" dir="1" index="2" bw="0" slack="2147483647"/>
</pin_list>
<bind>
<opcode="store(28) " fcode="store"/>
<opset="store_ln125/1 "/>
</bind>
</comp>

<comp id="146" class="1004" name="store_ln126_store_fu_146">
<pin_list>
<pin id="147" dir="0" index="0" bw="1" slack="0"/>
<pin id="148" dir="0" index="1" bw="2" slack="0"/>
<pin id="149" dir="1" index="2" bw="0" slack="2147483647"/>
</pin_list>
<bind>
<opcode="store(28) " fcode="store"/>
<opset="store_ln126/1 "/>
</bind>
</comp>

<comp id="152" class="1004" name="store_ln120_store_fu_152">
<pin_list>
<pin id="153" dir="0" index="0" bw="1" slack="0"/>
<pin id="154" dir="0" index="1" bw="32" slack="0"/>
<pin id="155" dir="1" index="2" bw="0" slack="2147483647"/>
</pin_list>
<bind>
<opcode="store(28) " fcode="store"/>
<opset="store_ln120/1 "/>
</bind>
</comp>

<comp id="158" class="1004" name="store_ln121_store_fu_158">
<pin_list>
<pin id="159" dir="0" index="0" bw="1" slack="0"/>
<pin id="160" dir="0" index="1" bw="1" slack="0"/>
<pin id="161" dir="1" index="2" bw="0" slack="2147483647"/>
</pin_list>
<bind>
<opcode="store(28) " fcode="store"/>
<opset="store_ln121/1 "/>
</bind>
</comp>

<comp id="164" class="1004" name="store_ln122_store_fu_164">
<pin_list>
<pin id="165" dir="0" index="0" bw="1" slack="0"/>
<pin id="166" dir="0" index="1" bw="2" slack="0"/>
<pin id="167" dir="1" index="2" bw="0" slack="2147483647"/>
</pin_list>
<bind>
<opcode="store(28) " fcode="store"/>
<opset="store_ln122/1 "/>
</bind>
</comp>

<comp id="170" class="1004" name="store_ln123_store_fu_170">
<pin_list>
<pin id="171" dir="0" index="0" bw="1" slack="0"/>
<pin id="172" dir="0" index="1" bw="1" slack="0"/>
<pin id="173" dir="1" index="2" bw="0" slack="2147483647"/>
</pin_list>
<bind>
<opcode="store(28) " fcode="store"/>
<opset="store_ln123/1 "/>
</bind>
</comp>

<comp id="176" class="1004" name="store_ln124_store_fu_176">
<pin_list>
<pin id="177" dir="0" index="0" bw="1" slack="0"/>
<pin id="178" dir="0" index="1" bw="1" slack="0"/>
<pin id="179" dir="1" index="2" bw="0" slack="2147483647"/>
</pin_list>
<bind>
<opcode="store(28) " fcode="store"/>
<opset="store_ln124/1 "/>
</bind>
</comp>

<comp id="182" class="1004" name="store_ln125_store_fu_182">
<pin_list>
<pin id="183" dir="0" index="0" bw="1" slack="0"/>
<pin id="184" dir="0" index="1" bw="32" slack="0"/>
<pin id="185" dir="1" index="2" bw="0" slack="2147483647"/>
</pin_list>
<bind>
<opcode="store(28) " fcode="store"/>
<opset="store_ln125/1 "/>
</bind>
</comp>

<comp id="188" class="1004" name="store_ln126_store_fu_188">
<pin_list>
<pin id="189" dir="0" index="0" bw="1" slack="0"/>
<pin id="190" dir="0" index="1" bw="2" slack="0"/>
<pin id="191" dir="1" index="2" bw="0" slack="2147483647"/>
</pin_list>
<bind>
<opcode="store(28) " fcode="store"/>
<opset="store_ln126/1 "/>
</bind>
</comp>

<comp id="194" class="1004" name="store_ln123_store_fu_194">
<pin_list>
<pin id="195" dir="0" index="0" bw="1" slack="0"/>
<pin id="196" dir="0" index="1" bw="1" slack="0"/>
<pin id="197" dir="1" index="2" bw="0" slack="2147483647"/>
</pin_list>
<bind>
<opcode="store(28) " fcode="store"/>
<opset="store_ln123/1 "/>
</bind>
</comp>

<comp id="200" class="1004" name="store_ln124_store_fu_200">
<pin_list>
<pin id="201" dir="0" index="0" bw="1" slack="0"/>
<pin id="202" dir="0" index="1" bw="1" slack="0"/>
<pin id="203" dir="1" index="2" bw="0" slack="2147483647"/>
</pin_list>
<bind>
<opcode="store(28) " fcode="store"/>
<opset="store_ln124/1 "/>
</bind>
</comp>

<comp id="206" class="1004" name="store_ln125_store_fu_206">
<pin_list>
<pin id="207" dir="0" index="0" bw="1" slack="0"/>
<pin id="208" dir="0" index="1" bw="32" slack="0"/>
<pin id="209" dir="1" index="2" bw="0" slack="2147483647"/>
</pin_list>
<bind>
<opcode="store(28) " fcode="store"/>
<opset="store_ln125/1 "/>
</bind>
</comp>

<comp id="212" class="1004" name="store_ln126_store_fu_212">
<pin_list>
<pin id="213" dir="0" index="0" bw="1" slack="0"/>
<pin id="214" dir="0" index="1" bw="2" slack="0"/>
<pin id="215" dir="1" index="2" bw="0" slack="2147483647"/>
</pin_list>
<bind>
<opcode="store(28) " fcode="store"/>
<opset="store_ln126/1 "/>
</bind>
</comp>

<comp id="218" class="1004" name="store_ln120_store_fu_218">
<pin_list>
<pin id="219" dir="0" index="0" bw="1" slack="0"/>
<pin id="220" dir="0" index="1" bw="32" slack="0"/>
<pin id="221" dir="1" index="2" bw="0" slack="2147483647"/>
</pin_list>
<bind>
<opcode="store(28) " fcode="store"/>
<opset="store_ln120/1 "/>
</bind>
</comp>

<comp id="224" class="1004" name="store_ln121_store_fu_224">
<pin_list>
<pin id="225" dir="0" index="0" bw="1" slack="0"/>
<pin id="226" dir="0" index="1" bw="1" slack="0"/>
<pin id="227" dir="1" index="2" bw="0" slack="2147483647"/>
</pin_list>
<bind>
<opcode="store(28) " fcode="store"/>
<opset="store_ln121/1 "/>
</bind>
</comp>

<comp id="230" class="1004" name="store_ln122_store_fu_230">
<pin_list>
<pin id="231" dir="0" index="0" bw="1" slack="0"/>
<pin id="232" dir="0" index="1" bw="2" slack="0"/>
<pin id="233" dir="1" index="2" bw="0" slack="2147483647"/>
</pin_list>
<bind>
<opcode="store(28) " fcode="store"/>
<opset="store_ln122/1 "/>
</bind>
</comp>

<comp id="236" class="1004" name="store_ln123_store_fu_236">
<pin_list>
<pin id="237" dir="0" index="0" bw="1" slack="0"/>
<pin id="238" dir="0" index="1" bw="1" slack="0"/>
<pin id="239" dir="1" index="2" bw="0" slack="2147483647"/>
</pin_list>
<bind>
<opcode="store(28) " fcode="store"/>
<opset="store_ln123/1 "/>
</bind>
</comp>

<comp id="242" class="1004" name="store_ln124_store_fu_242">
<pin_list>
<pin id="243" dir="0" index="0" bw="1" slack="0"/>
<pin id="244" dir="0" index="1" bw="1" slack="0"/>
<pin id="245" dir="1" index="2" bw="0" slack="2147483647"/>
</pin_list>
<bind>
<opcode="store(28) " fcode="store"/>
<opset="store_ln124/1 "/>
</bind>
</comp>

<comp id="248" class="1004" name="store_ln125_store_fu_248">
<pin_list>
<pin id="249" dir="0" index="0" bw="1" slack="0"/>
<pin id="250" dir="0" index="1" bw="32" slack="0"/>
<pin id="251" dir="1" index="2" bw="0" slack="2147483647"/>
</pin_list>
<bind>
<opcode="store(28) " fcode="store"/>
<opset="store_ln125/1 "/>
</bind>
</comp>

<comp id="254" class="1004" name="store_ln126_store_fu_254">
<pin_list>
<pin id="255" dir="0" index="0" bw="1" slack="0"/>
<pin id="256" dir="0" index="1" bw="2" slack="0"/>
<pin id="257" dir="1" index="2" bw="0" slack="2147483647"/>
</pin_list>
<bind>
<opcode="store(28) " fcode="store"/>
<opset="store_ln126/1 "/>
</bind>
</comp>

<comp id="260" class="1004" name="store_ln119_store_fu_260">
<pin_list>
<pin id="261" dir="0" index="0" bw="3" slack="0"/>
<pin id="262" dir="0" index="1" bw="3" slack="0"/>
<pin id="263" dir="1" index="2" bw="0" slack="2147483647"/>
</pin_list>
<bind>
<opcode="store(28) " fcode="store"/>
<opset="store_ln119/1 "/>
</bind>
</comp>

<comp id="265" class="1005" name="i_reg_265">
<pin_list>
<pin id="266" dir="0" index="0" bw="3" slack="0"/>
<pin id="267" dir="1" index="1" bw="3" slack="0"/>
</pin_list>
<bind>
<opset="i "/>
</bind>
</comp>

</comp_list>

<net_list>
<net id="85"><net_src comp="50" pin="0"/><net_sink comp="82" pin=0"/></net>

<net id="90"><net_src comp="52" pin="0"/><net_sink comp="86" pin=0"/></net>

<net id="98"><net_src comp="91" pin="1"/><net_sink comp="94" pin=0"/></net>

<net id="99"><net_src comp="54" pin="0"/><net_sink comp="94" pin=1"/></net>

<net id="104"><net_src comp="91" pin="1"/><net_sink comp="100" pin=0"/></net>

<net id="105"><net_src comp="56" pin="0"/><net_sink comp="100" pin=1"/></net>

<net id="109"><net_src comp="91" pin="1"/><net_sink comp="106" pin=0"/></net>

<net id="114"><net_src comp="62" pin="0"/><net_sink comp="110" pin=0"/></net>

<net id="115"><net_src comp="22" pin="0"/><net_sink comp="110" pin=1"/></net>

<net id="120"><net_src comp="80" pin="0"/><net_sink comp="116" pin=0"/></net>

<net id="121"><net_src comp="24" pin="0"/><net_sink comp="116" pin=1"/></net>

<net id="126"><net_src comp="74" pin="0"/><net_sink comp="122" pin=0"/></net>

<net id="127"><net_src comp="26" pin="0"/><net_sink comp="122" pin=1"/></net>

<net id="132"><net_src comp="80" pin="0"/><net_sink comp="128" pin=0"/></net>

<net id="133"><net_src comp="28" pin="0"/><net_sink comp="128" pin=1"/></net>

<net id="138"><net_src comp="80" pin="0"/><net_sink comp="134" pin=0"/></net>

<net id="139"><net_src comp="30" pin="0"/><net_sink comp="134" pin=1"/></net>

<net id="144"><net_src comp="62" pin="0"/><net_sink comp="140" pin=0"/></net>

<net id="145"><net_src comp="32" pin="0"/><net_sink comp="140" pin=1"/></net>

<net id="150"><net_src comp="74" pin="0"/><net_sink comp="146" pin=0"/></net>

<net id="151"><net_src comp="34" pin="0"/><net_sink comp="146" pin=1"/></net>

<net id="156"><net_src comp="62" pin="0"/><net_sink comp="152" pin=0"/></net>

<net id="157"><net_src comp="8" pin="0"/><net_sink comp="152" pin=1"/></net>

<net id="162"><net_src comp="80" pin="0"/><net_sink comp="158" pin=0"/></net>

<net id="163"><net_src comp="10" pin="0"/><net_sink comp="158" pin=1"/></net>

<net id="168"><net_src comp="74" pin="0"/><net_sink comp="164" pin=0"/></net>

<net id="169"><net_src comp="12" pin="0"/><net_sink comp="164" pin=1"/></net>

<net id="174"><net_src comp="80" pin="0"/><net_sink comp="170" pin=0"/></net>

<net id="175"><net_src comp="14" pin="0"/><net_sink comp="170" pin=1"/></net>

<net id="180"><net_src comp="80" pin="0"/><net_sink comp="176" pin=0"/></net>

<net id="181"><net_src comp="16" pin="0"/><net_sink comp="176" pin=1"/></net>

<net id="186"><net_src comp="62" pin="0"/><net_sink comp="182" pin=0"/></net>

<net id="187"><net_src comp="18" pin="0"/><net_sink comp="182" pin=1"/></net>

<net id="192"><net_src comp="74" pin="0"/><net_sink comp="188" pin=0"/></net>

<net id="193"><net_src comp="20" pin="0"/><net_sink comp="188" pin=1"/></net>

<net id="198"><net_src comp="80" pin="0"/><net_sink comp="194" pin=0"/></net>

<net id="199"><net_src comp="0" pin="0"/><net_sink comp="194" pin=1"/></net>

<net id="204"><net_src comp="80" pin="0"/><net_sink comp="200" pin=0"/></net>

<net id="205"><net_src comp="2" pin="0"/><net_sink comp="200" pin=1"/></net>

<net id="210"><net_src comp="62" pin="0"/><net_sink comp="206" pin=0"/></net>

<net id="211"><net_src comp="4" pin="0"/><net_sink comp="206" pin=1"/></net>

<net id="216"><net_src comp="74" pin="0"/><net_sink comp="212" pin=0"/></net>

<net id="217"><net_src comp="6" pin="0"/><net_sink comp="212" pin=1"/></net>

<net id="222"><net_src comp="62" pin="0"/><net_sink comp="218" pin=0"/></net>

<net id="223"><net_src comp="36" pin="0"/><net_sink comp="218" pin=1"/></net>

<net id="228"><net_src comp="80" pin="0"/><net_sink comp="224" pin=0"/></net>

<net id="229"><net_src comp="38" pin="0"/><net_sink comp="224" pin=1"/></net>

<net id="234"><net_src comp="74" pin="0"/><net_sink comp="230" pin=0"/></net>

<net id="235"><net_src comp="40" pin="0"/><net_sink comp="230" pin=1"/></net>

<net id="240"><net_src comp="80" pin="0"/><net_sink comp="236" pin=0"/></net>

<net id="241"><net_src comp="42" pin="0"/><net_sink comp="236" pin=1"/></net>

<net id="246"><net_src comp="80" pin="0"/><net_sink comp="242" pin=0"/></net>

<net id="247"><net_src comp="44" pin="0"/><net_sink comp="242" pin=1"/></net>

<net id="252"><net_src comp="62" pin="0"/><net_sink comp="248" pin=0"/></net>

<net id="253"><net_src comp="46" pin="0"/><net_sink comp="248" pin=1"/></net>

<net id="258"><net_src comp="74" pin="0"/><net_sink comp="254" pin=0"/></net>

<net id="259"><net_src comp="48" pin="0"/><net_sink comp="254" pin=1"/></net>

<net id="264"><net_src comp="100" pin="2"/><net_sink comp="260" pin=0"/></net>

<net id="268"><net_src comp="82" pin="1"/><net_sink comp="265" pin=0"/></net>

<net id="269"><net_src comp="265" pin="1"/><net_sink comp="86" pin=1"/></net>

<net id="270"><net_src comp="265" pin="1"/><net_sink comp="91" pin=0"/></net>

<net id="271"><net_src comp="265" pin="1"/><net_sink comp="260" pin=1"/></net>

</net_list>

</model> 
---------------- Datapath Model END ------------------

* FSMD analyzer results:
  - Output states:
	Port: ooo_demo_tick_ap_uint_ap_uint_ap_uint_ap_uint_ap_uint_ap_uint_ap_uint_ap_u_7 | {1 }
	Port: ooo_demo_tick_ap_uint_ap_uint_ap_uint_ap_uint_ap_uint_ap_uint_ap_uint_ap_u_11 | {1 }
	Port: ooo_demo_tick_ap_uint_ap_uint_ap_uint_ap_uint_ap_uint_ap_uint_ap_uint_ap_u_3 | {1 }
	Port: ooo_demo_tick_ap_uint_ap_uint_ap_uint_ap_uint_ap_uint_ap_uint_ap_uint_ap_u_15 | {1 }
	Port: ooo_demo_tick_ap_uint_ap_uint_ap_uint_ap_uint_ap_uint_ap_uint_ap_uint_ap_u_18 | {1 }
	Port: ooo_demo_tick_ap_uint_ap_uint_ap_uint_ap_uint_ap_uint_ap_uint_ap_uint_ap_u_25 | {1 }
	Port: ooo_demo_tick_ap_uint_ap_uint_ap_uint_ap_uint_ap_uint_ap_uint_ap_uint_ap_u_22 | {1 }
	Port: ooo_demo_tick_ap_uint_ap_uint_ap_uint_ap_uint_ap_uint_ap_uint_ap_uint_ap_u_6 | {1 }
	Port: ooo_demo_tick_ap_uint_ap_uint_ap_uint_ap_uint_ap_uint_ap_uint_ap_uint_ap_u_10 | {1 }
	Port: ooo_demo_tick_ap_uint_ap_uint_ap_uint_ap_uint_ap_uint_ap_uint_ap_uint_ap_u_2 | {1 }
	Port: ooo_demo_tick_ap_uint_ap_uint_ap_uint_ap_uint_ap_uint_ap_uint_ap_uint_ap_u_14 | {1 }
	Port: ooo_demo_tick_ap_uint_ap_uint_ap_uint_ap_uint_ap_uint_ap_uint_ap_uint_ap_u_17 | {1 }
	Port: ooo_demo_tick_ap_uint_ap_uint_ap_uint_ap_uint_ap_uint_ap_uint_ap_uint_ap_u_24 | {1 }
	Port: ooo_demo_tick_ap_uint_ap_uint_ap_uint_ap_uint_ap_uint_ap_uint_ap_uint_ap_u_21 | {1 }
	Port: ooo_demo_tick_ap_uint_ap_uint_ap_uint_ap_uint_ap_uint_ap_uint_ap_uint_ap_u_5 | {1 }
	Port: ooo_demo_tick_ap_uint_ap_uint_ap_uint_ap_uint_ap_uint_ap_uint_ap_uint_ap_u_9 | {1 }
	Port: ooo_demo_tick_ap_uint_ap_uint_ap_uint_ap_uint_ap_uint_ap_uint_ap_uint_ap_u_1 | {1 }
	Port: ooo_demo_tick_ap_uint_ap_uint_ap_uint_ap_uint_ap_uint_ap_uint_ap_uint_ap_u_13 | {1 }
	Port: ooo_demo_tick_ap_uint_ap_uint_ap_uint_ap_uint_ap_uint_ap_uint_ap_uint_ap_u_16 | {1 }
	Port: ooo_demo_tick_ap_uint_ap_uint_ap_uint_ap_uint_ap_uint_ap_uint_ap_uint_ap_u_23 | {1 }
	Port: ooo_demo_tick_ap_uint_ap_uint_ap_uint_ap_uint_ap_uint_ap_uint_ap_uint_ap_u_20 | {1 }
	Port: ooo_demo_tick_ap_uint_ap_uint_ap_uint_ap_uint_ap_uint_ap_uint_ap_uint_ap_u_4 | {1 }
	Port: ooo_demo_tick_ap_uint_ap_uint_ap_uint_ap_uint_ap_uint_ap_uint_ap_uint_ap_u_8 | {1 }
	Port: ooo_demo_tick_ap_uint_ap_uint_ap_uint_ap_uint_ap_uint_ap_uint_ap_uint_ap_u | {1 }
	Port: ooo_demo_tick_ap_uint_ap_uint_ap_uint_ap_uint_ap_uint_ap_uint_ap_uint_ap_u_12 | {1 }
 - Input state : 
	Port: ooo_demo_tick_Pipeline_VITIS_LOOP_119_1 : ooo_demo_tick_ap_uint_ap_uint_ap_uint_ap_uint_ap_uint_ap_uint_ap_uint_ap_u_7 | {}
	Port: ooo_demo_tick_Pipeline_VITIS_LOOP_119_1 : ooo_demo_tick_ap_uint_ap_uint_ap_uint_ap_uint_ap_uint_ap_uint_ap_uint_ap_u_11 | {}
	Port: ooo_demo_tick_Pipeline_VITIS_LOOP_119_1 : ooo_demo_tick_ap_uint_ap_uint_ap_uint_ap_uint_ap_uint_ap_uint_ap_uint_ap_u_3 | {}
	Port: ooo_demo_tick_Pipeline_VITIS_LOOP_119_1 : ooo_demo_tick_ap_uint_ap_uint_ap_uint_ap_uint_ap_uint_ap_uint_ap_uint_ap_u_15 | {}
	Port: ooo_demo_tick_Pipeline_VITIS_LOOP_119_1 : ooo_demo_tick_ap_uint_ap_uint_ap_uint_ap_uint_ap_uint_ap_uint_ap_uint_ap_u_18 | {}
	Port: ooo_demo_tick_Pipeline_VITIS_LOOP_119_1 : ooo_demo_tick_ap_uint_ap_uint_ap_uint_ap_uint_ap_uint_ap_uint_ap_uint_ap_u_25 | {}
	Port: ooo_demo_tick_Pipeline_VITIS_LOOP_119_1 : ooo_demo_tick_ap_uint_ap_uint_ap_uint_ap_uint_ap_uint_ap_uint_ap_uint_ap_u_22 | {}
	Port: ooo_demo_tick_Pipeline_VITIS_LOOP_119_1 : ooo_demo_tick_ap_uint_ap_uint_ap_uint_ap_uint_ap_uint_ap_uint_ap_uint_ap_u_6 | {}
	Port: ooo_demo_tick_Pipeline_VITIS_LOOP_119_1 : ooo_demo_tick_ap_uint_ap_uint_ap_uint_ap_uint_ap_uint_ap_uint_ap_uint_ap_u_10 | {}
	Port: ooo_demo_tick_Pipeline_VITIS_LOOP_119_1 : ooo_demo_tick_ap_uint_ap_uint_ap_uint_ap_uint_ap_uint_ap_uint_ap_uint_ap_u_2 | {}
	Port: ooo_demo_tick_Pipeline_VITIS_LOOP_119_1 : ooo_demo_tick_ap_uint_ap_uint_ap_uint_ap_uint_ap_uint_ap_uint_ap_uint_ap_u_14 | {}
	Port: ooo_demo_tick_Pipeline_VITIS_LOOP_119_1 : ooo_demo_tick_ap_uint_ap_uint_ap_uint_ap_uint_ap_uint_ap_uint_ap_uint_ap_u_17 | {}
	Port: ooo_demo_tick_Pipeline_VITIS_LOOP_119_1 : ooo_demo_tick_ap_uint_ap_uint_ap_uint_ap_uint_ap_uint_ap_uint_ap_uint_ap_u_24 | {}
	Port: ooo_demo_tick_Pipeline_VITIS_LOOP_119_1 : ooo_demo_tick_ap_uint_ap_uint_ap_uint_ap_uint_ap_uint_ap_uint_ap_uint_ap_u_21 | {}
	Port: ooo_demo_tick_Pipeline_VITIS_LOOP_119_1 : ooo_demo_tick_ap_uint_ap_uint_ap_uint_ap_uint_ap_uint_ap_uint_ap_uint_ap_u_5 | {}
	Port: ooo_demo_tick_Pipeline_VITIS_LOOP_119_1 : ooo_demo_tick_ap_uint_ap_uint_ap_uint_ap_uint_ap_uint_ap_uint_ap_uint_ap_u_9 | {}
	Port: ooo_demo_tick_Pipeline_VITIS_LOOP_119_1 : ooo_demo_tick_ap_uint_ap_uint_ap_uint_ap_uint_ap_uint_ap_uint_ap_uint_ap_u_1 | {}
	Port: ooo_demo_tick_Pipeline_VITIS_LOOP_119_1 : ooo_demo_tick_ap_uint_ap_uint_ap_uint_ap_uint_ap_uint_ap_uint_ap_uint_ap_u_13 | {}
	Port: ooo_demo_tick_Pipeline_VITIS_LOOP_119_1 : ooo_demo_tick_ap_uint_ap_uint_ap_uint_ap_uint_ap_uint_ap_uint_ap_uint_ap_u_16 | {}
	Port: ooo_demo_tick_Pipeline_VITIS_LOOP_119_1 : ooo_demo_tick_ap_uint_ap_uint_ap_uint_ap_uint_ap_uint_ap_uint_ap_uint_ap_u_23 | {}
	Port: ooo_demo_tick_Pipeline_VITIS_LOOP_119_1 : ooo_demo_tick_ap_uint_ap_uint_ap_uint_ap_uint_ap_uint_ap_uint_ap_uint_ap_u_20 | {}
	Port: ooo_demo_tick_Pipeline_VITIS_LOOP_119_1 : ooo_demo_tick_ap_uint_ap_uint_ap_uint_ap_uint_ap_uint_ap_uint_ap_uint_ap_u_4 | {}
	Port: ooo_demo_tick_Pipeline_VITIS_LOOP_119_1 : ooo_demo_tick_ap_uint_ap_uint_ap_uint_ap_uint_ap_uint_ap_uint_ap_uint_ap_u_8 | {}
	Port: ooo_demo_tick_Pipeline_VITIS_LOOP_119_1 : ooo_demo_tick_ap_uint_ap_uint_ap_uint_ap_uint_ap_uint_ap_uint_ap_uint_ap_u | {}
	Port: ooo_demo_tick_Pipeline_VITIS_LOOP_119_1 : ooo_demo_tick_ap_uint_ap_uint_ap_uint_ap_uint_ap_uint_ap_uint_ap_uint_ap_u_12 | {}
  - Chain level:
	State 1
		store_ln119 : 1
		i_1 : 1
		icmp_ln119 : 2
		add_ln119 : 2
		br_ln119 : 3
		trunc_ln119 : 2
		switch_ln120 : 3
		store_ln119 : 3


============================================================
+ Verbose Summary: Datapath Resource usage 
============================================================

* Functional unit list:
|----------|--------------------|---------|---------|
| Operation|   Functional Unit  |    FF   |   LUT   |
|----------|--------------------|---------|---------|
|   icmp   |  icmp_ln119_fu_94  |    0    |    10   |
|----------|--------------------|---------|---------|
|    add   |  add_ln119_fu_100  |    0    |    10   |
|----------|--------------------|---------|---------|
|   trunc  | trunc_ln119_fu_106 |    0    |    0    |
|----------|--------------------|---------|---------|
|   Total  |                    |    0    |    20   |
|----------|--------------------|---------|---------|

Memories:
N/A

* Register list:
+---------+--------+
|         |   FF   |
+---------+--------+
|i_reg_265|    3   |
+---------+--------+
|  Total  |    3   |
+---------+--------+

* Multiplexer (MUX) list: 
|--------|------|------|------|--------|
|  Comp  |  Pin | Size |  BW  | S x BW |
|--------|------|------|------|--------|
|  Total |      |      |      |    0   |
|--------|------|------|------|--------|



* Summary:
+-----------+--------+--------+
|           |   FF   |   LUT  |
+-----------+--------+--------+
|  Function |    0   |   20   |
|   Memory  |    -   |    -   |
|Multiplexer|    -   |    -   |
|  Register |    3   |    -   |
+-----------+--------+--------+
|   Total   |    3   |   20   |
+-----------+--------+--------+
