/media/andy/9cf23886-b985-4f84-a422-2da06e76f300/home/byovsh/Documents/Vscode/Proyecto/RV32IMFC_hls/ooo_demo_proj/solution1/.autopilot/db/ooo_demo.pp.0.cpp:2260:5: warning: Added loop label VITIS_LOOP_676_1:   [xilinx-label-all-loops]
    for (unsigned i = low; i != high+1; ++i) {
    ^~~
    VITIS_LOOP_676_1: 
/media/andy/9cf23886-b985-4f84-a422-2da06e76f300/home/byovsh/Documents/Vscode/Proyecto/RV32IMFC_hls/ooo_demo_proj/solution1/.autopilot/db/ooo_demo.pp.0.cpp:2260:5: note: FIX-IT applied suggested code changes
/media/andy/9cf23886-b985-4f84-a422-2da06e76f300/home/byovsh/Documents/Vscode/Proyecto/RV32IMFC_hls/ooo_demo_proj/solution1/.autopilot/db/ooo_demo.pp.0.cpp:2274:5: warning: Added loop label VITIS_LOOP_690_1:   [xilinx-label-all-loops]
    for (unsigned i = low; i != high+1; ++i) {
    ^~~
    VITIS_LOOP_690_1: 
/media/andy/9cf23886-b985-4f84-a422-2da06e76f300/home/byovsh/Documents/Vscode/Proyecto/RV32IMFC_hls/ooo_demo_proj/solution1/.autopilot/db/ooo_demo.pp.0.cpp:2274:5: note: FIX-IT applied suggested code changes
/media/andy/9cf23886-b985-4f84-a422-2da06e76f300/home/byovsh/Documents/Vscode/Proyecto/RV32IMFC_hls/ooo_demo_proj/solution1/.autopilot/db/ooo_demo.pp.0.cpp:2288:5: warning: Added loop label VITIS_LOOP_704_1:   [xilinx-label-all-loops]
    for (unsigned i = low; i != high+1; ++i) {
    ^~~
    VITIS_LOOP_704_1: 
/media/andy/9cf23886-b985-4f84-a422-2da06e76f300/home/byovsh/Documents/Vscode/Proyecto/RV32IMFC_hls/ooo_demo_proj/solution1/.autopilot/db/ooo_demo.pp.0.cpp:2288:5: note: FIX-IT applied suggested code changes
/media/andy/9cf23886-b985-4f84-a422-2da06e76f300/home/byovsh/Documents/Vscode/Proyecto/RV32IMFC_hls/ooo_demo_proj/solution1/.autopilot/db/ooo_demo.pp.0.cpp:3922:7: warning: Added loop label VITIS_LOOP_1248_1:   [xilinx-label-all-loops]
      for (i = 0; i < __N - 1; ++i) {
      ^~~
      VITIS_LOOP_1248_1: 
/media/andy/9cf23886-b985-4f84-a422-2da06e76f300/home/byovsh/Documents/Vscode/Proyecto/RV32IMFC_hls/ooo_demo_proj/solution1/.autopilot/db/ooo_demo.pp.0.cpp:3922:7: note: FIX-IT applied suggested code changes
/media/andy/9cf23886-b985-4f84-a422-2da06e76f300/home/byovsh/Documents/Vscode/Proyecto/RV32IMFC_hls/ooo_demo_proj/solution1/.autopilot/db/ooo_demo.pp.0.cpp:5838:9: warning: Added loop label VITIS_LOOP_119_1:   [xilinx-label-all-loops]
        for (int i = 0; i < 4; i++) {
        ^~~
        VITIS_LOOP_119_1: 
/media/andy/9cf23886-b985-4f84-a422-2da06e76f300/home/byovsh/Documents/Vscode/Proyecto/RV32IMFC_hls/ooo_demo_proj/solution1/.autopilot/db/ooo_demo.pp.0.cpp:5838:9: note: FIX-IT applied suggested code changes
