================================================================
== Vivado RTL Synthesis Results
================================================================
+ General Information:
    * Date:            Wed Jul 22 07:58:37 CST 2026
    * Version:         2024.2 (Build 5238294 on Nov  8 2024)
    * Project:         rv32_ooo_proj
    * Solution:        solution1 (Vivado IP Flow Target)
    * Product family:  zynquplus
    * Target device:   xck26-sfvc784-2LV-c


================================================================
== Run Constraints & Options
================================================================
+ Design Constraints & Options:
    * RTL Synthesis target clock:  10 ns
    * C-Synthesis target clock:    10 ns
    * C-Synthesis uncertainty:     27%

+ RTL Synthesis Options:
    * config_export -vivado_synth_strategy:     default
    * config_export -vivado_synth_design_args:  -directive sdx_optimization_effort_high

+ Reporting Options:
    * config_export -vivado_report_level:      2
    * config_export -vivado_max_timing_paths:  10


================================================================
== RTL Synthesis Resource Summary
================================================================
LUT:              7775
FF:               4879
DSP:              16
BRAM:             21
URAM:             0
SRL:              52


================================================================
== RTL Synthesis Timing Summary
================================================================
* Timing was met
+----------------+-------------+
| Timing         | Period (ns) |
+----------------+-------------+
| Target         | 10.000      |
| Post-Synthesis | 6.564       |
+----------------+-------------+


================================================================
== RTL Synthesis Resources
================================================================
+-------------------------------------------------------------+------+------+-----+------+------+-----+--------+------+---------+----------+--------+
| Name                                                        | LUT  | FF   | DSP | BRAM | URAM | SRL | Pragma | Impl | Latency | Variable | Source |
+-------------------------------------------------------------+------+------+-----+------+------+-----+--------+------+---------+----------+--------+
| inst                                                        | 7775 | 4879 | 16  | 21   |      |     |        |      |         |          |        |
|   (inst)                                                    | 740  | 2325 |     |      |      |     |        |      |         |          |        |
|   control_s_axi_U                                           | 103  | 25   |     |      |      |     |        |      |         |          |        |
|   frat_has_tag_U                                            | 16   |      |     | 1    |      |     |        |      |         |          |        |
|   frat_tag_U                                                | 44   |      |     | 1    |      |     |        |      |         |          |        |
|   fregs_U                                                   | 37   |      |     | 2    |      |     |        |      |         |          |        |
|   grp_fpu_compute_fu_5799                                   | 3009 | 1666 | 5   |      |      |     |        |      |         |          |        |
|     (grp_fpu_compute_fu_5799)                               | 670  | 456  |     |      |      |     |        |      |         |          |        |
|     bitselect_1ns_32ns_32s_1_1_1_U67                        | 9    |      |     |      |      |     |        |      |         |          |        |
|     faddfsub_32ns_32ns_32_4_full_dsp_1_U56                  | 287  | 202  | 2   |      |      |     |        |      |         |          |        |
|     fcmp_32ns_32ns_1_2_no_dsp_1_U61                         | 258  | 68   |     |      |      |     |        |      |         |          |        |
|     fcmp_32ns_32ns_1_2_no_dsp_1_U62                         | 7    |      |     |      |      |     |        |      |         |          |        |
|     fcmp_32ns_32ns_1_2_no_dsp_1_U63                         | 19   | 31   |     |      |      |     |        |      |         |          |        |
|     fcmp_32ns_32ns_1_2_no_dsp_1_U64                         | 36   |      |     |      |      |     |        |      |         |          |        |
|     fdiv_32ns_32ns_32_9_no_dsp_1_U58                        | 792  | 359  |     |      |      |     |        |      |         |          |        |
|     fmul_32ns_32ns_32_3_max_dsp_1_U57                       | 113  | 97   | 3   |      |      |     |        |      |         |          |        |
|     fsqrt_32ns_32ns_32_8_no_dsp_1_U65                       | 417  | 266  |     |      |      |     |        |      |         |          |        |
|     index_table_U                                           | 4    | 5    |     |      |      |     |        |      |         |          |        |
|     mask_table_U                                            | 58   | 23   |     |      |      |     |        |      |         |          |        |
|     one_half_minus_one_table_U                              | 13   | 9    |     |      |      |     |        |      |         |          |        |
|     sitofp_32ns_32_4_no_dsp_1_U60                           | 161  | 86   |     |      |      |     |        |      |         |          |        |
|     uitofp_32ns_32_4_no_dsp_1_U59                           | 165  | 64   |     |      |      |     |        |      |         |          |        |
|   grp_read_operand_fp_fu_5845                               | 207  | 43   |     |      |      |     |        |      |         |          |        |
|   grp_read_operand_fu_5830                                  | 405  | 44   |     |      |      |     |        |      |         |          |        |
|   grp_rv32_ooo_tick_Pipeline_VITIS_LOOP_1129_11_fu_5869     | 38   | 19   |     |      |      |     |        |      |         |          |        |
|     (grp_rv32_ooo_tick_Pipeline_VITIS_LOOP_1129_11_fu_5869) | 2    | 17   |     |      |      |     |        |      |         |          |        |
|     flow_control_loop_pipe_sequential_init_U                | 36   | 2    |     |      |      |     |        |      |         |          |        |
|   grp_rv32_ooo_tick_Pipeline_VITIS_LOOP_575_4_fu_5877       | 31   | 10   |     |      |      |     |        |      |         |          |        |
|     (grp_rv32_ooo_tick_Pipeline_VITIS_LOOP_575_4_fu_5877)   | 1    | 8    |     |      |      |     |        |      |         |          |        |
|     flow_control_loop_pipe_sequential_init_U                | 30   | 2    |     |      |      |     |        |      |         |          |        |
|   grp_rv32_ooo_tick_Pipeline_VITIS_LOOP_579_5_fu_5883       | 38   | 19   |     |      |      |     |        |      |         |          |        |
|     (grp_rv32_ooo_tick_Pipeline_VITIS_LOOP_579_5_fu_5883)   | 7    | 17   |     |      |      |     |        |      |         |          |        |
|     flow_control_loop_pipe_sequential_init_U                | 31   | 2    |     |      |      |     |        |      |         |          |        |
|   grp_rv32_ooo_tick_Pipeline_VITIS_LOOP_872_10_fu_5860      | 42   | 7    |     |      |      |     |        |      |         |          |        |
|     (grp_rv32_ooo_tick_Pipeline_VITIS_LOOP_872_10_fu_5860)  | 37   | 5    |     |      |      |     |        |      |         |          |        |
|     flow_control_loop_pipe_sequential_init_U                | 5    | 2    |     |      |      |     |        |      |         |          |        |
|   mul_32ns_32ns_64_1_1_U116                                 | 193  |      | 4   |      |      |     |        |      |         |          |        |
|   mul_32ns_32s_64_1_1_U117                                  | 106  |      | 2   |      |      |     |        |      |         |          |        |
|   mul_32s_32s_32_1_1_U118                                   | 22   |      | 3   |      |      |     |        |      |         |          |        |
|   mul_32s_32s_64_1_1_U119                                   | 4    |      | 2   |      |      |     |        |      |         |          |        |
|   rat_has_tag_U                                             | 16   |      |     | 1    |      |     |        |      |         |          |        |
|   rat_tag_U                                                 | 29   |      |     | 1    |      |     |        |      |         |          |        |
|   regfile_U                                                 | 12   |      |     | 2    |      |     |        |      |         |          |        |
|   rob_addr_U                                                | 30   |      |     | 1    |      |     |        |      |         |          |        |
|   rob_dest_U                                                | 85   |      |     | 1    |      |     |        |      |         |          |        |
|   rob_dest_is_fp_U                                          | 9    |      |     | 1    |      |     |        |      |         |          |        |
|   rob_is_ecall_U                                            | 8    | 1    |     |      |      |     |        |      |         |          |        |
|   rob_is_store_U                                            | 11   |      |     | 1    |      |     |        |      |         |          |        |
|   rob_mem_f3_U                                              | 9    |      |     | 1    |      |     |        |      |         |          |        |
|   rob_ready_U                                               | 51   |      |     | 1    |      |     |        |      |         |          |        |
|   rob_sdata_U                                               | 111  |      |     | 2    |      |     |        |      |         |          |        |
|   rob_valid_U                                               | 76   |      |     | 1    |      |     |        |      |         |          |        |
|   rob_value_U                                               | 1033 |      |     | 2    |      |     |        |      |         |          |        |
|   sdiv_32s_32s_32_36_seq_1_U124                             | 155  | 164  |     |      |      |     |        |      |         |          |        |
|   srem_32s_32s_32_36_seq_1_U122                             | 333  | 229  |     |      |      |     |        |      |         |          |        |
|   udiv_32s_32s_32_36_seq_1_U123                             | 219  | 163  |     |      |      |     |        |      |         |          |        |
|   urem_32s_32s_32_36_seq_1_U125                             | 257  | 164  |     |      |      |     |        |      |         |          |        |
|   vregs_U                                                   | 296  |      |     | 2    |      |     |        |      |         |          |        |
+-------------------------------------------------------------+------+------+-----+------+------+-----+--------+------+---------+----------+--------+


================================================================
== RTL Synthesis Fail Fast
================================================================
+-----------------------------------------------------------+-----------+--------+--------+
| Criteria                                                  | Guideline | Actual | Status |
+-----------------------------------------------------------+-----------+--------+--------+
| LUT                                                       | 70%       | 6.64%  | OK     |
| FD                                                        | 50%       | 2.08%  | OK     |
| LUTRAM+SRL                                                | 25%       | 0.09%  | OK     |
| CARRY8                                                    | 25%       | 2.46%  | OK     |
| MUXF7                                                     | 15%       | 0.08%  | OK     |
| DSP                                                       | 80%       | 1.28%  | OK     |
| RAMB/FIFO                                                 | 80%       | 7.29%  | OK     |
| URAM                                                      | 80%       | 0.00%  | OK     |
| DSP+RAMB+URAM (Avg)                                       | 70%       | 4.29%  | OK     |
| BUFGCE* + BUFGCTRL                                        | 24        | 0      | OK     |
| DONT_TOUCH (cells/nets)                                   | 0         | 0      | OK     |
| MARK_DEBUG (nets)                                         | 0         | 0      | OK     |
| Control Sets                                              | 2196      | 183    | OK     |
| Average Fanout for modules > 100k cells                   | 4         | 2.08   | OK     |
| Max Average Fanout for modules > 100k cells               | 4         | 0      | OK     |
| Non-FD high fanout nets > 10k loads                       | 0         | 0      | OK     |
+-----------------------------------------------------------+-----------+--------+--------+
| TIMING-6 (No common primary clock between related clocks) | 0         | 0      | OK     |
| TIMING-7 (No common node between related clocks)          | 0         | 0      | OK     |
| TIMING-8 (No common period between related clocks)        | 0         | 0      | OK     |
| TIMING-14 (LUT on the clock tree)                         | 0         | 0      | OK     |
| TIMING-35 (No common node in paths with the same clock)   | 0         | 0      | OK     |
+-----------------------------------------------------------+-----------+--------+--------+
| Number of paths above max LUT budgeting (0.391ns)         | 0         | 0      | OK     |
| Number of paths above max Net budgeting (0.263ns)         | 0         | 0      | OK     |
+-----------------------------------------------------------+-----------+--------+--------+


================================================================
== RTL Synthesis Timing Paths
================================================================
* Timing was met
+-------+-------+----------------------------------+-----------------------------------+--------------+------------+----------------+----------------+--------------+
| Path  | SLACK | STARTPOINT PIN                   | ENDPOINT PIN                      | LOGIC LEVELS | MAX FANOUT | DATAPATH DELAY | DATAPATH LOGIC | DATAPATH NET |
|       |       |                                  |                                   |              |            |                |          DELAY |        DELAY |
+-------+-------+----------------------------------+-----------------------------------+--------------+------------+----------------+----------------+--------------+
| Path1 | 3.436 | vregs_U/ram_reg_bram_0/CLKARDCLK | res_24_reg_3165_reg[31]/D         |           14 |          5 |          6.495 |          5.293 |        1.202 |
| Path2 | 3.558 | vregs_U/ram_reg_bram_0/CLKARDCLK | res_24_reg_3165_reg[28]/D         |           13 |          5 |          6.373 |          5.219 |        1.154 |
| Path3 | 3.613 | vregs_U/ram_reg_bram_0/CLKARDCLK | res_24_reg_3165_reg[29]/D         |           13 |          5 |          6.318 |          5.261 |        1.057 |
| Path4 | 3.624 | vregs_U/ram_reg_bram_0/CLKARDCLK | res_24_reg_3165_reg[26]/D         |           13 |          5 |          6.307 |          5.193 |        1.114 |
| Path5 | 3.661 | vregs_U/ram_reg_bram_0/CLKARDCLK | r_1_1_i167169_reg_11117_reg[28]/D |           13 |          5 |          6.270 |          5.168 |        1.102 |
+-------+-------+----------------------------------+-----------------------------------+--------------+------------+----------------+----------------+--------------+

    +-------------------------------------------------------------+------------------------+
    | Path1 Cells                                                 | Primitive Type         |
    +-------------------------------------------------------------+------------------------+
    | vregs_U/ram_reg_bram_0                                      | BLOCKRAM.BRAM.RAMB36E2 |
    | vregs_U/tmp_product_i_32                                    | CLB.LUT.LUT6           |
    | mul_32s_32s_32_1_1_U118/tmp_product__0/DSP_A_B_DATA_INST    | ARITHMETIC.DSP.DSP48E2 |
    | mul_32s_32s_32_1_1_U118/tmp_product__0/DSP_PREADD_DATA_INST | ARITHMETIC.DSP.DSP48E2 |
    | mul_32s_32s_32_1_1_U118/tmp_product__0/DSP_MULTIPLIER_INST  | ARITHMETIC.DSP.DSP48E2 |
    | mul_32s_32s_32_1_1_U118/tmp_product__0/DSP_M_DATA_INST      | ARITHMETIC.DSP.DSP48E2 |
    | mul_32s_32s_32_1_1_U118/tmp_product__0/DSP_ALU_INST         | ARITHMETIC.DSP.DSP48E2 |
    | mul_32s_32s_32_1_1_U118/tmp_product__0/DSP_OUTPUT_INST      | ARITHMETIC.DSP.DSP48E2 |
    | mul_32s_32s_32_1_1_U118/tmp_product__1/DSP_ALU_INST         | ARITHMETIC.DSP.DSP48E2 |
    | mul_32s_32s_32_1_1_U118/tmp_product__1/DSP_OUTPUT_INST      | ARITHMETIC.DSP.DSP48E2 |
    | mul_32s_32s_32_1_1_U118/tmp_product_carry_i_7               | CLB.LUT.LUT2           |
    | mul_32s_32s_32_1_1_U118/tmp_product_carry                   | CLB.CARRY.CARRY8       |
    | mul_32s_32s_32_1_1_U118/tmp_product_carry__0                | CLB.CARRY.CARRY8       |
    | mul_32s_32s_32_1_1_U118/res_24_reg_3165[31]_i_3             | CLB.LUT.LUT5           |
    | mul_32s_32s_32_1_1_U118/res_24_reg_3165[31]_i_1             | CLB.LUT.LUT6           |
    | res_24_reg_3165_reg[31]                                     | REGISTER.SDR.FDRE      |
    | vregs_U/ram_reg_bram_0                                      | BLOCKRAM.BRAM.RAMB36E2 |
    | vregs_U/tmp_product_i_32                                    | CLB.LUT.LUT6           |
    | mul_32s_32s_32_1_1_U118/tmp_product__0/DSP_A_B_DATA_INST    | ARITHMETIC.DSP.DSP48E2 |
    | mul_32s_32s_32_1_1_U118/tmp_product__0/DSP_PREADD_DATA_INST | ARITHMETIC.DSP.DSP48E2 |
    | mul_32s_32s_32_1_1_U118/tmp_product__0/DSP_MULTIPLIER_INST  | ARITHMETIC.DSP.DSP48E2 |
    | mul_32s_32s_32_1_1_U118/tmp_product__0/DSP_M_DATA_INST      | ARITHMETIC.DSP.DSP48E2 |
    | mul_32s_32s_32_1_1_U118/tmp_product__0/DSP_ALU_INST         | ARITHMETIC.DSP.DSP48E2 |
    | mul_32s_32s_32_1_1_U118/tmp_product__0/DSP_OUTPUT_INST      | ARITHMETIC.DSP.DSP48E2 |
    | mul_32s_32s_32_1_1_U118/tmp_product__1/DSP_ALU_INST         | ARITHMETIC.DSP.DSP48E2 |
    | mul_32s_32s_32_1_1_U118/tmp_product__1/DSP_OUTPUT_INST      | ARITHMETIC.DSP.DSP48E2 |
    | mul_32s_32s_32_1_1_U118/tmp_product_carry_i_7               | CLB.LUT.LUT2           |
    | mul_32s_32s_32_1_1_U118/tmp_product_carry                   | CLB.CARRY.CARRY8       |
    | mul_32s_32s_32_1_1_U118/tmp_product_carry__0                | CLB.CARRY.CARRY8       |
    | urem_32s_32s_32_36_seq_1_U125/res_24_reg_3165[28]_i_1       | CLB.LUT.LUT6           |
    | res_24_reg_3165_reg[28]                                     | REGISTER.SDR.FDRE      |
    | vregs_U/ram_reg_bram_0                                      | BLOCKRAM.BRAM.RAMB36E2 |
    | vregs_U/tmp_product_i_32                                    | CLB.LUT.LUT6           |
    | mul_32s_32s_32_1_1_U118/tmp_product__0/DSP_A_B_DATA_INST    | ARITHMETIC.DSP.DSP48E2 |
    | mul_32s_32s_32_1_1_U118/tmp_product__0/DSP_PREADD_DATA_INST | ARITHMETIC.DSP.DSP48E2 |
    | mul_32s_32s_32_1_1_U118/tmp_product__0/DSP_MULTIPLIER_INST  | ARITHMETIC.DSP.DSP48E2 |
    | mul_32s_32s_32_1_1_U118/tmp_product__0/DSP_M_DATA_INST      | ARITHMETIC.DSP.DSP48E2 |
    | mul_32s_32s_32_1_1_U118/tmp_product__0/DSP_ALU_INST         | ARITHMETIC.DSP.DSP48E2 |
    | mul_32s_32s_32_1_1_U118/tmp_product__0/DSP_OUTPUT_INST      | ARITHMETIC.DSP.DSP48E2 |
    | mul_32s_32s_32_1_1_U118/tmp_product__1/DSP_ALU_INST         | ARITHMETIC.DSP.DSP48E2 |
    | mul_32s_32s_32_1_1_U118/tmp_product__1/DSP_OUTPUT_INST      | ARITHMETIC.DSP.DSP48E2 |
    | mul_32s_32s_32_1_1_U118/tmp_product_carry_i_7               | CLB.LUT.LUT2           |
    | mul_32s_32s_32_1_1_U118/tmp_product_carry                   | CLB.CARRY.CARRY8       |
    | mul_32s_32s_32_1_1_U118/tmp_product_carry__0                | CLB.CARRY.CARRY8       |
    | urem_32s_32s_32_36_seq_1_U125/res_24_reg_3165[29]_i_1       | CLB.LUT.LUT6           |
    | res_24_reg_3165_reg[29]                                     | REGISTER.SDR.FDRE      |
    | vregs_U/ram_reg_bram_0                                      | BLOCKRAM.BRAM.RAMB36E2 |
    | vregs_U/tmp_product_i_32                                    | CLB.LUT.LUT6           |
    | mul_32s_32s_32_1_1_U118/tmp_product__0/DSP_A_B_DATA_INST    | ARITHMETIC.DSP.DSP48E2 |
    | mul_32s_32s_32_1_1_U118/tmp_product__0/DSP_PREADD_DATA_INST | ARITHMETIC.DSP.DSP48E2 |
    | mul_32s_32s_32_1_1_U118/tmp_product__0/DSP_MULTIPLIER_INST  | ARITHMETIC.DSP.DSP48E2 |
    | mul_32s_32s_32_1_1_U118/tmp_product__0/DSP_M_DATA_INST      | ARITHMETIC.DSP.DSP48E2 |
    | mul_32s_32s_32_1_1_U118/tmp_product__0/DSP_ALU_INST         | ARITHMETIC.DSP.DSP48E2 |
    | mul_32s_32s_32_1_1_U118/tmp_product__0/DSP_OUTPUT_INST      | ARITHMETIC.DSP.DSP48E2 |
    | mul_32s_32s_32_1_1_U118/tmp_product__1/DSP_ALU_INST         | ARITHMETIC.DSP.DSP48E2 |
    | mul_32s_32s_32_1_1_U118/tmp_product__1/DSP_OUTPUT_INST      | ARITHMETIC.DSP.DSP48E2 |
    | mul_32s_32s_32_1_1_U118/tmp_product_carry_i_7               | CLB.LUT.LUT2           |
    | mul_32s_32s_32_1_1_U118/tmp_product_carry                   | CLB.CARRY.CARRY8       |
    | mul_32s_32s_32_1_1_U118/tmp_product_carry__0                | CLB.CARRY.CARRY8       |
    | urem_32s_32s_32_36_seq_1_U125/res_24_reg_3165[26]_i_1       | CLB.LUT.LUT6           |
    | res_24_reg_3165_reg[26]                                     | REGISTER.SDR.FDRE      |
    | vregs_U/ram_reg_bram_0                                      | BLOCKRAM.BRAM.RAMB36E2 |
    | vregs_U/tmp_product_i_32                                    | CLB.LUT.LUT6           |
    | mul_32s_32s_32_1_1_U118/tmp_product__0/DSP_A_B_DATA_INST    | ARITHMETIC.DSP.DSP48E2 |
    | mul_32s_32s_32_1_1_U118/tmp_product__0/DSP_PREADD_DATA_INST | ARITHMETIC.DSP.DSP48E2 |
    | mul_32s_32s_32_1_1_U118/tmp_product__0/DSP_MULTIPLIER_INST  | ARITHMETIC.DSP.DSP48E2 |
    | mul_32s_32s_32_1_1_U118/tmp_product__0/DSP_M_DATA_INST      | ARITHMETIC.DSP.DSP48E2 |
    | mul_32s_32s_32_1_1_U118/tmp_product__0/DSP_ALU_INST         | ARITHMETIC.DSP.DSP48E2 |
    | mul_32s_32s_32_1_1_U118/tmp_product__0/DSP_OUTPUT_INST      | ARITHMETIC.DSP.DSP48E2 |
    | mul_32s_32s_32_1_1_U118/tmp_product__1/DSP_ALU_INST         | ARITHMETIC.DSP.DSP48E2 |
    | mul_32s_32s_32_1_1_U118/tmp_product__1/DSP_OUTPUT_INST      | ARITHMETIC.DSP.DSP48E2 |
    | mul_32s_32s_32_1_1_U118/tmp_product_carry_i_7               | CLB.LUT.LUT2           |
    | mul_32s_32s_32_1_1_U118/tmp_product_carry                   | CLB.CARRY.CARRY8       |
    | mul_32s_32s_32_1_1_U118/tmp_product_carry__0                | CLB.CARRY.CARRY8       |
    | vregs_U/r_3_reg_11137[28]_i_1                               | CLB.LUT.LUT5           |
    | r_1_1_i167169_reg_11117_reg[28]                             | REGISTER.SDR.FDRE      |
    +-------------------------------------------------------------+------------------------+

    +-------------------------------------------------------------+------------------------+
    | Path2 Cells                                                 | Primitive Type         |
    +-------------------------------------------------------------+------------------------+
    | vregs_U/ram_reg_bram_0                                      | BLOCKRAM.BRAM.RAMB36E2 |
    | vregs_U/tmp_product_i_32                                    | CLB.LUT.LUT6           |
    | mul_32s_32s_32_1_1_U118/tmp_product__0/DSP_A_B_DATA_INST    | ARITHMETIC.DSP.DSP48E2 |
    | mul_32s_32s_32_1_1_U118/tmp_product__0/DSP_PREADD_DATA_INST | ARITHMETIC.DSP.DSP48E2 |
    | mul_32s_32s_32_1_1_U118/tmp_product__0/DSP_MULTIPLIER_INST  | ARITHMETIC.DSP.DSP48E2 |
    | mul_32s_32s_32_1_1_U118/tmp_product__0/DSP_M_DATA_INST      | ARITHMETIC.DSP.DSP48E2 |
    | mul_32s_32s_32_1_1_U118/tmp_product__0/DSP_ALU_INST         | ARITHMETIC.DSP.DSP48E2 |
    | mul_32s_32s_32_1_1_U118/tmp_product__0/DSP_OUTPUT_INST      | ARITHMETIC.DSP.DSP48E2 |
    | mul_32s_32s_32_1_1_U118/tmp_product__1/DSP_ALU_INST         | ARITHMETIC.DSP.DSP48E2 |
    | mul_32s_32s_32_1_1_U118/tmp_product__1/DSP_OUTPUT_INST      | ARITHMETIC.DSP.DSP48E2 |
    | mul_32s_32s_32_1_1_U118/tmp_product_carry_i_7               | CLB.LUT.LUT2           |
    | mul_32s_32s_32_1_1_U118/tmp_product_carry                   | CLB.CARRY.CARRY8       |
    | mul_32s_32s_32_1_1_U118/tmp_product_carry__0                | CLB.CARRY.CARRY8       |
    | mul_32s_32s_32_1_1_U118/res_24_reg_3165[31]_i_3             | CLB.LUT.LUT5           |
    | mul_32s_32s_32_1_1_U118/res_24_reg_3165[31]_i_1             | CLB.LUT.LUT6           |
    | res_24_reg_3165_reg[31]                                     | REGISTER.SDR.FDRE      |
    | vregs_U/ram_reg_bram_0                                      | BLOCKRAM.BRAM.RAMB36E2 |
    | vregs_U/tmp_product_i_32                                    | CLB.LUT.LUT6           |
    | mul_32s_32s_32_1_1_U118/tmp_product__0/DSP_A_B_DATA_INST    | ARITHMETIC.DSP.DSP48E2 |
    | mul_32s_32s_32_1_1_U118/tmp_product__0/DSP_PREADD_DATA_INST | ARITHMETIC.DSP.DSP48E2 |
    | mul_32s_32s_32_1_1_U118/tmp_product__0/DSP_MULTIPLIER_INST  | ARITHMETIC.DSP.DSP48E2 |
    | mul_32s_32s_32_1_1_U118/tmp_product__0/DSP_M_DATA_INST      | ARITHMETIC.DSP.DSP48E2 |
    | mul_32s_32s_32_1_1_U118/tmp_product__0/DSP_ALU_INST         | ARITHMETIC.DSP.DSP48E2 |
    | mul_32s_32s_32_1_1_U118/tmp_product__0/DSP_OUTPUT_INST      | ARITHMETIC.DSP.DSP48E2 |
    | mul_32s_32s_32_1_1_U118/tmp_product__1/DSP_ALU_INST         | ARITHMETIC.DSP.DSP48E2 |
    | mul_32s_32s_32_1_1_U118/tmp_product__1/DSP_OUTPUT_INST      | ARITHMETIC.DSP.DSP48E2 |
    | mul_32s_32s_32_1_1_U118/tmp_product_carry_i_7               | CLB.LUT.LUT2           |
    | mul_32s_32s_32_1_1_U118/tmp_product_carry                   | CLB.CARRY.CARRY8       |
    | mul_32s_32s_32_1_1_U118/tmp_product_carry__0                | CLB.CARRY.CARRY8       |
    | urem_32s_32s_32_36_seq_1_U125/res_24_reg_3165[28]_i_1       | CLB.LUT.LUT6           |
    | res_24_reg_3165_reg[28]                                     | REGISTER.SDR.FDRE      |
    | vregs_U/ram_reg_bram_0                                      | BLOCKRAM.BRAM.RAMB36E2 |
    | vregs_U/tmp_product_i_32                                    | CLB.LUT.LUT6           |
    | mul_32s_32s_32_1_1_U118/tmp_product__0/DSP_A_B_DATA_INST    | ARITHMETIC.DSP.DSP48E2 |
    | mul_32s_32s_32_1_1_U118/tmp_product__0/DSP_PREADD_DATA_INST | ARITHMETIC.DSP.DSP48E2 |
    | mul_32s_32s_32_1_1_U118/tmp_product__0/DSP_MULTIPLIER_INST  | ARITHMETIC.DSP.DSP48E2 |
    | mul_32s_32s_32_1_1_U118/tmp_product__0/DSP_M_DATA_INST      | ARITHMETIC.DSP.DSP48E2 |
    | mul_32s_32s_32_1_1_U118/tmp_product__0/DSP_ALU_INST         | ARITHMETIC.DSP.DSP48E2 |
    | mul_32s_32s_32_1_1_U118/tmp_product__0/DSP_OUTPUT_INST      | ARITHMETIC.DSP.DSP48E2 |
    | mul_32s_32s_32_1_1_U118/tmp_product__1/DSP_ALU_INST         | ARITHMETIC.DSP.DSP48E2 |
    | mul_32s_32s_32_1_1_U118/tmp_product__1/DSP_OUTPUT_INST      | ARITHMETIC.DSP.DSP48E2 |
    | mul_32s_32s_32_1_1_U118/tmp_product_carry_i_7               | CLB.LUT.LUT2           |
    | mul_32s_32s_32_1_1_U118/tmp_product_carry                   | CLB.CARRY.CARRY8       |
    | mul_32s_32s_32_1_1_U118/tmp_product_carry__0                | CLB.CARRY.CARRY8       |
    | urem_32s_32s_32_36_seq_1_U125/res_24_reg_3165[29]_i_1       | CLB.LUT.LUT6           |
    | res_24_reg_3165_reg[29]                                     | REGISTER.SDR.FDRE      |
    | vregs_U/ram_reg_bram_0                                      | BLOCKRAM.BRAM.RAMB36E2 |
    | vregs_U/tmp_product_i_32                                    | CLB.LUT.LUT6           |
    | mul_32s_32s_32_1_1_U118/tmp_product__0/DSP_A_B_DATA_INST    | ARITHMETIC.DSP.DSP48E2 |
    | mul_32s_32s_32_1_1_U118/tmp_product__0/DSP_PREADD_DATA_INST | ARITHMETIC.DSP.DSP48E2 |
    | mul_32s_32s_32_1_1_U118/tmp_product__0/DSP_MULTIPLIER_INST  | ARITHMETIC.DSP.DSP48E2 |
    | mul_32s_32s_32_1_1_U118/tmp_product__0/DSP_M_DATA_INST      | ARITHMETIC.DSP.DSP48E2 |
    | mul_32s_32s_32_1_1_U118/tmp_product__0/DSP_ALU_INST         | ARITHMETIC.DSP.DSP48E2 |
    | mul_32s_32s_32_1_1_U118/tmp_product__0/DSP_OUTPUT_INST      | ARITHMETIC.DSP.DSP48E2 |
    | mul_32s_32s_32_1_1_U118/tmp_product__1/DSP_ALU_INST         | ARITHMETIC.DSP.DSP48E2 |
    | mul_32s_32s_32_1_1_U118/tmp_product__1/DSP_OUTPUT_INST      | ARITHMETIC.DSP.DSP48E2 |
    | mul_32s_32s_32_1_1_U118/tmp_product_carry_i_7               | CLB.LUT.LUT2           |
    | mul_32s_32s_32_1_1_U118/tmp_product_carry                   | CLB.CARRY.CARRY8       |
    | mul_32s_32s_32_1_1_U118/tmp_product_carry__0                | CLB.CARRY.CARRY8       |
    | urem_32s_32s_32_36_seq_1_U125/res_24_reg_3165[26]_i_1       | CLB.LUT.LUT6           |
    | res_24_reg_3165_reg[26]                                     | REGISTER.SDR.FDRE      |
    | vregs_U/ram_reg_bram_0                                      | BLOCKRAM.BRAM.RAMB36E2 |
    | vregs_U/tmp_product_i_32                                    | CLB.LUT.LUT6           |
    | mul_32s_32s_32_1_1_U118/tmp_product__0/DSP_A_B_DATA_INST    | ARITHMETIC.DSP.DSP48E2 |
    | mul_32s_32s_32_1_1_U118/tmp_product__0/DSP_PREADD_DATA_INST | ARITHMETIC.DSP.DSP48E2 |
    | mul_32s_32s_32_1_1_U118/tmp_product__0/DSP_MULTIPLIER_INST  | ARITHMETIC.DSP.DSP48E2 |
    | mul_32s_32s_32_1_1_U118/tmp_product__0/DSP_M_DATA_INST      | ARITHMETIC.DSP.DSP48E2 |
    | mul_32s_32s_32_1_1_U118/tmp_product__0/DSP_ALU_INST         | ARITHMETIC.DSP.DSP48E2 |
    | mul_32s_32s_32_1_1_U118/tmp_product__0/DSP_OUTPUT_INST      | ARITHMETIC.DSP.DSP48E2 |
    | mul_32s_32s_32_1_1_U118/tmp_product__1/DSP_ALU_INST         | ARITHMETIC.DSP.DSP48E2 |
    | mul_32s_32s_32_1_1_U118/tmp_product__1/DSP_OUTPUT_INST      | ARITHMETIC.DSP.DSP48E2 |
    | mul_32s_32s_32_1_1_U118/tmp_product_carry_i_7               | CLB.LUT.LUT2           |
    | mul_32s_32s_32_1_1_U118/tmp_product_carry                   | CLB.CARRY.CARRY8       |
    | mul_32s_32s_32_1_1_U118/tmp_product_carry__0                | CLB.CARRY.CARRY8       |
    | vregs_U/r_3_reg_11137[28]_i_1                               | CLB.LUT.LUT5           |
    | r_1_1_i167169_reg_11117_reg[28]                             | REGISTER.SDR.FDRE      |
    +-------------------------------------------------------------+------------------------+

    +-------------------------------------------------------------+------------------------+
    | Path3 Cells                                                 | Primitive Type         |
    +-------------------------------------------------------------+------------------------+
    | vregs_U/ram_reg_bram_0                                      | BLOCKRAM.BRAM.RAMB36E2 |
    | vregs_U/tmp_product_i_32                                    | CLB.LUT.LUT6           |
    | mul_32s_32s_32_1_1_U118/tmp_product__0/DSP_A_B_DATA_INST    | ARITHMETIC.DSP.DSP48E2 |
    | mul_32s_32s_32_1_1_U118/tmp_product__0/DSP_PREADD_DATA_INST | ARITHMETIC.DSP.DSP48E2 |
    | mul_32s_32s_32_1_1_U118/tmp_product__0/DSP_MULTIPLIER_INST  | ARITHMETIC.DSP.DSP48E2 |
    | mul_32s_32s_32_1_1_U118/tmp_product__0/DSP_M_DATA_INST      | ARITHMETIC.DSP.DSP48E2 |
    | mul_32s_32s_32_1_1_U118/tmp_product__0/DSP_ALU_INST         | ARITHMETIC.DSP.DSP48E2 |
    | mul_32s_32s_32_1_1_U118/tmp_product__0/DSP_OUTPUT_INST      | ARITHMETIC.DSP.DSP48E2 |
    | mul_32s_32s_32_1_1_U118/tmp_product__1/DSP_ALU_INST         | ARITHMETIC.DSP.DSP48E2 |
    | mul_32s_32s_32_1_1_U118/tmp_product__1/DSP_OUTPUT_INST      | ARITHMETIC.DSP.DSP48E2 |
    | mul_32s_32s_32_1_1_U118/tmp_product_carry_i_7               | CLB.LUT.LUT2           |
    | mul_32s_32s_32_1_1_U118/tmp_product_carry                   | CLB.CARRY.CARRY8       |
    | mul_32s_32s_32_1_1_U118/tmp_product_carry__0                | CLB.CARRY.CARRY8       |
    | mul_32s_32s_32_1_1_U118/res_24_reg_3165[31]_i_3             | CLB.LUT.LUT5           |
    | mul_32s_32s_32_1_1_U118/res_24_reg_3165[31]_i_1             | CLB.LUT.LUT6           |
    | res_24_reg_3165_reg[31]                                     | REGISTER.SDR.FDRE      |
    | vregs_U/ram_reg_bram_0                                      | BLOCKRAM.BRAM.RAMB36E2 |
    | vregs_U/tmp_product_i_32                                    | CLB.LUT.LUT6           |
    | mul_32s_32s_32_1_1_U118/tmp_product__0/DSP_A_B_DATA_INST    | ARITHMETIC.DSP.DSP48E2 |
    | mul_32s_32s_32_1_1_U118/tmp_product__0/DSP_PREADD_DATA_INST | ARITHMETIC.DSP.DSP48E2 |
    | mul_32s_32s_32_1_1_U118/tmp_product__0/DSP_MULTIPLIER_INST  | ARITHMETIC.DSP.DSP48E2 |
    | mul_32s_32s_32_1_1_U118/tmp_product__0/DSP_M_DATA_INST      | ARITHMETIC.DSP.DSP48E2 |
    | mul_32s_32s_32_1_1_U118/tmp_product__0/DSP_ALU_INST         | ARITHMETIC.DSP.DSP48E2 |
    | mul_32s_32s_32_1_1_U118/tmp_product__0/DSP_OUTPUT_INST      | ARITHMETIC.DSP.DSP48E2 |
    | mul_32s_32s_32_1_1_U118/tmp_product__1/DSP_ALU_INST         | ARITHMETIC.DSP.DSP48E2 |
    | mul_32s_32s_32_1_1_U118/tmp_product__1/DSP_OUTPUT_INST      | ARITHMETIC.DSP.DSP48E2 |
    | mul_32s_32s_32_1_1_U118/tmp_product_carry_i_7               | CLB.LUT.LUT2           |
    | mul_32s_32s_32_1_1_U118/tmp_product_carry                   | CLB.CARRY.CARRY8       |
    | mul_32s_32s_32_1_1_U118/tmp_product_carry__0                | CLB.CARRY.CARRY8       |
    | urem_32s_32s_32_36_seq_1_U125/res_24_reg_3165[28]_i_1       | CLB.LUT.LUT6           |
    | res_24_reg_3165_reg[28]                                     | REGISTER.SDR.FDRE      |
    | vregs_U/ram_reg_bram_0                                      | BLOCKRAM.BRAM.RAMB36E2 |
    | vregs_U/tmp_product_i_32                                    | CLB.LUT.LUT6           |
    | mul_32s_32s_32_1_1_U118/tmp_product__0/DSP_A_B_DATA_INST    | ARITHMETIC.DSP.DSP48E2 |
    | mul_32s_32s_32_1_1_U118/tmp_product__0/DSP_PREADD_DATA_INST | ARITHMETIC.DSP.DSP48E2 |
    | mul_32s_32s_32_1_1_U118/tmp_product__0/DSP_MULTIPLIER_INST  | ARITHMETIC.DSP.DSP48E2 |
    | mul_32s_32s_32_1_1_U118/tmp_product__0/DSP_M_DATA_INST      | ARITHMETIC.DSP.DSP48E2 |
    | mul_32s_32s_32_1_1_U118/tmp_product__0/DSP_ALU_INST         | ARITHMETIC.DSP.DSP48E2 |
    | mul_32s_32s_32_1_1_U118/tmp_product__0/DSP_OUTPUT_INST      | ARITHMETIC.DSP.DSP48E2 |
    | mul_32s_32s_32_1_1_U118/tmp_product__1/DSP_ALU_INST         | ARITHMETIC.DSP.DSP48E2 |
    | mul_32s_32s_32_1_1_U118/tmp_product__1/DSP_OUTPUT_INST      | ARITHMETIC.DSP.DSP48E2 |
    | mul_32s_32s_32_1_1_U118/tmp_product_carry_i_7               | CLB.LUT.LUT2           |
    | mul_32s_32s_32_1_1_U118/tmp_product_carry                   | CLB.CARRY.CARRY8       |
    | mul_32s_32s_32_1_1_U118/tmp_product_carry__0                | CLB.CARRY.CARRY8       |
    | urem_32s_32s_32_36_seq_1_U125/res_24_reg_3165[29]_i_1       | CLB.LUT.LUT6           |
    | res_24_reg_3165_reg[29]                                     | REGISTER.SDR.FDRE      |
    | vregs_U/ram_reg_bram_0                                      | BLOCKRAM.BRAM.RAMB36E2 |
    | vregs_U/tmp_product_i_32                                    | CLB.LUT.LUT6           |
    | mul_32s_32s_32_1_1_U118/tmp_product__0/DSP_A_B_DATA_INST    | ARITHMETIC.DSP.DSP48E2 |
    | mul_32s_32s_32_1_1_U118/tmp_product__0/DSP_PREADD_DATA_INST | ARITHMETIC.DSP.DSP48E2 |
    | mul_32s_32s_32_1_1_U118/tmp_product__0/DSP_MULTIPLIER_INST  | ARITHMETIC.DSP.DSP48E2 |
    | mul_32s_32s_32_1_1_U118/tmp_product__0/DSP_M_DATA_INST      | ARITHMETIC.DSP.DSP48E2 |
    | mul_32s_32s_32_1_1_U118/tmp_product__0/DSP_ALU_INST         | ARITHMETIC.DSP.DSP48E2 |
    | mul_32s_32s_32_1_1_U118/tmp_product__0/DSP_OUTPUT_INST      | ARITHMETIC.DSP.DSP48E2 |
    | mul_32s_32s_32_1_1_U118/tmp_product__1/DSP_ALU_INST         | ARITHMETIC.DSP.DSP48E2 |
    | mul_32s_32s_32_1_1_U118/tmp_product__1/DSP_OUTPUT_INST      | ARITHMETIC.DSP.DSP48E2 |
    | mul_32s_32s_32_1_1_U118/tmp_product_carry_i_7               | CLB.LUT.LUT2           |
    | mul_32s_32s_32_1_1_U118/tmp_product_carry                   | CLB.CARRY.CARRY8       |
    | mul_32s_32s_32_1_1_U118/tmp_product_carry__0                | CLB.CARRY.CARRY8       |
    | urem_32s_32s_32_36_seq_1_U125/res_24_reg_3165[26]_i_1       | CLB.LUT.LUT6           |
    | res_24_reg_3165_reg[26]                                     | REGISTER.SDR.FDRE      |
    | vregs_U/ram_reg_bram_0                                      | BLOCKRAM.BRAM.RAMB36E2 |
    | vregs_U/tmp_product_i_32                                    | CLB.LUT.LUT6           |
    | mul_32s_32s_32_1_1_U118/tmp_product__0/DSP_A_B_DATA_INST    | ARITHMETIC.DSP.DSP48E2 |
    | mul_32s_32s_32_1_1_U118/tmp_product__0/DSP_PREADD_DATA_INST | ARITHMETIC.DSP.DSP48E2 |
    | mul_32s_32s_32_1_1_U118/tmp_product__0/DSP_MULTIPLIER_INST  | ARITHMETIC.DSP.DSP48E2 |
    | mul_32s_32s_32_1_1_U118/tmp_product__0/DSP_M_DATA_INST      | ARITHMETIC.DSP.DSP48E2 |
    | mul_32s_32s_32_1_1_U118/tmp_product__0/DSP_ALU_INST         | ARITHMETIC.DSP.DSP48E2 |
    | mul_32s_32s_32_1_1_U118/tmp_product__0/DSP_OUTPUT_INST      | ARITHMETIC.DSP.DSP48E2 |
    | mul_32s_32s_32_1_1_U118/tmp_product__1/DSP_ALU_INST         | ARITHMETIC.DSP.DSP48E2 |
    | mul_32s_32s_32_1_1_U118/tmp_product__1/DSP_OUTPUT_INST      | ARITHMETIC.DSP.DSP48E2 |
    | mul_32s_32s_32_1_1_U118/tmp_product_carry_i_7               | CLB.LUT.LUT2           |
    | mul_32s_32s_32_1_1_U118/tmp_product_carry                   | CLB.CARRY.CARRY8       |
    | mul_32s_32s_32_1_1_U118/tmp_product_carry__0                | CLB.CARRY.CARRY8       |
    | vregs_U/r_3_reg_11137[28]_i_1                               | CLB.LUT.LUT5           |
    | r_1_1_i167169_reg_11117_reg[28]                             | REGISTER.SDR.FDRE      |
    +-------------------------------------------------------------+------------------------+

    +-------------------------------------------------------------+------------------------+
    | Path4 Cells                                                 | Primitive Type         |
    +-------------------------------------------------------------+------------------------+
    | vregs_U/ram_reg_bram_0                                      | BLOCKRAM.BRAM.RAMB36E2 |
    | vregs_U/tmp_product_i_32                                    | CLB.LUT.LUT6           |
    | mul_32s_32s_32_1_1_U118/tmp_product__0/DSP_A_B_DATA_INST    | ARITHMETIC.DSP.DSP48E2 |
    | mul_32s_32s_32_1_1_U118/tmp_product__0/DSP_PREADD_DATA_INST | ARITHMETIC.DSP.DSP48E2 |
    | mul_32s_32s_32_1_1_U118/tmp_product__0/DSP_MULTIPLIER_INST  | ARITHMETIC.DSP.DSP48E2 |
    | mul_32s_32s_32_1_1_U118/tmp_product__0/DSP_M_DATA_INST      | ARITHMETIC.DSP.DSP48E2 |
    | mul_32s_32s_32_1_1_U118/tmp_product__0/DSP_ALU_INST         | ARITHMETIC.DSP.DSP48E2 |
    | mul_32s_32s_32_1_1_U118/tmp_product__0/DSP_OUTPUT_INST      | ARITHMETIC.DSP.DSP48E2 |
    | mul_32s_32s_32_1_1_U118/tmp_product__1/DSP_ALU_INST         | ARITHMETIC.DSP.DSP48E2 |
    | mul_32s_32s_32_1_1_U118/tmp_product__1/DSP_OUTPUT_INST      | ARITHMETIC.DSP.DSP48E2 |
    | mul_32s_32s_32_1_1_U118/tmp_product_carry_i_7               | CLB.LUT.LUT2           |
    | mul_32s_32s_32_1_1_U118/tmp_product_carry                   | CLB.CARRY.CARRY8       |
    | mul_32s_32s_32_1_1_U118/tmp_product_carry__0                | CLB.CARRY.CARRY8       |
    | mul_32s_32s_32_1_1_U118/res_24_reg_3165[31]_i_3             | CLB.LUT.LUT5           |
    | mul_32s_32s_32_1_1_U118/res_24_reg_3165[31]_i_1             | CLB.LUT.LUT6           |
    | res_24_reg_3165_reg[31]                                     | REGISTER.SDR.FDRE      |
    | vregs_U/ram_reg_bram_0                                      | BLOCKRAM.BRAM.RAMB36E2 |
    | vregs_U/tmp_product_i_32                                    | CLB.LUT.LUT6           |
    | mul_32s_32s_32_1_1_U118/tmp_product__0/DSP_A_B_DATA_INST    | ARITHMETIC.DSP.DSP48E2 |
    | mul_32s_32s_32_1_1_U118/tmp_product__0/DSP_PREADD_DATA_INST | ARITHMETIC.DSP.DSP48E2 |
    | mul_32s_32s_32_1_1_U118/tmp_product__0/DSP_MULTIPLIER_INST  | ARITHMETIC.DSP.DSP48E2 |
    | mul_32s_32s_32_1_1_U118/tmp_product__0/DSP_M_DATA_INST      | ARITHMETIC.DSP.DSP48E2 |
    | mul_32s_32s_32_1_1_U118/tmp_product__0/DSP_ALU_INST         | ARITHMETIC.DSP.DSP48E2 |
    | mul_32s_32s_32_1_1_U118/tmp_product__0/DSP_OUTPUT_INST      | ARITHMETIC.DSP.DSP48E2 |
    | mul_32s_32s_32_1_1_U118/tmp_product__1/DSP_ALU_INST         | ARITHMETIC.DSP.DSP48E2 |
    | mul_32s_32s_32_1_1_U118/tmp_product__1/DSP_OUTPUT_INST      | ARITHMETIC.DSP.DSP48E2 |
    | mul_32s_32s_32_1_1_U118/tmp_product_carry_i_7               | CLB.LUT.LUT2           |
    | mul_32s_32s_32_1_1_U118/tmp_product_carry                   | CLB.CARRY.CARRY8       |
    | mul_32s_32s_32_1_1_U118/tmp_product_carry__0                | CLB.CARRY.CARRY8       |
    | urem_32s_32s_32_36_seq_1_U125/res_24_reg_3165[28]_i_1       | CLB.LUT.LUT6           |
    | res_24_reg_3165_reg[28]                                     | REGISTER.SDR.FDRE      |
    | vregs_U/ram_reg_bram_0                                      | BLOCKRAM.BRAM.RAMB36E2 |
    | vregs_U/tmp_product_i_32                                    | CLB.LUT.LUT6           |
    | mul_32s_32s_32_1_1_U118/tmp_product__0/DSP_A_B_DATA_INST    | ARITHMETIC.DSP.DSP48E2 |
    | mul_32s_32s_32_1_1_U118/tmp_product__0/DSP_PREADD_DATA_INST | ARITHMETIC.DSP.DSP48E2 |
    | mul_32s_32s_32_1_1_U118/tmp_product__0/DSP_MULTIPLIER_INST  | ARITHMETIC.DSP.DSP48E2 |
    | mul_32s_32s_32_1_1_U118/tmp_product__0/DSP_M_DATA_INST      | ARITHMETIC.DSP.DSP48E2 |
    | mul_32s_32s_32_1_1_U118/tmp_product__0/DSP_ALU_INST         | ARITHMETIC.DSP.DSP48E2 |
    | mul_32s_32s_32_1_1_U118/tmp_product__0/DSP_OUTPUT_INST      | ARITHMETIC.DSP.DSP48E2 |
    | mul_32s_32s_32_1_1_U118/tmp_product__1/DSP_ALU_INST         | ARITHMETIC.DSP.DSP48E2 |
    | mul_32s_32s_32_1_1_U118/tmp_product__1/DSP_OUTPUT_INST      | ARITHMETIC.DSP.DSP48E2 |
    | mul_32s_32s_32_1_1_U118/tmp_product_carry_i_7               | CLB.LUT.LUT2           |
    | mul_32s_32s_32_1_1_U118/tmp_product_carry                   | CLB.CARRY.CARRY8       |
    | mul_32s_32s_32_1_1_U118/tmp_product_carry__0                | CLB.CARRY.CARRY8       |
    | urem_32s_32s_32_36_seq_1_U125/res_24_reg_3165[29]_i_1       | CLB.LUT.LUT6           |
    | res_24_reg_3165_reg[29]                                     | REGISTER.SDR.FDRE      |
    | vregs_U/ram_reg_bram_0                                      | BLOCKRAM.BRAM.RAMB36E2 |
    | vregs_U/tmp_product_i_32                                    | CLB.LUT.LUT6           |
    | mul_32s_32s_32_1_1_U118/tmp_product__0/DSP_A_B_DATA_INST    | ARITHMETIC.DSP.DSP48E2 |
    | mul_32s_32s_32_1_1_U118/tmp_product__0/DSP_PREADD_DATA_INST | ARITHMETIC.DSP.DSP48E2 |
    | mul_32s_32s_32_1_1_U118/tmp_product__0/DSP_MULTIPLIER_INST  | ARITHMETIC.DSP.DSP48E2 |
    | mul_32s_32s_32_1_1_U118/tmp_product__0/DSP_M_DATA_INST      | ARITHMETIC.DSP.DSP48E2 |
    | mul_32s_32s_32_1_1_U118/tmp_product__0/DSP_ALU_INST         | ARITHMETIC.DSP.DSP48E2 |
    | mul_32s_32s_32_1_1_U118/tmp_product__0/DSP_OUTPUT_INST      | ARITHMETIC.DSP.DSP48E2 |
    | mul_32s_32s_32_1_1_U118/tmp_product__1/DSP_ALU_INST         | ARITHMETIC.DSP.DSP48E2 |
    | mul_32s_32s_32_1_1_U118/tmp_product__1/DSP_OUTPUT_INST      | ARITHMETIC.DSP.DSP48E2 |
    | mul_32s_32s_32_1_1_U118/tmp_product_carry_i_7               | CLB.LUT.LUT2           |
    | mul_32s_32s_32_1_1_U118/tmp_product_carry                   | CLB.CARRY.CARRY8       |
    | mul_32s_32s_32_1_1_U118/tmp_product_carry__0                | CLB.CARRY.CARRY8       |
    | urem_32s_32s_32_36_seq_1_U125/res_24_reg_3165[26]_i_1       | CLB.LUT.LUT6           |
    | res_24_reg_3165_reg[26]                                     | REGISTER.SDR.FDRE      |
    | vregs_U/ram_reg_bram_0                                      | BLOCKRAM.BRAM.RAMB36E2 |
    | vregs_U/tmp_product_i_32                                    | CLB.LUT.LUT6           |
    | mul_32s_32s_32_1_1_U118/tmp_product__0/DSP_A_B_DATA_INST    | ARITHMETIC.DSP.DSP48E2 |
    | mul_32s_32s_32_1_1_U118/tmp_product__0/DSP_PREADD_DATA_INST | ARITHMETIC.DSP.DSP48E2 |
    | mul_32s_32s_32_1_1_U118/tmp_product__0/DSP_MULTIPLIER_INST  | ARITHMETIC.DSP.DSP48E2 |
    | mul_32s_32s_32_1_1_U118/tmp_product__0/DSP_M_DATA_INST      | ARITHMETIC.DSP.DSP48E2 |
    | mul_32s_32s_32_1_1_U118/tmp_product__0/DSP_ALU_INST         | ARITHMETIC.DSP.DSP48E2 |
    | mul_32s_32s_32_1_1_U118/tmp_product__0/DSP_OUTPUT_INST      | ARITHMETIC.DSP.DSP48E2 |
    | mul_32s_32s_32_1_1_U118/tmp_product__1/DSP_ALU_INST         | ARITHMETIC.DSP.DSP48E2 |
    | mul_32s_32s_32_1_1_U118/tmp_product__1/DSP_OUTPUT_INST      | ARITHMETIC.DSP.DSP48E2 |
    | mul_32s_32s_32_1_1_U118/tmp_product_carry_i_7               | CLB.LUT.LUT2           |
    | mul_32s_32s_32_1_1_U118/tmp_product_carry                   | CLB.CARRY.CARRY8       |
    | mul_32s_32s_32_1_1_U118/tmp_product_carry__0                | CLB.CARRY.CARRY8       |
    | vregs_U/r_3_reg_11137[28]_i_1                               | CLB.LUT.LUT5           |
    | r_1_1_i167169_reg_11117_reg[28]                             | REGISTER.SDR.FDRE      |
    +-------------------------------------------------------------+------------------------+

    +-------------------------------------------------------------+------------------------+
    | Path5 Cells                                                 | Primitive Type         |
    +-------------------------------------------------------------+------------------------+
    | vregs_U/ram_reg_bram_0                                      | BLOCKRAM.BRAM.RAMB36E2 |
    | vregs_U/tmp_product_i_32                                    | CLB.LUT.LUT6           |
    | mul_32s_32s_32_1_1_U118/tmp_product__0/DSP_A_B_DATA_INST    | ARITHMETIC.DSP.DSP48E2 |
    | mul_32s_32s_32_1_1_U118/tmp_product__0/DSP_PREADD_DATA_INST | ARITHMETIC.DSP.DSP48E2 |
    | mul_32s_32s_32_1_1_U118/tmp_product__0/DSP_MULTIPLIER_INST  | ARITHMETIC.DSP.DSP48E2 |
    | mul_32s_32s_32_1_1_U118/tmp_product__0/DSP_M_DATA_INST      | ARITHMETIC.DSP.DSP48E2 |
    | mul_32s_32s_32_1_1_U118/tmp_product__0/DSP_ALU_INST         | ARITHMETIC.DSP.DSP48E2 |
    | mul_32s_32s_32_1_1_U118/tmp_product__0/DSP_OUTPUT_INST      | ARITHMETIC.DSP.DSP48E2 |
    | mul_32s_32s_32_1_1_U118/tmp_product__1/DSP_ALU_INST         | ARITHMETIC.DSP.DSP48E2 |
    | mul_32s_32s_32_1_1_U118/tmp_product__1/DSP_OUTPUT_INST      | ARITHMETIC.DSP.DSP48E2 |
    | mul_32s_32s_32_1_1_U118/tmp_product_carry_i_7               | CLB.LUT.LUT2           |
    | mul_32s_32s_32_1_1_U118/tmp_product_carry                   | CLB.CARRY.CARRY8       |
    | mul_32s_32s_32_1_1_U118/tmp_product_carry__0                | CLB.CARRY.CARRY8       |
    | mul_32s_32s_32_1_1_U118/res_24_reg_3165[31]_i_3             | CLB.LUT.LUT5           |
    | mul_32s_32s_32_1_1_U118/res_24_reg_3165[31]_i_1             | CLB.LUT.LUT6           |
    | res_24_reg_3165_reg[31]                                     | REGISTER.SDR.FDRE      |
    | vregs_U/ram_reg_bram_0                                      | BLOCKRAM.BRAM.RAMB36E2 |
    | vregs_U/tmp_product_i_32                                    | CLB.LUT.LUT6           |
    | mul_32s_32s_32_1_1_U118/tmp_product__0/DSP_A_B_DATA_INST    | ARITHMETIC.DSP.DSP48E2 |
    | mul_32s_32s_32_1_1_U118/tmp_product__0/DSP_PREADD_DATA_INST | ARITHMETIC.DSP.DSP48E2 |
    | mul_32s_32s_32_1_1_U118/tmp_product__0/DSP_MULTIPLIER_INST  | ARITHMETIC.DSP.DSP48E2 |
    | mul_32s_32s_32_1_1_U118/tmp_product__0/DSP_M_DATA_INST      | ARITHMETIC.DSP.DSP48E2 |
    | mul_32s_32s_32_1_1_U118/tmp_product__0/DSP_ALU_INST         | ARITHMETIC.DSP.DSP48E2 |
    | mul_32s_32s_32_1_1_U118/tmp_product__0/DSP_OUTPUT_INST      | ARITHMETIC.DSP.DSP48E2 |
    | mul_32s_32s_32_1_1_U118/tmp_product__1/DSP_ALU_INST         | ARITHMETIC.DSP.DSP48E2 |
    | mul_32s_32s_32_1_1_U118/tmp_product__1/DSP_OUTPUT_INST      | ARITHMETIC.DSP.DSP48E2 |
    | mul_32s_32s_32_1_1_U118/tmp_product_carry_i_7               | CLB.LUT.LUT2           |
    | mul_32s_32s_32_1_1_U118/tmp_product_carry                   | CLB.CARRY.CARRY8       |
    | mul_32s_32s_32_1_1_U118/tmp_product_carry__0                | CLB.CARRY.CARRY8       |
    | urem_32s_32s_32_36_seq_1_U125/res_24_reg_3165[28]_i_1       | CLB.LUT.LUT6           |
    | res_24_reg_3165_reg[28]                                     | REGISTER.SDR.FDRE      |
    | vregs_U/ram_reg_bram_0                                      | BLOCKRAM.BRAM.RAMB36E2 |
    | vregs_U/tmp_product_i_32                                    | CLB.LUT.LUT6           |
    | mul_32s_32s_32_1_1_U118/tmp_product__0/DSP_A_B_DATA_INST    | ARITHMETIC.DSP.DSP48E2 |
    | mul_32s_32s_32_1_1_U118/tmp_product__0/DSP_PREADD_DATA_INST | ARITHMETIC.DSP.DSP48E2 |
    | mul_32s_32s_32_1_1_U118/tmp_product__0/DSP_MULTIPLIER_INST  | ARITHMETIC.DSP.DSP48E2 |
    | mul_32s_32s_32_1_1_U118/tmp_product__0/DSP_M_DATA_INST      | ARITHMETIC.DSP.DSP48E2 |
    | mul_32s_32s_32_1_1_U118/tmp_product__0/DSP_ALU_INST         | ARITHMETIC.DSP.DSP48E2 |
    | mul_32s_32s_32_1_1_U118/tmp_product__0/DSP_OUTPUT_INST      | ARITHMETIC.DSP.DSP48E2 |
    | mul_32s_32s_32_1_1_U118/tmp_product__1/DSP_ALU_INST         | ARITHMETIC.DSP.DSP48E2 |
    | mul_32s_32s_32_1_1_U118/tmp_product__1/DSP_OUTPUT_INST      | ARITHMETIC.DSP.DSP48E2 |
    | mul_32s_32s_32_1_1_U118/tmp_product_carry_i_7               | CLB.LUT.LUT2           |
    | mul_32s_32s_32_1_1_U118/tmp_product_carry                   | CLB.CARRY.CARRY8       |
    | mul_32s_32s_32_1_1_U118/tmp_product_carry__0                | CLB.CARRY.CARRY8       |
    | urem_32s_32s_32_36_seq_1_U125/res_24_reg_3165[29]_i_1       | CLB.LUT.LUT6           |
    | res_24_reg_3165_reg[29]                                     | REGISTER.SDR.FDRE      |
    | vregs_U/ram_reg_bram_0                                      | BLOCKRAM.BRAM.RAMB36E2 |
    | vregs_U/tmp_product_i_32                                    | CLB.LUT.LUT6           |
    | mul_32s_32s_32_1_1_U118/tmp_product__0/DSP_A_B_DATA_INST    | ARITHMETIC.DSP.DSP48E2 |
    | mul_32s_32s_32_1_1_U118/tmp_product__0/DSP_PREADD_DATA_INST | ARITHMETIC.DSP.DSP48E2 |
    | mul_32s_32s_32_1_1_U118/tmp_product__0/DSP_MULTIPLIER_INST  | ARITHMETIC.DSP.DSP48E2 |
    | mul_32s_32s_32_1_1_U118/tmp_product__0/DSP_M_DATA_INST      | ARITHMETIC.DSP.DSP48E2 |
    | mul_32s_32s_32_1_1_U118/tmp_product__0/DSP_ALU_INST         | ARITHMETIC.DSP.DSP48E2 |
    | mul_32s_32s_32_1_1_U118/tmp_product__0/DSP_OUTPUT_INST      | ARITHMETIC.DSP.DSP48E2 |
    | mul_32s_32s_32_1_1_U118/tmp_product__1/DSP_ALU_INST         | ARITHMETIC.DSP.DSP48E2 |
    | mul_32s_32s_32_1_1_U118/tmp_product__1/DSP_OUTPUT_INST      | ARITHMETIC.DSP.DSP48E2 |
    | mul_32s_32s_32_1_1_U118/tmp_product_carry_i_7               | CLB.LUT.LUT2           |
    | mul_32s_32s_32_1_1_U118/tmp_product_carry                   | CLB.CARRY.CARRY8       |
    | mul_32s_32s_32_1_1_U118/tmp_product_carry__0                | CLB.CARRY.CARRY8       |
    | urem_32s_32s_32_36_seq_1_U125/res_24_reg_3165[26]_i_1       | CLB.LUT.LUT6           |
    | res_24_reg_3165_reg[26]                                     | REGISTER.SDR.FDRE      |
    | vregs_U/ram_reg_bram_0                                      | BLOCKRAM.BRAM.RAMB36E2 |
    | vregs_U/tmp_product_i_32                                    | CLB.LUT.LUT6           |
    | mul_32s_32s_32_1_1_U118/tmp_product__0/DSP_A_B_DATA_INST    | ARITHMETIC.DSP.DSP48E2 |
    | mul_32s_32s_32_1_1_U118/tmp_product__0/DSP_PREADD_DATA_INST | ARITHMETIC.DSP.DSP48E2 |
    | mul_32s_32s_32_1_1_U118/tmp_product__0/DSP_MULTIPLIER_INST  | ARITHMETIC.DSP.DSP48E2 |
    | mul_32s_32s_32_1_1_U118/tmp_product__0/DSP_M_DATA_INST      | ARITHMETIC.DSP.DSP48E2 |
    | mul_32s_32s_32_1_1_U118/tmp_product__0/DSP_ALU_INST         | ARITHMETIC.DSP.DSP48E2 |
    | mul_32s_32s_32_1_1_U118/tmp_product__0/DSP_OUTPUT_INST      | ARITHMETIC.DSP.DSP48E2 |
    | mul_32s_32s_32_1_1_U118/tmp_product__1/DSP_ALU_INST         | ARITHMETIC.DSP.DSP48E2 |
    | mul_32s_32s_32_1_1_U118/tmp_product__1/DSP_OUTPUT_INST      | ARITHMETIC.DSP.DSP48E2 |
    | mul_32s_32s_32_1_1_U118/tmp_product_carry_i_7               | CLB.LUT.LUT2           |
    | mul_32s_32s_32_1_1_U118/tmp_product_carry                   | CLB.CARRY.CARRY8       |
    | mul_32s_32s_32_1_1_U118/tmp_product_carry__0                | CLB.CARRY.CARRY8       |
    | vregs_U/r_3_reg_11137[28]_i_1                               | CLB.LUT.LUT5           |
    | r_1_1_i167169_reg_11117_reg[28]                             | REGISTER.SDR.FDRE      |
    +-------------------------------------------------------------+------------------------+


================================================================
== RTL Synthesis Vivado Reports
================================================================
+--------------------------+----------------------------------------------------------------------+
| Report Type              | Report Location                                                      |
+--------------------------+----------------------------------------------------------------------+
| design_analysis          | impl/verilog/report/rv32_ooo_tick_design_analysis_synth.rpt          |
| failfast                 | impl/verilog/report/rv32_ooo_tick_failfast_synth.rpt                 |
| power                    | impl/verilog/report/rv32_ooo_tick_power_synth.rpt                    |
| timing                   | impl/verilog/report/rv32_ooo_tick_timing_synth.rpt                   |
| timing_paths             | impl/verilog/report/rv32_ooo_tick_timing_paths_synth.rpt             |
| utilization              | impl/verilog/report/rv32_ooo_tick_utilization_synth.rpt              |
| utilization_hierarchical | impl/verilog/report/rv32_ooo_tick_utilization_hierarchical_synth.rpt |
+--------------------------+----------------------------------------------------------------------+


