================================================================
== Vivado Place & Route Results
================================================================
+ General Information:
    * Date:            Wed Jul 22 07:58:35 CST 2026
    * Version:         2024.2 (Build 5238294 on Nov  8 2024)
    * Project:         rv32_ooo_proj
    * Solution:        solution1 (Vivado IP Flow Target)
    * Product family:  zynquplus
    * Target device:   xck26-sfvc784-2LV-c


================================================================
== Run Constraints & Options
================================================================
+ Design Constraints & Options:
    * Place & Route target clock:  10 ns
    * C-Synthesis target clock:    10 ns
    * C-Synthesis uncertainty:     27%

+ RTL Synthesis Options:
    * config_export -vivado_synth_strategy:     default
    * config_export -vivado_synth_design_args:  -directive sdx_optimization_effort_high

+ Place & Route Options:
    * config_export -vivado_impl_strategy:  default
    * config_export -vivado_phys_opt:       auto

+ Reporting Options:
    * config_export -vivado_report_level:      2
    * config_export -vivado_max_timing_paths:  10


================================================================
== Place & Route Resource Summary
================================================================
LUT:              7603
FF:               4829
DSP:              16
BRAM:             21
URAM:             0
SRL:              51


================================================================
== Place & Route Timing Summary
================================================================
* Timing was met
+----------------+-------------+
| Timing         | Period (ns) |
+----------------+-------------+
| Target         | 10.000      |
| Post-Synthesis | 6.564       |
| Post-Route     | 7.430       |
+----------------+-------------+


================================================================
== Place & Route Resources
================================================================
+-------------------------------------------------------------+------+------+-----+------+------+-----+--------+------+---------+----------+--------+
| Name                                                        | LUT  | FF   | DSP | BRAM | URAM | SRL | Pragma | Impl | Latency | Variable | Source |
+-------------------------------------------------------------+------+------+-----+------+------+-----+--------+------+---------+----------+--------+
| inst                                                        | 7603 | 4829 | 16  | 21   |      |     |        |      |         |          |        |
|   (inst)                                                    | 718  | 2325 |     |      |      |     |        |      |         |          |        |
|   control_s_axi_U                                           | 103  | 25   |     |      |      |     |        |      |         |          |        |
|   frat_has_tag_U                                            | 17   |      |     | 1    |      |     |        |      |         |          |        |
|   frat_tag_U                                                | 44   |      |     | 1    |      |     |        |      |         |          |        |
|   fregs_U                                                   | 37   |      |     | 2    |      |     |        |      |         |          |        |
|   grp_fpu_compute_fu_5799                                   | 2918 | 1616 | 5   |      |      |     |        |      |         |          |        |
|     (grp_fpu_compute_fu_5799)                               | 660  | 456  |     |      |      |     |        |      |         |          |        |
|     bitselect_1ns_32ns_32s_1_1_1_U67                        | 9    |      |     |      |      |     |        |      |         |          |        |
|     faddfsub_32ns_32ns_32_4_full_dsp_1_U56                  | 240  | 200  | 2   |      |      |     |        |      |         |          |        |
|     fcmp_32ns_32ns_1_2_no_dsp_1_U61                         | 255  | 68   |     |      |      |     |        |      |         |          |        |
|     fcmp_32ns_32ns_1_2_no_dsp_1_U62                         | 6    |      |     |      |      |     |        |      |         |          |        |
|     fcmp_32ns_32ns_1_2_no_dsp_1_U63                         | 18   | 31   |     |      |      |     |        |      |         |          |        |
|     fcmp_32ns_32ns_1_2_no_dsp_1_U64                         | 34   |      |     |      |      |     |        |      |         |          |        |
|     fdiv_32ns_32ns_32_9_no_dsp_1_U58                        | 779  | 350  |     |      |      |     |        |      |         |          |        |
|     fmul_32ns_32ns_32_3_max_dsp_1_U57                       | 110  | 96   | 3   |      |      |     |        |      |         |          |        |
|     fsqrt_32ns_32ns_32_8_no_dsp_1_U65                       | 416  | 232  |     |      |      |     |        |      |         |          |        |
|     index_table_U                                           | 4    | 5    |     |      |      |     |        |      |         |          |        |
|     mask_table_U                                            | 57   | 23   |     |      |      |     |        |      |         |          |        |
|     one_half_minus_one_table_U                              | 13   | 9    |     |      |      |     |        |      |         |          |        |
|     sitofp_32ns_32_4_no_dsp_1_U60                           | 157  | 84   |     |      |      |     |        |      |         |          |        |
|     uitofp_32ns_32_4_no_dsp_1_U59                           | 164  | 62   |     |      |      |     |        |      |         |          |        |
|   grp_read_operand_fp_fu_5845                               | 205  | 43   |     |      |      |     |        |      |         |          |        |
|   grp_read_operand_fu_5830                                  | 403  | 44   |     |      |      |     |        |      |         |          |        |
|   grp_rv32_ooo_tick_Pipeline_VITIS_LOOP_1129_11_fu_5869     | 38   | 19   |     |      |      |     |        |      |         |          |        |
|     (grp_rv32_ooo_tick_Pipeline_VITIS_LOOP_1129_11_fu_5869) | 2    | 17   |     |      |      |     |        |      |         |          |        |
|     flow_control_loop_pipe_sequential_init_U                | 36   | 2    |     |      |      |     |        |      |         |          |        |
|   grp_rv32_ooo_tick_Pipeline_VITIS_LOOP_575_4_fu_5877       | 31   | 10   |     |      |      |     |        |      |         |          |        |
|     (grp_rv32_ooo_tick_Pipeline_VITIS_LOOP_575_4_fu_5877)   | 1    | 8    |     |      |      |     |        |      |         |          |        |
|     flow_control_loop_pipe_sequential_init_U                | 30   | 2    |     |      |      |     |        |      |         |          |        |
|   grp_rv32_ooo_tick_Pipeline_VITIS_LOOP_579_5_fu_5883       | 38   | 19   |     |      |      |     |        |      |         |          |        |
|     (grp_rv32_ooo_tick_Pipeline_VITIS_LOOP_579_5_fu_5883)   | 7    | 17   |     |      |      |     |        |      |         |          |        |
|     flow_control_loop_pipe_sequential_init_U                | 31   | 2    |     |      |      |     |        |      |         |          |        |
|   grp_rv32_ooo_tick_Pipeline_VITIS_LOOP_872_10_fu_5860      | 40   | 7    |     |      |      |     |        |      |         |          |        |
|     (grp_rv32_ooo_tick_Pipeline_VITIS_LOOP_872_10_fu_5860)  | 36   | 5    |     |      |      |     |        |      |         |          |        |
|     flow_control_loop_pipe_sequential_init_U                | 5    | 2    |     |      |      |     |        |      |         |          |        |
|   mul_32ns_32ns_64_1_1_U116                                 | 193  |      | 4   |      |      |     |        |      |         |          |        |
|   mul_32ns_32s_64_1_1_U117                                  | 106  |      | 2   |      |      |     |        |      |         |          |        |
|   mul_32s_32s_32_1_1_U118                                   | 22   |      | 3   |      |      |     |        |      |         |          |        |
|   mul_32s_32s_64_1_1_U119                                   | 4    |      | 2   |      |      |     |        |      |         |          |        |
|   rat_has_tag_U                                             | 17   |      |     | 1    |      |     |        |      |         |          |        |
|   rat_tag_U                                                 | 30   |      |     | 1    |      |     |        |      |         |          |        |
|   regfile_U                                                 | 12   |      |     | 2    |      |     |        |      |         |          |        |
|   rob_addr_U                                                | 30   |      |     | 1    |      |     |        |      |         |          |        |
|   rob_dest_U                                                | 85   |      |     | 1    |      |     |        |      |         |          |        |
|   rob_dest_is_fp_U                                          | 9    |      |     | 1    |      |     |        |      |         |          |        |
|   rob_is_ecall_U                                            | 8    | 1    |     |      |      |     |        |      |         |          |        |
|   rob_is_store_U                                            | 11   |      |     | 1    |      |     |        |      |         |          |        |
|   rob_mem_f3_U                                              | 9    |      |     | 1    |      |     |        |      |         |          |        |
|   rob_ready_U                                               | 51   |      |     | 1    |      |     |        |      |         |          |        |
|   rob_sdata_U                                               | 111  |      |     | 2    |      |     |        |      |         |          |        |
|   rob_valid_U                                               | 76   |      |     | 1    |      |     |        |      |         |          |        |
|   rob_value_U                                               | 1029 |      |     | 2    |      |     |        |      |         |          |        |
|   sdiv_32s_32s_32_36_seq_1_U124                             | 154  | 164  |     |      |      |     |        |      |         |          |        |
|   srem_32s_32s_32_36_seq_1_U122                             | 332  | 229  |     |      |      |     |        |      |         |          |        |
|   udiv_32s_32s_32_36_seq_1_U123                             | 219  | 163  |     |      |      |     |        |      |         |          |        |
|   urem_32s_32s_32_36_seq_1_U125                             | 257  | 164  |     |      |      |     |        |      |         |          |        |
|   vregs_U                                                   | 296  |      |     | 2    |      |     |        |      |         |          |        |
+-------------------------------------------------------------+------+------+-----+------+------+-----+--------+------+---------+----------+--------+


================================================================
== Place & Route Fail Fast
================================================================
+-----------------------------------------------------------+-----------+--------+--------+
| Criteria                                                  | Guideline | Actual | Status |
+-----------------------------------------------------------+-----------+--------+--------+
| LUT                                                       | 70%       | 6.49%  | OK     |
| FD                                                        | 50%       | 2.06%  | OK     |
| LUTRAM+SRL                                                | 25%       | 0.09%  | OK     |
| CARRY8                                                    | 25%       | 2.42%  | OK     |
| MUXF7                                                     | 15%       | 0.08%  | OK     |
| DSP                                                       | 80%       | 1.28%  | OK     |
| RAMB/FIFO                                                 | 80%       | 7.29%  | OK     |
| URAM                                                      | 80%       | 0.00%  | OK     |
| DSP+RAMB+URAM (Avg)                                       | 70%       | 4.29%  | OK     |
| BUFGCE* + BUFGCTRL                                        | 24        | 0      | OK     |
| DONT_TOUCH (cells/nets)                                   | 0         | 0      | OK     |
| MARK_DEBUG (nets)                                         | 0         | 0      | OK     |
| Control Sets                                              | 2196      | 181    | OK     |
| Average Fanout for modules > 100k cells                   | 4         | 2.00   | OK     |
| Max Average Fanout for modules > 100k cells               | 4         | 0      | OK     |
| Non-FD high fanout nets > 10k loads                       | 0         | 0      | OK     |
+-----------------------------------------------------------+-----------+--------+--------+
| TIMING-6 (No common primary clock between related clocks) | 0         | 0      | OK     |
| TIMING-7 (No common node between related clocks)          | 0         | 0      | OK     |
| TIMING-8 (No common period between related clocks)        | 0         | 0      | OK     |
| TIMING-14 (LUT on the clock tree)                         | 0         | 0      | OK     |
| TIMING-35 (No common node in paths with the same clock)   | 0         | 0      | OK     |
+-----------------------------------------------------------+-----------+--------+--------+
| Number of paths above max LUT budgeting (0.391ns)         | 0         | 0      | OK     |
| Number of paths above max Net budgeting (0.263ns)         | 0         | 0      | OK     |
+-----------------------------------------------------------+-----------+--------+--------+


================================================================
== Place & Route Timing Paths
================================================================
* Timing was met
+-------+-------+----------------------------------+------------------------------------+--------------+------------+----------------+----------------+--------------+
| Path  | SLACK | STARTPOINT PIN                   | ENDPOINT PIN                       | LOGIC LEVELS | MAX FANOUT | DATAPATH DELAY | DATAPATH LOGIC | DATAPATH NET |
|       |       |                                  |                                    |              |            |                |          DELAY |        DELAY |
+-------+-------+----------------------------------+------------------------------------+--------------+------------+----------------+----------------+--------------+
| Path1 | 2.570 | vregs_U/ram_reg_bram_0/CLKARDCLK | r_1_2_i173_reg_11132_reg[29]/D     |           13 |          5 |          7.361 |          5.129 |        2.232 |
| Path2 | 2.578 | vregs_U/ram_reg_bram_0/CLKARDCLK | r_3_reg_11137_reg[29]/D            |           13 |          5 |          7.353 |          5.129 |        2.224 |
| Path3 | 2.590 | vregs_U/ram_reg_bram_0/CLKARDCLK | r_1_i163165171_reg_11102_reg[29]/D |           13 |          5 |          7.343 |          5.129 |        2.214 |
| Path4 | 2.591 | vregs_U/ram_reg_bram_0/CLKARDCLK | r_1_1_i167169_reg_11117_reg[29]/D  |           13 |          5 |          7.342 |          5.129 |        2.213 |
| Path5 | 2.617 | vregs_U/ram_reg_bram_0/CLKARDCLK | r_1_1_i167169_reg_11117_reg[27]/D  |           13 |          5 |          7.318 |          5.153 |        2.165 |
+-------+-------+----------------------------------+------------------------------------+--------------+------------+----------------+----------------+--------------+

    +-------------------------------------------------------------+------------------------+
    | Path1 Cells                                                 | Primitive Type         |
    +-------------------------------------------------------------+------------------------+
    | vregs_U/ram_reg_bram_0                                      | BLOCKRAM.BRAM.RAMB36E2 |
    | vregs_U/tmp_product_i_16                                    | CLB.LUT.LUT6           |
    | mul_32s_32s_32_1_1_U118/tmp_product__0/DSP_A_B_DATA_INST    | ARITHMETIC.DSP.DSP48E2 |
    | mul_32s_32s_32_1_1_U118/tmp_product__0/DSP_PREADD_DATA_INST | ARITHMETIC.DSP.DSP48E2 |
    | mul_32s_32s_32_1_1_U118/tmp_product__0/DSP_MULTIPLIER_INST  | ARITHMETIC.DSP.DSP48E2 |
    | mul_32s_32s_32_1_1_U118/tmp_product__0/DSP_M_DATA_INST      | ARITHMETIC.DSP.DSP48E2 |
    | mul_32s_32s_32_1_1_U118/tmp_product__0/DSP_ALU_INST         | ARITHMETIC.DSP.DSP48E2 |
    | mul_32s_32s_32_1_1_U118/tmp_product__0/DSP_OUTPUT_INST      | ARITHMETIC.DSP.DSP48E2 |
    | mul_32s_32s_32_1_1_U118/tmp_product__1/DSP_ALU_INST         | ARITHMETIC.DSP.DSP48E2 |
    | mul_32s_32s_32_1_1_U118/tmp_product__1/DSP_OUTPUT_INST      | ARITHMETIC.DSP.DSP48E2 |
    | mul_32s_32s_32_1_1_U118/tmp_product_carry_i_3               | CLB.LUT.LUT2           |
    | mul_32s_32s_32_1_1_U118/tmp_product_carry                   | CLB.CARRY.CARRY8       |
    | mul_32s_32s_32_1_1_U118/tmp_product_carry__0                | CLB.CARRY.CARRY8       |
    | vregs_U/r_3_reg_11137[29]_i_1                               | CLB.LUT.LUT5           |
    | r_1_2_i173_reg_11132_reg[29]                                | REGISTER.SDR.FDRE      |
    | vregs_U/ram_reg_bram_0                                      | BLOCKRAM.BRAM.RAMB36E2 |
    | vregs_U/tmp_product_i_16                                    | CLB.LUT.LUT6           |
    | mul_32s_32s_32_1_1_U118/tmp_product__0/DSP_A_B_DATA_INST    | ARITHMETIC.DSP.DSP48E2 |
    | mul_32s_32s_32_1_1_U118/tmp_product__0/DSP_PREADD_DATA_INST | ARITHMETIC.DSP.DSP48E2 |
    | mul_32s_32s_32_1_1_U118/tmp_product__0/DSP_MULTIPLIER_INST  | ARITHMETIC.DSP.DSP48E2 |
    | mul_32s_32s_32_1_1_U118/tmp_product__0/DSP_M_DATA_INST      | ARITHMETIC.DSP.DSP48E2 |
    | mul_32s_32s_32_1_1_U118/tmp_product__0/DSP_ALU_INST         | ARITHMETIC.DSP.DSP48E2 |
    | mul_32s_32s_32_1_1_U118/tmp_product__0/DSP_OUTPUT_INST      | ARITHMETIC.DSP.DSP48E2 |
    | mul_32s_32s_32_1_1_U118/tmp_product__1/DSP_ALU_INST         | ARITHMETIC.DSP.DSP48E2 |
    | mul_32s_32s_32_1_1_U118/tmp_product__1/DSP_OUTPUT_INST      | ARITHMETIC.DSP.DSP48E2 |
    | mul_32s_32s_32_1_1_U118/tmp_product_carry_i_3               | CLB.LUT.LUT2           |
    | mul_32s_32s_32_1_1_U118/tmp_product_carry                   | CLB.CARRY.CARRY8       |
    | mul_32s_32s_32_1_1_U118/tmp_product_carry__0                | CLB.CARRY.CARRY8       |
    | vregs_U/r_3_reg_11137[29]_i_1                               | CLB.LUT.LUT5           |
    | r_3_reg_11137_reg[29]                                       | REGISTER.SDR.FDRE      |
    | vregs_U/ram_reg_bram_0                                      | BLOCKRAM.BRAM.RAMB36E2 |
    | vregs_U/tmp_product_i_16                                    | CLB.LUT.LUT6           |
    | mul_32s_32s_32_1_1_U118/tmp_product__0/DSP_A_B_DATA_INST    | ARITHMETIC.DSP.DSP48E2 |
    | mul_32s_32s_32_1_1_U118/tmp_product__0/DSP_PREADD_DATA_INST | ARITHMETIC.DSP.DSP48E2 |
    | mul_32s_32s_32_1_1_U118/tmp_product__0/DSP_MULTIPLIER_INST  | ARITHMETIC.DSP.DSP48E2 |
    | mul_32s_32s_32_1_1_U118/tmp_product__0/DSP_M_DATA_INST      | ARITHMETIC.DSP.DSP48E2 |
    | mul_32s_32s_32_1_1_U118/tmp_product__0/DSP_ALU_INST         | ARITHMETIC.DSP.DSP48E2 |
    | mul_32s_32s_32_1_1_U118/tmp_product__0/DSP_OUTPUT_INST      | ARITHMETIC.DSP.DSP48E2 |
    | mul_32s_32s_32_1_1_U118/tmp_product__1/DSP_ALU_INST         | ARITHMETIC.DSP.DSP48E2 |
    | mul_32s_32s_32_1_1_U118/tmp_product__1/DSP_OUTPUT_INST      | ARITHMETIC.DSP.DSP48E2 |
    | mul_32s_32s_32_1_1_U118/tmp_product_carry_i_3               | CLB.LUT.LUT2           |
    | mul_32s_32s_32_1_1_U118/tmp_product_carry                   | CLB.CARRY.CARRY8       |
    | mul_32s_32s_32_1_1_U118/tmp_product_carry__0                | CLB.CARRY.CARRY8       |
    | vregs_U/r_3_reg_11137[29]_i_1                               | CLB.LUT.LUT5           |
    | r_1_i163165171_reg_11102_reg[29]                            | REGISTER.SDR.FDRE      |
    | vregs_U/ram_reg_bram_0                                      | BLOCKRAM.BRAM.RAMB36E2 |
    | vregs_U/tmp_product_i_16                                    | CLB.LUT.LUT6           |
    | mul_32s_32s_32_1_1_U118/tmp_product__0/DSP_A_B_DATA_INST    | ARITHMETIC.DSP.DSP48E2 |
    | mul_32s_32s_32_1_1_U118/tmp_product__0/DSP_PREADD_DATA_INST | ARITHMETIC.DSP.DSP48E2 |
    | mul_32s_32s_32_1_1_U118/tmp_product__0/DSP_MULTIPLIER_INST  | ARITHMETIC.DSP.DSP48E2 |
    | mul_32s_32s_32_1_1_U118/tmp_product__0/DSP_M_DATA_INST      | ARITHMETIC.DSP.DSP48E2 |
    | mul_32s_32s_32_1_1_U118/tmp_product__0/DSP_ALU_INST         | ARITHMETIC.DSP.DSP48E2 |
    | mul_32s_32s_32_1_1_U118/tmp_product__0/DSP_OUTPUT_INST      | ARITHMETIC.DSP.DSP48E2 |
    | mul_32s_32s_32_1_1_U118/tmp_product__1/DSP_ALU_INST         | ARITHMETIC.DSP.DSP48E2 |
    | mul_32s_32s_32_1_1_U118/tmp_product__1/DSP_OUTPUT_INST      | ARITHMETIC.DSP.DSP48E2 |
    | mul_32s_32s_32_1_1_U118/tmp_product_carry_i_3               | CLB.LUT.LUT2           |
    | mul_32s_32s_32_1_1_U118/tmp_product_carry                   | CLB.CARRY.CARRY8       |
    | mul_32s_32s_32_1_1_U118/tmp_product_carry__0                | CLB.CARRY.CARRY8       |
    | vregs_U/r_3_reg_11137[29]_i_1                               | CLB.LUT.LUT5           |
    | r_1_1_i167169_reg_11117_reg[29]                             | REGISTER.SDR.FDRE      |
    | vregs_U/ram_reg_bram_0                                      | BLOCKRAM.BRAM.RAMB36E2 |
    | vregs_U/tmp_product_i_16                                    | CLB.LUT.LUT6           |
    | mul_32s_32s_32_1_1_U118/tmp_product__0/DSP_A_B_DATA_INST    | ARITHMETIC.DSP.DSP48E2 |
    | mul_32s_32s_32_1_1_U118/tmp_product__0/DSP_PREADD_DATA_INST | ARITHMETIC.DSP.DSP48E2 |
    | mul_32s_32s_32_1_1_U118/tmp_product__0/DSP_MULTIPLIER_INST  | ARITHMETIC.DSP.DSP48E2 |
    | mul_32s_32s_32_1_1_U118/tmp_product__0/DSP_M_DATA_INST      | ARITHMETIC.DSP.DSP48E2 |
    | mul_32s_32s_32_1_1_U118/tmp_product__0/DSP_ALU_INST         | ARITHMETIC.DSP.DSP48E2 |
    | mul_32s_32s_32_1_1_U118/tmp_product__0/DSP_OUTPUT_INST      | ARITHMETIC.DSP.DSP48E2 |
    | mul_32s_32s_32_1_1_U118/tmp_product__1/DSP_ALU_INST         | ARITHMETIC.DSP.DSP48E2 |
    | mul_32s_32s_32_1_1_U118/tmp_product__1/DSP_OUTPUT_INST      | ARITHMETIC.DSP.DSP48E2 |
    | mul_32s_32s_32_1_1_U118/tmp_product_carry_i_3               | CLB.LUT.LUT2           |
    | mul_32s_32s_32_1_1_U118/tmp_product_carry                   | CLB.CARRY.CARRY8       |
    | mul_32s_32s_32_1_1_U118/tmp_product_carry__0                | CLB.CARRY.CARRY8       |
    | vregs_U/r_3_reg_11137[27]_i_1                               | CLB.LUT.LUT5           |
    | r_1_1_i167169_reg_11117_reg[27]                             | REGISTER.SDR.FDRE      |
    +-------------------------------------------------------------+------------------------+

    +-------------------------------------------------------------+------------------------+
    | Path2 Cells                                                 | Primitive Type         |
    +-------------------------------------------------------------+------------------------+
    | vregs_U/ram_reg_bram_0                                      | BLOCKRAM.BRAM.RAMB36E2 |
    | vregs_U/tmp_product_i_16                                    | CLB.LUT.LUT6           |
    | mul_32s_32s_32_1_1_U118/tmp_product__0/DSP_A_B_DATA_INST    | ARITHMETIC.DSP.DSP48E2 |
    | mul_32s_32s_32_1_1_U118/tmp_product__0/DSP_PREADD_DATA_INST | ARITHMETIC.DSP.DSP48E2 |
    | mul_32s_32s_32_1_1_U118/tmp_product__0/DSP_MULTIPLIER_INST  | ARITHMETIC.DSP.DSP48E2 |
    | mul_32s_32s_32_1_1_U118/tmp_product__0/DSP_M_DATA_INST      | ARITHMETIC.DSP.DSP48E2 |
    | mul_32s_32s_32_1_1_U118/tmp_product__0/DSP_ALU_INST         | ARITHMETIC.DSP.DSP48E2 |
    | mul_32s_32s_32_1_1_U118/tmp_product__0/DSP_OUTPUT_INST      | ARITHMETIC.DSP.DSP48E2 |
    | mul_32s_32s_32_1_1_U118/tmp_product__1/DSP_ALU_INST         | ARITHMETIC.DSP.DSP48E2 |
    | mul_32s_32s_32_1_1_U118/tmp_product__1/DSP_OUTPUT_INST      | ARITHMETIC.DSP.DSP48E2 |
    | mul_32s_32s_32_1_1_U118/tmp_product_carry_i_3               | CLB.LUT.LUT2           |
    | mul_32s_32s_32_1_1_U118/tmp_product_carry                   | CLB.CARRY.CARRY8       |
    | mul_32s_32s_32_1_1_U118/tmp_product_carry__0                | CLB.CARRY.CARRY8       |
    | vregs_U/r_3_reg_11137[29]_i_1                               | CLB.LUT.LUT5           |
    | r_1_2_i173_reg_11132_reg[29]                                | REGISTER.SDR.FDRE      |
    | vregs_U/ram_reg_bram_0                                      | BLOCKRAM.BRAM.RAMB36E2 |
    | vregs_U/tmp_product_i_16                                    | CLB.LUT.LUT6           |
    | mul_32s_32s_32_1_1_U118/tmp_product__0/DSP_A_B_DATA_INST    | ARITHMETIC.DSP.DSP48E2 |
    | mul_32s_32s_32_1_1_U118/tmp_product__0/DSP_PREADD_DATA_INST | ARITHMETIC.DSP.DSP48E2 |
    | mul_32s_32s_32_1_1_U118/tmp_product__0/DSP_MULTIPLIER_INST  | ARITHMETIC.DSP.DSP48E2 |
    | mul_32s_32s_32_1_1_U118/tmp_product__0/DSP_M_DATA_INST      | ARITHMETIC.DSP.DSP48E2 |
    | mul_32s_32s_32_1_1_U118/tmp_product__0/DSP_ALU_INST         | ARITHMETIC.DSP.DSP48E2 |
    | mul_32s_32s_32_1_1_U118/tmp_product__0/DSP_OUTPUT_INST      | ARITHMETIC.DSP.DSP48E2 |
    | mul_32s_32s_32_1_1_U118/tmp_product__1/DSP_ALU_INST         | ARITHMETIC.DSP.DSP48E2 |
    | mul_32s_32s_32_1_1_U118/tmp_product__1/DSP_OUTPUT_INST      | ARITHMETIC.DSP.DSP48E2 |
    | mul_32s_32s_32_1_1_U118/tmp_product_carry_i_3               | CLB.LUT.LUT2           |
    | mul_32s_32s_32_1_1_U118/tmp_product_carry                   | CLB.CARRY.CARRY8       |
    | mul_32s_32s_32_1_1_U118/tmp_product_carry__0                | CLB.CARRY.CARRY8       |
    | vregs_U/r_3_reg_11137[29]_i_1                               | CLB.LUT.LUT5           |
    | r_3_reg_11137_reg[29]                                       | REGISTER.SDR.FDRE      |
    | vregs_U/ram_reg_bram_0                                      | BLOCKRAM.BRAM.RAMB36E2 |
    | vregs_U/tmp_product_i_16                                    | CLB.LUT.LUT6           |
    | mul_32s_32s_32_1_1_U118/tmp_product__0/DSP_A_B_DATA_INST    | ARITHMETIC.DSP.DSP48E2 |
    | mul_32s_32s_32_1_1_U118/tmp_product__0/DSP_PREADD_DATA_INST | ARITHMETIC.DSP.DSP48E2 |
    | mul_32s_32s_32_1_1_U118/tmp_product__0/DSP_MULTIPLIER_INST  | ARITHMETIC.DSP.DSP48E2 |
    | mul_32s_32s_32_1_1_U118/tmp_product__0/DSP_M_DATA_INST      | ARITHMETIC.DSP.DSP48E2 |
    | mul_32s_32s_32_1_1_U118/tmp_product__0/DSP_ALU_INST         | ARITHMETIC.DSP.DSP48E2 |
    | mul_32s_32s_32_1_1_U118/tmp_product__0/DSP_OUTPUT_INST      | ARITHMETIC.DSP.DSP48E2 |
    | mul_32s_32s_32_1_1_U118/tmp_product__1/DSP_ALU_INST         | ARITHMETIC.DSP.DSP48E2 |
    | mul_32s_32s_32_1_1_U118/tmp_product__1/DSP_OUTPUT_INST      | ARITHMETIC.DSP.DSP48E2 |
    | mul_32s_32s_32_1_1_U118/tmp_product_carry_i_3               | CLB.LUT.LUT2           |
    | mul_32s_32s_32_1_1_U118/tmp_product_carry                   | CLB.CARRY.CARRY8       |
    | mul_32s_32s_32_1_1_U118/tmp_product_carry__0                | CLB.CARRY.CARRY8       |
    | vregs_U/r_3_reg_11137[29]_i_1                               | CLB.LUT.LUT5           |
    | r_1_i163165171_reg_11102_reg[29]                            | REGISTER.SDR.FDRE      |
    | vregs_U/ram_reg_bram_0                                      | BLOCKRAM.BRAM.RAMB36E2 |
    | vregs_U/tmp_product_i_16                                    | CLB.LUT.LUT6           |
    | mul_32s_32s_32_1_1_U118/tmp_product__0/DSP_A_B_DATA_INST    | ARITHMETIC.DSP.DSP48E2 |
    | mul_32s_32s_32_1_1_U118/tmp_product__0/DSP_PREADD_DATA_INST | ARITHMETIC.DSP.DSP48E2 |
    | mul_32s_32s_32_1_1_U118/tmp_product__0/DSP_MULTIPLIER_INST  | ARITHMETIC.DSP.DSP48E2 |
    | mul_32s_32s_32_1_1_U118/tmp_product__0/DSP_M_DATA_INST      | ARITHMETIC.DSP.DSP48E2 |
    | mul_32s_32s_32_1_1_U118/tmp_product__0/DSP_ALU_INST         | ARITHMETIC.DSP.DSP48E2 |
    | mul_32s_32s_32_1_1_U118/tmp_product__0/DSP_OUTPUT_INST      | ARITHMETIC.DSP.DSP48E2 |
    | mul_32s_32s_32_1_1_U118/tmp_product__1/DSP_ALU_INST         | ARITHMETIC.DSP.DSP48E2 |
    | mul_32s_32s_32_1_1_U118/tmp_product__1/DSP_OUTPUT_INST      | ARITHMETIC.DSP.DSP48E2 |
    | mul_32s_32s_32_1_1_U118/tmp_product_carry_i_3               | CLB.LUT.LUT2           |
    | mul_32s_32s_32_1_1_U118/tmp_product_carry                   | CLB.CARRY.CARRY8       |
    | mul_32s_32s_32_1_1_U118/tmp_product_carry__0                | CLB.CARRY.CARRY8       |
    | vregs_U/r_3_reg_11137[29]_i_1                               | CLB.LUT.LUT5           |
    | r_1_1_i167169_reg_11117_reg[29]                             | REGISTER.SDR.FDRE      |
    | vregs_U/ram_reg_bram_0                                      | BLOCKRAM.BRAM.RAMB36E2 |
    | vregs_U/tmp_product_i_16                                    | CLB.LUT.LUT6           |
    | mul_32s_32s_32_1_1_U118/tmp_product__0/DSP_A_B_DATA_INST    | ARITHMETIC.DSP.DSP48E2 |
    | mul_32s_32s_32_1_1_U118/tmp_product__0/DSP_PREADD_DATA_INST | ARITHMETIC.DSP.DSP48E2 |
    | mul_32s_32s_32_1_1_U118/tmp_product__0/DSP_MULTIPLIER_INST  | ARITHMETIC.DSP.DSP48E2 |
    | mul_32s_32s_32_1_1_U118/tmp_product__0/DSP_M_DATA_INST      | ARITHMETIC.DSP.DSP48E2 |
    | mul_32s_32s_32_1_1_U118/tmp_product__0/DSP_ALU_INST         | ARITHMETIC.DSP.DSP48E2 |
    | mul_32s_32s_32_1_1_U118/tmp_product__0/DSP_OUTPUT_INST      | ARITHMETIC.DSP.DSP48E2 |
    | mul_32s_32s_32_1_1_U118/tmp_product__1/DSP_ALU_INST         | ARITHMETIC.DSP.DSP48E2 |
    | mul_32s_32s_32_1_1_U118/tmp_product__1/DSP_OUTPUT_INST      | ARITHMETIC.DSP.DSP48E2 |
    | mul_32s_32s_32_1_1_U118/tmp_product_carry_i_3               | CLB.LUT.LUT2           |
    | mul_32s_32s_32_1_1_U118/tmp_product_carry                   | CLB.CARRY.CARRY8       |
    | mul_32s_32s_32_1_1_U118/tmp_product_carry__0                | CLB.CARRY.CARRY8       |
    | vregs_U/r_3_reg_11137[27]_i_1                               | CLB.LUT.LUT5           |
    | r_1_1_i167169_reg_11117_reg[27]                             | REGISTER.SDR.FDRE      |
    +-------------------------------------------------------------+------------------------+

    +-------------------------------------------------------------+------------------------+
    | Path3 Cells                                                 | Primitive Type         |
    +-------------------------------------------------------------+------------------------+
    | vregs_U/ram_reg_bram_0                                      | BLOCKRAM.BRAM.RAMB36E2 |
    | vregs_U/tmp_product_i_16                                    | CLB.LUT.LUT6           |
    | mul_32s_32s_32_1_1_U118/tmp_product__0/DSP_A_B_DATA_INST    | ARITHMETIC.DSP.DSP48E2 |
    | mul_32s_32s_32_1_1_U118/tmp_product__0/DSP_PREADD_DATA_INST | ARITHMETIC.DSP.DSP48E2 |
    | mul_32s_32s_32_1_1_U118/tmp_product__0/DSP_MULTIPLIER_INST  | ARITHMETIC.DSP.DSP48E2 |
    | mul_32s_32s_32_1_1_U118/tmp_product__0/DSP_M_DATA_INST      | ARITHMETIC.DSP.DSP48E2 |
    | mul_32s_32s_32_1_1_U118/tmp_product__0/DSP_ALU_INST         | ARITHMETIC.DSP.DSP48E2 |
    | mul_32s_32s_32_1_1_U118/tmp_product__0/DSP_OUTPUT_INST      | ARITHMETIC.DSP.DSP48E2 |
    | mul_32s_32s_32_1_1_U118/tmp_product__1/DSP_ALU_INST         | ARITHMETIC.DSP.DSP48E2 |
    | mul_32s_32s_32_1_1_U118/tmp_product__1/DSP_OUTPUT_INST      | ARITHMETIC.DSP.DSP48E2 |
    | mul_32s_32s_32_1_1_U118/tmp_product_carry_i_3               | CLB.LUT.LUT2           |
    | mul_32s_32s_32_1_1_U118/tmp_product_carry                   | CLB.CARRY.CARRY8       |
    | mul_32s_32s_32_1_1_U118/tmp_product_carry__0                | CLB.CARRY.CARRY8       |
    | vregs_U/r_3_reg_11137[29]_i_1                               | CLB.LUT.LUT5           |
    | r_1_2_i173_reg_11132_reg[29]                                | REGISTER.SDR.FDRE      |
    | vregs_U/ram_reg_bram_0                                      | BLOCKRAM.BRAM.RAMB36E2 |
    | vregs_U/tmp_product_i_16                                    | CLB.LUT.LUT6           |
    | mul_32s_32s_32_1_1_U118/tmp_product__0/DSP_A_B_DATA_INST    | ARITHMETIC.DSP.DSP48E2 |
    | mul_32s_32s_32_1_1_U118/tmp_product__0/DSP_PREADD_DATA_INST | ARITHMETIC.DSP.DSP48E2 |
    | mul_32s_32s_32_1_1_U118/tmp_product__0/DSP_MULTIPLIER_INST  | ARITHMETIC.DSP.DSP48E2 |
    | mul_32s_32s_32_1_1_U118/tmp_product__0/DSP_M_DATA_INST      | ARITHMETIC.DSP.DSP48E2 |
    | mul_32s_32s_32_1_1_U118/tmp_product__0/DSP_ALU_INST         | ARITHMETIC.DSP.DSP48E2 |
    | mul_32s_32s_32_1_1_U118/tmp_product__0/DSP_OUTPUT_INST      | ARITHMETIC.DSP.DSP48E2 |
    | mul_32s_32s_32_1_1_U118/tmp_product__1/DSP_ALU_INST         | ARITHMETIC.DSP.DSP48E2 |
    | mul_32s_32s_32_1_1_U118/tmp_product__1/DSP_OUTPUT_INST      | ARITHMETIC.DSP.DSP48E2 |
    | mul_32s_32s_32_1_1_U118/tmp_product_carry_i_3               | CLB.LUT.LUT2           |
    | mul_32s_32s_32_1_1_U118/tmp_product_carry                   | CLB.CARRY.CARRY8       |
    | mul_32s_32s_32_1_1_U118/tmp_product_carry__0                | CLB.CARRY.CARRY8       |
    | vregs_U/r_3_reg_11137[29]_i_1                               | CLB.LUT.LUT5           |
    | r_3_reg_11137_reg[29]                                       | REGISTER.SDR.FDRE      |
    | vregs_U/ram_reg_bram_0                                      | BLOCKRAM.BRAM.RAMB36E2 |
    | vregs_U/tmp_product_i_16                                    | CLB.LUT.LUT6           |
    | mul_32s_32s_32_1_1_U118/tmp_product__0/DSP_A_B_DATA_INST    | ARITHMETIC.DSP.DSP48E2 |
    | mul_32s_32s_32_1_1_U118/tmp_product__0/DSP_PREADD_DATA_INST | ARITHMETIC.DSP.DSP48E2 |
    | mul_32s_32s_32_1_1_U118/tmp_product__0/DSP_MULTIPLIER_INST  | ARITHMETIC.DSP.DSP48E2 |
    | mul_32s_32s_32_1_1_U118/tmp_product__0/DSP_M_DATA_INST      | ARITHMETIC.DSP.DSP48E2 |
    | mul_32s_32s_32_1_1_U118/tmp_product__0/DSP_ALU_INST         | ARITHMETIC.DSP.DSP48E2 |
    | mul_32s_32s_32_1_1_U118/tmp_product__0/DSP_OUTPUT_INST      | ARITHMETIC.DSP.DSP48E2 |
    | mul_32s_32s_32_1_1_U118/tmp_product__1/DSP_ALU_INST         | ARITHMETIC.DSP.DSP48E2 |
    | mul_32s_32s_32_1_1_U118/tmp_product__1/DSP_OUTPUT_INST      | ARITHMETIC.DSP.DSP48E2 |
    | mul_32s_32s_32_1_1_U118/tmp_product_carry_i_3               | CLB.LUT.LUT2           |
    | mul_32s_32s_32_1_1_U118/tmp_product_carry                   | CLB.CARRY.CARRY8       |
    | mul_32s_32s_32_1_1_U118/tmp_product_carry__0                | CLB.CARRY.CARRY8       |
    | vregs_U/r_3_reg_11137[29]_i_1                               | CLB.LUT.LUT5           |
    | r_1_i163165171_reg_11102_reg[29]                            | REGISTER.SDR.FDRE      |
    | vregs_U/ram_reg_bram_0                                      | BLOCKRAM.BRAM.RAMB36E2 |
    | vregs_U/tmp_product_i_16                                    | CLB.LUT.LUT6           |
    | mul_32s_32s_32_1_1_U118/tmp_product__0/DSP_A_B_DATA_INST    | ARITHMETIC.DSP.DSP48E2 |
    | mul_32s_32s_32_1_1_U118/tmp_product__0/DSP_PREADD_DATA_INST | ARITHMETIC.DSP.DSP48E2 |
    | mul_32s_32s_32_1_1_U118/tmp_product__0/DSP_MULTIPLIER_INST  | ARITHMETIC.DSP.DSP48E2 |
    | mul_32s_32s_32_1_1_U118/tmp_product__0/DSP_M_DATA_INST      | ARITHMETIC.DSP.DSP48E2 |
    | mul_32s_32s_32_1_1_U118/tmp_product__0/DSP_ALU_INST         | ARITHMETIC.DSP.DSP48E2 |
    | mul_32s_32s_32_1_1_U118/tmp_product__0/DSP_OUTPUT_INST      | ARITHMETIC.DSP.DSP48E2 |
    | mul_32s_32s_32_1_1_U118/tmp_product__1/DSP_ALU_INST         | ARITHMETIC.DSP.DSP48E2 |
    | mul_32s_32s_32_1_1_U118/tmp_product__1/DSP_OUTPUT_INST      | ARITHMETIC.DSP.DSP48E2 |
    | mul_32s_32s_32_1_1_U118/tmp_product_carry_i_3               | CLB.LUT.LUT2           |
    | mul_32s_32s_32_1_1_U118/tmp_product_carry                   | CLB.CARRY.CARRY8       |
    | mul_32s_32s_32_1_1_U118/tmp_product_carry__0                | CLB.CARRY.CARRY8       |
    | vregs_U/r_3_reg_11137[29]_i_1                               | CLB.LUT.LUT5           |
    | r_1_1_i167169_reg_11117_reg[29]                             | REGISTER.SDR.FDRE      |
    | vregs_U/ram_reg_bram_0                                      | BLOCKRAM.BRAM.RAMB36E2 |
    | vregs_U/tmp_product_i_16                                    | CLB.LUT.LUT6           |
    | mul_32s_32s_32_1_1_U118/tmp_product__0/DSP_A_B_DATA_INST    | ARITHMETIC.DSP.DSP48E2 |
    | mul_32s_32s_32_1_1_U118/tmp_product__0/DSP_PREADD_DATA_INST | ARITHMETIC.DSP.DSP48E2 |
    | mul_32s_32s_32_1_1_U118/tmp_product__0/DSP_MULTIPLIER_INST  | ARITHMETIC.DSP.DSP48E2 |
    | mul_32s_32s_32_1_1_U118/tmp_product__0/DSP_M_DATA_INST      | ARITHMETIC.DSP.DSP48E2 |
    | mul_32s_32s_32_1_1_U118/tmp_product__0/DSP_ALU_INST         | ARITHMETIC.DSP.DSP48E2 |
    | mul_32s_32s_32_1_1_U118/tmp_product__0/DSP_OUTPUT_INST      | ARITHMETIC.DSP.DSP48E2 |
    | mul_32s_32s_32_1_1_U118/tmp_product__1/DSP_ALU_INST         | ARITHMETIC.DSP.DSP48E2 |
    | mul_32s_32s_32_1_1_U118/tmp_product__1/DSP_OUTPUT_INST      | ARITHMETIC.DSP.DSP48E2 |
    | mul_32s_32s_32_1_1_U118/tmp_product_carry_i_3               | CLB.LUT.LUT2           |
    | mul_32s_32s_32_1_1_U118/tmp_product_carry                   | CLB.CARRY.CARRY8       |
    | mul_32s_32s_32_1_1_U118/tmp_product_carry__0                | CLB.CARRY.CARRY8       |
    | vregs_U/r_3_reg_11137[27]_i_1                               | CLB.LUT.LUT5           |
    | r_1_1_i167169_reg_11117_reg[27]                             | REGISTER.SDR.FDRE      |
    +-------------------------------------------------------------+------------------------+

    +-------------------------------------------------------------+------------------------+
    | Path4 Cells                                                 | Primitive Type         |
    +-------------------------------------------------------------+------------------------+
    | vregs_U/ram_reg_bram_0                                      | BLOCKRAM.BRAM.RAMB36E2 |
    | vregs_U/tmp_product_i_16                                    | CLB.LUT.LUT6           |
    | mul_32s_32s_32_1_1_U118/tmp_product__0/DSP_A_B_DATA_INST    | ARITHMETIC.DSP.DSP48E2 |
    | mul_32s_32s_32_1_1_U118/tmp_product__0/DSP_PREADD_DATA_INST | ARITHMETIC.DSP.DSP48E2 |
    | mul_32s_32s_32_1_1_U118/tmp_product__0/DSP_MULTIPLIER_INST  | ARITHMETIC.DSP.DSP48E2 |
    | mul_32s_32s_32_1_1_U118/tmp_product__0/DSP_M_DATA_INST      | ARITHMETIC.DSP.DSP48E2 |
    | mul_32s_32s_32_1_1_U118/tmp_product__0/DSP_ALU_INST         | ARITHMETIC.DSP.DSP48E2 |
    | mul_32s_32s_32_1_1_U118/tmp_product__0/DSP_OUTPUT_INST      | ARITHMETIC.DSP.DSP48E2 |
    | mul_32s_32s_32_1_1_U118/tmp_product__1/DSP_ALU_INST         | ARITHMETIC.DSP.DSP48E2 |
    | mul_32s_32s_32_1_1_U118/tmp_product__1/DSP_OUTPUT_INST      | ARITHMETIC.DSP.DSP48E2 |
    | mul_32s_32s_32_1_1_U118/tmp_product_carry_i_3               | CLB.LUT.LUT2           |
    | mul_32s_32s_32_1_1_U118/tmp_product_carry                   | CLB.CARRY.CARRY8       |
    | mul_32s_32s_32_1_1_U118/tmp_product_carry__0                | CLB.CARRY.CARRY8       |
    | vregs_U/r_3_reg_11137[29]_i_1                               | CLB.LUT.LUT5           |
    | r_1_2_i173_reg_11132_reg[29]                                | REGISTER.SDR.FDRE      |
    | vregs_U/ram_reg_bram_0                                      | BLOCKRAM.BRAM.RAMB36E2 |
    | vregs_U/tmp_product_i_16                                    | CLB.LUT.LUT6           |
    | mul_32s_32s_32_1_1_U118/tmp_product__0/DSP_A_B_DATA_INST    | ARITHMETIC.DSP.DSP48E2 |
    | mul_32s_32s_32_1_1_U118/tmp_product__0/DSP_PREADD_DATA_INST | ARITHMETIC.DSP.DSP48E2 |
    | mul_32s_32s_32_1_1_U118/tmp_product__0/DSP_MULTIPLIER_INST  | ARITHMETIC.DSP.DSP48E2 |
    | mul_32s_32s_32_1_1_U118/tmp_product__0/DSP_M_DATA_INST      | ARITHMETIC.DSP.DSP48E2 |
    | mul_32s_32s_32_1_1_U118/tmp_product__0/DSP_ALU_INST         | ARITHMETIC.DSP.DSP48E2 |
    | mul_32s_32s_32_1_1_U118/tmp_product__0/DSP_OUTPUT_INST      | ARITHMETIC.DSP.DSP48E2 |
    | mul_32s_32s_32_1_1_U118/tmp_product__1/DSP_ALU_INST         | ARITHMETIC.DSP.DSP48E2 |
    | mul_32s_32s_32_1_1_U118/tmp_product__1/DSP_OUTPUT_INST      | ARITHMETIC.DSP.DSP48E2 |
    | mul_32s_32s_32_1_1_U118/tmp_product_carry_i_3               | CLB.LUT.LUT2           |
    | mul_32s_32s_32_1_1_U118/tmp_product_carry                   | CLB.CARRY.CARRY8       |
    | mul_32s_32s_32_1_1_U118/tmp_product_carry__0                | CLB.CARRY.CARRY8       |
    | vregs_U/r_3_reg_11137[29]_i_1                               | CLB.LUT.LUT5           |
    | r_3_reg_11137_reg[29]                                       | REGISTER.SDR.FDRE      |
    | vregs_U/ram_reg_bram_0                                      | BLOCKRAM.BRAM.RAMB36E2 |
    | vregs_U/tmp_product_i_16                                    | CLB.LUT.LUT6           |
    | mul_32s_32s_32_1_1_U118/tmp_product__0/DSP_A_B_DATA_INST    | ARITHMETIC.DSP.DSP48E2 |
    | mul_32s_32s_32_1_1_U118/tmp_product__0/DSP_PREADD_DATA_INST | ARITHMETIC.DSP.DSP48E2 |
    | mul_32s_32s_32_1_1_U118/tmp_product__0/DSP_MULTIPLIER_INST  | ARITHMETIC.DSP.DSP48E2 |
    | mul_32s_32s_32_1_1_U118/tmp_product__0/DSP_M_DATA_INST      | ARITHMETIC.DSP.DSP48E2 |
    | mul_32s_32s_32_1_1_U118/tmp_product__0/DSP_ALU_INST         | ARITHMETIC.DSP.DSP48E2 |
    | mul_32s_32s_32_1_1_U118/tmp_product__0/DSP_OUTPUT_INST      | ARITHMETIC.DSP.DSP48E2 |
    | mul_32s_32s_32_1_1_U118/tmp_product__1/DSP_ALU_INST         | ARITHMETIC.DSP.DSP48E2 |
    | mul_32s_32s_32_1_1_U118/tmp_product__1/DSP_OUTPUT_INST      | ARITHMETIC.DSP.DSP48E2 |
    | mul_32s_32s_32_1_1_U118/tmp_product_carry_i_3               | CLB.LUT.LUT2           |
    | mul_32s_32s_32_1_1_U118/tmp_product_carry                   | CLB.CARRY.CARRY8       |
    | mul_32s_32s_32_1_1_U118/tmp_product_carry__0                | CLB.CARRY.CARRY8       |
    | vregs_U/r_3_reg_11137[29]_i_1                               | CLB.LUT.LUT5           |
    | r_1_i163165171_reg_11102_reg[29]                            | REGISTER.SDR.FDRE      |
    | vregs_U/ram_reg_bram_0                                      | BLOCKRAM.BRAM.RAMB36E2 |
    | vregs_U/tmp_product_i_16                                    | CLB.LUT.LUT6           |
    | mul_32s_32s_32_1_1_U118/tmp_product__0/DSP_A_B_DATA_INST    | ARITHMETIC.DSP.DSP48E2 |
    | mul_32s_32s_32_1_1_U118/tmp_product__0/DSP_PREADD_DATA_INST | ARITHMETIC.DSP.DSP48E2 |
    | mul_32s_32s_32_1_1_U118/tmp_product__0/DSP_MULTIPLIER_INST  | ARITHMETIC.DSP.DSP48E2 |
    | mul_32s_32s_32_1_1_U118/tmp_product__0/DSP_M_DATA_INST      | ARITHMETIC.DSP.DSP48E2 |
    | mul_32s_32s_32_1_1_U118/tmp_product__0/DSP_ALU_INST         | ARITHMETIC.DSP.DSP48E2 |
    | mul_32s_32s_32_1_1_U118/tmp_product__0/DSP_OUTPUT_INST      | ARITHMETIC.DSP.DSP48E2 |
    | mul_32s_32s_32_1_1_U118/tmp_product__1/DSP_ALU_INST         | ARITHMETIC.DSP.DSP48E2 |
    | mul_32s_32s_32_1_1_U118/tmp_product__1/DSP_OUTPUT_INST      | ARITHMETIC.DSP.DSP48E2 |
    | mul_32s_32s_32_1_1_U118/tmp_product_carry_i_3               | CLB.LUT.LUT2           |
    | mul_32s_32s_32_1_1_U118/tmp_product_carry                   | CLB.CARRY.CARRY8       |
    | mul_32s_32s_32_1_1_U118/tmp_product_carry__0                | CLB.CARRY.CARRY8       |
    | vregs_U/r_3_reg_11137[29]_i_1                               | CLB.LUT.LUT5           |
    | r_1_1_i167169_reg_11117_reg[29]                             | REGISTER.SDR.FDRE      |
    | vregs_U/ram_reg_bram_0                                      | BLOCKRAM.BRAM.RAMB36E2 |
    | vregs_U/tmp_product_i_16                                    | CLB.LUT.LUT6           |
    | mul_32s_32s_32_1_1_U118/tmp_product__0/DSP_A_B_DATA_INST    | ARITHMETIC.DSP.DSP48E2 |
    | mul_32s_32s_32_1_1_U118/tmp_product__0/DSP_PREADD_DATA_INST | ARITHMETIC.DSP.DSP48E2 |
    | mul_32s_32s_32_1_1_U118/tmp_product__0/DSP_MULTIPLIER_INST  | ARITHMETIC.DSP.DSP48E2 |
    | mul_32s_32s_32_1_1_U118/tmp_product__0/DSP_M_DATA_INST      | ARITHMETIC.DSP.DSP48E2 |
    | mul_32s_32s_32_1_1_U118/tmp_product__0/DSP_ALU_INST         | ARITHMETIC.DSP.DSP48E2 |
    | mul_32s_32s_32_1_1_U118/tmp_product__0/DSP_OUTPUT_INST      | ARITHMETIC.DSP.DSP48E2 |
    | mul_32s_32s_32_1_1_U118/tmp_product__1/DSP_ALU_INST         | ARITHMETIC.DSP.DSP48E2 |
    | mul_32s_32s_32_1_1_U118/tmp_product__1/DSP_OUTPUT_INST      | ARITHMETIC.DSP.DSP48E2 |
    | mul_32s_32s_32_1_1_U118/tmp_product_carry_i_3               | CLB.LUT.LUT2           |
    | mul_32s_32s_32_1_1_U118/tmp_product_carry                   | CLB.CARRY.CARRY8       |
    | mul_32s_32s_32_1_1_U118/tmp_product_carry__0                | CLB.CARRY.CARRY8       |
    | vregs_U/r_3_reg_11137[27]_i_1                               | CLB.LUT.LUT5           |
    | r_1_1_i167169_reg_11117_reg[27]                             | REGISTER.SDR.FDRE      |
    +-------------------------------------------------------------+------------------------+

    +-------------------------------------------------------------+------------------------+
    | Path5 Cells                                                 | Primitive Type         |
    +-------------------------------------------------------------+------------------------+
    | vregs_U/ram_reg_bram_0                                      | BLOCKRAM.BRAM.RAMB36E2 |
    | vregs_U/tmp_product_i_16                                    | CLB.LUT.LUT6           |
    | mul_32s_32s_32_1_1_U118/tmp_product__0/DSP_A_B_DATA_INST    | ARITHMETIC.DSP.DSP48E2 |
    | mul_32s_32s_32_1_1_U118/tmp_product__0/DSP_PREADD_DATA_INST | ARITHMETIC.DSP.DSP48E2 |
    | mul_32s_32s_32_1_1_U118/tmp_product__0/DSP_MULTIPLIER_INST  | ARITHMETIC.DSP.DSP48E2 |
    | mul_32s_32s_32_1_1_U118/tmp_product__0/DSP_M_DATA_INST      | ARITHMETIC.DSP.DSP48E2 |
    | mul_32s_32s_32_1_1_U118/tmp_product__0/DSP_ALU_INST         | ARITHMETIC.DSP.DSP48E2 |
    | mul_32s_32s_32_1_1_U118/tmp_product__0/DSP_OUTPUT_INST      | ARITHMETIC.DSP.DSP48E2 |
    | mul_32s_32s_32_1_1_U118/tmp_product__1/DSP_ALU_INST         | ARITHMETIC.DSP.DSP48E2 |
    | mul_32s_32s_32_1_1_U118/tmp_product__1/DSP_OUTPUT_INST      | ARITHMETIC.DSP.DSP48E2 |
    | mul_32s_32s_32_1_1_U118/tmp_product_carry_i_3               | CLB.LUT.LUT2           |
    | mul_32s_32s_32_1_1_U118/tmp_product_carry                   | CLB.CARRY.CARRY8       |
    | mul_32s_32s_32_1_1_U118/tmp_product_carry__0                | CLB.CARRY.CARRY8       |
    | vregs_U/r_3_reg_11137[29]_i_1                               | CLB.LUT.LUT5           |
    | r_1_2_i173_reg_11132_reg[29]                                | REGISTER.SDR.FDRE      |
    | vregs_U/ram_reg_bram_0                                      | BLOCKRAM.BRAM.RAMB36E2 |
    | vregs_U/tmp_product_i_16                                    | CLB.LUT.LUT6           |
    | mul_32s_32s_32_1_1_U118/tmp_product__0/DSP_A_B_DATA_INST    | ARITHMETIC.DSP.DSP48E2 |
    | mul_32s_32s_32_1_1_U118/tmp_product__0/DSP_PREADD_DATA_INST | ARITHMETIC.DSP.DSP48E2 |
    | mul_32s_32s_32_1_1_U118/tmp_product__0/DSP_MULTIPLIER_INST  | ARITHMETIC.DSP.DSP48E2 |
    | mul_32s_32s_32_1_1_U118/tmp_product__0/DSP_M_DATA_INST      | ARITHMETIC.DSP.DSP48E2 |
    | mul_32s_32s_32_1_1_U118/tmp_product__0/DSP_ALU_INST         | ARITHMETIC.DSP.DSP48E2 |
    | mul_32s_32s_32_1_1_U118/tmp_product__0/DSP_OUTPUT_INST      | ARITHMETIC.DSP.DSP48E2 |
    | mul_32s_32s_32_1_1_U118/tmp_product__1/DSP_ALU_INST         | ARITHMETIC.DSP.DSP48E2 |
    | mul_32s_32s_32_1_1_U118/tmp_product__1/DSP_OUTPUT_INST      | ARITHMETIC.DSP.DSP48E2 |
    | mul_32s_32s_32_1_1_U118/tmp_product_carry_i_3               | CLB.LUT.LUT2           |
    | mul_32s_32s_32_1_1_U118/tmp_product_carry                   | CLB.CARRY.CARRY8       |
    | mul_32s_32s_32_1_1_U118/tmp_product_carry__0                | CLB.CARRY.CARRY8       |
    | vregs_U/r_3_reg_11137[29]_i_1                               | CLB.LUT.LUT5           |
    | r_3_reg_11137_reg[29]                                       | REGISTER.SDR.FDRE      |
    | vregs_U/ram_reg_bram_0                                      | BLOCKRAM.BRAM.RAMB36E2 |
    | vregs_U/tmp_product_i_16                                    | CLB.LUT.LUT6           |
    | mul_32s_32s_32_1_1_U118/tmp_product__0/DSP_A_B_DATA_INST    | ARITHMETIC.DSP.DSP48E2 |
    | mul_32s_32s_32_1_1_U118/tmp_product__0/DSP_PREADD_DATA_INST | ARITHMETIC.DSP.DSP48E2 |
    | mul_32s_32s_32_1_1_U118/tmp_product__0/DSP_MULTIPLIER_INST  | ARITHMETIC.DSP.DSP48E2 |
    | mul_32s_32s_32_1_1_U118/tmp_product__0/DSP_M_DATA_INST      | ARITHMETIC.DSP.DSP48E2 |
    | mul_32s_32s_32_1_1_U118/tmp_product__0/DSP_ALU_INST         | ARITHMETIC.DSP.DSP48E2 |
    | mul_32s_32s_32_1_1_U118/tmp_product__0/DSP_OUTPUT_INST      | ARITHMETIC.DSP.DSP48E2 |
    | mul_32s_32s_32_1_1_U118/tmp_product__1/DSP_ALU_INST         | ARITHMETIC.DSP.DSP48E2 |
    | mul_32s_32s_32_1_1_U118/tmp_product__1/DSP_OUTPUT_INST      | ARITHMETIC.DSP.DSP48E2 |
    | mul_32s_32s_32_1_1_U118/tmp_product_carry_i_3               | CLB.LUT.LUT2           |
    | mul_32s_32s_32_1_1_U118/tmp_product_carry                   | CLB.CARRY.CARRY8       |
    | mul_32s_32s_32_1_1_U118/tmp_product_carry__0                | CLB.CARRY.CARRY8       |
    | vregs_U/r_3_reg_11137[29]_i_1                               | CLB.LUT.LUT5           |
    | r_1_i163165171_reg_11102_reg[29]                            | REGISTER.SDR.FDRE      |
    | vregs_U/ram_reg_bram_0                                      | BLOCKRAM.BRAM.RAMB36E2 |
    | vregs_U/tmp_product_i_16                                    | CLB.LUT.LUT6           |
    | mul_32s_32s_32_1_1_U118/tmp_product__0/DSP_A_B_DATA_INST    | ARITHMETIC.DSP.DSP48E2 |
    | mul_32s_32s_32_1_1_U118/tmp_product__0/DSP_PREADD_DATA_INST | ARITHMETIC.DSP.DSP48E2 |
    | mul_32s_32s_32_1_1_U118/tmp_product__0/DSP_MULTIPLIER_INST  | ARITHMETIC.DSP.DSP48E2 |
    | mul_32s_32s_32_1_1_U118/tmp_product__0/DSP_M_DATA_INST      | ARITHMETIC.DSP.DSP48E2 |
    | mul_32s_32s_32_1_1_U118/tmp_product__0/DSP_ALU_INST         | ARITHMETIC.DSP.DSP48E2 |
    | mul_32s_32s_32_1_1_U118/tmp_product__0/DSP_OUTPUT_INST      | ARITHMETIC.DSP.DSP48E2 |
    | mul_32s_32s_32_1_1_U118/tmp_product__1/DSP_ALU_INST         | ARITHMETIC.DSP.DSP48E2 |
    | mul_32s_32s_32_1_1_U118/tmp_product__1/DSP_OUTPUT_INST      | ARITHMETIC.DSP.DSP48E2 |
    | mul_32s_32s_32_1_1_U118/tmp_product_carry_i_3               | CLB.LUT.LUT2           |
    | mul_32s_32s_32_1_1_U118/tmp_product_carry                   | CLB.CARRY.CARRY8       |
    | mul_32s_32s_32_1_1_U118/tmp_product_carry__0                | CLB.CARRY.CARRY8       |
    | vregs_U/r_3_reg_11137[29]_i_1                               | CLB.LUT.LUT5           |
    | r_1_1_i167169_reg_11117_reg[29]                             | REGISTER.SDR.FDRE      |
    | vregs_U/ram_reg_bram_0                                      | BLOCKRAM.BRAM.RAMB36E2 |
    | vregs_U/tmp_product_i_16                                    | CLB.LUT.LUT6           |
    | mul_32s_32s_32_1_1_U118/tmp_product__0/DSP_A_B_DATA_INST    | ARITHMETIC.DSP.DSP48E2 |
    | mul_32s_32s_32_1_1_U118/tmp_product__0/DSP_PREADD_DATA_INST | ARITHMETIC.DSP.DSP48E2 |
    | mul_32s_32s_32_1_1_U118/tmp_product__0/DSP_MULTIPLIER_INST  | ARITHMETIC.DSP.DSP48E2 |
    | mul_32s_32s_32_1_1_U118/tmp_product__0/DSP_M_DATA_INST      | ARITHMETIC.DSP.DSP48E2 |
    | mul_32s_32s_32_1_1_U118/tmp_product__0/DSP_ALU_INST         | ARITHMETIC.DSP.DSP48E2 |
    | mul_32s_32s_32_1_1_U118/tmp_product__0/DSP_OUTPUT_INST      | ARITHMETIC.DSP.DSP48E2 |
    | mul_32s_32s_32_1_1_U118/tmp_product__1/DSP_ALU_INST         | ARITHMETIC.DSP.DSP48E2 |
    | mul_32s_32s_32_1_1_U118/tmp_product__1/DSP_OUTPUT_INST      | ARITHMETIC.DSP.DSP48E2 |
    | mul_32s_32s_32_1_1_U118/tmp_product_carry_i_3               | CLB.LUT.LUT2           |
    | mul_32s_32s_32_1_1_U118/tmp_product_carry                   | CLB.CARRY.CARRY8       |
    | mul_32s_32s_32_1_1_U118/tmp_product_carry__0                | CLB.CARRY.CARRY8       |
    | vregs_U/r_3_reg_11137[27]_i_1                               | CLB.LUT.LUT5           |
    | r_1_1_i167169_reg_11117_reg[27]                             | REGISTER.SDR.FDRE      |
    +-------------------------------------------------------------+------------------------+


================================================================
== Place & Route Vivado Reports
================================================================
+--------------------------+-----------------------------------------------------------------------+
| Report Type              | Report Location                                                       |
+--------------------------+-----------------------------------------------------------------------+
| design_analysis          | impl/verilog/report/rv32_ooo_tick_design_analysis_routed.rpt          |
| failfast                 | impl/verilog/report/rv32_ooo_tick_failfast_routed.rpt                 |
| power                    | impl/verilog/report/rv32_ooo_tick_power_routed.rpt                    |
| status                   | impl/verilog/report/rv32_ooo_tick_status_routed.rpt                   |
| timing                   | impl/verilog/report/rv32_ooo_tick_timing_routed.rpt                   |
| timing_paths             | impl/verilog/report/rv32_ooo_tick_timing_paths_routed.rpt             |
| utilization              | impl/verilog/report/rv32_ooo_tick_utilization_routed.rpt              |
| utilization_hierarchical | impl/verilog/report/rv32_ooo_tick_utilization_hierarchical_routed.rpt |
+--------------------------+-----------------------------------------------------------------------+


