==============================================================
Vitis HLS - High-Level Synthesis from C, C++ and OpenCL v2024.2 (64-bit)
Tool Version Limit: 2024.11
Copyright 1986-2022 Xilinx, Inc. All Rights Reserved.
Copyright 2022-2024 Advanced Micro Devices, Inc. All Rights Reserved.

==============================================================
INFO: [HLS 200-1505] Using default flow_target 'vivado'
INFO: [HLS 200-1510] Running: set_part xck26-sfvc784-2LV-c 
INFO: [HLS 200-1611] Setting target device to 'xck26-sfvc784-2LV-c'
INFO: [HLS 200-1510] Running: create_clock -period 10 -name default 
INFO: [SYN 201-201] Setting up clock 'default' with a period of 10ns.
INFO: [HLS 200-1510] Running: csim_design 
INFO: [SIM 211-2] *************** CSIM start ***************
INFO: [SIM 211-4] CSIM will launch CLANG as the compiler.
INFO: [HLS 200-2036] Building debug C Simulation binaries
INFO: [SIM 211-1] CSim done with 0 errors.
INFO: [SIM 211-3] *************** CSIM finish ***************
INFO: [HLS 200-2161] Finished Command csim_design Elapsed time: 00:00:05; Allocated memory: 0.156 MB.
INFO: [HLS 200-1510] Running: csynth_design 
INFO: [HLS 200-111] Finished File checks and directory preparation: CPU user time: 0.27 seconds. CPU system time: 0.04 seconds. Elapsed time: 0.31 seconds; current allocated memory: 634.715 MB.
INFO: [HLS 200-10] Analyzing design file 'rv32_ooo.cpp' ... 
INFO: [HLS 200-111] Finished Source Code Analysis and Preprocessing: CPU user time: 4.51 seconds. CPU system time: 0.55 seconds. Elapsed time: 5.08 seconds; current allocated memory: 637.402 MB.
INFO: [HLS 200-777] Using interface defaults for 'Vivado' flow target.
INFO: [HLS 200-1995] There were 38,806 instructions in the design after the 'Compile/Link' phase of compilation. See the Design Size Report for more details: /media/andy/9cf23886-b985-4f84-a422-2da06e76f300/home/byovsh/Documents/Vscode/Proyecto/RV32IMFC_hls/rv32_ooo_bm_proj/solution1/syn/report/csynth_design_size.rpt
INFO: [HLS 200-1995] There were 6,637 instructions in the design after the 'Unroll/Inline (step 1)' phase of compilation. See the Design Size Report for more details: /media/andy/9cf23886-b985-4f84-a422-2da06e76f300/home/byovsh/Documents/Vscode/Proyecto/RV32IMFC_hls/rv32_ooo_bm_proj/solution1/syn/report/csynth_design_size.rpt
INFO: [HLS 200-1995] There were 5,583 instructions in the design after the 'Unroll/Inline (step 2)' phase of compilation. See the Design Size Report for more details: /media/andy/9cf23886-b985-4f84-a422-2da06e76f300/home/byovsh/Documents/Vscode/Proyecto/RV32IMFC_hls/rv32_ooo_bm_proj/solution1/syn/report/csynth_design_size.rpt
INFO: [HLS 200-1995] There were 5,322 instructions in the design after the 'Unroll/Inline (step 3)' phase of compilation. See the Design Size Report for more details: /media/andy/9cf23886-b985-4f84-a422-2da06e76f300/home/byovsh/Documents/Vscode/Proyecto/RV32IMFC_hls/rv32_ooo_bm_proj/solution1/syn/report/csynth_design_size.rpt
INFO: [HLS 200-1995] There were 4,571 instructions in the design after the 'Unroll/Inline (step 4)' phase of compilation. See the Design Size Report for more details: /media/andy/9cf23886-b985-4f84-a422-2da06e76f300/home/byovsh/Documents/Vscode/Proyecto/RV32IMFC_hls/rv32_ooo_bm_proj/solution1/syn/report/csynth_design_size.rpt
INFO: [HLS 200-1995] There were 4,554 instructions in the design after the 'Array/Struct (step 1)' phase of compilation. See the Design Size Report for more details: /media/andy/9cf23886-b985-4f84-a422-2da06e76f300/home/byovsh/Documents/Vscode/Proyecto/RV32IMFC_hls/rv32_ooo_bm_proj/solution1/syn/report/csynth_design_size.rpt
INFO: [HLS 200-1995] There were 4,554 instructions in the design after the 'Array/Struct (step 2)' phase of compilation. See the Design Size Report for more details: /media/andy/9cf23886-b985-4f84-a422-2da06e76f300/home/byovsh/Documents/Vscode/Proyecto/RV32IMFC_hls/rv32_ooo_bm_proj/solution1/syn/report/csynth_design_size.rpt
INFO: [HLS 200-1995] There were 4,554 instructions in the design after the 'Array/Struct (step 3)' phase of compilation. See the Design Size Report for more details: /media/andy/9cf23886-b985-4f84-a422-2da06e76f300/home/byovsh/Documents/Vscode/Proyecto/RV32IMFC_hls/rv32_ooo_bm_proj/solution1/syn/report/csynth_design_size.rpt
INFO: [HLS 200-1995] There were 4,554 instructions in the design after the 'Array/Struct (step 4)' phase of compilation. See the Design Size Report for more details: /media/andy/9cf23886-b985-4f84-a422-2da06e76f300/home/byovsh/Documents/Vscode/Proyecto/RV32IMFC_hls/rv32_ooo_bm_proj/solution1/syn/report/csynth_design_size.rpt
INFO: [HLS 200-1995] There were 4,557 instructions in the design after the 'Array/Struct (step 5)' phase of compilation. See the Design Size Report for more details: /media/andy/9cf23886-b985-4f84-a422-2da06e76f300/home/byovsh/Documents/Vscode/Proyecto/RV32IMFC_hls/rv32_ooo_bm_proj/solution1/syn/report/csynth_design_size.rpt
INFO: [HLS 200-1995] There were 4,557 instructions in the design after the 'Performance (step 1)' phase of compilation. See the Design Size Report for more details: /media/andy/9cf23886-b985-4f84-a422-2da06e76f300/home/byovsh/Documents/Vscode/Proyecto/RV32IMFC_hls/rv32_ooo_bm_proj/solution1/syn/report/csynth_design_size.rpt
INFO: [HLS 200-1995] There were 4,557 instructions in the design after the 'Performance (step 2)' phase of compilation. See the Design Size Report for more details: /media/andy/9cf23886-b985-4f84-a422-2da06e76f300/home/byovsh/Documents/Vscode/Proyecto/RV32IMFC_hls/rv32_ooo_bm_proj/solution1/syn/report/csynth_design_size.rpt
INFO: [HLS 200-1995] There were 4,637 instructions in the design after the 'Performance (step 3)' phase of compilation. See the Design Size Report for more details: /media/andy/9cf23886-b985-4f84-a422-2da06e76f300/home/byovsh/Documents/Vscode/Proyecto/RV32IMFC_hls/rv32_ooo_bm_proj/solution1/syn/report/csynth_design_size.rpt
INFO: [HLS 200-1995] There were 4,650 instructions in the design after the 'Performance (step 4)' phase of compilation. See the Design Size Report for more details: /media/andy/9cf23886-b985-4f84-a422-2da06e76f300/home/byovsh/Documents/Vscode/Proyecto/RV32IMFC_hls/rv32_ooo_bm_proj/solution1/syn/report/csynth_design_size.rpt
INFO: [HLS 200-1995] There were 4,681 instructions in the design after the 'HW Transforms (step 1)' phase of compilation. See the Design Size Report for more details: /media/andy/9cf23886-b985-4f84-a422-2da06e76f300/home/byovsh/Documents/Vscode/Proyecto/RV32IMFC_hls/rv32_ooo_bm_proj/solution1/syn/report/csynth_design_size.rpt
INFO: [HLS 200-1995] There were 4,528 instructions in the design after the 'HW Transforms (step 2)' phase of compilation. See the Design Size Report for more details: /media/andy/9cf23886-b985-4f84-a422-2da06e76f300/home/byovsh/Documents/Vscode/Proyecto/RV32IMFC_hls/rv32_ooo_bm_proj/solution1/syn/report/csynth_design_size.rpt
INFO: [HLS 214-186] Unrolling loop 'VITIS_LOOP_562_3' (rv32_ooo.cpp:562:27) in function 'rv32_ooo_tick' completely with a factor of 2 (rv32_ooo.cpp:504:0)
INFO: [HLS 214-186] Unrolling loop 'VITIS_LOOP_554_2' (rv32_ooo.cpp:554:27) in function 'rv32_ooo_tick' completely with a factor of 8 (rv32_ooo.cpp:504:0)
INFO: [HLS 214-186] Unrolling loop 'VITIS_LOOP_545_1' (rv32_ooo.cpp:545:27) in function 'rv32_ooo_tick' completely with a factor of 32 (rv32_ooo.cpp:504:0)
INFO: [HLS 214-186] Unrolling loop 'VITIS_LOOP_765_9' (rv32_ooo.cpp:765:23) in function 'rv32_ooo_tick' completely with a factor of 2 (rv32_ooo.cpp:504:0)
INFO: [HLS 214-186] Unrolling loop 'VITIS_LOOP_722_7' (rv32_ooo.cpp:722:31) in function 'rv32_ooo_tick' completely with a factor of 4 (rv32_ooo.cpp:504:0)
INFO: [HLS 214-186] Unrolling loop 'VITIS_LOOP_728_8' (rv32_ooo.cpp:728:31) in function 'rv32_ooo_tick' completely with a factor of 4 (rv32_ooo.cpp:504:0)
INFO: [HLS 214-186] Unrolling loop 'VITIS_LOOP_620_6' (rv32_ooo.cpp:620:23) in function 'rv32_ooo_tick' completely with a factor of 2 (rv32_ooo.cpp:504:0)
INFO: [HLS 214-186] Unrolling loop 'VITIS_LOOP_415_1' (rv32_ooo.cpp:415:23) in function 'vec_arith_compute' completely with a factor of 4 (rv32_ooo.cpp:414:0)
INFO: [HLS 214-186] Unrolling loop 'VITIS_LOOP_178_1' (rv32_ooo.cpp:178:23) in function 'cdb_broadcast' completely with a factor of 2 (rv32_ooo.cpp:177:0)
INFO: [HLS 214-178] Inlining function 'float generic_fma<float>(float, float, float)' into 'fmaf' (/wrk/ci/prod/2024.2/hls_product/continuous/495/2024.2/src/shared/hls/clib/hlsmath/src/c/fmafloat.cpp:6:0)
INFO: [HLS 214-178] Inlining function 'fmaf' into 'std::fma(float, float, float)' (/home/andy/Programas/Vivado/Vitis/2024.2/tps/lnx64/gcc-8.3.0/lib/gcc/x86_64-pc-linux-gnu/8.3.0/../../../../include/c++/8.3.0/cmath:1399:0)
INFO: [HLS 214-178] Inlining function 'fp_struct<float>::fp_struct(float)' into 'int generic_isnan<float>(float)' (/wrk/ci/prod/2024.2/hls_product/continuous/495/2024.2/src/shared/hls/clib/hlsmath/include/FloatingPoint/hls_isnan.h:16:0)
INFO: [HLS 214-178] Inlining function 'fp_struct<float>::data() const (.44.50.57.63.71)' into 'fp_struct<float>::to_float() const (.77.84.92.100)' (/wrk/ci/prod/2024.2/hls_product/continuous/495/2024.2/src/shared/hls/clib/src/hls/utils/x_hls_utils.h:322:0)
INFO: [HLS 214-178] Inlining function 'fp_struct<float>::to_float() const (.77.84.92.100)' into 'fp_struct<float>::to_ieee() const' (/wrk/ci/prod/2024.2/hls_product/continuous/495/2024.2/src/shared/hls/clib/src/hls/utils/x_hls_utils.h:346:0)
INFO: [HLS 214-178] Inlining function 'fp_struct<float>::data() const (.44.50.57.63.71)' into 'fp_struct<float>::to_int() const' (/wrk/ci/prod/2024.2/hls_product/continuous/495/2024.2/src/shared/hls/clib/src/hls/utils/x_hls_utils.h:319:0)
INFO: [HLS 214-178] Inlining function 'fp_struct<float>::fp_struct(float)' into 'float generic_fmin<float>(float, float)' (/wrk/ci/prod/2024.2/hls_product/continuous/495/2024.2/src/shared/hls/clib/hlsmath/include/FloatingPoint/hls_fmin.h:20:0)
INFO: [HLS 214-178] Inlining function 'int generic_isnan<float>(float)' into 'float generic_fmin<float>(float, float)' (/wrk/ci/prod/2024.2/hls_product/continuous/495/2024.2/src/shared/hls/clib/hlsmath/include/FloatingPoint/hls_fmin.h:20:0)
INFO: [HLS 214-178] Inlining function 'fp_struct<float>::to_ieee() const' into 'float generic_fmin<float>(float, float)' (/wrk/ci/prod/2024.2/hls_product/continuous/495/2024.2/src/shared/hls/clib/hlsmath/include/FloatingPoint/hls_fmin.h:20:0)
INFO: [HLS 214-178] Inlining function 'fp_struct<float>::to_int() const' into 'float generic_fmin<float>(float, float)' (/wrk/ci/prod/2024.2/hls_product/continuous/495/2024.2/src/shared/hls/clib/hlsmath/include/FloatingPoint/hls_fmin.h:20:0)
INFO: [HLS 214-178] Inlining function 'fminf' into 'std::fmin(float, float)' (/home/andy/Programas/Vivado/Vitis/2024.2/tps/lnx64/gcc-8.3.0/lib/gcc/x86_64-pc-linux-gnu/8.3.0/../../../../include/c++/8.3.0/cmath:1439:0)
INFO: [HLS 214-178] Inlining function 'fp_struct<float>::fp_struct(float)' into 'float generic_fmax<float>(float, float)' (/wrk/ci/prod/2024.2/hls_product/continuous/495/2024.2/src/shared/hls/clib/hlsmath/include/FloatingPoint/hls_fmax.h:20:0)
INFO: [HLS 214-178] Inlining function 'int generic_isnan<float>(float)' into 'float generic_fmax<float>(float, float)' (/wrk/ci/prod/2024.2/hls_product/continuous/495/2024.2/src/shared/hls/clib/hlsmath/include/FloatingPoint/hls_fmax.h:20:0)
INFO: [HLS 214-178] Inlining function 'fp_struct<float>::to_ieee() const' into 'float generic_fmax<float>(float, float)' (/wrk/ci/prod/2024.2/hls_product/continuous/495/2024.2/src/shared/hls/clib/hlsmath/include/FloatingPoint/hls_fmax.h:20:0)
INFO: [HLS 214-178] Inlining function 'fp_struct<float>::to_int() const' into 'float generic_fmax<float>(float, float)' (/wrk/ci/prod/2024.2/hls_product/continuous/495/2024.2/src/shared/hls/clib/hlsmath/include/FloatingPoint/hls_fmax.h:20:0)
INFO: [HLS 214-178] Inlining function 'fmaxf' into 'std::fmax(float, float)' (/home/andy/Programas/Vivado/Vitis/2024.2/tps/lnx64/gcc-8.3.0/lib/gcc/x86_64-pc-linux-gnu/8.3.0/../../../../include/c++/8.3.0/cmath:1419:0)
INFO: [HLS 214-178] Inlining function 'fp_struct<float>::fp_struct(float)' into 'float generic_copysign<float>(float, float)' (/wrk/ci/prod/2024.2/hls_product/continuous/495/2024.2/src/shared/hls/clib/hlsmath/include/FloatingPoint/hls_copysign.h:10:0)
INFO: [HLS 214-178] Inlining function 'fp_struct<float>::to_ieee() const' into 'float generic_copysign<float>(float, float)' (/wrk/ci/prod/2024.2/hls_product/continuous/495/2024.2/src/shared/hls/clib/hlsmath/include/FloatingPoint/hls_copysign.h:10:0)
INFO: [HLS 214-178] Inlining function 'fp_struct<float>::fp_struct(float)' into 'float generic_rint<float>(float)' (/wrk/ci/prod/2024.2/hls_product/continuous/495/2024.2/src/shared/hls/clib/hlsmath/include/FloatingPoint/hls_rint.h:27:0)
INFO: [HLS 214-178] Inlining function 'float generic_copysign<float>(float, float)' into 'float generic_rint<float>(float)' (/wrk/ci/prod/2024.2/hls_product/continuous/495/2024.2/src/shared/hls/clib/hlsmath/include/FloatingPoint/hls_rint.h:27:0)
INFO: [HLS 214-178] Inlining function 'fp_struct<float>::data() const (.44.50.57.63.71)' into 'float generic_rint<float>(float)' (/wrk/ci/prod/2024.2/hls_product/continuous/495/2024.2/src/shared/hls/clib/hlsmath/include/FloatingPoint/hls_rint.h:27:0)
INFO: [HLS 214-178] Inlining function 'fp_struct<float>::fp_struct(ap_uint<32>)' into 'float generic_rint<float>(float)' (/wrk/ci/prod/2024.2/hls_product/continuous/495/2024.2/src/shared/hls/clib/hlsmath/include/FloatingPoint/hls_rint.h:27:0)
INFO: [HLS 214-178] Inlining function 'fp_struct<float>::to_ieee() const' into 'float generic_rint<float>(float)' (/wrk/ci/prod/2024.2/hls_product/continuous/495/2024.2/src/shared/hls/clib/hlsmath/include/FloatingPoint/hls_rint.h:27:0)
INFO: [HLS 214-178] Inlining function 'nearbyintf' into 'std::nearbyint(float)' (/home/andy/Programas/Vivado/Vitis/2024.2/tps/lnx64/gcc-8.3.0/lib/gcc/x86_64-pc-linux-gnu/8.3.0/../../../../include/c++/8.3.0/cmath:1643:0)
INFO: [HLS 214-178] Inlining function 'fp_struct<float>::fp_struct(float)' into 'unsigned int generic_cast_IEEE754<unsigned int, (ap_q_mode)6, float>(float, bool, hls::enable_if<!(std::numeric_limits<unsigned int>::is_signed), bool>::type)' (/wrk/ci/prod/2024.2/hls_product/continuous/495/2024.2/src/shared/hls/clib/hlsmath/include/FloatingPoint/hls_case_IEEE754.h:65:0)
INFO: [HLS 214-178] Inlining function 'fp_struct<float>::mantissa() const' into 'unsigned int generic_cast_IEEE754<unsigned int, (ap_q_mode)6, float>(float, bool, hls::enable_if<!(std::numeric_limits<unsigned int>::is_signed), bool>::type)' (/wrk/ci/prod/2024.2/hls_product/continuous/495/2024.2/src/shared/hls/clib/hlsmath/include/FloatingPoint/hls_case_IEEE754.h:65:0)
INFO: [HLS 214-178] Inlining function 'fp_struct<float>::expv() const' into 'unsigned int generic_cast_IEEE754<unsigned int, (ap_q_mode)6, float>(float, bool, hls::enable_if<!(std::numeric_limits<unsigned int>::is_signed), bool>::type)' (/wrk/ci/prod/2024.2/hls_product/continuous/495/2024.2/src/shared/hls/clib/hlsmath/include/FloatingPoint/hls_case_IEEE754.h:65:0)
INFO: [HLS 214-178] Inlining function 'unsigned int generic_cast_IEEE754<unsigned int, (ap_q_mode)6, float>(float, bool, hls::enable_if<!(std::numeric_limits<unsigned int>::is_signed), bool>::type)' into 'unsigned int generic_cast_IEEE754<unsigned int, float>(float, bool)' (/wrk/ci/prod/2024.2/hls_product/continuous/495/2024.2/src/shared/hls/clib/hlsmath/include/FloatingPoint/hls_case_IEEE754.h:116:0)
INFO: [HLS 214-178] Inlining function 'unsigned int generic_cast_IEEE754<unsigned int, float>(float, bool)' into '__hls_fptoui_float_i32' (/wrk/ci/prod/2024.2/hls_product/continuous/495/2024.2/src/shared/hls/clib/hlsmath/src/lib_floatconversion.cpp:65:0)
INFO: [HLS 214-178] Inlining function '__hls_fptoui_float_i32' into 'rv32i::fcvt_wu_s(float)' (./fp_ops.h:45:0)
INFO: [HLS 214-178] Inlining function 'fp_struct<float>::fp_struct(float)' into 'int generic_cast_IEEE754<int, (ap_q_mode)6, float>(float, bool, hls::enable_if<std::numeric_limits<int>::is_signed, bool>::type)' (/wrk/ci/prod/2024.2/hls_product/continuous/495/2024.2/src/shared/hls/clib/hlsmath/include/FloatingPoint/hls_case_IEEE754.h:12:0)
INFO: [HLS 214-178] Inlining function 'fp_struct<float>::mantissa() const' into 'int generic_cast_IEEE754<int, (ap_q_mode)6, float>(float, bool, hls::enable_if<std::numeric_limits<int>::is_signed, bool>::type)' (/wrk/ci/prod/2024.2/hls_product/continuous/495/2024.2/src/shared/hls/clib/hlsmath/include/FloatingPoint/hls_case_IEEE754.h:12:0)
INFO: [HLS 214-178] Inlining function 'fp_struct<float>::expv() const' into 'int generic_cast_IEEE754<int, (ap_q_mode)6, float>(float, bool, hls::enable_if<std::numeric_limits<int>::is_signed, bool>::type)' (/wrk/ci/prod/2024.2/hls_product/continuous/495/2024.2/src/shared/hls/clib/hlsmath/include/FloatingPoint/hls_case_IEEE754.h:12:0)
INFO: [HLS 214-178] Inlining function 'fp_struct<float>::__signbit() const' into 'int generic_cast_IEEE754<int, (ap_q_mode)6, float>(float, bool, hls::enable_if<std::numeric_limits<int>::is_signed, bool>::type)' (/wrk/ci/prod/2024.2/hls_product/continuous/495/2024.2/src/shared/hls/clib/hlsmath/include/FloatingPoint/hls_case_IEEE754.h:12:0)
INFO: [HLS 214-178] Inlining function 'int generic_cast_IEEE754<int, (ap_q_mode)6, float>(float, bool, hls::enable_if<std::numeric_limits<int>::is_signed, bool>::type)' into 'int generic_cast_IEEE754<int, float>(float, bool)' (/wrk/ci/prod/2024.2/hls_product/continuous/495/2024.2/src/shared/hls/clib/hlsmath/include/FloatingPoint/hls_case_IEEE754.h:116:0)
INFO: [HLS 214-178] Inlining function 'int generic_cast_IEEE754<int, float>(float, bool)' into '__hls_fptosi_float_i32' (/wrk/ci/prod/2024.2/hls_product/continuous/495/2024.2/src/shared/hls/clib/hlsmath/src/lib_floatconversion.cpp:51:0)
INFO: [HLS 214-178] Inlining function '__hls_fptosi_float_i32' into 'rv32i::fcvt_w_s(float)' (./fp_ops.h:37:0)
INFO: [HLS 214-178] Inlining function 'float generic_copysign<float>(float, float)' into 'float generic_fabs<float>(float)' (/wrk/ci/prod/2024.2/hls_product/continuous/495/2024.2/src/shared/hls/clib/hlsmath/include/FloatingPoint/hls_fabs.h:12:0)
INFO: [HLS 214-178] Inlining function 'float generic_fabs<float>(float)' into 'fabsf' (/wrk/ci/prod/2024.2/hls_product/continuous/495/2024.2/src/shared/hls/clib/hlsmath/src/c/fabsfloat.cpp:7:0)
INFO: [HLS 214-178] Inlining function 'fabsf' into 'std::fpclassify(float)' (/home/andy/Programas/Vivado/Vitis/2024.2/tps/lnx64/gcc-8.3.0/lib/gcc/x86_64-pc-linux-gnu/8.3.0/../../../../include/c++/8.3.0/cmath:538:0)
INFO: [HLS 214-178] Inlining function 'rv32i::float_to_bits(float)' into 'rv32i::fclass_s(float)' (./fp_ops.h:55:0)
INFO: [HLS 214-178] Inlining function 'rv32i::bits_to_float(unsigned int)' into 'fpu_compute(FpuRs const&)' (rv32_ooo.cpp:354:0)
INFO: [HLS 214-178] Inlining function 'rv32i::float_to_bits(float)' into 'fpu_compute(FpuRs const&)' (rv32_ooo.cpp:354:0)
INFO: [HLS 214-178] Inlining function 'rv32i::fcvt_wu_s(float)' into 'fpu_compute(FpuRs const&)' (rv32_ooo.cpp:354:0)
INFO: [HLS 214-178] Inlining function 'rv32i::fcvt_w_s(float)' into 'fpu_compute(FpuRs const&)' (rv32_ooo.cpp:354:0)
INFO: [HLS 214-178] Inlining function 'rv32i::fclass_s(float)' into 'fpu_compute(FpuRs const&)' (rv32_ooo.cpp:354:0)
INFO: [HLS 214-178] Inlining function 'rv32c::creg(unsigned int)' into 'rv32c::expand(unsigned short)' (./rv32c_defs.h:65:0)
INFO: [HLS 214-178] Inlining function 'rv32c::s_type(unsigned int, unsigned int, unsigned int, unsigned int, int)' into 'rv32c::expand(unsigned short)' (./rv32c_defs.h:65:0)
INFO: [HLS 214-178] Inlining function 'rv32c::sext(unsigned int, unsigned int)' into 'rv32c::expand(unsigned short)' (./rv32c_defs.h:65:0)
INFO: [HLS 214-178] Inlining function 'rv32c::j_type(unsigned int, int)' into 'rv32c::expand(unsigned short)' (./rv32c_defs.h:65:0)
INFO: [HLS 214-178] Inlining function 'rv32c::u_type(unsigned int, unsigned int, int)' into 'rv32c::expand(unsigned short)' (./rv32c_defs.h:65:0)
INFO: [HLS 214-178] Inlining function 'rv32c::r_type(unsigned int, unsigned int, unsigned int, unsigned int, unsigned int, unsigned int)' into 'rv32c::expand(unsigned short)' (./rv32c_defs.h:65:0)
INFO: [HLS 214-178] Inlining function 'rv32c::b_type(unsigned int, unsigned int, unsigned int, int)' into 'rv32c::expand(unsigned short)' (./rv32c_defs.h:65:0)
INFO: [HLS 214-178] Inlining function 'rv32_hls::sign_extend(ap_uint<32>, unsigned int)' into 'rv32_hls::get_imm_J(ap_uint<32>)' (./immediates_hls.h:47:0)
INFO: [HLS 214-178] Inlining function 'rv32_hls::sign_extend(ap_uint<32>, unsigned int)' into 'rv32_hls::get_imm_I(ap_uint<32>)' (./immediates_hls.h:20:0)
INFO: [HLS 214-178] Inlining function 'rv32_hls::sign_extend(ap_uint<32>, unsigned int)' into 'rv32_hls::get_imm_S(ap_uint<32>)' (./immediates_hls.h:24:0)
INFO: [HLS 214-178] Inlining function 'rv32_hls::sign_extend(ap_uint<32>, unsigned int)' into 'rv32_hls::get_imm_B(ap_uint<32>)' (./immediates_hls.h:31:0)
INFO: [HLS 214-178] Inlining function 'dmem_store(ap_uint<32>*, ap_uint<32>, ap_uint<32>, ap_uint<3>)' into 'rv32_ooo_tick(ap_uint<1>, ap_uint<32>*, ap_uint<32>*, ap_uint<1>&, ap_uint<3>&, ap_uint<32>&, ap_uint<1>&, ap_uint<3>&, ap_uint<1>&, ap_uint<3>&, ap_uint<1>&, ap_uint<3>&, ap_uint<1>&, ap_uint<3>&, ap_uint<1>&, ap_uint<3>&, ap_uint<1>&, ap_uint<3>&, ap_uint<1>&, ap_uint<3>&, ap_uint<1>&, ap_uint<1>&, ap_uint<5>&, ap_uint<32>&, ap_uint<32>*, ap_uint<1>&)' (rv32_ooo.cpp:504:0)
INFO: [HLS 214-178] Inlining function 'alu_compute(ap_uint<3>, bool, ap_uint<32>, ap_uint<32>)' into 'rv32_ooo_tick(ap_uint<1>, ap_uint<32>*, ap_uint<32>*, ap_uint<1>&, ap_uint<3>&, ap_uint<32>&, ap_uint<1>&, ap_uint<3>&, ap_uint<1>&, ap_uint<3>&, ap_uint<1>&, ap_uint<3>&, ap_uint<1>&, ap_uint<3>&, ap_uint<1>&, ap_uint<3>&, ap_uint<1>&, ap_uint<3>&, ap_uint<1>&, ap_uint<3>&, ap_uint<1>&, ap_uint<1>&, ap_uint<5>&, ap_uint<32>&, ap_uint<32>*, ap_uint<1>&)' (rv32_ooo.cpp:504:0)
INFO: [HLS 214-178] Inlining function 'md_compute(ap_uint<3>, ap_uint<32>, ap_uint<32>)' into 'rv32_ooo_tick(ap_uint<1>, ap_uint<32>*, ap_uint<32>*, ap_uint<1>&, ap_uint<3>&, ap_uint<32>&, ap_uint<1>&, ap_uint<3>&, ap_uint<1>&, ap_uint<3>&, ap_uint<1>&, ap_uint<3>&, ap_uint<1>&, ap_uint<3>&, ap_uint<1>&, ap_uint<3>&, ap_uint<1>&, ap_uint<3>&, ap_uint<1>&, ap_uint<3>&, ap_uint<1>&, ap_uint<1>&, ap_uint<5>&, ap_uint<32>&, ap_uint<32>*, ap_uint<1>&)' (rv32_ooo.cpp:504:0)
INFO: [HLS 214-178] Inlining function 'branch_taken(ap_uint<3>, ap_uint<32>, ap_uint<32>)' into 'rv32_ooo_tick(ap_uint<1>, ap_uint<32>*, ap_uint<32>*, ap_uint<1>&, ap_uint<3>&, ap_uint<32>&, ap_uint<1>&, ap_uint<3>&, ap_uint<1>&, ap_uint<3>&, ap_uint<1>&, ap_uint<3>&, ap_uint<1>&, ap_uint<3>&, ap_uint<1>&, ap_uint<3>&, ap_uint<1>&, ap_uint<3>&, ap_uint<1>&, ap_uint<3>&, ap_uint<1>&, ap_uint<1>&, ap_uint<5>&, ap_uint<32>&, ap_uint<32>*, ap_uint<1>&)' (rv32_ooo.cpp:504:0)
INFO: [HLS 214-178] Inlining function 'dmem_load(ap_uint<32>*, ap_uint<32>, ap_uint<3>)' into 'rv32_ooo_tick(ap_uint<1>, ap_uint<32>*, ap_uint<32>*, ap_uint<1>&, ap_uint<3>&, ap_uint<32>&, ap_uint<1>&, ap_uint<3>&, ap_uint<1>&, ap_uint<3>&, ap_uint<1>&, ap_uint<3>&, ap_uint<1>&, ap_uint<3>&, ap_uint<1>&, ap_uint<3>&, ap_uint<1>&, ap_uint<3>&, ap_uint<1>&, ap_uint<3>&, ap_uint<1>&, ap_uint<1>&, ap_uint<5>&, ap_uint<32>&, ap_uint<32>*, ap_uint<1>&)' (rv32_ooo.cpp:504:0)
INFO: [HLS 214-178] Inlining function 'vec_arith_compute(VecRs const&, ap_uint<32>*)' into 'rv32_ooo_tick(ap_uint<1>, ap_uint<32>*, ap_uint<32>*, ap_uint<1>&, ap_uint<3>&, ap_uint<32>&, ap_uint<1>&, ap_uint<3>&, ap_uint<1>&, ap_uint<3>&, ap_uint<1>&, ap_uint<3>&, ap_uint<1>&, ap_uint<3>&, ap_uint<1>&, ap_uint<3>&, ap_uint<1>&, ap_uint<3>&, ap_uint<1>&, ap_uint<3>&, ap_uint<1>&, ap_uint<1>&, ap_uint<5>&, ap_uint<32>&, ap_uint<32>*, ap_uint<1>&)' (rv32_ooo.cpp:504:0)
INFO: [HLS 214-178] Inlining function 'read_csr(ap_uint<12>)' into 'rv32_ooo_tick(ap_uint<1>, ap_uint<32>*, ap_uint<32>*, ap_uint<1>&, ap_uint<3>&, ap_uint<32>&, ap_uint<1>&, ap_uint<3>&, ap_uint<1>&, ap_uint<3>&, ap_uint<1>&, ap_uint<3>&, ap_uint<1>&, ap_uint<3>&, ap_uint<1>&, ap_uint<3>&, ap_uint<1>&, ap_uint<3>&, ap_uint<1>&, ap_uint<3>&, ap_uint<1>&, ap_uint<1>&, ap_uint<5>&, ap_uint<32>&, ap_uint<32>*, ap_uint<1>&)' (rv32_ooo.cpp:504:0)
INFO: [HLS 214-178] Inlining function 'write_csr(ap_uint<12>, ap_uint<32>)' into 'rv32_ooo_tick(ap_uint<1>, ap_uint<32>*, ap_uint<32>*, ap_uint<1>&, ap_uint<3>&, ap_uint<32>&, ap_uint<1>&, ap_uint<3>&, ap_uint<1>&, ap_uint<3>&, ap_uint<1>&, ap_uint<3>&, ap_uint<1>&, ap_uint<3>&, ap_uint<1>&, ap_uint<3>&, ap_uint<1>&, ap_uint<3>&, ap_uint<1>&, ap_uint<3>&, ap_uint<1>&, ap_uint<1>&, ap_uint<5>&, ap_uint<32>&, ap_uint<32>*, ap_uint<1>&)' (rv32_ooo.cpp:504:0)
INFO: [HLS 214-178] Inlining function 'rv32i::opcode(unsigned int)' into 'rv32_ooo_tick(ap_uint<1>, ap_uint<32>*, ap_uint<32>*, ap_uint<1>&, ap_uint<3>&, ap_uint<32>&, ap_uint<1>&, ap_uint<3>&, ap_uint<1>&, ap_uint<3>&, ap_uint<1>&, ap_uint<3>&, ap_uint<1>&, ap_uint<3>&, ap_uint<1>&, ap_uint<3>&, ap_uint<1>&, ap_uint<3>&, ap_uint<1>&, ap_uint<3>&, ap_uint<1>&, ap_uint<1>&, ap_uint<5>&, ap_uint<32>&, ap_uint<32>*, ap_uint<1>&)' (rv32_ooo.cpp:504:0)
INFO: [HLS 214-178] Inlining function 'rv32i::rd(unsigned int)' into 'rv32_ooo_tick(ap_uint<1>, ap_uint<32>*, ap_uint<32>*, ap_uint<1>&, ap_uint<3>&, ap_uint<32>&, ap_uint<1>&, ap_uint<3>&, ap_uint<1>&, ap_uint<3>&, ap_uint<1>&, ap_uint<3>&, ap_uint<1>&, ap_uint<3>&, ap_uint<1>&, ap_uint<3>&, ap_uint<1>&, ap_uint<3>&, ap_uint<1>&, ap_uint<3>&, ap_uint<1>&, ap_uint<1>&, ap_uint<5>&, ap_uint<32>&, ap_uint<32>*, ap_uint<1>&)' (rv32_ooo.cpp:504:0)
INFO: [HLS 214-178] Inlining function 'rv32i::funct3(unsigned int)' into 'rv32_ooo_tick(ap_uint<1>, ap_uint<32>*, ap_uint<32>*, ap_uint<1>&, ap_uint<3>&, ap_uint<32>&, ap_uint<1>&, ap_uint<3>&, ap_uint<1>&, ap_uint<3>&, ap_uint<1>&, ap_uint<3>&, ap_uint<1>&, ap_uint<3>&, ap_uint<1>&, ap_uint<3>&, ap_uint<1>&, ap_uint<3>&, ap_uint<1>&, ap_uint<3>&, ap_uint<1>&, ap_uint<1>&, ap_uint<5>&, ap_uint<32>&, ap_uint<32>*, ap_uint<1>&)' (rv32_ooo.cpp:504:0)
INFO: [HLS 214-178] Inlining function 'rv32i::rs1(unsigned int)' into 'rv32_ooo_tick(ap_uint<1>, ap_uint<32>*, ap_uint<32>*, ap_uint<1>&, ap_uint<3>&, ap_uint<32>&, ap_uint<1>&, ap_uint<3>&, ap_uint<1>&, ap_uint<3>&, ap_uint<1>&, ap_uint<3>&, ap_uint<1>&, ap_uint<3>&, ap_uint<1>&, ap_uint<3>&, ap_uint<1>&, ap_uint<3>&, ap_uint<1>&, ap_uint<3>&, ap_uint<1>&, ap_uint<1>&, ap_uint<5>&, ap_uint<32>&, ap_uint<32>*, ap_uint<1>&)' (rv32_ooo.cpp:504:0)
INFO: [HLS 214-178] Inlining function 'rv32i::rs2(unsigned int)' into 'rv32_ooo_tick(ap_uint<1>, ap_uint<32>*, ap_uint<32>*, ap_uint<1>&, ap_uint<3>&, ap_uint<32>&, ap_uint<1>&, ap_uint<3>&, ap_uint<1>&, ap_uint<3>&, ap_uint<1>&, ap_uint<3>&, ap_uint<1>&, ap_uint<3>&, ap_uint<1>&, ap_uint<3>&, ap_uint<1>&, ap_uint<3>&, ap_uint<1>&, ap_uint<3>&, ap_uint<1>&, ap_uint<1>&, ap_uint<5>&, ap_uint<32>&, ap_uint<32>*, ap_uint<1>&)' (rv32_ooo.cpp:504:0)
INFO: [HLS 214-178] Inlining function 'rv32i::funct7(unsigned int)' into 'rv32_ooo_tick(ap_uint<1>, ap_uint<32>*, ap_uint<32>*, ap_uint<1>&, ap_uint<3>&, ap_uint<32>&, ap_uint<1>&, ap_uint<3>&, ap_uint<1>&, ap_uint<3>&, ap_uint<1>&, ap_uint<3>&, ap_uint<1>&, ap_uint<3>&, ap_uint<1>&, ap_uint<3>&, ap_uint<1>&, ap_uint<3>&, ap_uint<1>&, ap_uint<3>&, ap_uint<1>&, ap_uint<1>&, ap_uint<5>&, ap_uint<32>&, ap_uint<32>*, ap_uint<1>&)' (rv32_ooo.cpp:504:0)
INFO: [HLS 214-178] Inlining function 'rv32_hls::get_imm_U(ap_uint<32>)' into 'rv32_ooo_tick(ap_uint<1>, ap_uint<32>*, ap_uint<32>*, ap_uint<1>&, ap_uint<3>&, ap_uint<32>&, ap_uint<1>&, ap_uint<3>&, ap_uint<1>&, ap_uint<3>&, ap_uint<1>&, ap_uint<3>&, ap_uint<1>&, ap_uint<3>&, ap_uint<1>&, ap_uint<3>&, ap_uint<1>&, ap_uint<3>&, ap_uint<1>&, ap_uint<3>&, ap_uint<1>&, ap_uint<1>&, ap_uint<5>&, ap_uint<32>&, ap_uint<32>*, ap_uint<1>&)' (rv32_ooo.cpp:504:0)
INFO: [HLS 214-178] Inlining function 'rv32_hls::get_imm_J(ap_uint<32>)' into 'rv32_ooo_tick(ap_uint<1>, ap_uint<32>*, ap_uint<32>*, ap_uint<1>&, ap_uint<3>&, ap_uint<32>&, ap_uint<1>&, ap_uint<3>&, ap_uint<1>&, ap_uint<3>&, ap_uint<1>&, ap_uint<3>&, ap_uint<1>&, ap_uint<3>&, ap_uint<1>&, ap_uint<3>&, ap_uint<1>&, ap_uint<3>&, ap_uint<1>&, ap_uint<3>&, ap_uint<1>&, ap_uint<1>&, ap_uint<5>&, ap_uint<32>&, ap_uint<32>*, ap_uint<1>&)' (rv32_ooo.cpp:504:0)
INFO: [HLS 214-178] Inlining function 'rv32_hls::get_shamt(ap_uint<32>)' into 'rv32_ooo_tick(ap_uint<1>, ap_uint<32>*, ap_uint<32>*, ap_uint<1>&, ap_uint<3>&, ap_uint<32>&, ap_uint<1>&, ap_uint<3>&, ap_uint<1>&, ap_uint<3>&, ap_uint<1>&, ap_uint<3>&, ap_uint<1>&, ap_uint<3>&, ap_uint<1>&, ap_uint<3>&, ap_uint<1>&, ap_uint<3>&, ap_uint<1>&, ap_uint<3>&, ap_uint<1>&, ap_uint<1>&, ap_uint<5>&, ap_uint<32>&, ap_uint<32>*, ap_uint<1>&)' (rv32_ooo.cpp:504:0)
INFO: [HLS 214-178] Inlining function 'rv32_hls::get_imm_I(ap_uint<32>)' into 'rv32_ooo_tick(ap_uint<1>, ap_uint<32>*, ap_uint<32>*, ap_uint<1>&, ap_uint<3>&, ap_uint<32>&, ap_uint<1>&, ap_uint<3>&, ap_uint<1>&, ap_uint<3>&, ap_uint<1>&, ap_uint<3>&, ap_uint<1>&, ap_uint<3>&, ap_uint<1>&, ap_uint<3>&, ap_uint<1>&, ap_uint<3>&, ap_uint<1>&, ap_uint<3>&, ap_uint<1>&, ap_uint<1>&, ap_uint<5>&, ap_uint<32>&, ap_uint<32>*, ap_uint<1>&)' (rv32_ooo.cpp:504:0)
INFO: [HLS 214-178] Inlining function 'rv32_hls::get_imm_S(ap_uint<32>)' into 'rv32_ooo_tick(ap_uint<1>, ap_uint<32>*, ap_uint<32>*, ap_uint<1>&, ap_uint<3>&, ap_uint<32>&, ap_uint<1>&, ap_uint<3>&, ap_uint<1>&, ap_uint<3>&, ap_uint<1>&, ap_uint<3>&, ap_uint<1>&, ap_uint<3>&, ap_uint<1>&, ap_uint<3>&, ap_uint<1>&, ap_uint<3>&, ap_uint<1>&, ap_uint<3>&, ap_uint<1>&, ap_uint<1>&, ap_uint<5>&, ap_uint<32>&, ap_uint<32>*, ap_uint<1>&)' (rv32_ooo.cpp:504:0)
INFO: [HLS 214-178] Inlining function 'rv32i::rs3(unsigned int)' into 'rv32_ooo_tick(ap_uint<1>, ap_uint<32>*, ap_uint<32>*, ap_uint<1>&, ap_uint<3>&, ap_uint<32>&, ap_uint<1>&, ap_uint<3>&, ap_uint<1>&, ap_uint<3>&, ap_uint<1>&, ap_uint<3>&, ap_uint<1>&, ap_uint<3>&, ap_uint<1>&, ap_uint<3>&, ap_uint<1>&, ap_uint<3>&, ap_uint<1>&, ap_uint<3>&, ap_uint<1>&, ap_uint<1>&, ap_uint<5>&, ap_uint<32>&, ap_uint<32>*, ap_uint<1>&)' (rv32_ooo.cpp:504:0)
INFO: [HLS 214-178] Inlining function 'rv32_hls::get_imm_B(ap_uint<32>)' into 'rv32_ooo_tick(ap_uint<1>, ap_uint<32>*, ap_uint<32>*, ap_uint<1>&, ap_uint<3>&, ap_uint<32>&, ap_uint<1>&, ap_uint<3>&, ap_uint<1>&, ap_uint<3>&, ap_uint<1>&, ap_uint<3>&, ap_uint<1>&, ap_uint<3>&, ap_uint<1>&, ap_uint<3>&, ap_uint<1>&, ap_uint<3>&, ap_uint<1>&, ap_uint<3>&, ap_uint<1>&, ap_uint<1>&, ap_uint<5>&, ap_uint<32>&, ap_uint<32>*, ap_uint<1>&)' (rv32_ooo.cpp:504:0)
INFO: [HLS 214-376] automatically set the pipeline for Loop< VITIS_LOOP_872_10> at rv32_ooo.cpp:872:36 
INFO: [HLS 214-376] automatically set the pipeline for Loop< VITIS_LOOP_1129_11> at rv32_ooo.cpp:1129:25 
INFO: [HLS 214-376] automatically set the pipeline for Loop< VITIS_LOOP_575_4> at rv32_ooo.cpp:575:27 
INFO: [HLS 214-376] automatically set the pipeline for Loop< VITIS_LOOP_579_5> at rv32_ooo.cpp:579:27 
INFO: [HLS 214-421] Automatically partitioning small array '_ZL6alu_rs.busy' completely based on array size. (rv32_ooo.cpp:152:0)
INFO: [HLS 214-421] Automatically partitioning small array '_ZL6alu_rs.executing' completely based on array size. (rv32_ooo.cpp:152:0)
INFO: [HLS 214-421] Automatically partitioning small array '_ZL6alu_rs.remaining' completely based on array size. (rv32_ooo.cpp:152:0)
INFO: [HLS 214-421] Automatically partitioning small array '_ZL6alu_rs.f3' completely based on array size. (rv32_ooo.cpp:152:0)
INFO: [HLS 214-421] Automatically partitioning small array '_ZL6alu_rs.alt' completely based on array size. (rv32_ooo.cpp:152:0)
INFO: [HLS 214-421] Automatically partitioning small array '_ZL6alu_rs.rob_tag' completely based on array size. (rv32_ooo.cpp:152:0)
INFO: [HLS 214-421] Automatically partitioning small array '_ZL6alu_rs.s1.ready' completely based on array size. (rv32_ooo.cpp:152:0)
INFO: [HLS 214-421] Automatically partitioning small array '_ZL6alu_rs.s1.val' completely based on array size. (rv32_ooo.cpp:152:0)
INFO: [HLS 214-421] Automatically partitioning small array '_ZL6alu_rs.s1.tag' completely based on array size. (rv32_ooo.cpp:152:0)
INFO: [HLS 214-421] Automatically partitioning small array '_ZL6alu_rs.s2.ready' completely based on array size. (rv32_ooo.cpp:152:0)
INFO: [HLS 214-421] Automatically partitioning small array '_ZL6alu_rs.s2.val' completely based on array size. (rv32_ooo.cpp:152:0)
INFO: [HLS 214-421] Automatically partitioning small array '_ZL6alu_rs.s2.tag' completely based on array size. (rv32_ooo.cpp:152:0)
INFO: [HLS 214-270] Inferring pragma 'array_partition type=complete dim=1' for array 'alu_rs (.alt)' due to pipeline pragma (rv32_ooo.cpp:152:0)
INFO: [HLS 214-270] Inferring pragma 'array_partition type=complete dim=1' for array 'alu_rs (.busy)' due to pipeline pragma (rv32_ooo.cpp:152:0)
INFO: [HLS 214-270] Inferring pragma 'array_partition type=complete dim=1' for array 'alu_rs (.executing)' due to pipeline pragma (rv32_ooo.cpp:152:0)
INFO: [HLS 214-270] Inferring pragma 'array_partition type=complete dim=1' for array 'alu_rs (.f3)' due to pipeline pragma (rv32_ooo.cpp:152:0)
INFO: [HLS 214-270] Inferring pragma 'array_partition type=complete dim=1' for array 'alu_rs (.remaining)' due to pipeline pragma (rv32_ooo.cpp:152:0)
INFO: [HLS 214-270] Inferring pragma 'array_partition type=complete dim=1' for array 'alu_rs (.rob_tag)' due to pipeline pragma (rv32_ooo.cpp:152:0)
INFO: [HLS 214-270] Inferring pragma 'array_partition type=complete dim=1' for array 'alu_rs (.s1.ready)' due to pipeline pragma (rv32_ooo.cpp:152:0)
INFO: [HLS 214-270] Inferring pragma 'array_partition type=complete dim=1' for array 'alu_rs (.s1.tag)' due to pipeline pragma (rv32_ooo.cpp:152:0)
INFO: [HLS 214-270] Inferring pragma 'array_partition type=complete dim=1' for array 'alu_rs (.s1.val)' due to pipeline pragma (rv32_ooo.cpp:152:0)
INFO: [HLS 214-270] Inferring pragma 'array_partition type=complete dim=1' for array 'alu_rs (.s2.ready)' due to pipeline pragma (rv32_ooo.cpp:152:0)
INFO: [HLS 214-270] Inferring pragma 'array_partition type=complete dim=1' for array 'alu_rs (.s2.tag)' due to pipeline pragma (rv32_ooo.cpp:152:0)
INFO: [HLS 214-270] Inferring pragma 'array_partition type=complete dim=1' for array 'alu_rs (.s2.val)' due to pipeline pragma (rv32_ooo.cpp:152:0)
INFO: [HLS 214-248] Applying array_partition to '_ZL6alu_rs.s2.val': Complete partitioning on dimension 1. (rv32_ooo.cpp:152:0)
INFO: [HLS 214-248] Applying array_partition to '_ZL6alu_rs.s2.tag': Complete partitioning on dimension 1. (rv32_ooo.cpp:152:0)
INFO: [HLS 214-248] Applying array_partition to '_ZL6alu_rs.s2.ready': Complete partitioning on dimension 1. (rv32_ooo.cpp:152:0)
INFO: [HLS 214-248] Applying array_partition to '_ZL6alu_rs.s1.val': Complete partitioning on dimension 1. (rv32_ooo.cpp:152:0)
INFO: [HLS 214-248] Applying array_partition to '_ZL6alu_rs.s1.tag': Complete partitioning on dimension 1. (rv32_ooo.cpp:152:0)
INFO: [HLS 214-248] Applying array_partition to '_ZL6alu_rs.s1.ready': Complete partitioning on dimension 1. (rv32_ooo.cpp:152:0)
INFO: [HLS 214-248] Applying array_partition to '_ZL6alu_rs.rob_tag': Complete partitioning on dimension 1. (rv32_ooo.cpp:152:0)
INFO: [HLS 214-248] Applying array_partition to '_ZL6alu_rs.remaining': Complete partitioning on dimension 1. (rv32_ooo.cpp:152:0)
INFO: [HLS 214-248] Applying array_partition to '_ZL6alu_rs.f3': Complete partitioning on dimension 1. (rv32_ooo.cpp:152:0)
INFO: [HLS 214-248] Applying array_partition to '_ZL6alu_rs.executing': Complete partitioning on dimension 1. (rv32_ooo.cpp:152:0)
INFO: [HLS 214-248] Applying array_partition to '_ZL6alu_rs.busy': Complete partitioning on dimension 1. (rv32_ooo.cpp:152:0)
INFO: [HLS 214-248] Applying array_partition to '_ZL6alu_rs.alt': Complete partitioning on dimension 1. (rv32_ooo.cpp:152:0)
INFO: [HLS 200-111] Finished Compiling Optimization and Transform: CPU user time: 7.92 seconds. CPU system time: 0.98 seconds. Elapsed time: 10.76 seconds; current allocated memory: 650.871 MB.
INFO: [HLS 200-111] Finished Checking Pragmas: CPU user time: 0 seconds. CPU system time: 0 seconds. Elapsed time: 0 seconds; current allocated memory: 650.871 MB.
INFO: [HLS 200-10] Starting code transformations ...
INFO: [HLS 200-111] Finished Standard Transforms: CPU user time: 0.21 seconds. CPU system time: 0.01 seconds. Elapsed time: 0.22 seconds; current allocated memory: 659.312 MB.
INFO: [HLS 200-10] Checking synthesizability ...
INFO: [XFORM 203-602] Inlining function 'generic_fmin<float>' into 'fpu_compute' (/wrk/ci/prod/2024.2/hls_product/continuous/495/2024.2/src/shared/hls/clib/hlsmath/src/c/fminfloat.cpp:7->/home/andy/Programas/Vivado/Vitis/2024.2/tps/lnx64/gcc-8.3.0/lib/gcc/x86_64-pc-linux-gnu/8.3.0/../../../../include/c++/8.3.0/cmath:1439->rv32_ooo.cpp:383) automatically.
INFO: [XFORM 203-602] Inlining function 'generic_fmax<float>' into 'fpu_compute' (/wrk/ci/prod/2024.2/hls_product/continuous/495/2024.2/src/shared/hls/clib/hlsmath/src/c/fmaxfloat.cpp:7->/home/andy/Programas/Vivado/Vitis/2024.2/tps/lnx64/gcc-8.3.0/lib/gcc/x86_64-pc-linux-gnu/8.3.0/../../../../include/c++/8.3.0/cmath:1419->rv32_ooo.cpp:383) automatically.
INFO: [XFORM 203-602] Inlining function 'rv32c::i_type' into 'rv32c::expand' (./rv32c_defs.h:79) automatically.
WARNING: [SYNCHK 200-23] /wrk/ci/prod/2024.2/hls_product/continuous/495/2024.2/src/shared/hls/clib/hlsmath/include/FloatingPoint/hls_rint.h:65: variable-indexed range selection may cause suboptimal QoR.
INFO: [SYNCHK 200-10] 0 error(s), 1 warning(s).
INFO: [HLS 200-111] Finished Checking Synthesizability: CPU user time: 0.25 seconds. CPU system time: 0 seconds. Elapsed time: 0.26 seconds; current allocated memory: 667.316 MB.
INFO: [XFORM 203-602] Inlining function 'generic_fmin<float>' into 'fpu_compute' (/wrk/ci/prod/2024.2/hls_product/continuous/495/2024.2/src/shared/hls/clib/hlsmath/src/c/fminfloat.cpp:7->/home/andy/Programas/Vivado/Vitis/2024.2/tps/lnx64/gcc-8.3.0/lib/gcc/x86_64-pc-linux-gnu/8.3.0/../../../../include/c++/8.3.0/cmath:1439->rv32_ooo.cpp:383) automatically.
INFO: [XFORM 203-602] Inlining function 'generic_fmax<float>' into 'fpu_compute' (/wrk/ci/prod/2024.2/hls_product/continuous/495/2024.2/src/shared/hls/clib/hlsmath/src/c/fmaxfloat.cpp:7->/home/andy/Programas/Vivado/Vitis/2024.2/tps/lnx64/gcc-8.3.0/lib/gcc/x86_64-pc-linux-gnu/8.3.0/../../../../include/c++/8.3.0/cmath:1419->rv32_ooo.cpp:383) automatically.
INFO: [XFORM 203-602] Inlining function 'rv32c::i_type' into 'rv32c::expand' (./rv32c_defs.h:79) automatically.
INFO: [XFORM 203-401] Performing if-conversion on hyperblock from (./rv32c_defs.h:65:33) to (./rv32c_defs.h:287:1) in function 'rv32c::expand'... converting 47 basic blocks.
INFO: [XFORM 203-401] Performing if-conversion on hyperblock from (rv32_ooo.cpp:625:47) to (rv32_ooo.cpp:635:9) in function 'rv32_ooo_tick'... converting 10 basic blocks.
INFO: [XFORM 203-401] Performing if-conversion on hyperblock from (rv32_ooo.cpp:625:47) to (rv32_ooo.cpp:635:9) in function 'rv32_ooo_tick'... converting 10 basic blocks.
INFO: [XFORM 203-401] Performing if-conversion on hyperblock from (rv32_ooo.cpp:610:22) to (rv32_ooo.cpp:617:5) in function 'rv32_ooo_tick'... converting 3 basic blocks.
INFO: [XFORM 203-401] Performing if-conversion on hyperblock from (rv32_ooo.cpp:669:43) in function 'rv32_ooo_tick'... converting 9 basic blocks.
INFO: [XFORM 203-401] Performing if-conversion on hyperblock from (rv32_ooo.cpp:767:16) in function 'rv32_ooo_tick'... converting 4 basic blocks.
INFO: [XFORM 203-401] Performing if-conversion on hyperblock in function 'rv32_ooo_tick'... converting 4 basic blocks.
INFO: [XFORM 203-401] Performing if-conversion on hyperblock from (rv32_ooo.cpp:745:36) to (rv32_ooo.cpp:243:5) in function 'rv32_ooo_tick'... converting 15 basic blocks.
INFO: [XFORM 203-401] Performing if-conversion on hyperblock from (rv32_ooo.cpp:767:21) in function 'rv32_ooo_tick'... converting 4 basic blocks.
INFO: [XFORM 203-401] Performing if-conversion on hyperblock from (rv32_ooo.cpp:444:81) to (rv32_ooo.cpp:702:9) in function 'rv32_ooo_tick'... converting 7 basic blocks.
INFO: [XFORM 203-401] Performing if-conversion on hyperblock from (rv32_ooo.cpp:772:20) in function 'rv32_ooo_tick'... converting 6 basic blocks.
INFO: [XFORM 203-401] Performing if-conversion on hyperblock from (rv32_ooo.cpp:777:21) in function 'rv32_ooo_tick'... converting 9 basic blocks.
INFO: [XFORM 203-401] Performing if-conversion on hyperblock from (rv32_ooo.cpp:793:20) in function 'rv32_ooo_tick'... converting 7 basic blocks.
INFO: [XFORM 203-401] Performing if-conversion on hyperblock from (rv32_ooo.cpp:813:41) to (rv32_ooo.cpp:818:13) in function 'rv32_ooo_tick'... converting 4 basic blocks.
INFO: [XFORM 203-401] Performing if-conversion on hyperblock from (rv32_ooo.cpp:950:33) to (rv32_ooo.cpp:1110:21) in function 'rv32_ooo_tick'... converting 4 basic blocks.
INFO: [XFORM 203-401] Performing if-conversion on hyperblock from (rv32_ooo.cpp:970:69) to (rv32_ooo.cpp:985:33) in function 'rv32_ooo_tick'... converting 5 basic blocks.
INFO: [XFORM 203-401] Performing if-conversion on hyperblock from (rv32_ooo.cpp:282:43) to (rv32_ooo.cpp:295:1) in function 'read_operand_fp'... converting 5 basic blocks.
INFO: [XFORM 203-401] Performing if-conversion on hyperblock from (rv32_ooo.cpp:260:40) to (rv32_ooo.cpp:277:1) in function 'read_operand'... converting 6 basic blocks.
INFO: [XFORM 203-401] Performing if-conversion on hyperblock from (/wrk/ci/prod/2024.2/hls_product/continuous/495/2024.2/src/shared/hls/clib/hlsmath/include/FloatingPoint/hls_rint.h:26:18) to (/wrk/ci/prod/2024.2/hls_product/continuous/495/2024.2/src/shared/hls/clib/hlsmath/include/FloatingPoint/hls_rint.h:80:1) in function 'generic_rint<float>'... converting 6 basic blocks.
INFO: [XFORM 203-401] Performing if-conversion on hyperblock from (rv32_ooo.cpp:371:22) in function 'fpu_compute'... converting 5 basic blocks.
INFO: [XFORM 203-401] Performing if-conversion on hyperblock from (rv32_ooo.cpp:383:23) to (rv32_ooo.cpp:382:13) in function 'fpu_compute'... converting 14 basic blocks.
INFO: [XFORM 203-401] Performing if-conversion on hyperblock from (./fp_ops.h:55:32) to (./fp_ops.h:59:5) in function 'fpu_compute'... converting 5 basic blocks.
INFO: [XFORM 203-602] Inlining function 'generic_rint<float>' into 'fpu_compute' (/wrk/ci/prod/2024.2/hls_product/continuous/495/2024.2/src/shared/hls/clib/hlsmath/src/c/nearbyintfloat.cpp:7->/home/andy/Programas/Vivado/Vitis/2024.2/tps/lnx64/gcc-8.3.0/lib/gcc/x86_64-pc-linux-gnu/8.3.0/../../../../include/c++/8.3.0/cmath:1643->./fp_ops.h:49->rv32_ooo.cpp:393) automatically.
INFO: [XFORM 203-11] Balancing expressions in function 'rv32c::expand' (./rv32c_defs.h:65)...75 expression(s) balanced.
INFO: [XFORM 203-11] Balancing expressions in function 'rv32_ooo_tick' (rv32_ooo.cpp:17:29)...28 expression(s) balanced.
INFO: [HLS 200-111] Finished Loop, function and other optimizations: CPU user time: 1.09 seconds. CPU system time: 0.01 seconds. Elapsed time: 1.11 seconds; current allocated memory: 697.777 MB.
INFO: [HLS 200-111] Finished Architecture Synthesis: CPU user time: 1.26 seconds. CPU system time: 0.02 seconds. Elapsed time: 1.29 seconds; current allocated memory: 795.715 MB.
INFO: [HLS 200-10] Starting hardware synthesis ...
INFO: [HLS 200-10] Synthesizing 'rv32_ooo_tick' ...
INFO: [HLS 200-10] ----------------------------------------------------------------
INFO: [HLS 200-42] -- Implementing module 'cdb_broadcast' 
INFO: [HLS 200-10] ----------------------------------------------------------------
INFO: [SCHED 204-11] Starting scheduling ...
INFO: [SCHED 204-11] Finished scheduling.
INFO: [HLS 200-111] Finished Scheduling: CPU user time: 0.3 seconds. CPU system time: 0.03 seconds. Elapsed time: 0.35 seconds; current allocated memory: 798.934 MB.
INFO: [BIND 205-100] Starting micro-architecture generation ...
INFO: [BIND 205-101] Performing variable lifetime analysis.
INFO: [BIND 205-101] Exploring resource sharing.
INFO: [BIND 205-101] Binding ...
INFO: [BIND 205-100] Finished micro-architecture generation.
INFO: [HLS 200-111] Finished Binding: CPU user time: 0.02 seconds. CPU system time: 0.01 seconds. Elapsed time: 0.03 seconds; current allocated memory: 799.059 MB.
INFO: [HLS 200-10] ----------------------------------------------------------------
INFO: [HLS 200-42] -- Implementing module 'fpu_compute' 
INFO: [HLS 200-10] ----------------------------------------------------------------
INFO: [SCHED 204-11] Starting scheduling ...
INFO: [SCHED 204-11] Finished scheduling.
INFO: [HLS 200-111] Finished Scheduling: CPU user time: 0.16 seconds. CPU system time: 0 seconds. Elapsed time: 0.17 seconds; current allocated memory: 803.047 MB.
INFO: [BIND 205-100] Starting micro-architecture generation ...
INFO: [BIND 205-101] Performing variable lifetime analysis.
INFO: [BIND 205-101] Exploring resource sharing.
INFO: [BIND 205-101] Binding ...
INFO: [BIND 205-100] Finished micro-architecture generation.
INFO: [HLS 200-111] Finished Binding: CPU user time: 0.06 seconds. CPU system time: 0 seconds. Elapsed time: 0.06 seconds; current allocated memory: 803.047 MB.
INFO: [HLS 200-10] ----------------------------------------------------------------
INFO: [HLS 200-42] -- Implementing module 'expand' 
INFO: [HLS 200-10] ----------------------------------------------------------------
INFO: [SCHED 204-11] Starting scheduling ...
INFO: [SCHED 204-11] Finished scheduling.
INFO: [HLS 200-111] Finished Scheduling: CPU user time: 0.09 seconds. CPU system time: 0.01 seconds. Elapsed time: 0.09 seconds; current allocated memory: 804.453 MB.
INFO: [BIND 205-100] Starting micro-architecture generation ...
INFO: [BIND 205-101] Performing variable lifetime analysis.
INFO: [BIND 205-101] Exploring resource sharing.
INFO: [BIND 205-101] Binding ...
INFO: [BIND 205-100] Finished micro-architecture generation.
INFO: [HLS 200-111] Finished Binding: CPU user time: 0.04 seconds. CPU system time: 0 seconds. Elapsed time: 0.04 seconds; current allocated memory: 804.492 MB.
INFO: [HLS 200-10] ----------------------------------------------------------------
INFO: [HLS 200-42] -- Implementing module 'read_operand' 
INFO: [HLS 200-10] ----------------------------------------------------------------
INFO: [SCHED 204-11] Starting scheduling ...
INFO: [SCHED 204-11] Finished scheduling.
INFO: [HLS 200-111] Finished Scheduling: CPU user time: 0.04 seconds. CPU system time: 0 seconds. Elapsed time: 0.03 seconds; current allocated memory: 805.508 MB.
INFO: [BIND 205-100] Starting micro-architecture generation ...
INFO: [BIND 205-101] Performing variable lifetime analysis.
INFO: [BIND 205-101] Exploring resource sharing.
INFO: [BIND 205-101] Binding ...
INFO: [BIND 205-100] Finished micro-architecture generation.
INFO: [HLS 200-111] Finished Binding: CPU user time: 0.02 seconds. CPU system time: 0 seconds. Elapsed time: 0.02 seconds; current allocated memory: 805.508 MB.
INFO: [HLS 200-10] ----------------------------------------------------------------
INFO: [HLS 200-42] -- Implementing module 'read_operand_fp' 
INFO: [HLS 200-10] ----------------------------------------------------------------
INFO: [SCHED 204-11] Starting scheduling ...
INFO: [SCHED 204-11] Finished scheduling.
INFO: [HLS 200-111] Finished Scheduling: CPU user time: 0.03 seconds. CPU system time: 0 seconds. Elapsed time: 0.02 seconds; current allocated memory: 805.875 MB.
INFO: [BIND 205-100] Starting micro-architecture generation ...
INFO: [BIND 205-101] Performing variable lifetime analysis.
INFO: [BIND 205-101] Exploring resource sharing.
INFO: [BIND 205-101] Binding ...
INFO: [BIND 205-100] Finished micro-architecture generation.
INFO: [HLS 200-111] Finished Binding: CPU user time: 0.02 seconds. CPU system time: 0 seconds. Elapsed time: 0.02 seconds; current allocated memory: 805.875 MB.
INFO: [HLS 200-10] ----------------------------------------------------------------
INFO: [HLS 200-42] -- Implementing module 'rv32_ooo_tick_Pipeline_VITIS_LOOP_872_10' 
INFO: [HLS 200-10] ----------------------------------------------------------------
INFO: [SCHED 204-11] Starting scheduling ...
INFO: [SCHED 204-61] Pipelining loop 'VITIS_LOOP_872_10'.
INFO: [HLS 200-1470] Pipelining result : Target II = NA, Final II = 1, Depth = 2, loop 'VITIS_LOOP_872_10'
INFO: [SCHED 204-11] Finished scheduling.
INFO: [HLS 200-111] Finished Scheduling: CPU user time: 0.03 seconds. CPU system time: 0.01 seconds. Elapsed time: 0.03 seconds; current allocated memory: 806.246 MB.
INFO: [BIND 205-100] Starting micro-architecture generation ...
INFO: [BIND 205-101] Performing variable lifetime analysis.
INFO: [BIND 205-101] Exploring resource sharing.
INFO: [BIND 205-101] Binding ...
INFO: [BIND 205-100] Finished micro-architecture generation.
INFO: [HLS 200-111] Finished Binding: CPU user time: 0.02 seconds. CPU system time: 0 seconds. Elapsed time: 0.02 seconds; current allocated memory: 806.246 MB.
INFO: [HLS 200-10] ----------------------------------------------------------------
INFO: [HLS 200-42] -- Implementing module 'rv32_ooo_tick_Pipeline_VITIS_LOOP_1129_11' 
INFO: [HLS 200-10] ----------------------------------------------------------------
INFO: [SCHED 204-11] Starting scheduling ...
INFO: [SCHED 204-61] Pipelining loop 'VITIS_LOOP_1129_11'.
INFO: [HLS 200-1470] Pipelining result : Target II = NA, Final II = 1, Depth = 2, loop 'VITIS_LOOP_1129_11'
INFO: [SCHED 204-11] Finished scheduling.
INFO: [HLS 200-111] Finished Scheduling: CPU user time: 0.03 seconds. CPU system time: 0 seconds. Elapsed time: 0.03 seconds; current allocated memory: 806.648 MB.
INFO: [BIND 205-100] Starting micro-architecture generation ...
INFO: [BIND 205-101] Performing variable lifetime analysis.
INFO: [BIND 205-101] Exploring resource sharing.
INFO: [BIND 205-101] Binding ...
INFO: [BIND 205-100] Finished micro-architecture generation.
INFO: [HLS 200-111] Finished Binding: CPU user time: 0.02 seconds. CPU system time: 0 seconds. Elapsed time: 0.02 seconds; current allocated memory: 806.648 MB.
INFO: [HLS 200-10] ----------------------------------------------------------------
INFO: [HLS 200-42] -- Implementing module 'rv32_ooo_tick_Pipeline_VITIS_LOOP_575_4' 
INFO: [HLS 200-10] ----------------------------------------------------------------
INFO: [SCHED 204-11] Starting scheduling ...
INFO: [SCHED 204-61] Pipelining loop 'VITIS_LOOP_575_4'.
INFO: [HLS 200-1470] Pipelining result : Target II = NA, Final II = 1, Depth = 1, loop 'VITIS_LOOP_575_4'
INFO: [SCHED 204-11] Finished scheduling.
INFO: [HLS 200-111] Finished Scheduling: CPU user time: 0.03 seconds. CPU system time: 0 seconds. Elapsed time: 0.02 seconds; current allocated memory: 806.902 MB.
INFO: [BIND 205-100] Starting micro-architecture generation ...
INFO: [BIND 205-101] Performing variable lifetime analysis.
INFO: [BIND 205-101] Exploring resource sharing.
INFO: [BIND 205-101] Binding ...
INFO: [BIND 205-100] Finished micro-architecture generation.
INFO: [HLS 200-111] Finished Binding: CPU user time: 0.02 seconds. CPU system time: 0.01 seconds. Elapsed time: 0.02 seconds; current allocated memory: 806.902 MB.
INFO: [HLS 200-10] ----------------------------------------------------------------
INFO: [HLS 200-42] -- Implementing module 'rv32_ooo_tick_Pipeline_VITIS_LOOP_579_5' 
INFO: [HLS 200-10] ----------------------------------------------------------------
INFO: [SCHED 204-11] Starting scheduling ...
INFO: [SCHED 204-61] Pipelining loop 'VITIS_LOOP_579_5'.
INFO: [HLS 200-1470] Pipelining result : Target II = NA, Final II = 1, Depth = 2, loop 'VITIS_LOOP_579_5'
INFO: [SCHED 204-11] Finished scheduling.
INFO: [HLS 200-111] Finished Scheduling: CPU user time: 0.03 seconds. CPU system time: 0 seconds. Elapsed time: 0.03 seconds; current allocated memory: 807.008 MB.
INFO: [BIND 205-100] Starting micro-architecture generation ...
INFO: [BIND 205-101] Performing variable lifetime analysis.
INFO: [BIND 205-101] Exploring resource sharing.
INFO: [BIND 205-101] Binding ...
INFO: [BIND 205-100] Finished micro-architecture generation.
INFO: [HLS 200-111] Finished Binding: CPU user time: 0.02 seconds. CPU system time: 0 seconds. Elapsed time: 0.02 seconds; current allocated memory: 807.008 MB.
INFO: [HLS 200-10] ----------------------------------------------------------------
INFO: [HLS 200-42] -- Implementing module 'rv32_ooo_tick' 
INFO: [HLS 200-10] ----------------------------------------------------------------
INFO: [SCHED 204-11] Starting scheduling ...
INFO: [SCHED 204-11] Finished scheduling.
INFO: [HLS 200-111] Finished Scheduling: CPU user time: 1.51 seconds. CPU system time: 0.01 seconds. Elapsed time: 1.52 seconds; current allocated memory: 838.391 MB.
INFO: [BIND 205-100] Starting micro-architecture generation ...
INFO: [BIND 205-101] Performing variable lifetime analysis.
INFO: [BIND 205-101] Exploring resource sharing.
INFO: [BIND 205-101] Binding ...
INFO: [BIND 205-100] Finished micro-architecture generation.
INFO: [HLS 200-111] Finished Binding: CPU user time: 0.36 seconds. CPU system time: 0.01 seconds. Elapsed time: 0.37 seconds; current allocated memory: 846.836 MB.
INFO: [HLS 200-10] ----------------------------------------------------------------
INFO: [HLS 200-10] -- Generating RTL for module 'cdb_broadcast' 
INFO: [HLS 200-10] ----------------------------------------------------------------
INFO: [RTGEN 206-100] Finished creating RTL model for 'cdb_broadcast'.
INFO: [HLS 200-111] Finished Creating RTL model: CPU user time: 0.24 seconds. CPU system time: 0.01 seconds. Elapsed time: 0.26 seconds; current allocated memory: 846.836 MB.
INFO: [HLS 200-10] ----------------------------------------------------------------
INFO: [HLS 200-10] -- Generating RTL for module 'fpu_compute' 
INFO: [HLS 200-10] ----------------------------------------------------------------
INFO: [RTGEN 206-100] Generating core module 'bitselect_1ns_32ns_32s_1_1_1': 2 instance(s).
INFO: [RTGEN 206-100] Generating core module 'faddfsub_32ns_32ns_32_4_full_dsp_1': 1 instance(s).
INFO: [RTGEN 206-100] Generating core module 'fcmp_32ns_32ns_1_2_no_dsp_1': 4 instance(s).
INFO: [RTGEN 206-100] Generating core module 'fdiv_32ns_32ns_32_9_no_dsp_1': 1 instance(s).
INFO: [RTGEN 206-100] Generating core module 'fmul_32ns_32ns_32_3_max_dsp_1': 1 instance(s).
INFO: [RTGEN 206-100] Generating core module 'fsqrt_32ns_32ns_32_8_no_dsp_1': 1 instance(s).
INFO: [RTGEN 206-100] Generating core module 'sitofp_32ns_32_4_no_dsp_1': 1 instance(s).
INFO: [RTGEN 206-100] Generating core module 'sparsemux_13_5_32_1_1': 1 instance(s).
INFO: [RTGEN 206-100] Generating core module 'sparsemux_7_2_32_1_1': 2 instance(s).
INFO: [RTGEN 206-100] Generating core module 'sparsemux_9_3_32_1_1': 1 instance(s).
INFO: [RTGEN 206-100] Generating core module 'sparsemux_9_3_3_1_1': 1 instance(s).
INFO: [RTGEN 206-100] Generating core module 'uitofp_32ns_32_4_no_dsp_1': 1 instance(s).
INFO: [RTGEN 206-100] Finished creating RTL model for 'fpu_compute'.
INFO: [RTMG 210-279] Implementing memory 'rv32_ooo_tick_fpu_compute_mask_table_ROM_AUTO_1R' using auto ROMs.
INFO: [RTMG 210-279] Implementing memory 'rv32_ooo_tick_fpu_compute_one_half_minus_one_table_ROM_AUTO_1R' using auto ROMs.
INFO: [RTMG 210-279] Implementing memory 'rv32_ooo_tick_fpu_compute_index_table_ROM_AUTO_1R' using auto ROMs.
INFO: [HLS 200-111] Finished Creating RTL model: CPU user time: 0.16 seconds. CPU system time: 0.01 seconds. Elapsed time: 0.16 seconds; current allocated memory: 846.836 MB.
INFO: [HLS 200-10] ----------------------------------------------------------------
INFO: [HLS 200-10] -- Generating RTL for module 'expand' 
INFO: [HLS 200-10] ----------------------------------------------------------------
INFO: [RTGEN 206-100] Finished creating RTL model for 'expand'.
INFO: [HLS 200-111] Finished Creating RTL model: CPU user time: 0.21 seconds. CPU system time: 0.01 seconds. Elapsed time: 0.21 seconds; current allocated memory: 846.836 MB.
INFO: [HLS 200-10] ----------------------------------------------------------------
INFO: [HLS 200-10] -- Generating RTL for module 'read_operand' 
INFO: [HLS 200-10] ----------------------------------------------------------------
INFO: [RTGEN 206-100] Generating core module 'sparsemux_7_2_32_1_1': 1 instance(s).
INFO: [RTGEN 206-100] Finished creating RTL model for 'read_operand'.
INFO: [HLS 200-111] Finished Creating RTL model: CPU user time: 0.09 seconds. CPU system time: 0.01 seconds. Elapsed time: 0.1 seconds; current allocated memory: 848.977 MB.
INFO: [HLS 200-10] ----------------------------------------------------------------
INFO: [HLS 200-10] -- Generating RTL for module 'read_operand_fp' 
INFO: [HLS 200-10] ----------------------------------------------------------------
INFO: [RTGEN 206-100] Generating core module 'sparsemux_7_2_32_1_1': 1 instance(s).
INFO: [RTGEN 206-100] Finished creating RTL model for 'read_operand_fp'.
INFO: [HLS 200-111] Finished Creating RTL model: CPU user time: 0.05 seconds. CPU system time: 0 seconds. Elapsed time: 0.06 seconds; current allocated memory: 849.965 MB.
INFO: [HLS 200-10] ----------------------------------------------------------------
INFO: [HLS 200-10] -- Generating RTL for module 'rv32_ooo_tick_Pipeline_VITIS_LOOP_872_10' 
INFO: [HLS 200-10] ----------------------------------------------------------------
INFO: [HLS 200-1030] Apply Unified Pipeline Control on module 'rv32_ooo_tick_Pipeline_VITIS_LOOP_872_10' pipeline 'VITIS_LOOP_872_10' pipeline type 'loop pipeline'
INFO: [RTGEN 206-100] Finished creating RTL model for 'rv32_ooo_tick_Pipeline_VITIS_LOOP_872_10'.
INFO: [HLS 200-111] Finished Creating RTL model: CPU user time: 0.05 seconds. CPU system time: 0 seconds. Elapsed time: 0.06 seconds; current allocated memory: 850.785 MB.
INFO: [HLS 200-10] ----------------------------------------------------------------
INFO: [HLS 200-10] -- Generating RTL for module 'rv32_ooo_tick_Pipeline_VITIS_LOOP_1129_11' 
INFO: [HLS 200-10] ----------------------------------------------------------------
INFO: [HLS 200-1030] Apply Unified Pipeline Control on module 'rv32_ooo_tick_Pipeline_VITIS_LOOP_1129_11' pipeline 'VITIS_LOOP_1129_11' pipeline type 'loop pipeline'
INFO: [RTGEN 206-100] Finished creating RTL model for 'rv32_ooo_tick_Pipeline_VITIS_LOOP_1129_11'.
INFO: [HLS 200-111] Finished Creating RTL model: CPU user time: 0.05 seconds. CPU system time: 0 seconds. Elapsed time: 0.05 seconds; current allocated memory: 851.543 MB.
INFO: [HLS 200-10] ----------------------------------------------------------------
INFO: [HLS 200-10] -- Generating RTL for module 'rv32_ooo_tick_Pipeline_VITIS_LOOP_575_4' 
INFO: [HLS 200-10] ----------------------------------------------------------------
INFO: [RTGEN 206-100] Finished creating RTL model for 'rv32_ooo_tick_Pipeline_VITIS_LOOP_575_4'.
INFO: [HLS 200-111] Finished Creating RTL model: CPU user time: 0.04 seconds. CPU system time: 0.01 seconds. Elapsed time: 0.05 seconds; current allocated memory: 852.242 MB.
INFO: [HLS 200-10] ----------------------------------------------------------------
INFO: [HLS 200-10] -- Generating RTL for module 'rv32_ooo_tick_Pipeline_VITIS_LOOP_579_5' 
INFO: [HLS 200-10] ----------------------------------------------------------------
INFO: [HLS 200-1030] Apply Unified Pipeline Control on module 'rv32_ooo_tick_Pipeline_VITIS_LOOP_579_5' pipeline 'VITIS_LOOP_579_5' pipeline type 'loop pipeline'
INFO: [RTGEN 206-100] Finished creating RTL model for 'rv32_ooo_tick_Pipeline_VITIS_LOOP_579_5'.
INFO: [HLS 200-111] Finished Creating RTL model: CPU user time: 0.05 seconds. CPU system time: 0 seconds. Elapsed time: 0.05 seconds; current allocated memory: 852.836 MB.
INFO: [HLS 200-10] ----------------------------------------------------------------
INFO: [HLS 200-10] -- Generating RTL for module 'rv32_ooo_tick' 
INFO: [HLS 200-10] ----------------------------------------------------------------
WARNING: [RTGEN 206-101] Design contains AXI ports. Reset is fixed to synchronous and active low.
INFO: [RTGEN 206-500] Setting interface mode on port 'rv32_ooo_tick/reset' to 'ap_none'.
INFO: [RTGEN 206-500] Setting interface mode on port 'rv32_ooo_tick/imem' to 'bram'.
INFO: [RTGEN 206-500] Setting interface mode on port 'rv32_ooo_tick/dmem' to 'bram'.
INFO: [RTGEN 206-500] Setting interface mode on port 'rv32_ooo_tick/disp_valid' to 'ap_none'.
WARNING: [RTGEN 206-101] Port 'disp_valid' with mode 'ap_none' may require an associated data valid signal to correctly communicate with other blocks or a test bench; automatic C/RTL co-simulation may not be able to verify such a port.
INFO: [RTGEN 206-500] Setting interface mode on port 'rv32_ooo_tick/disp_tag' to 'ap_none'.
WARNING: [RTGEN 206-101] Port 'disp_tag' with mode 'ap_none' may require an associated data valid signal to correctly communicate with other blocks or a test bench; automatic C/RTL co-simulation may not be able to verify such a port.
INFO: [RTGEN 206-500] Setting interface mode on port 'rv32_ooo_tick/disp_pc' to 'ap_none'.
WARNING: [RTGEN 206-101] Port 'disp_pc' with mode 'ap_none' may require an associated data valid signal to correctly communicate with other blocks or a test bench; automatic C/RTL co-simulation may not be able to verify such a port.
INFO: [RTGEN 206-500] Setting interface mode on port 'rv32_ooo_tick/alu0_done' to 'ap_none'.
WARNING: [RTGEN 206-101] Port 'alu0_done' with mode 'ap_none' may require an associated data valid signal to correctly communicate with other blocks or a test bench; automatic C/RTL co-simulation may not be able to verify such a port.
INFO: [RTGEN 206-500] Setting interface mode on port 'rv32_ooo_tick/alu0_tag' to 'ap_none'.
WARNING: [RTGEN 206-101] Port 'alu0_tag' with mode 'ap_none' may require an associated data valid signal to correctly communicate with other blocks or a test bench; automatic C/RTL co-simulation may not be able to verify such a port.
INFO: [RTGEN 206-500] Setting interface mode on port 'rv32_ooo_tick/alu1_done' to 'ap_none'.
WARNING: [RTGEN 206-101] Port 'alu1_done' with mode 'ap_none' may require an associated data valid signal to correctly communicate with other blocks or a test bench; automatic C/RTL co-simulation may not be able to verify such a port.
INFO: [RTGEN 206-500] Setting interface mode on port 'rv32_ooo_tick/alu1_tag' to 'ap_none'.
WARNING: [RTGEN 206-101] Port 'alu1_tag' with mode 'ap_none' may require an associated data valid signal to correctly communicate with other blocks or a test bench; automatic C/RTL co-simulation may not be able to verify such a port.
INFO: [RTGEN 206-500] Setting interface mode on port 'rv32_ooo_tick/md_done' to 'ap_none'.
WARNING: [RTGEN 206-101] Port 'md_done' with mode 'ap_none' may require an associated data valid signal to correctly communicate with other blocks or a test bench; automatic C/RTL co-simulation may not be able to verify such a port.
INFO: [RTGEN 206-500] Setting interface mode on port 'rv32_ooo_tick/md_tag' to 'ap_none'.
WARNING: [RTGEN 206-101] Port 'md_tag' with mode 'ap_none' may require an associated data valid signal to correctly communicate with other blocks or a test bench; automatic C/RTL co-simulation may not be able to verify such a port.
INFO: [RTGEN 206-500] Setting interface mode on port 'rv32_ooo_tick/fpu_done' to 'ap_none'.
WARNING: [RTGEN 206-101] Port 'fpu_done' with mode 'ap_none' may require an associated data valid signal to correctly communicate with other blocks or a test bench; automatic C/RTL co-simulation may not be able to verify such a port.
INFO: [RTGEN 206-500] Setting interface mode on port 'rv32_ooo_tick/fpu_tag' to 'ap_none'.
WARNING: [RTGEN 206-101] Port 'fpu_tag' with mode 'ap_none' may require an associated data valid signal to correctly communicate with other blocks or a test bench; automatic C/RTL co-simulation may not be able to verify such a port.
INFO: [RTGEN 206-500] Setting interface mode on port 'rv32_ooo_tick/lsu_done' to 'ap_none'.
WARNING: [RTGEN 206-101] Port 'lsu_done' with mode 'ap_none' may require an associated data valid signal to correctly communicate with other blocks or a test bench; automatic C/RTL co-simulation may not be able to verify such a port.
INFO: [RTGEN 206-500] Setting interface mode on port 'rv32_ooo_tick/lsu_tag' to 'ap_none'.
WARNING: [RTGEN 206-101] Port 'lsu_tag' with mode 'ap_none' may require an associated data valid signal to correctly communicate with other blocks or a test bench; automatic C/RTL co-simulation may not be able to verify such a port.
INFO: [RTGEN 206-500] Setting interface mode on port 'rv32_ooo_tick/br_done' to 'ap_none'.
WARNING: [RTGEN 206-101] Port 'br_done' with mode 'ap_none' may require an associated data valid signal to correctly communicate with other blocks or a test bench; automatic C/RTL co-simulation may not be able to verify such a port.
INFO: [RTGEN 206-500] Setting interface mode on port 'rv32_ooo_tick/br_tag' to 'ap_none'.
WARNING: [RTGEN 206-101] Port 'br_tag' with mode 'ap_none' may require an associated data valid signal to correctly communicate with other blocks or a test bench; automatic C/RTL co-simulation may not be able to verify such a port.
INFO: [RTGEN 206-500] Setting interface mode on port 'rv32_ooo_tick/vec_done' to 'ap_none'.
WARNING: [RTGEN 206-101] Port 'vec_done' with mode 'ap_none' may require an associated data valid signal to correctly communicate with other blocks or a test bench; automatic C/RTL co-simulation may not be able to verify such a port.
INFO: [RTGEN 206-500] Setting interface mode on port 'rv32_ooo_tick/vec_tag' to 'ap_none'.
WARNING: [RTGEN 206-101] Port 'vec_tag' with mode 'ap_none' may require an associated data valid signal to correctly communicate with other blocks or a test bench; automatic C/RTL co-simulation may not be able to verify such a port.
INFO: [RTGEN 206-500] Setting interface mode on port 'rv32_ooo_tick/commit_valid' to 'ap_none'.
WARNING: [RTGEN 206-101] Port 'commit_valid' with mode 'ap_none' may require an associated data valid signal to correctly communicate with other blocks or a test bench; automatic C/RTL co-simulation may not be able to verify such a port.
INFO: [RTGEN 206-500] Setting interface mode on port 'rv32_ooo_tick/commit_is_fp' to 'ap_none'.
WARNING: [RTGEN 206-101] Port 'commit_is_fp' with mode 'ap_none' may require an associated data valid signal to correctly communicate with other blocks or a test bench; automatic C/RTL co-simulation may not be able to verify such a port.
INFO: [RTGEN 206-500] Setting interface mode on port 'rv32_ooo_tick/commit_rd' to 'ap_none'.
WARNING: [RTGEN 206-101] Port 'commit_rd' with mode 'ap_none' may require an associated data valid signal to correctly communicate with other blocks or a test bench; automatic C/RTL co-simulation may not be able to verify such a port.
INFO: [RTGEN 206-500] Setting interface mode on port 'rv32_ooo_tick/commit_value' to 'ap_none'.
WARNING: [RTGEN 206-101] Port 'commit_value' with mode 'ap_none' may require an associated data valid signal to correctly communicate with other blocks or a test bench; automatic C/RTL co-simulation may not be able to verify such a port.
INFO: [RTGEN 206-500] Setting interface mode on port 'rv32_ooo_tick/vregs_out' to 'bram'.
INFO: [RTGEN 206-500] Setting interface mode on port 'rv32_ooo_tick/halted' to 'ap_none'.
WARNING: [RTGEN 206-101] Port 'halted' with mode 'ap_none' may require an associated data valid signal to correctly communicate with other blocks or a test bench; automatic C/RTL co-simulation may not be able to verify such a port.
INFO: [RTGEN 206-500] Setting interface mode on function 'rv32_ooo_tick' to 's_axilite & ap_ctrl_hs'.
WARNING: [RTGEN 206-101] Register 'rob_head' is power-on initialization.
WARNING: [RTGEN 206-101] Register 'rob_tail' is power-on initialization.
WARNING: [RTGEN 206-101] Register 'rob_count' is power-on initialization.
WARNING: [RTGEN 206-101] Register 'alu_rs_executing_0' is power-on initialization.
WARNING: [RTGEN 206-101] Register 'alu_rs_executing_1' is power-on initialization.
WARNING: [RTGEN 206-101] Register 'md_rs_executing' is power-on initialization.
WARNING: [RTGEN 206-101] Register 'fpu_rs_executing' is power-on initialization.
WARNING: [RTGEN 206-101] Register 'br_rs_executing' is power-on initialization.
WARNING: [RTGEN 206-101] Register 'vec_rs_executing' is power-on initialization.
WARNING: [RTGEN 206-101] Register 'fetch_pc' is power-on initialization.
WARNING: [RTGEN 206-101] Register 'fetch_stalled' is power-on initialization.
WARNING: [RTGEN 206-101] Register 'fetch_done' is power-on initialization.
WARNING: [RTGEN 206-101] Register 'alu_rs_busy_0' is power-on initialization.
WARNING: [RTGEN 206-101] Register 'alu_rs_busy_1' is power-on initialization.
WARNING: [RTGEN 206-101] Register 'md_rs_busy' is power-on initialization.
WARNING: [RTGEN 206-101] Register 'fpu_rs_busy' is power-on initialization.
WARNING: [RTGEN 206-101] Register 'lsu_rs_busy' is power-on initialization.
WARNING: [RTGEN 206-101] Register 'br_rs_busy' is power-on initialization.
WARNING: [RTGEN 206-101] Register 'vec_rs_busy' is power-on initialization.
WARNING: [RTGEN 206-101] Register 'sys_rs_busy' is power-on initialization.
WARNING: [RTGEN 206-101] Register 'csr_mstatus' is power-on initialization.
WARNING: [RTGEN 206-101] Register 'csr_mie' is power-on initialization.
WARNING: [RTGEN 206-101] Register 'csr_mtvec' is power-on initialization.
WARNING: [RTGEN 206-101] Register 'csr_mscratch' is power-on initialization.
WARNING: [RTGEN 206-101] Register 'csr_mepc' is power-on initialization.
WARNING: [RTGEN 206-101] Register 'csr_mcause' is power-on initialization.
WARNING: [RTGEN 206-101] Register 'csr_mtval' is power-on initialization.
WARNING: [RTGEN 206-101] Register 'csr_mip' is power-on initialization.
WARNING: [RTGEN 206-101] Register 'ecall_halt' is power-on initialization.
WARNING: [RTGEN 206-101] Register 'alu_rs_remaining_0' is power-on initialization.
WARNING: [RTGEN 206-101] Register 'alu_rs_rob_tag_0' is power-on initialization.
WARNING: [RTGEN 206-101] Register 'alu_rs_f3_0' is power-on initialization.
WARNING: [RTGEN 206-101] Register 'alu_rs_alt_0' is power-on initialization.
WARNING: [RTGEN 206-101] Register 'alu_rs_s1_val_0' is power-on initialization.
WARNING: [RTGEN 206-101] Register 'alu_rs_s2_val_0' is power-on initialization.
WARNING: [RTGEN 206-101] Register 'alu_rs_s1_ready_0' is power-on initialization.
WARNING: [RTGEN 206-101] Register 'alu_rs_s1_tag_0' is power-on initialization.
WARNING: [RTGEN 206-101] Register 'alu_rs_s2_ready_0' is power-on initialization.
WARNING: [RTGEN 206-101] Register 'alu_rs_s2_tag_0' is power-on initialization.
WARNING: [RTGEN 206-101] Register 'md_rs_s1_ready' is power-on initialization.
WARNING: [RTGEN 206-101] Register 'md_rs_s1_tag' is power-on initialization.
WARNING: [RTGEN 206-101] Register 'md_rs_s1_val' is power-on initialization.
WARNING: [RTGEN 206-101] Register 'md_rs_s2_ready' is power-on initialization.
WARNING: [RTGEN 206-101] Register 'md_rs_s2_tag' is power-on initialization.
WARNING: [RTGEN 206-101] Register 'md_rs_s2_val' is power-on initialization.
WARNING: [RTGEN 206-101] Register 'lsu_rs_s1_ready' is power-on initialization.
WARNING: [RTGEN 206-101] Register 'lsu_rs_s1_tag' is power-on initialization.
WARNING: [RTGEN 206-101] Register 'lsu_rs_s1_val' is power-on initialization.
WARNING: [RTGEN 206-101] Register 'lsu_rs_s2_ready' is power-on initialization.
WARNING: [RTGEN 206-101] Register 'lsu_rs_s2_tag' is power-on initialization.
WARNING: [RTGEN 206-101] Register 'lsu_rs_s2_val' is power-on initialization.
WARNING: [RTGEN 206-101] Register 'br_rs_s1_ready' is power-on initialization.
WARNING: [RTGEN 206-101] Register 'br_rs_s1_tag' is power-on initialization.
WARNING: [RTGEN 206-101] Register 'br_rs_s1_val' is power-on initialization.
WARNING: [RTGEN 206-101] Register 'br_rs_s2_ready' is power-on initialization.
WARNING: [RTGEN 206-101] Register 'br_rs_s2_tag' is power-on initialization.
WARNING: [RTGEN 206-101] Register 'br_rs_s2_val' is power-on initialization.
WARNING: [RTGEN 206-101] Register 'fpu_rs_s1_ready' is power-on initialization.
WARNING: [RTGEN 206-101] Register 'fpu_rs_s1_tag' is power-on initialization.
WARNING: [RTGEN 206-101] Register 'fpu_rs_s1_val' is power-on initialization.
WARNING: [RTGEN 206-101] Register 'fpu_rs_s2_ready' is power-on initialization.
WARNING: [RTGEN 206-101] Register 'fpu_rs_s2_tag' is power-on initialization.
WARNING: [RTGEN 206-101] Register 'fpu_rs_s2_val' is power-on initialization.
WARNING: [RTGEN 206-101] Register 'fpu_rs_s3_ready' is power-on initialization.
WARNING: [RTGEN 206-101] Register 'fpu_rs_s3_tag' is power-on initialization.
WARNING: [RTGEN 206-101] Register 'fpu_rs_s3_val' is power-on initialization.
WARNING: [RTGEN 206-101] Register 'vec_rs_s1_ready' is power-on initialization.
WARNING: [RTGEN 206-101] Register 'vec_rs_s1_tag' is power-on initialization.
WARNING: [RTGEN 206-101] Register 'vec_rs_s1_val' is power-on initialization.
WARNING: [RTGEN 206-101] Register 'sys_rs_s1_ready' is power-on initialization.
WARNING: [RTGEN 206-101] Register 'sys_rs_s1_tag' is power-on initialization.
WARNING: [RTGEN 206-101] Register 'sys_rs_s1_val' is power-on initialization.
WARNING: [RTGEN 206-101] Register 'alu_rs_s1_ready_1' is power-on initialization.
WARNING: [RTGEN 206-101] Register 'alu_rs_s1_tag_1' is power-on initialization.
WARNING: [RTGEN 206-101] Register 'alu_rs_s1_val_1' is power-on initialization.
WARNING: [RTGEN 206-101] Register 'alu_rs_s2_ready_1' is power-on initialization.
WARNING: [RTGEN 206-101] Register 'alu_rs_s2_tag_1' is power-on initialization.
WARNING: [RTGEN 206-101] Register 'alu_rs_s2_val_1' is power-on initialization.
WARNING: [RTGEN 206-101] Register 'alu_rs_rob_tag_1' is power-on initialization.
WARNING: [RTGEN 206-101] Register 'alu_rs_remaining_1' is power-on initialization.
WARNING: [RTGEN 206-101] Register 'md_rs_remaining' is power-on initialization.
WARNING: [RTGEN 206-101] Register 'md_rs_f3' is power-on initialization.
WARNING: [RTGEN 206-101] Register 'md_rs_rob_tag' is power-on initialization.
WARNING: [RTGEN 206-101] Register 'fpu_rs_remaining' is power-on initialization.
WARNING: [RTGEN 206-101] Register 'fpu_rs_rob_tag' is power-on initialization.
WARNING: [RTGEN 206-101] Register 'fpu_rs_r4op' is power-on initialization.
WARNING: [RTGEN 206-101] Register 'fpu_rs_f7' is power-on initialization.
WARNING: [RTGEN 206-101] Register 'fpu_rs_f3' is power-on initialization.
WARNING: [RTGEN 206-101] Register 'fpu_rs_rs2f' is power-on initialization.
WARNING: [RTGEN 206-101] Register 'br_rs_is_jalr' is power-on initialization.
WARNING: [RTGEN 206-101] Register 'br_rs_rob_tag' is power-on initialization.
WARNING: [RTGEN 206-101] Register 'br_rs_br_pc' is power-on initialization.
WARNING: [RTGEN 206-101] Register 'br_rs_size' is power-on initialization.
WARNING: [RTGEN 206-101] Register 'br_rs_imm' is power-on initialization.
WARNING: [RTGEN 206-101] Register 'br_rs_f3' is power-on initialization.
WARNING: [RTGEN 206-101] Register 'lsu_rs_rob_tag' is power-on initialization.
WARNING: [RTGEN 206-101] Register 'lsu_rs_f3' is power-on initialization.
WARNING: [RTGEN 206-101] Register 'lsu_rs_imm' is power-on initialization.
WARNING: [RTGEN 206-101] Register 'lsu_rs_is_load' is power-on initialization.
WARNING: [RTGEN 206-101] Register 'vec_rs_is_arith' is power-on initialization.
WARNING: [RTGEN 206-101] Register 'vec_rs_remaining' is power-on initialization.
WARNING: [RTGEN 206-101] Register 'vec_rs_vd_or_vs3' is power-on initialization.
WARNING: [RTGEN 206-101] Register 'vec_rs_rob_tag' is power-on initialization.
WARNING: [RTGEN 206-101] Register 'vec_rs_vs2' is power-on initialization.
WARNING: [RTGEN 206-101] Register 'vec_rs_vs1' is power-on initialization.
WARNING: [RTGEN 206-101] Register 'vec_rs_arith_op' is power-on initialization.
WARNING: [RTGEN 206-101] Register 'vec_rs_is_load' is power-on initialization.
WARNING: [RTGEN 206-101] Register 'vec_rs_is_store' is power-on initialization.
WARNING: [RTGEN 206-101] Register 'sys_rs_rob_tag' is power-on initialization.
WARNING: [RTGEN 206-101] Register 'sys_rs_csr_addr' is power-on initialization.
WARNING: [RTGEN 206-101] Register 'sys_rs_f3' is power-on initialization.
WARNING: [RTGEN 206-101] Register 'alu_rs_f3_1' is power-on initialization.
WARNING: [RTGEN 206-101] Register 'alu_rs_alt_1' is power-on initialization.
INFO: [RTGEN 206-100] Bundling port 'return' to AXI-Lite port control.
WARNING: [RTGEN 206-101] RTL name 'sparsemux_13_5_32_1_1' is changed to 'sparsemux_13_5_32_1_1_x' due to conflict.
WARNING: [RTGEN 206-101] Setting dangling out port 'rv32_ooo_tick/imem_WEN_A' to 0.
WARNING: [RTGEN 206-101] Setting dangling out port 'rv32_ooo_tick/imem_Din_A' to 0.
WARNING: [RTGEN 206-101] Setting dangling out port 'rv32_ooo_tick/imem_WEN_B' to 0.
WARNING: [RTGEN 206-101] Setting dangling out port 'rv32_ooo_tick/imem_Din_B' to 0.
INFO: [RTGEN 206-100] Generating core module 'mul_32ns_32ns_64_1_1': 1 instance(s).
INFO: [RTGEN 206-100] Generating core module 'mul_32ns_32s_64_1_1': 1 instance(s).
INFO: [RTGEN 206-100] Generating core module 'mul_32s_32s_32_1_1': 1 instance(s).
INFO: [RTGEN 206-100] Generating core module 'mul_32s_32s_64_1_1': 1 instance(s).
INFO: [RTGEN 206-100] Generating core module 'sdiv_32s_32s_32_36_seq_1': 1 instance(s).
INFO: [RTGEN 206-100] Generating core module 'sparsemux_13_5_32_1_1_x': 1 instance(s).
INFO: [RTGEN 206-100] Generating core module 'sparsemux_17_7_32_1_1': 2 instance(s).
INFO: [RTGEN 206-100] Generating core module 'sparsemux_21_9_32_1_1': 1 instance(s).
INFO: [RTGEN 206-100] Generating core module 'sparsemux_7_2_3_1_1': 1 instance(s).
INFO: [RTGEN 206-100] Generating core module 'sparsemux_9_3_32_1_1': 1 instance(s).
INFO: [RTGEN 206-100] Generating core module 'sparsemux_9_3_4_1_1': 1 instance(s).
INFO: [RTGEN 206-100] Generating core module 'srem_32s_32s_32_36_seq_1': 1 instance(s).
INFO: [RTGEN 206-100] Generating core module 'udiv_32s_32s_32_36_seq_1': 1 instance(s).
INFO: [RTGEN 206-100] Generating core module 'urem_32s_32s_32_36_seq_1': 1 instance(s).
INFO: [RTGEN 206-100] Finished creating RTL model for 'rv32_ooo_tick'.
INFO: [RTMG 210-278] Implementing memory 'rv32_ooo_tick_vregs_RAM_AUTO_1R1W' using auto RAMs.
INFO: [RTMG 210-278] Implementing memory 'rv32_ooo_tick_rob_valid_RAM_AUTO_1R1W' using auto RAMs.
INFO: [RTMG 210-278] Implementing memory 'rv32_ooo_tick_rob_is_ecall_RAM_AUTO_1R1W' using auto RAMs.
INFO: [RTMG 210-278] Implementing memory 'rv32_ooo_tick_rob_addr_RAM_AUTO_1R1W' using auto RAMs.
INFO: [RTMG 210-278] Implementing memory 'rv32_ooo_tick_rob_sdata_RAM_AUTO_1R1W' using auto RAMs.
INFO: [RTMG 210-278] Implementing memory 'rv32_ooo_tick_rob_mem_f3_RAM_AUTO_1R1W' using auto RAMs.
INFO: [RTMG 210-278] Implementing memory 'rv32_ooo_tick_rob_dest_RAM_AUTO_1R1W' using auto RAMs.
INFO: [RTMG 210-278] Implementing memory 'rv32_ooo_tick_fregs_RAM_AUTO_1R1W' using auto RAMs.
INFO: [RTMG 210-278] Implementing memory 'rv32_ooo_tick_frat_has_tag_RAM_AUTO_1R1W' using auto RAMs.
INFO: [RTMG 210-278] Implementing memory 'rv32_ooo_tick_frat_tag_RAM_AUTO_1R1W' using auto RAMs.
INFO: [HLS 200-111] Finished Creating RTL model: CPU user time: 1.1 seconds. CPU system time: 0.06 seconds. Elapsed time: 1.18 seconds; current allocated memory: 872.617 MB.
INFO: [HLS 200-111] Finished Generating all RTL models: CPU user time: 0.96 seconds. CPU system time: 0.11 seconds. Elapsed time: 1.08 seconds; current allocated memory: 913.258 MB.
INFO: [HLS 200-111] Finished Updating report files: CPU user time: 0.82 seconds. CPU system time: 0.02 seconds. Elapsed time: 0.85 seconds; current allocated memory: 922.762 MB.
INFO: [VHDL 208-304] Generating VHDL RTL for rv32_ooo_tick.
INFO: [VLOG 209-307] Generating Verilog RTL for rv32_ooo_tick.
INFO: [HLS 200-790] **** Loop Constraint Status: All loop constraints were satisfied.
INFO: [HLS 200-789] **** Estimated Fmax: 135.86 MHz
INFO: [HLS 200-2161] Finished Command csynth_design Elapsed time: 00:00:26; Allocated memory: 289.094 MB.
