#-----------------------------------------------------------
# Vivado v2024.2 (64-bit)
# SW Build 5239630 on Fri Nov 08 22:34:34 MST 2024
# IP Build 5239520 on Sun Nov 10 16:12:51 MST 2024
# SharedData Build 5239561 on Fri Nov 08 14:39:27 MST 2024
# Start of session at: Wed Jul 22 07:47:33 2026
# Process ID         : 68174
# Current directory  : /media/andy/9cf23886-b985-4f84-a422-2da06e76f300/home/byovsh/Documents/Vscode/Proyecto/RV32IMFC_hls/rv32_ooo_proj/solution1/impl/ip
# Command line       : vivado -notrace -mode batch -source run_ippack.tcl
# Log file           : /media/andy/9cf23886-b985-4f84-a422-2da06e76f300/home/byovsh/Documents/Vscode/Proyecto/RV32IMFC_hls/rv32_ooo_proj/solution1/impl/ip/vivado.log
# Journal file       : /media/andy/9cf23886-b985-4f84-a422-2da06e76f300/home/byovsh/Documents/Vscode/Proyecto/RV32IMFC_hls/rv32_ooo_proj/solution1/impl/ip/vivado.jou
# Running On         : andy-ThinkPad-P53
# Platform           : Ubuntu
# Operating System   : Ubuntu 24.04.4 LTS
# Processor Detail   : Intel(R) Core(TM) i7-9850H CPU @ 2.60GHz
# CPU Frequency      : 799.209 MHz
# CPU Physical cores : 6
# CPU Logical cores  : 12
# Host memory        : 16356 MB
# Swap memory        : 4294 MB
# Total Virtual      : 20651 MB
# Available Virtual  : 13431 MB
#-----------------------------------------------------------
source run_ippack.tcl -notrace
INFO: calling package_hls_ip ip_types=vitis sysgen json_file=/media/andy/9cf23886-b985-4f84-a422-2da06e76f300/home/byovsh/Documents/Vscode/Proyecto/RV32IMFC_hls/rv32_ooo_proj/solution1/solution1_data.json outdir=/media/andy/9cf23886-b985-4f84-a422-2da06e76f300/home/byovsh/Documents/Vscode/Proyecto/RV32IMFC_hls/rv32_ooo_proj/solution1/impl/ip srcdir=/media/andy/9cf23886-b985-4f84-a422-2da06e76f300/home/byovsh/Documents/Vscode/Proyecto/RV32IMFC_hls/rv32_ooo_proj/solution1 sort_interfaces_ports=false
INFO: Copied 1 ipmisc file(s) to /media/andy/9cf23886-b985-4f84-a422-2da06e76f300/home/byovsh/Documents/Vscode/Proyecto/RV32IMFC_hls/rv32_ooo_proj/solution1/impl/ip/misc
INFO: Copied 63 verilog file(s) to /media/andy/9cf23886-b985-4f84-a422-2da06e76f300/home/byovsh/Documents/Vscode/Proyecto/RV32IMFC_hls/rv32_ooo_proj/solution1/impl/ip/hdl/verilog
INFO: Copied 50 vhdl file(s) to /media/andy/9cf23886-b985-4f84-a422-2da06e76f300/home/byovsh/Documents/Vscode/Proyecto/RV32IMFC_hls/rv32_ooo_proj/solution1/impl/ip/hdl/vhdl
INFO: Copied 10 swdriver file(s) to /media/andy/9cf23886-b985-4f84-a422-2da06e76f300/home/byovsh/Documents/Vscode/Proyecto/RV32IMFC_hls/rv32_ooo_proj/solution1/impl/ip/drivers
Generating 7 subcores in /media/andy/9cf23886-b985-4f84-a422-2da06e76f300/home/byovsh/Documents/Vscode/Proyecto/RV32IMFC_hls/rv32_ooo_proj/solution1/impl/ip/hdl/ip.tmp:
impl/misc/rv32_ooo_tick_faddfsub_32ns_32ns_32_4_full_dsp_1_ip.tcl
impl/misc/rv32_ooo_tick_fcmp_32ns_32ns_1_2_no_dsp_1_ip.tcl
impl/misc/rv32_ooo_tick_fdiv_32ns_32ns_32_9_no_dsp_1_ip.tcl
impl/misc/rv32_ooo_tick_fmul_32ns_32ns_32_3_max_dsp_1_ip.tcl
impl/misc/rv32_ooo_tick_fsqrt_32ns_32ns_32_8_no_dsp_1_ip.tcl
impl/misc/rv32_ooo_tick_sitofp_32ns_32_4_no_dsp_1_ip.tcl
impl/misc/rv32_ooo_tick_uitofp_32ns_32_4_no_dsp_1_ip.tcl
create_project: Time (s): cpu = 00:00:06 ; elapsed = 00:00:06 . Memory (MB): peak = 1497.367 ; gain = 36.840 ; free physical = 473 ; free virtual = 12461
INFO: Using COE_DIR=/media/andy/9cf23886-b985-4f84-a422-2da06e76f300/home/byovsh/Documents/Vscode/Proyecto/RV32IMFC_hls/rv32_ooo_proj/solution1/impl/ip/hdl/verilog
INFO: Generating rv32_ooo_tick_faddfsub_32ns_32ns_32_4_full_dsp_1_ip via file impl/misc/rv32_ooo_tick_faddfsub_32ns_32ns_32_4_full_dsp_1_ip.tcl
INFO: [IP_Flow 19-234] Refreshing IP repositories
INFO: [IP_Flow 19-1704] No user IP repositories specified
INFO: [IP_Flow 19-2313] Loaded Vivado IP repository '/home/andy/Programas/Vivado/Vivado/2024.2/data/ip'.
INFO: [IP_Flow 19-1686] Generating 'Synthesis' target for IP 'rv32_ooo_tick_faddfsub_32ns_32ns_32_4_full_dsp_1_ip'...
INFO: [IP_Flow 19-1686] Generating 'Simulation' target for IP 'rv32_ooo_tick_faddfsub_32ns_32ns_32_4_full_dsp_1_ip'...
INFO: Done generating rv32_ooo_tick_faddfsub_32ns_32ns_32_4_full_dsp_1_ip via file impl/misc/rv32_ooo_tick_faddfsub_32ns_32ns_32_4_full_dsp_1_ip.tcl
INFO: Generating rv32_ooo_tick_fcmp_32ns_32ns_1_2_no_dsp_1_ip via file impl/misc/rv32_ooo_tick_fcmp_32ns_32ns_1_2_no_dsp_1_ip.tcl
INFO: [IP_Flow 19-1686] Generating 'Synthesis' target for IP 'rv32_ooo_tick_fcmp_32ns_32ns_1_2_no_dsp_1_ip'...
INFO: [IP_Flow 19-1686] Generating 'Simulation' target for IP 'rv32_ooo_tick_fcmp_32ns_32ns_1_2_no_dsp_1_ip'...
INFO: Done generating rv32_ooo_tick_fcmp_32ns_32ns_1_2_no_dsp_1_ip via file impl/misc/rv32_ooo_tick_fcmp_32ns_32ns_1_2_no_dsp_1_ip.tcl
INFO: Generating rv32_ooo_tick_fdiv_32ns_32ns_32_9_no_dsp_1_ip via file impl/misc/rv32_ooo_tick_fdiv_32ns_32ns_32_9_no_dsp_1_ip.tcl
INFO: [IP_Flow 19-1686] Generating 'Synthesis' target for IP 'rv32_ooo_tick_fdiv_32ns_32ns_32_9_no_dsp_1_ip'...
INFO: [IP_Flow 19-1686] Generating 'Simulation' target for IP 'rv32_ooo_tick_fdiv_32ns_32ns_32_9_no_dsp_1_ip'...
INFO: Done generating rv32_ooo_tick_fdiv_32ns_32ns_32_9_no_dsp_1_ip via file impl/misc/rv32_ooo_tick_fdiv_32ns_32ns_32_9_no_dsp_1_ip.tcl
INFO: Generating rv32_ooo_tick_fmul_32ns_32ns_32_3_max_dsp_1_ip via file impl/misc/rv32_ooo_tick_fmul_32ns_32ns_32_3_max_dsp_1_ip.tcl
INFO: [IP_Flow 19-1686] Generating 'Synthesis' target for IP 'rv32_ooo_tick_fmul_32ns_32ns_32_3_max_dsp_1_ip'...
INFO: [IP_Flow 19-1686] Generating 'Simulation' target for IP 'rv32_ooo_tick_fmul_32ns_32ns_32_3_max_dsp_1_ip'...
INFO: Done generating rv32_ooo_tick_fmul_32ns_32ns_32_3_max_dsp_1_ip via file impl/misc/rv32_ooo_tick_fmul_32ns_32ns_32_3_max_dsp_1_ip.tcl
INFO: Generating rv32_ooo_tick_fsqrt_32ns_32ns_32_8_no_dsp_1_ip via file impl/misc/rv32_ooo_tick_fsqrt_32ns_32ns_32_8_no_dsp_1_ip.tcl
INFO: [IP_Flow 19-1686] Generating 'Synthesis' target for IP 'rv32_ooo_tick_fsqrt_32ns_32ns_32_8_no_dsp_1_ip'...
INFO: [IP_Flow 19-1686] Generating 'Simulation' target for IP 'rv32_ooo_tick_fsqrt_32ns_32ns_32_8_no_dsp_1_ip'...
INFO: Done generating rv32_ooo_tick_fsqrt_32ns_32ns_32_8_no_dsp_1_ip via file impl/misc/rv32_ooo_tick_fsqrt_32ns_32ns_32_8_no_dsp_1_ip.tcl
INFO: Generating rv32_ooo_tick_sitofp_32ns_32_4_no_dsp_1_ip via file impl/misc/rv32_ooo_tick_sitofp_32ns_32_4_no_dsp_1_ip.tcl
INFO: [IP_Flow 19-1686] Generating 'Synthesis' target for IP 'rv32_ooo_tick_sitofp_32ns_32_4_no_dsp_1_ip'...
INFO: [IP_Flow 19-1686] Generating 'Simulation' target for IP 'rv32_ooo_tick_sitofp_32ns_32_4_no_dsp_1_ip'...
INFO: Done generating rv32_ooo_tick_sitofp_32ns_32_4_no_dsp_1_ip via file impl/misc/rv32_ooo_tick_sitofp_32ns_32_4_no_dsp_1_ip.tcl
INFO: Generating rv32_ooo_tick_uitofp_32ns_32_4_no_dsp_1_ip via file impl/misc/rv32_ooo_tick_uitofp_32ns_32_4_no_dsp_1_ip.tcl
INFO: [IP_Flow 19-1686] Generating 'Synthesis' target for IP 'rv32_ooo_tick_uitofp_32ns_32_4_no_dsp_1_ip'...
INFO: [IP_Flow 19-1686] Generating 'Simulation' target for IP 'rv32_ooo_tick_uitofp_32ns_32_4_no_dsp_1_ip'...
INFO: Done generating rv32_ooo_tick_uitofp_32ns_32_4_no_dsp_1_ip via file impl/misc/rv32_ooo_tick_uitofp_32ns_32_4_no_dsp_1_ip.tcl
INFO: Import ports from HDL: /media/andy/9cf23886-b985-4f84-a422-2da06e76f300/home/byovsh/Documents/Vscode/Proyecto/RV32IMFC_hls/rv32_ooo_proj/solution1/impl/ip/hdl/vhdl/rv32_ooo_tick.vhd (rv32_ooo_tick)
INFO: Add axi4lite interface s_axi_control
INFO: Add clock interface ap_clk
INFO: Add reset interface ap_rst_n
INFO: Add interrupt interface interrupt
INFO: [IP_Flow 19-234] Refreshing IP repositories
INFO: [IP_Flow 19-1704] No user IP repositories specified
INFO: [IP_Flow 19-2313] Loaded Vivado IP repository '/home/andy/Programas/Vivado/Vivado/2024.2/data/ip'.
INFO: Add data interface reset
INFO: Add bram interface imem_PORTA
INFO: Add bram interface imem_PORTB
INFO: Add bram interface dmem_PORTA
INFO: Add bram interface dmem_PORTB
INFO: Add data interface disp_valid
INFO: Add data interface disp_tag
INFO: Add data interface disp_pc
INFO: Add data interface alu0_done
INFO: Add data interface alu0_tag
INFO: Add data interface alu1_done
INFO: Add data interface alu1_tag
INFO: Add data interface md_done
INFO: Add data interface md_tag
INFO: Add data interface fpu_done
INFO: Add data interface fpu_tag
INFO: Add data interface lsu_done
INFO: Add data interface lsu_tag
INFO: Add data interface br_done
INFO: Add data interface br_tag
INFO: Add data interface vec_done
INFO: Add data interface vec_tag
INFO: Add data interface commit_valid
INFO: Add data interface commit_is_fp
INFO: Add data interface commit_rd
INFO: Add data interface commit_value
INFO: Add bram interface vregs_out_PORTA
INFO: Add data interface halted
INFO: Calling post_process_vitis to specialize IP
INFO: Calling post_process_sysgen to specialize IP
Generating sysgen info xml from json file
INFO: Created IP /media/andy/9cf23886-b985-4f84-a422-2da06e76f300/home/byovsh/Documents/Vscode/Proyecto/RV32IMFC_hls/rv32_ooo_proj/solution1/impl/ip/component.xml
INFO: Created IP archive /media/andy/9cf23886-b985-4f84-a422-2da06e76f300/home/byovsh/Documents/Vscode/Proyecto/RV32IMFC_hls/rv32_ooo_proj/solution1/impl/ip/xilinx_com_hls_rv32_ooo_tick_1_0.zip
INFO: [Common 17-206] Exiting Vivado at Wed Jul 22 07:47:59 2026...
