================================================================
== Design Size Report
================================================================

* Total Instructions per Compilation Phase
+---------------+-----------------------------+--------------+----------------------------------------------------------------------------------------+
| Phase         | Step                        | Instructions | Description                                                                            |
+---------------+-----------------------------+--------------+----------------------------------------------------------------------------------------+
| Compile/Link  |                             | 3,345        | After all functions are compiled and linked into a single design                       |
|               |                             |              |                                                                                        |
| Unroll/Inline |                             |              | After user unroll and inline pragmas are applied                                       |
|               | (1) unroll                  |   480        | user unroll pragmas are applied                                                        |
|               | (2) simplification          |   411        | simplification of applied user unroll pragmas                                          |
|               | (3) inline                  |   406        | user inline pragmas are applied                                                        |
|               | (4) simplification          |   357        | simplification of applied user inline pragmas                                          |
|               |                             |              |                                                                                        |
| Array/Struct  |                             |              | After user array partition and struct aggregate/disaggregate pragmas are applied       |
|               | (1) array partition         |   357        | user array partition pragmas are applied                                               |
|               | (2) simplification          |   357        | simplification of applied user array partition & struct aggregate/disaggregate pragmas |
|               | (3) aggregate/disaggregate  |   357        | user struct aggregate/disaggregate pragmas are applied                                 |
|               | (4) array reshape           |   357        | apply array reshape pragmas                                                            |
|               | (5) access patterns         |   357        | array access pattern optmizations                                                      |
|               |                             |              |                                                                                        |
| Performance   |                             |              | After transformations are applied to meet performance pragma targets                   |
|               | (1) loop simplification     |   357        | loop and instruction simplification                                                    |
|               | (2) parallelization         |   357        | loops are unrolled or pipelined to meet performance targets                            |
|               | (3) array partition         |   625        | arrays are partitioned to meet performance targets                                     |
|               | (4) simplification          |   487        | simplification of design after performance transformations                             |
|               |                             |              |                                                                                        |
| HW Transforms |                             |              | After hardware transfomations                                                          |
|               | (1) lowering                |   490        | initial conversion to HW specific instructions                                         |
|               | (2) optimizations           |   491        | high level synthesis optimizations                                                     |
+---------------+-----------------------------+--------------+----------------------------------------------------------------------------------------+

* Instructions per Function for each Compilation Phase
+-----------------+-----------------+----------------+---------------+--------------+-------------+---------------+
| Function        | Location        | Compile/Link   | Unroll/Inline | Array/Struct | Performance | HW Transforms |
+-----------------+-----------------+----------------+---------------+--------------+-------------+---------------+
| + ooo_demo_tick | ooo_demo.cpp:82 | 3,345          | 357           | 357          | 487         | 491           |
|    read_operand | ooo_demo.cpp:60 |  284 (2 calls) |               |              |             |               |
+-----------------+-----------------+----------------+---------------+--------------+-------------+---------------+

* Design Size Message Settings
+---------------------------------------------+--------+------------------------------------------------------------------+
| Message Setting                             | Value  | Description                                                      |
+---------------------------------------------+--------+------------------------------------------------------------------+
| config_compile -design_size_maximum_warning | 100000 | Show a warning when total design instructions exceeds this value |
+---------------------------------------------+--------+------------------------------------------------------------------+


