

================================================================
== Vitis HLS Report for 'ooo_demo_tick'
================================================================
* Date:           Fri Jul 17 22:55:55 2026

* Version:        2024.2 (Build 5238294 on Nov  8 2024)
* Project:        ooo_demo_proj
* Solution:       solution1 (Vivado IP Flow Target)
* Product family: zynquplus
* Target device:  xck26-sfvc784-2LV-c


================================================================
== Performance Estimates
================================================================
+ Timing: 
    * Summary: 
    +--------+----------+----------+------------+
    |  Clock |  Target  | Estimated| Uncertainty|
    +--------+----------+----------+------------+
    |ap_clk  |  10.00 ns|  5.702 ns|     2.70 ns|
    +--------+----------+----------+------------+

+ Latency: 
    * Summary: 
    +---------+---------+-----------+-----------+-----+-----+---------+
    |  Latency (cycles) |   Latency (absolute)  |  Interval | Pipeline|
    |   min   |   max   |    min    |    max    | min | max |   Type  |
    +---------+---------+-----------+-----------+-----+-----+---------+
    |        2|        8|  20.000 ns|  80.000 ns|    3|    9|       no|
    +---------+---------+-----------+-----------+-----+-----+---------+

    + Detail: 
        * Instance: 
        +-----------------------------------------------------+-----------------------------------------+---------+---------+-----------+-----------+-----+-----+------------------------------------------------+
        |                                                     |                                         |  Latency (cycles) |   Latency (absolute)  |  Interval |                    Pipeline                    |
        |                       Instance                      |                  Module                 |   min   |   max   |    min    |    max    | min | max |                      Type                      |
        +-----------------------------------------------------+-----------------------------------------+---------+---------+-----------+-----------+-----+-----+------------------------------------------------+
        |grp_ooo_demo_tick_Pipeline_VITIS_LOOP_119_1_fu_1503  |ooo_demo_tick_Pipeline_VITIS_LOOP_119_1  |        6|        6|  60.000 ns|  60.000 ns|    5|    5|  loop auto-rewind stp (delay=0 clock cycles(s))|
        +-----------------------------------------------------+-----------------------------------------+---------+---------+-----------+-----------+-----+-----+------------------------------------------------+

        * Loop: 
        N/A



================================================================
== Utilization Estimates
================================================================
* Summary: 
+-----------------+---------+------+--------+--------+-----+
|       Name      | BRAM_18K|  DSP |   FF   |   LUT  | URAM|
+-----------------+---------+------+--------+--------+-----+
|DSP              |        -|     -|       -|       -|    -|
|Expression       |        -|     -|       0|     586|    -|
|FIFO             |        -|     -|       -|       -|    -|
|Instance         |        0|     3|      41|     337|    0|
|Memory           |        -|     -|       -|       -|    -|
|Multiplexer      |        -|     -|       0|    1888|    -|
|Register         |        -|     -|     665|       -|    -|
+-----------------+---------+------+--------+--------+-----+
|Total            |        0|     3|     706|    2811|    0|
+-----------------+---------+------+--------+--------+-----+
|Available        |      288|  1248|  234240|  117120|   64|
+-----------------+---------+------+--------+--------+-----+
|Utilization (%)  |        0|    ~0|      ~0|       2|    0|
+-----------------+---------+------+--------+--------+-----+

+ Detail: 
    * Instance: 
    +-----------------------------------------------------+-----------------------------------------+---------+----+----+----+-----+
    |                       Instance                      |                  Module                 | BRAM_18K| DSP| FF | LUT| URAM|
    +-----------------------------------------------------+-----------------------------------------+---------+----+----+----+-----+
    |control_s_axi_U                                      |control_s_axi                            |        0|   0|  36|  40|    0|
    |mul_32s_32s_32_1_1_U26                               |mul_32s_32s_32_1_1                       |        0|   3|   0|  20|    0|
    |grp_ooo_demo_tick_Pipeline_VITIS_LOOP_119_1_fu_1503  |ooo_demo_tick_Pipeline_VITIS_LOOP_119_1  |        0|   0|   5|  49|    0|
    |sparsemux_7_2_1_1_1_U33                              |sparsemux_7_2_1_1_1                      |        0|   0|   0|   9|    0|
    |sparsemux_7_2_1_1_1_U35                              |sparsemux_7_2_1_1_1                      |        0|   0|   0|   9|    0|
    |sparsemux_7_2_1_1_1_U37                              |sparsemux_7_2_1_1_1                      |        0|   0|   0|   9|    0|
    |sparsemux_7_2_2_1_1_U34                              |sparsemux_7_2_2_1_1                      |        0|   0|   0|   9|    0|
    |sparsemux_7_2_32_1_1_U40                             |sparsemux_7_2_32_1_1                     |        0|   0|   0|   9|    0|
    |sparsemux_7_2_4_1_1_U36                              |sparsemux_7_2_4_1_1                      |        0|   0|   0|   9|    0|
    |sparsemux_9_2_1_1_1_U27                              |sparsemux_9_2_1_1_1                      |        0|   0|   0|  20|    0|
    |sparsemux_9_2_1_1_1_U28                              |sparsemux_9_2_1_1_1                      |        0|   0|   0|  20|    0|
    |sparsemux_9_2_1_1_1_U31                              |sparsemux_9_2_1_1_1                      |        0|   0|   0|  20|    0|
    |sparsemux_9_2_1_1_1_U38                              |sparsemux_9_2_1_1_1                      |        0|   0|   0|  20|    0|
    |sparsemux_9_2_2_1_1_U29                              |sparsemux_9_2_2_1_1                      |        0|   0|   0|  20|    0|
    |sparsemux_9_2_2_1_1_U32                              |sparsemux_9_2_2_1_1                      |        0|   0|   0|  20|    0|
    |sparsemux_9_2_32_1_1_U30                             |sparsemux_9_2_32_1_1                     |        0|   0|   0|  20|    0|
    |sparsemux_9_2_32_1_1_U39                             |sparsemux_9_2_32_1_1                     |        0|   0|   0|  20|    0|
    |sparsemux_9_3_32_1_1_U41                             |sparsemux_9_3_32_1_1                     |        0|   0|   0|  14|    0|
    +-----------------------------------------------------+-----------------------------------------+---------+----+----+----+-----+
    |Total                                                |                                         |        0|   3|  41| 337|    0|
    +-----------------------------------------------------+-----------------------------------------+---------+----+----+----+-----+

    * DSP: 
    N/A

    * Memory: 
    N/A

    * FIFO: 
    N/A

    * Expression: 
    +----------------------------------+----------+----+---+----+------------+------------+
    |           Variable Name          | Operation| DSP| FF| LUT| Bitwidth P0| Bitwidth P1|
    +----------------------------------+----------+----+---+----+------------+------------+
    |add_ln158_fu_1907_p2              |         +|   0|  0|   9|           2|           1|
    |add_ln159_fu_1918_p2              |         +|   0|  0|  10|           3|           2|
    |add_ln164_fu_1953_p2              |         +|   0|  0|  10|           3|           2|
    |add_ln184_fu_2156_p2              |         +|   0|  0|  10|           3|           2|
    |add_ln243_fu_2908_p2              |         +|   0|  0|   9|           2|           1|
    |add_ln244_fu_2920_p2              |         +|   0|  0|  10|           3|           1|
    |add_ln245_fu_2927_p2              |         +|   0|  0|   9|           2|           1|
    |result_fu_1968_p2                 |         +|   0|  0|  39|          32|          32|
    |result_1_fu_1974_p2               |         -|   0|  0|  39|          32|          32|
    |alu_src1_val_flag_1_fu_2265_p2    |       and|   0|  0|   2|           1|           1|
    |alu_src2_val_flag_0_fu_2272_p2    |       and|   0|  0|   2|           1|           1|
    |and_ln171_fu_2057_p2              |       and|   0|  0|   2|           1|           1|
    |and_ln174_fu_2087_p2              |       and|   0|  0|   2|           1|           1|
    |and_ln189_fu_2237_p2              |       and|   0|  0|   2|           1|           1|
    |and_ln192_fu_2259_p2              |       and|   0|  0|   2|           1|           1|
    |and_ln249_fu_2952_p2              |       and|   0|  0|   2|           1|           1|
    |and_ln64_fu_2660_p2               |       and|   0|  0|   2|           1|           1|
    |and_ln71_1_fu_2802_p2             |       and|   0|  0|   2|           1|           1|
    |and_ln71_2_fu_2808_p2             |       and|   0|  0|   2|           1|           1|
    |and_ln71_fu_2732_p2               |       and|   0|  0|   2|           1|           1|
    |ap_condition_1280                 |       and|   0|  0|   2|           1|           1|
    |ap_condition_1302                 |       and|   0|  0|   2|           1|           1|
    |ap_condition_1389                 |       and|   0|  0|   2|           1|           1|
    |ap_condition_305                  |       and|   0|  0|   2|           1|           1|
    |ap_condition_370                  |       and|   0|  0|   2|           1|           1|
    |mul_src1_ready_flag_1_fu_2101_p2  |       and|   0|  0|   2|           1|           1|
    |mul_src2_ready_flag_0_fu_2119_p2  |       and|   0|  0|   2|           1|           1|
    |or_ln204_fu_2319_p2               |       and|   0|  0|   2|           1|           1|
    |or_ln208_fu_2381_p2               |       and|   0|  0|   2|           1|           1|
    |sel_tmp18_fu_2375_p2              |       and|   0|  0|   2|           1|           1|
    |sel_tmp2_fu_2313_p2               |       and|   0|  0|   2|           1|           1|
    |tmp68_fu_2307_p2                  |       and|   0|  0|   2|           1|           1|
    |tmp69_fu_2369_p2                  |       and|   0|  0|   2|           1|           1|
    |icmp_ln147_fu_1636_p2             |      icmp|   0|  0|  10|           3|           1|
    |icmp_ln152_fu_1860_p2             |      icmp|   0|  0|   9|           2|           2|
    |icmp_ln164_1_fu_1958_p2           |      icmp|   0|  0|  10|           3|           1|
    |icmp_ln164_fu_1948_p2             |      icmp|   0|  0|  10|           3|           1|
    |icmp_ln171_fu_2051_p2             |      icmp|   0|  0|   9|           2|           2|
    |icmp_ln174_fu_2081_p2             |      icmp|   0|  0|   9|           2|           2|
    |icmp_ln184_1_fu_2162_p2           |      icmp|   0|  0|  10|           3|           1|
    |icmp_ln184_fu_2151_p2             |      icmp|   0|  0|  10|           3|           1|
    |icmp_ln189_fu_2231_p2             |      icmp|   0|  0|   9|           2|           2|
    |icmp_ln192_fu_2253_p2             |      icmp|   0|  0|   9|           2|           2|
    |icmp_ln214_fu_2424_p2             |      icmp|   0|  0|   9|           2|           2|
    |icmp_ln249_1_fu_2946_p2           |      icmp|   0|  0|  10|           3|           1|
    |icmp_ln249_fu_2940_p2             |      icmp|   0|  0|   9|           2|           2|
    |alu_executing_flag_1_fu_2329_p2   |        or|   0|  0|   2|           1|           1|
    |alu_remaining_flag_2_fu_2339_p2   |        or|   0|  0|   2|           1|           1|
    |alu_src1_ready_loc_1_fu_2279_p2   |        or|   0|  0|   2|           1|           1|
    |alu_src2_ready_loc_0_fu_2286_p2   |        or|   0|  0|   2|           1|           1|
    |ap_condition_302                  |        or|   0|  0|   2|           1|           1|
    |ap_condition_367                  |        or|   0|  0|   2|           1|           1|
    |ap_condition_656                  |        or|   0|  0|   2|           1|           1|
    |ap_condition_668                  |        or|   0|  0|   2|           1|           1|
    |ap_condition_718                  |        or|   0|  0|   2|           1|           1|
    |ap_condition_728                  |        or|   0|  0|   2|           1|           1|
    |ap_condition_766                  |        or|   0|  0|   2|           1|           1|
    |ap_condition_776                  |        or|   0|  0|   2|           1|           1|
    |ap_condition_817                  |        or|   0|  0|   2|           1|           1|
    |ap_condition_827                  |        or|   0|  0|   2|           1|           1|
    |mul_executing_flag_1_fu_2391_p2   |        or|   0|  0|   2|           1|           1|
    |mul_remaining_flag_2_fu_2401_p2   |        or|   0|  0|   2|           1|           1|
    |mul_src1_ready_loc_1_fu_2106_p2   |        or|   0|  0|   2|           1|           1|
    |mul_src2_ready_loc_0_fu_2124_p2   |        or|   0|  0|   2|           1|           1|
    |or_ln214_fu_2438_p2               |        or|   0|  0|   2|           1|           1|
    |or_ln64_fu_2784_p2                |        or|   0|  0|   2|           1|           1|
    |s1_ready_fu_2768_p2               |        or|   0|  0|   2|           1|           1|
    |s2_ready_fu_2850_p2               |        or|   0|  0|   2|           1|           1|
    |alu_remaining_new_2_fu_2346_p3    |    select|   0|  0|   3|           1|           3|
    |mul_remaining_new_2_fu_2408_p3    |    select|   0|  0|   3|           1|           3|
    |mul_src1_val_loc_1_fu_2112_p3     |    select|   0|  0|  32|           1|          32|
    |mul_src2_val_loc_0_fu_2130_p3     |    select|   0|  0|  32|           1|          32|
    |result_2_fu_1980_p3               |    select|   0|  0|  32|           1|          32|
    |s1_tag_fu_2776_p3                 |    select|   0|  0|   2|           1|           1|
    |s1_val_fu_2694_p3                 |    select|   0|  0|  32|           1|          32|
    |s2_tag_fu_2858_p3                 |    select|   0|  0|   2|           1|           1|
    |select_ln171_fu_2063_p3           |    select|   0|  0|  32|           1|          32|
    |select_ln174_fu_2093_p3           |    select|   0|  0|  32|           1|          32|
    |select_ln204_fu_2293_p3           |    select|   0|  0|   3|           1|           1|
    |select_ln208_fu_2355_p3           |    select|   0|  0|   3|           1|           2|
    |sel_tmp16_fu_2363_p2              |       xor|   0|  0|   2|           1|           2|
    |sel_tmp_fu_2301_p2                |       xor|   0|  0|   2|           2|           1|
    |xor_ln171_fu_2041_p2              |       xor|   0|  0|   2|           1|           2|
    |xor_ln174_fu_2071_p2              |       xor|   0|  0|   2|           1|           2|
    |xor_ln189_fu_2221_p2              |       xor|   0|  0|   2|           2|           1|
    |xor_ln192_fu_2243_p2              |       xor|   0|  0|   2|           2|           1|
    |xor_ln215_fu_2796_p2              |       xor|   0|  0|   2|           1|           2|
    |xor_ln64_1_fu_2790_p2             |       xor|   0|  0|   2|           1|           2|
    |xor_ln64_fu_2726_p2               |       xor|   0|  0|   2|           2|           1|
    +----------------------------------+----------+----+---+----+------------+------------+
    |Total                             |          |   0|  0| 586|         185|         357|
    +----------------------------------+----------+----+---+----+------------+------------+

    * Multiplexer: 
    +------------------------------------------------------------------------------------------------+----+-----------+-----+-----------+
    |                                              Name                                              | LUT| Input Size| Bits| Total Bits|
    +------------------------------------------------------------------------------------------------+----+-----------+-----+-----------+
    |alu_busy_flag_3_reg_1363                                                                        |   9|          2|    1|          2|
    |alu_busy_new_3_reg_1375                                                                         |   9|          2|    1|          2|
    |alu_complete_tag                                                                                |  14|          3|    2|          6|
    |alu_complete_tag_preg                                                                           |   9|          2|    2|          4|
    |alu_complete_valid                                                                              |  14|          3|    1|          3|
    |alu_executing_flag_4_reg_1387                                                                   |   9|          2|    1|          2|
    |alu_executing_loc_0_reg_414                                                                     |  14|          3|    1|          3|
    |alu_executing_new_4_reg_1399                                                                    |   9|          2|    1|          2|
    |alu_remaining_flag_1_reg_431                                                                    |  14|          3|    1|          3|
    |alu_remaining_flag_3_reg_1411                                                                   |   9|          2|    1|          2|
    |alu_remaining_new_1_reg_450                                                                     |   9|          2|    3|          6|
    |alu_remaining_new_3_reg_1422                                                                    |   9|          2|    3|          6|
    |ap_NS_fsm                                                                                       |  26|          5|    1|          5|
    |ap_phi_mux_alu_busy_flag_1_phi_fu_760_p4                                                        |  14|          3|    1|          3|
    |ap_phi_mux_alu_busy_flag_2_phi_fu_1001_p8                                                       |  14|          3|    1|          3|
    |ap_phi_mux_alu_busy_flag_3_phi_fu_1367_p4                                                       |   9|          2|    1|          2|
    |ap_phi_mux_alu_busy_new_1_phi_fu_771_p4                                                         |  14|          3|    1|          3|
    |ap_phi_mux_alu_busy_new_2_phi_fu_1018_p8                                                        |  14|          3|    1|          3|
    |ap_phi_mux_alu_busy_new_3_phi_fu_1379_p4                                                        |   9|          2|    1|          2|
    |ap_phi_mux_alu_executing_flag_2_phi_fu_782_p4                                                   |  14|          3|    1|          3|
    |ap_phi_mux_alu_executing_flag_3_phi_fu_1035_p8                                                  |  14|          3|    1|          3|
    |ap_phi_mux_alu_executing_flag_4_phi_fu_1391_p4                                                  |   9|          2|    1|          2|
    |ap_phi_mux_alu_executing_new_2_phi_fu_792_p4                                                    |  14|          3|    1|          3|
    |ap_phi_mux_alu_executing_new_3_phi_fu_1049_p8                                                   |  14|          3|    1|          3|
    |ap_phi_mux_alu_executing_new_4_phi_fu_1403_p4                                                   |   9|          2|    1|          2|
    |ap_phi_mux_alu_remaining_flag_0_phi_fu_386_p4                                                   |  14|          3|    1|          3|
    |ap_phi_mux_alu_remaining_flag_3_phi_fu_1415_p4                                                  |   9|          2|    1|          2|
    |ap_phi_mux_alu_remaining_new_3_phi_fu_1426_p4                                                   |   9|          2|    3|          6|
    |ap_phi_mux_alu_src1_ready_loc_2_phi_fu_717_p8                                                   |  14|          3|    1|          3|
    |ap_phi_mux_alu_src1_ready_new_3_phi_fu_948_p4                                                   |  14|          3|    1|          3|
    |ap_phi_mux_alu_src1_ready_new_4_phi_fu_1295_p8                                                  |  14|          3|    1|          3|
    |ap_phi_mux_alu_src1_val_flag_2_phi_fu_669_p8                                                    |  14|          3|    1|          3|
    |ap_phi_mux_alu_src1_val_flag_3_phi_fu_844_p4                                                    |  14|          3|    1|          3|
    |ap_phi_mux_alu_src1_val_flag_4_phi_fu_1125_p8                                                   |  14|          3|    1|          3|
    |ap_phi_mux_alu_src1_val_new_3_phi_fu_855_p4                                                     |  14|          3|   32|         96|
    |ap_phi_mux_alu_src1_val_new_4_phi_fu_1142_p8                                                    |  14|          3|   32|         96|
    |ap_phi_mux_alu_src2_ready_loc_1_phi_fu_730_p8                                                   |  14|          3|    1|          3|
    |ap_phi_mux_alu_src2_ready_new_2_phi_fu_958_p4                                                   |  14|          3|    1|          3|
    |ap_phi_mux_alu_src2_ready_new_3_phi_fu_1312_p8                                                  |  14|          3|    1|          3|
    |ap_phi_mux_alu_src2_val_flag_1_phi_fu_701_p8                                                    |  14|          3|    1|          3|
    |ap_phi_mux_alu_src2_val_flag_2_phi_fu_865_p4                                                    |  14|          3|    1|          3|
    |ap_phi_mux_alu_src2_val_flag_3_phi_fu_1159_p8                                                   |  14|          3|    1|          3|
    |ap_phi_mux_alu_src2_val_new_2_phi_fu_876_p4                                                     |  14|          3|   32|         96|
    |ap_phi_mux_alu_src2_val_new_3_phi_fu_1176_p8                                                    |  14|          3|   32|         96|
    |ap_phi_mux_empty_10_phi_fu_1329_p8                                                              |  14|          3|    2|          6|
    |ap_phi_mux_empty_9_phi_fu_743_p8                                                                |  14|          3|    1|          3|
    |ap_phi_mux_mul_busy_flag_0_phi_fu_604_p8                                                        |  14|          3|    1|          3|
    |ap_phi_mux_mul_busy_flag_1_phi_fu_802_p4                                                        |  14|          3|    1|          3|
    |ap_phi_mux_mul_busy_flag_2_phi_fu_1063_p8                                                       |  14|          3|    1|          3|
    |ap_phi_mux_mul_busy_flag_3_phi_fu_1437_p4                                                       |   9|          2|    1|          2|
    |ap_phi_mux_mul_busy_new_1_phi_fu_813_p4                                                         |  14|          3|    1|          3|
    |ap_phi_mux_mul_busy_new_2_phi_fu_1080_p8                                                        |  14|          3|    1|          3|
    |ap_phi_mux_mul_busy_new_3_phi_fu_1449_p4                                                        |   9|          2|    1|          2|
    |ap_phi_mux_mul_executing_flag_2_phi_fu_824_p4                                                   |  14|          3|    1|          3|
    |ap_phi_mux_mul_executing_flag_3_phi_fu_1097_p8                                                  |  14|          3|    1|          3|
    |ap_phi_mux_mul_executing_flag_4_phi_fu_1461_p4                                                  |   9|          2|    1|          2|
    |ap_phi_mux_mul_executing_loc_0_phi_fu_621_p8                                                    |  20|          4|    1|          4|
    |ap_phi_mux_mul_executing_new_2_phi_fu_834_p4                                                    |  14|          3|    1|          3|
    |ap_phi_mux_mul_executing_new_3_phi_fu_1111_p8                                                   |  14|          3|    1|          3|
    |ap_phi_mux_mul_executing_new_4_phi_fu_1473_p4                                                   |   9|          2|    1|          2|
    |ap_phi_mux_mul_remaining_flag_0_phi_fu_593_p4                                                   |  14|          3|    1|          3|
    |ap_phi_mux_mul_remaining_flag_1_phi_fu_636_p8                                                   |  20|          4|    1|          4|
    |ap_phi_mux_mul_remaining_flag_3_phi_fu_1485_p4                                                  |   9|          2|    1|          2|
    |ap_phi_mux_mul_remaining_new_1_phi_fu_653_p8                                                    |  14|          3|    3|          9|
    |ap_phi_mux_mul_remaining_new_3_phi_fu_1496_p4                                                   |   9|          2|    3|          6|
    |ap_phi_mux_mul_src1_ready_flag_3_phi_fu_886_p4                                                  |  14|          3|    1|          3|
    |ap_phi_mux_mul_src1_ready_flag_4_phi_fu_1193_p8                                                 |  14|          3|    1|          3|
    |ap_phi_mux_mul_src1_ready_new_3_phi_fu_897_p4                                                   |  14|          3|    1|          3|
    |ap_phi_mux_mul_src1_ready_new_4_phi_fu_1210_p8                                                  |  14|          3|    1|          3|
    |ap_phi_mux_mul_src1_val_new_3_phi_fu_907_p4                                                     |  14|          3|   32|         96|
    |ap_phi_mux_mul_src1_val_new_4_phi_fu_1227_p8                                                    |  14|          3|   32|         96|
    |ap_phi_mux_mul_src2_ready_flag_2_phi_fu_917_p4                                                  |  14|          3|    1|          3|
    |ap_phi_mux_mul_src2_ready_flag_3_phi_fu_1244_p8                                                 |  14|          3|    1|          3|
    |ap_phi_mux_mul_src2_ready_new_2_phi_fu_928_p4                                                   |  14|          3|    1|          3|
    |ap_phi_mux_mul_src2_ready_new_3_phi_fu_1261_p8                                                  |  14|          3|    1|          3|
    |ap_phi_mux_mul_src2_val_new_2_phi_fu_938_p4                                                     |  14|          3|   32|         96|
    |ap_phi_mux_mul_src2_val_new_3_phi_fu_1278_p8                                                    |  14|          3|   32|         96|
    |ap_phi_mux_rob_count_flag_1_phi_fu_968_p8                                                       |  14|          3|    1|          3|
    |ap_phi_mux_rob_count_flag_2_phi_fu_1343_p4                                                      |   9|          2|    1|          2|
    |ap_phi_mux_rob_count_new_1_phi_fu_985_p8                                                        |  14|          3|    3|          9|
    |ap_phi_mux_rob_count_new_2_phi_fu_1355_p4                                                       |   9|          2|    3|          6|
    |ap_sig_allocacmp_ooo_demo_tick_ap_uint_ap_uint_ap_uint_ap_uint_ap_uint_ap_uint_ap_uint_ap_u_51  |   9|          2|    1|          2|
    |ap_sig_allocacmp_ooo_demo_tick_ap_uint_ap_uint_ap_uint_ap_uint_ap_uint_ap_uint_ap_uint_ap_u_52  |  14|          3|    1|          3|
    |ap_sig_allocacmp_ooo_demo_tick_ap_uint_ap_uint_ap_uint_ap_uint_ap_uint_ap_uint_ap_uint_ap_u_53  |  14|          3|    1|          3|
    |ap_sig_allocacmp_ooo_demo_tick_ap_uint_ap_uint_ap_uint_ap_uint_ap_uint_ap_uint_ap_uint_ap_u_54  |  14|          3|    1|          3|
    |ap_sig_allocacmp_ooo_demo_tick_ap_uint_ap_uint_ap_uint_ap_uint_ap_uint_ap_uint_ap_uint_ap_u_55  |  14|          3|    1|          3|
    |ap_sig_allocacmp_ooo_demo_tick_ap_uint_ap_uint_ap_uint_ap_uint_ap_uint_ap_uint_ap_uint_ap_u_57  |   9|          2|   32|         64|
    |ap_sig_allocacmp_ooo_demo_tick_ap_uint_ap_uint_ap_uint_ap_uint_ap_uint_ap_uint_ap_uint_ap_u_58  |   9|          2|   32|         64|
    |ap_sig_allocacmp_ooo_demo_tick_ap_uint_ap_uint_ap_uint_ap_uint_ap_uint_ap_uint_ap_uint_ap_u_59  |   9|          2|   32|         64|
    |ap_sig_allocacmp_ooo_demo_tick_ap_uint_ap_uint_ap_uint_ap_uint_ap_uint_ap_uint_ap_uint_ap_u_60  |   9|          2|   32|         64|
    |ap_sig_allocacmp_t                                                                              |   9|          2|    2|          4|
    |commit_reg                                                                                      |  14|          3|    2|          6|
    |commit_reg_preg                                                                                 |   9|          2|    2|          4|
    |commit_valid                                                                                    |  14|          3|    1|          3|
    |empty_reg_367                                                                                   |  14|          3|    3|          9|
    |fetch_pc                                                                                        |   9|          2|    2|          4|
    |grp_load_fu_1564_p1                                                                             |  14|          3|    1|          3|
    |grp_load_fu_1568_p1                                                                             |  14|          3|    1|          3|
    |grp_load_fu_1572_p1                                                                             |  14|          3|    1|          3|
    |grp_load_fu_1576_p1                                                                             |  14|          3|    1|          3|
    |grp_load_fu_1580_p1                                                                             |  14|          3|   32|         96|
    |grp_load_fu_1584_p1                                                                             |  14|          3|   32|         96|
    |grp_load_fu_1588_p1                                                                             |  14|          3|   32|         96|
    |grp_load_fu_1592_p1                                                                             |  14|          3|   32|         96|
    |grp_load_fu_1596_p1                                                                             |  14|          3|    1|          3|
    |grp_load_fu_1600_p1                                                                             |  14|          3|    2|          6|
    |halted                                                                                          |   9|          2|    1|          2|
    |mul_busy_flag_3_reg_1433                                                                        |   9|          2|    1|          2|
    |mul_busy_new_3_reg_1445                                                                         |   9|          2|    1|          2|
    |mul_complete_tag                                                                                |   9|          2|    2|          4|
    |mul_executing_flag_4_reg_1457                                                                   |   9|          2|    1|          2|
    |mul_executing_new_4_reg_1469                                                                    |   9|          2|    1|          2|
    |mul_remaining_flag_3_reg_1481                                                                   |   9|          2|    1|          2|
    |mul_remaining_new_3_reg_1492                                                                    |   9|          2|    3|          6|
    |mul_src1_ready_flag_2_reg_468                                                                   |   9|          2|    1|          2|
    |mul_src1_ready_loc_2_reg_485                                                                    |   9|          2|    1|          2|
    |mul_src1_val_loc_2_reg_515                                                                      |   9|          2|   32|         64|
    |mul_src2_ready_flag_1_reg_528                                                                   |   9|          2|    1|          2|
    |mul_src2_ready_loc_1_reg_545                                                                    |   9|          2|    1|          2|
    |mul_src2_val_loc_1_reg_558                                                                      |   9|          2|   32|         64|
    |ooo_demo_tick_ap_uint_ap_uint_ap_uint_ap_uint_ap_uint_ap_uint_ap_uint_ap_u                      |  14|          3|   32|         96|
    |ooo_demo_tick_ap_uint_ap_uint_ap_uint_ap_uint_ap_uint_ap_uint_ap_uint_ap_u_1                    |  14|          3|   32|         96|
    |ooo_demo_tick_ap_uint_ap_uint_ap_uint_ap_uint_ap_uint_ap_uint_ap_uint_ap_u_10                   |  14|          3|    1|          3|
    |ooo_demo_tick_ap_uint_ap_uint_ap_uint_ap_uint_ap_uint_ap_uint_ap_uint_ap_u_11                   |  14|          3|    1|          3|
    |ooo_demo_tick_ap_uint_ap_uint_ap_uint_ap_uint_ap_uint_ap_uint_ap_uint_ap_u_12                   |   9|          2|    2|          4|
    |ooo_demo_tick_ap_uint_ap_uint_ap_uint_ap_uint_ap_uint_ap_uint_ap_uint_ap_u_13                   |   9|          2|    2|          4|
    |ooo_demo_tick_ap_uint_ap_uint_ap_uint_ap_uint_ap_uint_ap_uint_ap_uint_ap_u_14                   |   9|          2|    2|          4|
    |ooo_demo_tick_ap_uint_ap_uint_ap_uint_ap_uint_ap_uint_ap_uint_ap_uint_ap_u_15                   |   9|          2|    2|          4|
    |ooo_demo_tick_ap_uint_ap_uint_ap_uint_ap_uint_ap_uint_ap_uint_ap_uint_ap_u_16                   |   9|          2|   32|         64|
    |ooo_demo_tick_ap_uint_ap_uint_ap_uint_ap_uint_ap_uint_ap_uint_ap_uint_ap_u_17                   |   9|          2|   32|         64|
    |ooo_demo_tick_ap_uint_ap_uint_ap_uint_ap_uint_ap_uint_ap_uint_ap_uint_ap_u_18                   |   9|          2|   32|         64|
    |ooo_demo_tick_ap_uint_ap_uint_ap_uint_ap_uint_ap_uint_ap_uint_ap_uint_ap_u_19                   |   9|          2|   32|         64|
    |ooo_demo_tick_ap_uint_ap_uint_ap_uint_ap_uint_ap_uint_ap_uint_ap_uint_ap_u_2                    |  14|          3|   32|         96|
    |ooo_demo_tick_ap_uint_ap_uint_ap_uint_ap_uint_ap_uint_ap_uint_ap_uint_ap_u_20                   |   9|          2|    2|          4|
    |ooo_demo_tick_ap_uint_ap_uint_ap_uint_ap_uint_ap_uint_ap_uint_ap_uint_ap_u_21                   |   9|          2|    2|          4|
    |ooo_demo_tick_ap_uint_ap_uint_ap_uint_ap_uint_ap_uint_ap_uint_ap_uint_ap_u_22                   |   9|          2|    2|          4|
    |ooo_demo_tick_ap_uint_ap_uint_ap_uint_ap_uint_ap_uint_ap_uint_ap_uint_ap_u_23                   |  14|          3|    1|          3|
    |ooo_demo_tick_ap_uint_ap_uint_ap_uint_ap_uint_ap_uint_ap_uint_ap_uint_ap_u_24                   |  14|          3|    1|          3|
    |ooo_demo_tick_ap_uint_ap_uint_ap_uint_ap_uint_ap_uint_ap_uint_ap_uint_ap_u_25                   |  14|          3|    1|          3|
    |ooo_demo_tick_ap_uint_ap_uint_ap_uint_ap_uint_ap_uint_ap_uint_ap_uint_ap_u_3                    |  14|          3|   32|         96|
    |ooo_demo_tick_ap_uint_ap_uint_ap_uint_ap_uint_ap_uint_ap_uint_ap_uint_ap_u_4                    |  14|          3|    1|          3|
    |ooo_demo_tick_ap_uint_ap_uint_ap_uint_ap_uint_ap_uint_ap_uint_ap_uint_ap_u_43_reg_319           |   9|          2|   32|         64|
    |ooo_demo_tick_ap_uint_ap_uint_ap_uint_ap_uint_ap_uint_ap_uint_ap_uint_ap_u_5                    |  14|          3|    1|          3|
    |ooo_demo_tick_ap_uint_ap_uint_ap_uint_ap_uint_ap_uint_ap_uint_ap_uint_ap_u_50_reg_332           |   9|          2|   32|         64|
    |ooo_demo_tick_ap_uint_ap_uint_ap_uint_ap_uint_ap_uint_ap_uint_ap_uint_ap_u_6                    |  14|          3|    1|          3|
    |ooo_demo_tick_ap_uint_ap_uint_ap_uint_ap_uint_ap_uint_ap_uint_ap_uint_ap_u_7                    |  14|          3|    1|          3|
    |ooo_demo_tick_ap_uint_ap_uint_ap_uint_ap_uint_ap_uint_ap_uint_ap_uint_ap_u_8                    |  14|          3|    1|          3|
    |ooo_demo_tick_ap_uint_ap_uint_ap_uint_ap_uint_ap_uint_ap_uint_ap_uint_ap_u_9                    |  14|          3|    1|          3|
    |r0_out                                                                                          |  14|          3|   32|         96|
    |r1_out                                                                                          |   9|          2|   32|         64|
    |r2_out                                                                                          |   9|          2|   32|         64|
    |r3_out                                                                                          |   9|          2|   32|         64|
    |rob_count_flag_2_reg_1339                                                                       |   9|          2|    1|          2|
    |rob_count_new_2_reg_1351                                                                        |   9|          2|    3|          6|
    |rob_head                                                                                        |   9|          2|    2|          4|
    |rob_tail                                                                                        |   9|          2|    2|          4|
    +------------------------------------------------------------------------------------------------+----+-----------+-----+-----------+
    |Total                                                                                           |1888|        408| 1186|       3005|
    +------------------------------------------------------------------------------------------------+----+-----------+-----+-----------+

    * Register: 
    +---------------------------------------------------------------------------------------+----+----+-----+-----------+
    |                                          Name                                         | FF | LUT| Bits| Const Bits|
    +---------------------------------------------------------------------------------------+----+----+-----+-----------+
    |alu_busy                                                                               |   1|   0|    1|          0|
    |alu_busy_flag_0_reg_395                                                                |   1|   0|    1|          0|
    |alu_busy_flag_3_reg_1363                                                               |   1|   0|    1|          0|
    |alu_busy_load_reg_3105                                                                 |   1|   0|    1|          0|
    |alu_busy_new_3_reg_1375                                                                |   1|   0|    1|          0|
    |alu_complete_tag_preg                                                                  |   2|   0|    2|          0|
    |alu_complete_valid_preg                                                                |   1|   0|    1|          0|
    |alu_dest_tag                                                                           |   2|   0|    2|          0|
    |alu_executing                                                                          |   1|   0|    1|          0|
    |alu_executing_flag_4_reg_1387                                                          |   1|   0|    1|          0|
    |alu_executing_load_reg_3109                                                            |   1|   0|    1|          0|
    |alu_executing_loc_0_reg_414                                                            |   1|   0|    1|          0|
    |alu_executing_new_4_reg_1399                                                           |   1|   0|    1|          0|
    |alu_op                                                                                 |   1|   0|    1|          0|
    |alu_remaining                                                                          |   3|   0|    3|          0|
    |alu_remaining_flag_1_reg_431                                                           |   1|   0|    1|          0|
    |alu_remaining_flag_3_reg_1411                                                          |   1|   0|    1|          0|
    |alu_remaining_new_1_reg_450                                                            |   3|   0|    3|          0|
    |alu_remaining_new_3_reg_1422                                                           |   3|   0|    3|          0|
    |alu_src1_ready                                                                         |   1|   0|    1|          0|
    |alu_src1_tag                                                                           |   2|   0|    2|          0|
    |alu_src1_val                                                                           |  32|   0|   32|          0|
    |alu_src2_ready                                                                         |   1|   0|    1|          0|
    |alu_src2_tag                                                                           |   2|   0|    2|          0|
    |alu_src2_val                                                                           |  32|   0|   32|          0|
    |ap_CS_fsm                                                                              |   4|   0|    4|          0|
    |commit_reg_preg                                                                        |   2|   0|    2|          0|
    |commit_valid_preg                                                                      |   1|   0|    1|          0|
    |dest_reg_3143                                                                          |   2|   0|    2|          0|
    |empty_8_reg_571                                                                        |   1|   0|    1|          0|
    |empty_reg_367                                                                          |   3|   0|    3|          0|
    |fetch_pc                                                                               |   2|   0|    2|          0|
    |grp_ooo_demo_tick_Pipeline_VITIS_LOOP_119_1_fu_1503_ap_start_reg                       |   1|   0|    1|          0|
    |icmp_ln147_reg_3127                                                                    |   1|   0|    1|          0|
    |mul_busy                                                                               |   1|   0|    1|          0|
    |mul_busy_flag_3_reg_1433                                                               |   1|   0|    1|          0|
    |mul_busy_load_reg_3116                                                                 |   1|   0|    1|          0|
    |mul_busy_new_3_reg_1445                                                                |   1|   0|    1|          0|
    |mul_dest_tag                                                                           |   2|   0|    2|          0|
    |mul_executing                                                                          |   1|   0|    1|          0|
    |mul_executing_flag_4_reg_1457                                                          |   1|   0|    1|          0|
    |mul_executing_load_reg_3120                                                            |   1|   0|    1|          0|
    |mul_executing_new_4_reg_1469                                                           |   1|   0|    1|          0|
    |mul_remaining                                                                          |   3|   0|    3|          0|
    |mul_remaining_flag_3_reg_1481                                                          |   1|   0|    1|          0|
    |mul_remaining_new_3_reg_1492                                                           |   3|   0|    3|          0|
    |mul_src1_ready                                                                         |   1|   0|    1|          0|
    |mul_src1_ready_flag_2_reg_468                                                          |   1|   0|    1|          0|
    |mul_src1_ready_loc_2_reg_485                                                           |   1|   0|    1|          0|
    |mul_src1_tag                                                                           |   2|   0|    2|          0|
    |mul_src1_val                                                                           |  32|   0|   32|          0|
    |mul_src1_val_loc_2_reg_515                                                             |  32|   0|   32|          0|
    |mul_src1_val_new_2_reg_498                                                             |  32|   0|   32|          0|
    |mul_src2_ready                                                                         |   1|   0|    1|          0|
    |mul_src2_ready_flag_1_reg_528                                                          |   1|   0|    1|          0|
    |mul_src2_ready_loc_1_reg_545                                                           |   1|   0|    1|          0|
    |mul_src2_tag                                                                           |   2|   0|    2|          0|
    |mul_src2_val                                                                           |  32|   0|   32|          0|
    |mul_src2_val_loc_1_reg_558                                                             |  32|   0|   32|          0|
    |ooo_demo_tick_ap_uint_ap_uint_ap_uint_ap_uint_ap_uint_ap_uint_ap_uint_ap_u             |  32|   0|   32|          0|
    |ooo_demo_tick_ap_uint_ap_uint_ap_uint_ap_uint_ap_uint_ap_uint_ap_uint_ap_u_1           |  32|   0|   32|          0|
    |ooo_demo_tick_ap_uint_ap_uint_ap_uint_ap_uint_ap_uint_ap_uint_ap_uint_ap_u_10          |   1|   0|    1|          0|
    |ooo_demo_tick_ap_uint_ap_uint_ap_uint_ap_uint_ap_uint_ap_uint_ap_uint_ap_u_11          |   1|   0|    1|          0|
    |ooo_demo_tick_ap_uint_ap_uint_ap_uint_ap_uint_ap_uint_ap_uint_ap_uint_ap_u_12          |   2|   0|    2|          0|
    |ooo_demo_tick_ap_uint_ap_uint_ap_uint_ap_uint_ap_uint_ap_uint_ap_uint_ap_u_13          |   2|   0|    2|          0|
    |ooo_demo_tick_ap_uint_ap_uint_ap_uint_ap_uint_ap_uint_ap_uint_ap_uint_ap_u_14          |   2|   0|    2|          0|
    |ooo_demo_tick_ap_uint_ap_uint_ap_uint_ap_uint_ap_uint_ap_uint_ap_uint_ap_u_15          |   2|   0|    2|          0|
    |ooo_demo_tick_ap_uint_ap_uint_ap_uint_ap_uint_ap_uint_ap_uint_ap_uint_ap_u_16          |  32|   0|   32|          0|
    |ooo_demo_tick_ap_uint_ap_uint_ap_uint_ap_uint_ap_uint_ap_uint_ap_uint_ap_u_17          |  32|   0|   32|          0|
    |ooo_demo_tick_ap_uint_ap_uint_ap_uint_ap_uint_ap_uint_ap_uint_ap_uint_ap_u_18          |  32|   0|   32|          0|
    |ooo_demo_tick_ap_uint_ap_uint_ap_uint_ap_uint_ap_uint_ap_uint_ap_uint_ap_u_19          |  32|   0|   32|          0|
    |ooo_demo_tick_ap_uint_ap_uint_ap_uint_ap_uint_ap_uint_ap_uint_ap_uint_ap_u_2           |  32|   0|   32|          0|
    |ooo_demo_tick_ap_uint_ap_uint_ap_uint_ap_uint_ap_uint_ap_uint_ap_uint_ap_u_20          |   2|   0|    2|          0|
    |ooo_demo_tick_ap_uint_ap_uint_ap_uint_ap_uint_ap_uint_ap_uint_ap_uint_ap_u_21          |   2|   0|    2|          0|
    |ooo_demo_tick_ap_uint_ap_uint_ap_uint_ap_uint_ap_uint_ap_uint_ap_uint_ap_u_22          |   2|   0|    2|          0|
    |ooo_demo_tick_ap_uint_ap_uint_ap_uint_ap_uint_ap_uint_ap_uint_ap_uint_ap_u_23          |   1|   0|    1|          0|
    |ooo_demo_tick_ap_uint_ap_uint_ap_uint_ap_uint_ap_uint_ap_uint_ap_uint_ap_u_24          |   1|   0|    1|          0|
    |ooo_demo_tick_ap_uint_ap_uint_ap_uint_ap_uint_ap_uint_ap_uint_ap_uint_ap_u_25          |   1|   0|    1|          0|
    |ooo_demo_tick_ap_uint_ap_uint_ap_uint_ap_uint_ap_uint_ap_uint_ap_uint_ap_u_3           |  32|   0|   32|          0|
    |ooo_demo_tick_ap_uint_ap_uint_ap_uint_ap_uint_ap_uint_ap_uint_ap_uint_ap_u_4           |   1|   0|    1|          0|
    |ooo_demo_tick_ap_uint_ap_uint_ap_uint_ap_uint_ap_uint_ap_uint_ap_uint_ap_u_43_reg_319  |  32|   0|   32|          0|
    |ooo_demo_tick_ap_uint_ap_uint_ap_uint_ap_uint_ap_uint_ap_uint_ap_uint_ap_u_5           |   1|   0|    1|          0|
    |ooo_demo_tick_ap_uint_ap_uint_ap_uint_ap_uint_ap_uint_ap_uint_ap_uint_ap_u_50_reg_332  |  32|   0|   32|          0|
    |ooo_demo_tick_ap_uint_ap_uint_ap_uint_ap_uint_ap_uint_ap_uint_ap_uint_ap_u_6           |   1|   0|    1|          0|
    |ooo_demo_tick_ap_uint_ap_uint_ap_uint_ap_uint_ap_uint_ap_uint_ap_uint_ap_u_7           |   1|   0|    1|          0|
    |ooo_demo_tick_ap_uint_ap_uint_ap_uint_ap_uint_ap_uint_ap_uint_ap_uint_ap_u_8           |   1|   0|    1|          0|
    |ooo_demo_tick_ap_uint_ap_uint_ap_uint_ap_uint_ap_uint_ap_uint_ap_uint_ap_u_9           |   1|   0|    1|          0|
    |r0_out_preg                                                                            |   2|   0|   32|         30|
    |reset_read_reg_3088                                                                    |   1|   0|    1|          0|
    |rob_count                                                                              |   3|   0|    3|          0|
    |rob_count_flag_0_reg_348                                                               |   1|   0|    1|          0|
    |rob_count_flag_2_reg_1339                                                              |   1|   0|    1|          0|
    |rob_count_new_2_reg_1351                                                               |   3|   0|    3|          0|
    |rob_head                                                                               |   2|   0|    2|          0|
    |rob_head_load_reg_3131                                                                 |   2|   0|    2|          0|
    |rob_tail                                                                               |   2|   0|    2|          0|
    |tmp_1_reg_3139                                                                         |   1|   0|    1|          0|
    |tmp_reg_3135                                                                           |   1|   0|    1|          0|
    +---------------------------------------------------------------------------------------+----+----+-----+-----------+
    |Total                                                                                  | 665|   0|  695|         30|
    +---------------------------------------------------------------------------------------+----+----+-----+-----------+



================================================================
== Interface
================================================================
* Summary: 
+-----------------------+-----+-----+------------+--------------------+--------------+
|       RTL Ports       | Dir | Bits|  Protocol  |    Source Object   |    C Type    |
+-----------------------+-----+-----+------------+--------------------+--------------+
|s_axi_control_AWVALID  |   in|    1|       s_axi|             control|   return void|
|s_axi_control_AWREADY  |  out|    1|       s_axi|             control|   return void|
|s_axi_control_AWADDR   |   in|    4|       s_axi|             control|   return void|
|s_axi_control_WVALID   |   in|    1|       s_axi|             control|   return void|
|s_axi_control_WREADY   |  out|    1|       s_axi|             control|   return void|
|s_axi_control_WDATA    |   in|   32|       s_axi|             control|   return void|
|s_axi_control_WSTRB    |   in|    4|       s_axi|             control|   return void|
|s_axi_control_ARVALID  |   in|    1|       s_axi|             control|   return void|
|s_axi_control_ARREADY  |  out|    1|       s_axi|             control|   return void|
|s_axi_control_ARADDR   |   in|    4|       s_axi|             control|   return void|
|s_axi_control_RVALID   |  out|    1|       s_axi|             control|   return void|
|s_axi_control_RREADY   |   in|    1|       s_axi|             control|   return void|
|s_axi_control_RDATA    |  out|   32|       s_axi|             control|   return void|
|s_axi_control_RRESP    |  out|    2|       s_axi|             control|   return void|
|s_axi_control_BVALID   |  out|    1|       s_axi|             control|   return void|
|s_axi_control_BREADY   |   in|    1|       s_axi|             control|   return void|
|s_axi_control_BRESP    |  out|    2|       s_axi|             control|   return void|
|ap_clk                 |   in|    1|  ap_ctrl_hs|       ooo_demo_tick|  return value|
|ap_rst_n               |   in|    1|  ap_ctrl_hs|       ooo_demo_tick|  return value|
|interrupt              |  out|    1|  ap_ctrl_hs|       ooo_demo_tick|  return value|
|reset                  |   in|    1|     ap_none|               reset|        scalar|
|r0_out                 |  out|   32|     ap_none|              r0_out|       pointer|
|r1_out                 |  out|   32|     ap_none|              r1_out|       pointer|
|r2_out                 |  out|   32|     ap_none|              r2_out|       pointer|
|r3_out                 |  out|   32|     ap_none|              r3_out|       pointer|
|commit_reg             |  out|    2|     ap_none|          commit_reg|       pointer|
|commit_valid           |  out|    1|     ap_none|        commit_valid|       pointer|
|alu_complete_tag       |  out|    2|     ap_none|    alu_complete_tag|       pointer|
|alu_complete_valid     |  out|    1|     ap_none|  alu_complete_valid|       pointer|
|mul_complete_tag       |  out|    2|     ap_none|    mul_complete_tag|       pointer|
|mul_complete_valid     |  out|    1|     ap_none|  mul_complete_valid|       pointer|
|halted                 |  out|    1|     ap_none|              halted|       pointer|
+-----------------------+-----+-----+------------+--------------------+--------------+

