

================================================================
== Vitis HLS Report for 'ooo_demo_tick_Pipeline_VITIS_LOOP_119_1'
================================================================
* Date:           Fri Jul 17 22:55:54 2026

* Version:        2024.2 (Build 5238294 on Nov  8 2024)
* Project:        ooo_demo_proj
* Solution:       solution1 (Vivado IP Flow Target)
* Product family: zynquplus
* Target device:  xck26-sfvc784-2LV-c


================================================================
== Performance Estimates
================================================================
+ Timing: 
    * Summary: 
    +--------+----------+----------+------------+
    |  Clock |  Target  | Estimated| Uncertainty|
    +--------+----------+----------+------------+
    |ap_clk  |  10.00 ns|  1.527 ns|     2.70 ns|
    +--------+----------+----------+------------+

+ Latency: 
    * Summary: 
    +---------+---------+-----------+-----------+-----+-----+------------------------------------------------+
    |  Latency (cycles) |   Latency (absolute)  |  Interval |                    Pipeline                    |
    |   min   |   max   |    min    |    max    | min | max |                      Type                      |
    +---------+---------+-----------+-----------+-----+-----+------------------------------------------------+
    |        6|        6|  60.000 ns|  60.000 ns|    5|    5|  loop auto-rewind stp (delay=0 clock cycles(s))|
    +---------+---------+-----------+-----------+-----+-----+------------------------------------------------+

    + Detail: 
        * Instance: 
        N/A

        * Loop: 
        +--------------------+---------+---------+----------+-----------+-----------+------+----------+
        |                    |  Latency (cycles) | Iteration|  Initiation Interval  | Trip |          |
        |      Loop Name     |   min   |   max   |  Latency |  achieved |   target  | Count| Pipelined|
        +--------------------+---------+---------+----------+-----------+-----------+------+----------+
        |- VITIS_LOOP_119_1  |        4|        4|         1|          1|          1|     4|       yes|
        +--------------------+---------+---------+----------+-----------+-----------+------+----------+



================================================================
== Utilization Estimates
================================================================
* Summary: 
+-----------------+---------+------+--------+--------+-----+
|       Name      | BRAM_18K|  DSP |   FF   |   LUT  | URAM|
+-----------------+---------+------+--------+--------+-----+
|DSP              |        -|     -|       -|       -|    -|
|Expression       |        -|     -|       0|      22|    -|
|FIFO             |        -|     -|       -|       -|    -|
|Instance         |        -|     -|       -|       -|    -|
|Memory           |        -|     -|       -|       -|    -|
|Multiplexer      |        -|     -|       0|      27|    -|
|Register         |        -|     -|       5|       -|    -|
+-----------------+---------+------+--------+--------+-----+
|Total            |        0|     0|       5|      49|    0|
+-----------------+---------+------+--------+--------+-----+
|Available        |      288|  1248|  234240|  117120|   64|
+-----------------+---------+------+--------+--------+-----+
|Utilization (%)  |        0|     0|      ~0|      ~0|    0|
+-----------------+---------+------+--------+--------+-----+

+ Detail: 
    * Instance: 
    N/A

    * DSP: 
    N/A

    * Memory: 
    N/A

    * FIFO: 
    N/A

    * Expression: 
    +---------------------+----------+----+---+----+------------+------------+
    |    Variable Name    | Operation| DSP| FF| LUT| Bitwidth P0| Bitwidth P1|
    +---------------------+----------+----+---+----+------------+------------+
    |add_ln119_fu_100_p2  |         +|   0|  0|  10|           3|           1|
    |icmp_ln119_fu_94_p2  |      icmp|   0|  0|  12|           3|           4|
    +---------------------+----------+----+---+----+------------+------------+
    |Total                |          |   0|  0|  22|           6|           5|
    +---------------------+----------+----+---+----+------------+------------+

    * Multiplexer: 
    +----------------------+----+-----------+-----+-----------+
    |         Name         | LUT| Input Size| Bits| Total Bits|
    +----------------------+----+-----------+-----+-----------+
    |ap_done_int           |   9|          2|    1|          2|
    |ap_sig_allocacmp_i_1  |   9|          2|    3|          6|
    |i_fu_82               |   9|          2|    3|          6|
    +----------------------+----+-----------+-----+-----------+
    |Total                 |  27|          6|    7|         14|
    +----------------------+----+-----------+-----+-----------+

    * Register: 
    +-------------+---+----+-----+-----------+
    |     Name    | FF| LUT| Bits| Const Bits|
    +-------------+---+----+-----+-----------+
    |ap_CS_fsm    |  1|   0|    1|          0|
    |ap_done_reg  |  1|   0|    1|          0|
    |i_fu_82      |  3|   0|    3|          0|
    +-------------+---+----+-----+-----------+
    |Total        |  5|   0|    5|          0|
    +-------------+---+----+-----+-----------+



================================================================
== Interface
================================================================
* Summary: 
+--------------------------------------------------------------------------------------+-----+-----+------------+-------------------------------------------------------------------------------+--------------+
|                                       RTL Ports                                      | Dir | Bits|  Protocol  |                                 Source Object                                 |    C Type    |
+--------------------------------------------------------------------------------------+-----+-----+------------+-------------------------------------------------------------------------------+--------------+
|ap_clk                                                                                |   in|    1|  ap_ctrl_hs|                                        ooo_demo_tick_Pipeline_VITIS_LOOP_119_1|  return value|
|ap_rst                                                                                |   in|    1|  ap_ctrl_hs|                                        ooo_demo_tick_Pipeline_VITIS_LOOP_119_1|  return value|
|ap_start                                                                              |   in|    1|  ap_ctrl_hs|                                        ooo_demo_tick_Pipeline_VITIS_LOOP_119_1|  return value|
|ap_done                                                                               |  out|    1|  ap_ctrl_hs|                                        ooo_demo_tick_Pipeline_VITIS_LOOP_119_1|  return value|
|ap_idle                                                                               |  out|    1|  ap_ctrl_hs|                                        ooo_demo_tick_Pipeline_VITIS_LOOP_119_1|  return value|
|ap_ready                                                                              |  out|    1|  ap_ctrl_hs|                                        ooo_demo_tick_Pipeline_VITIS_LOOP_119_1|  return value|
|ooo_demo_tick_ap_uint_ap_uint_ap_uint_ap_uint_ap_uint_ap_uint_ap_uint_ap_u_7          |  out|    1|      ap_vld|   ooo_demo_tick_ap_uint_ap_uint_ap_uint_ap_uint_ap_uint_ap_uint_ap_uint_ap_u_7|       pointer|
|ooo_demo_tick_ap_uint_ap_uint_ap_uint_ap_uint_ap_uint_ap_uint_ap_uint_ap_u_7_ap_vld   |  out|    1|      ap_vld|   ooo_demo_tick_ap_uint_ap_uint_ap_uint_ap_uint_ap_uint_ap_uint_ap_uint_ap_u_7|       pointer|
|ooo_demo_tick_ap_uint_ap_uint_ap_uint_ap_uint_ap_uint_ap_uint_ap_uint_ap_u_11         |  out|    1|      ap_vld|  ooo_demo_tick_ap_uint_ap_uint_ap_uint_ap_uint_ap_uint_ap_uint_ap_uint_ap_u_11|       pointer|
|ooo_demo_tick_ap_uint_ap_uint_ap_uint_ap_uint_ap_uint_ap_uint_ap_uint_ap_u_11_ap_vld  |  out|    1|      ap_vld|  ooo_demo_tick_ap_uint_ap_uint_ap_uint_ap_uint_ap_uint_ap_uint_ap_uint_ap_u_11|       pointer|
|ooo_demo_tick_ap_uint_ap_uint_ap_uint_ap_uint_ap_uint_ap_uint_ap_uint_ap_u_3          |  out|   32|      ap_vld|   ooo_demo_tick_ap_uint_ap_uint_ap_uint_ap_uint_ap_uint_ap_uint_ap_uint_ap_u_3|       pointer|
|ooo_demo_tick_ap_uint_ap_uint_ap_uint_ap_uint_ap_uint_ap_uint_ap_uint_ap_u_3_ap_vld   |  out|    1|      ap_vld|   ooo_demo_tick_ap_uint_ap_uint_ap_uint_ap_uint_ap_uint_ap_uint_ap_uint_ap_u_3|       pointer|
|ooo_demo_tick_ap_uint_ap_uint_ap_uint_ap_uint_ap_uint_ap_uint_ap_uint_ap_u_15         |  out|    2|      ap_vld|  ooo_demo_tick_ap_uint_ap_uint_ap_uint_ap_uint_ap_uint_ap_uint_ap_uint_ap_u_15|       pointer|
|ooo_demo_tick_ap_uint_ap_uint_ap_uint_ap_uint_ap_uint_ap_uint_ap_uint_ap_u_15_ap_vld  |  out|    1|      ap_vld|  ooo_demo_tick_ap_uint_ap_uint_ap_uint_ap_uint_ap_uint_ap_uint_ap_uint_ap_u_15|       pointer|
|ooo_demo_tick_ap_uint_ap_uint_ap_uint_ap_uint_ap_uint_ap_uint_ap_uint_ap_u_18         |  out|   32|      ap_vld|  ooo_demo_tick_ap_uint_ap_uint_ap_uint_ap_uint_ap_uint_ap_uint_ap_uint_ap_u_18|       pointer|
|ooo_demo_tick_ap_uint_ap_uint_ap_uint_ap_uint_ap_uint_ap_uint_ap_uint_ap_u_18_ap_vld  |  out|    1|      ap_vld|  ooo_demo_tick_ap_uint_ap_uint_ap_uint_ap_uint_ap_uint_ap_uint_ap_uint_ap_u_18|       pointer|
|ooo_demo_tick_ap_uint_ap_uint_ap_uint_ap_uint_ap_uint_ap_uint_ap_uint_ap_u_25         |  out|    1|      ap_vld|  ooo_demo_tick_ap_uint_ap_uint_ap_uint_ap_uint_ap_uint_ap_uint_ap_uint_ap_u_25|       pointer|
|ooo_demo_tick_ap_uint_ap_uint_ap_uint_ap_uint_ap_uint_ap_uint_ap_uint_ap_u_25_ap_vld  |  out|    1|      ap_vld|  ooo_demo_tick_ap_uint_ap_uint_ap_uint_ap_uint_ap_uint_ap_uint_ap_uint_ap_u_25|       pointer|
|ooo_demo_tick_ap_uint_ap_uint_ap_uint_ap_uint_ap_uint_ap_uint_ap_uint_ap_u_22         |  out|    2|      ap_vld|  ooo_demo_tick_ap_uint_ap_uint_ap_uint_ap_uint_ap_uint_ap_uint_ap_uint_ap_u_22|       pointer|
|ooo_demo_tick_ap_uint_ap_uint_ap_uint_ap_uint_ap_uint_ap_uint_ap_uint_ap_u_22_ap_vld  |  out|    1|      ap_vld|  ooo_demo_tick_ap_uint_ap_uint_ap_uint_ap_uint_ap_uint_ap_uint_ap_uint_ap_u_22|       pointer|
|ooo_demo_tick_ap_uint_ap_uint_ap_uint_ap_uint_ap_uint_ap_uint_ap_uint_ap_u_6          |  out|    1|      ap_vld|   ooo_demo_tick_ap_uint_ap_uint_ap_uint_ap_uint_ap_uint_ap_uint_ap_uint_ap_u_6|       pointer|
|ooo_demo_tick_ap_uint_ap_uint_ap_uint_ap_uint_ap_uint_ap_uint_ap_uint_ap_u_6_ap_vld   |  out|    1|      ap_vld|   ooo_demo_tick_ap_uint_ap_uint_ap_uint_ap_uint_ap_uint_ap_uint_ap_uint_ap_u_6|       pointer|
|ooo_demo_tick_ap_uint_ap_uint_ap_uint_ap_uint_ap_uint_ap_uint_ap_uint_ap_u_10         |  out|    1|      ap_vld|  ooo_demo_tick_ap_uint_ap_uint_ap_uint_ap_uint_ap_uint_ap_uint_ap_uint_ap_u_10|       pointer|
|ooo_demo_tick_ap_uint_ap_uint_ap_uint_ap_uint_ap_uint_ap_uint_ap_uint_ap_u_10_ap_vld  |  out|    1|      ap_vld|  ooo_demo_tick_ap_uint_ap_uint_ap_uint_ap_uint_ap_uint_ap_uint_ap_uint_ap_u_10|       pointer|
|ooo_demo_tick_ap_uint_ap_uint_ap_uint_ap_uint_ap_uint_ap_uint_ap_uint_ap_u_2          |  out|   32|      ap_vld|   ooo_demo_tick_ap_uint_ap_uint_ap_uint_ap_uint_ap_uint_ap_uint_ap_uint_ap_u_2|       pointer|
|ooo_demo_tick_ap_uint_ap_uint_ap_uint_ap_uint_ap_uint_ap_uint_ap_uint_ap_u_2_ap_vld   |  out|    1|      ap_vld|   ooo_demo_tick_ap_uint_ap_uint_ap_uint_ap_uint_ap_uint_ap_uint_ap_uint_ap_u_2|       pointer|
|ooo_demo_tick_ap_uint_ap_uint_ap_uint_ap_uint_ap_uint_ap_uint_ap_uint_ap_u_14         |  out|    2|      ap_vld|  ooo_demo_tick_ap_uint_ap_uint_ap_uint_ap_uint_ap_uint_ap_uint_ap_uint_ap_u_14|       pointer|
|ooo_demo_tick_ap_uint_ap_uint_ap_uint_ap_uint_ap_uint_ap_uint_ap_uint_ap_u_14_ap_vld  |  out|    1|      ap_vld|  ooo_demo_tick_ap_uint_ap_uint_ap_uint_ap_uint_ap_uint_ap_uint_ap_uint_ap_u_14|       pointer|
|ooo_demo_tick_ap_uint_ap_uint_ap_uint_ap_uint_ap_uint_ap_uint_ap_uint_ap_u_17         |  out|   32|      ap_vld|  ooo_demo_tick_ap_uint_ap_uint_ap_uint_ap_uint_ap_uint_ap_uint_ap_uint_ap_u_17|       pointer|
|ooo_demo_tick_ap_uint_ap_uint_ap_uint_ap_uint_ap_uint_ap_uint_ap_uint_ap_u_17_ap_vld  |  out|    1|      ap_vld|  ooo_demo_tick_ap_uint_ap_uint_ap_uint_ap_uint_ap_uint_ap_uint_ap_uint_ap_u_17|       pointer|
|ooo_demo_tick_ap_uint_ap_uint_ap_uint_ap_uint_ap_uint_ap_uint_ap_uint_ap_u_24         |  out|    1|      ap_vld|  ooo_demo_tick_ap_uint_ap_uint_ap_uint_ap_uint_ap_uint_ap_uint_ap_uint_ap_u_24|       pointer|
|ooo_demo_tick_ap_uint_ap_uint_ap_uint_ap_uint_ap_uint_ap_uint_ap_uint_ap_u_24_ap_vld  |  out|    1|      ap_vld|  ooo_demo_tick_ap_uint_ap_uint_ap_uint_ap_uint_ap_uint_ap_uint_ap_uint_ap_u_24|       pointer|
|ooo_demo_tick_ap_uint_ap_uint_ap_uint_ap_uint_ap_uint_ap_uint_ap_uint_ap_u_21         |  out|    2|      ap_vld|  ooo_demo_tick_ap_uint_ap_uint_ap_uint_ap_uint_ap_uint_ap_uint_ap_uint_ap_u_21|       pointer|
|ooo_demo_tick_ap_uint_ap_uint_ap_uint_ap_uint_ap_uint_ap_uint_ap_uint_ap_u_21_ap_vld  |  out|    1|      ap_vld|  ooo_demo_tick_ap_uint_ap_uint_ap_uint_ap_uint_ap_uint_ap_uint_ap_uint_ap_u_21|       pointer|
|ooo_demo_tick_ap_uint_ap_uint_ap_uint_ap_uint_ap_uint_ap_uint_ap_uint_ap_u_5          |  out|    1|      ap_vld|   ooo_demo_tick_ap_uint_ap_uint_ap_uint_ap_uint_ap_uint_ap_uint_ap_uint_ap_u_5|       pointer|
|ooo_demo_tick_ap_uint_ap_uint_ap_uint_ap_uint_ap_uint_ap_uint_ap_uint_ap_u_5_ap_vld   |  out|    1|      ap_vld|   ooo_demo_tick_ap_uint_ap_uint_ap_uint_ap_uint_ap_uint_ap_uint_ap_uint_ap_u_5|       pointer|
|ooo_demo_tick_ap_uint_ap_uint_ap_uint_ap_uint_ap_uint_ap_uint_ap_uint_ap_u_9          |  out|    1|      ap_vld|   ooo_demo_tick_ap_uint_ap_uint_ap_uint_ap_uint_ap_uint_ap_uint_ap_uint_ap_u_9|       pointer|
|ooo_demo_tick_ap_uint_ap_uint_ap_uint_ap_uint_ap_uint_ap_uint_ap_uint_ap_u_9_ap_vld   |  out|    1|      ap_vld|   ooo_demo_tick_ap_uint_ap_uint_ap_uint_ap_uint_ap_uint_ap_uint_ap_uint_ap_u_9|       pointer|
|ooo_demo_tick_ap_uint_ap_uint_ap_uint_ap_uint_ap_uint_ap_uint_ap_uint_ap_u_1          |  out|   32|      ap_vld|   ooo_demo_tick_ap_uint_ap_uint_ap_uint_ap_uint_ap_uint_ap_uint_ap_uint_ap_u_1|       pointer|
|ooo_demo_tick_ap_uint_ap_uint_ap_uint_ap_uint_ap_uint_ap_uint_ap_uint_ap_u_1_ap_vld   |  out|    1|      ap_vld|   ooo_demo_tick_ap_uint_ap_uint_ap_uint_ap_uint_ap_uint_ap_uint_ap_uint_ap_u_1|       pointer|
|ooo_demo_tick_ap_uint_ap_uint_ap_uint_ap_uint_ap_uint_ap_uint_ap_uint_ap_u_13         |  out|    2|      ap_vld|  ooo_demo_tick_ap_uint_ap_uint_ap_uint_ap_uint_ap_uint_ap_uint_ap_uint_ap_u_13|       pointer|
|ooo_demo_tick_ap_uint_ap_uint_ap_uint_ap_uint_ap_uint_ap_uint_ap_uint_ap_u_13_ap_vld  |  out|    1|      ap_vld|  ooo_demo_tick_ap_uint_ap_uint_ap_uint_ap_uint_ap_uint_ap_uint_ap_uint_ap_u_13|       pointer|
|ooo_demo_tick_ap_uint_ap_uint_ap_uint_ap_uint_ap_uint_ap_uint_ap_uint_ap_u_16         |  out|   32|      ap_vld|  ooo_demo_tick_ap_uint_ap_uint_ap_uint_ap_uint_ap_uint_ap_uint_ap_uint_ap_u_16|       pointer|
|ooo_demo_tick_ap_uint_ap_uint_ap_uint_ap_uint_ap_uint_ap_uint_ap_uint_ap_u_16_ap_vld  |  out|    1|      ap_vld|  ooo_demo_tick_ap_uint_ap_uint_ap_uint_ap_uint_ap_uint_ap_uint_ap_uint_ap_u_16|       pointer|
|ooo_demo_tick_ap_uint_ap_uint_ap_uint_ap_uint_ap_uint_ap_uint_ap_uint_ap_u_23         |  out|    1|      ap_vld|  ooo_demo_tick_ap_uint_ap_uint_ap_uint_ap_uint_ap_uint_ap_uint_ap_uint_ap_u_23|       pointer|
|ooo_demo_tick_ap_uint_ap_uint_ap_uint_ap_uint_ap_uint_ap_uint_ap_uint_ap_u_23_ap_vld  |  out|    1|      ap_vld|  ooo_demo_tick_ap_uint_ap_uint_ap_uint_ap_uint_ap_uint_ap_uint_ap_uint_ap_u_23|       pointer|
|ooo_demo_tick_ap_uint_ap_uint_ap_uint_ap_uint_ap_uint_ap_uint_ap_uint_ap_u_20         |  out|    2|      ap_vld|  ooo_demo_tick_ap_uint_ap_uint_ap_uint_ap_uint_ap_uint_ap_uint_ap_uint_ap_u_20|       pointer|
|ooo_demo_tick_ap_uint_ap_uint_ap_uint_ap_uint_ap_uint_ap_uint_ap_uint_ap_u_20_ap_vld  |  out|    1|      ap_vld|  ooo_demo_tick_ap_uint_ap_uint_ap_uint_ap_uint_ap_uint_ap_uint_ap_uint_ap_u_20|       pointer|
|ooo_demo_tick_ap_uint_ap_uint_ap_uint_ap_uint_ap_uint_ap_uint_ap_uint_ap_u_4          |  out|    1|      ap_vld|   ooo_demo_tick_ap_uint_ap_uint_ap_uint_ap_uint_ap_uint_ap_uint_ap_uint_ap_u_4|       pointer|
|ooo_demo_tick_ap_uint_ap_uint_ap_uint_ap_uint_ap_uint_ap_uint_ap_uint_ap_u_4_ap_vld   |  out|    1|      ap_vld|   ooo_demo_tick_ap_uint_ap_uint_ap_uint_ap_uint_ap_uint_ap_uint_ap_uint_ap_u_4|       pointer|
|ooo_demo_tick_ap_uint_ap_uint_ap_uint_ap_uint_ap_uint_ap_uint_ap_uint_ap_u_8          |  out|    1|      ap_vld|   ooo_demo_tick_ap_uint_ap_uint_ap_uint_ap_uint_ap_uint_ap_uint_ap_uint_ap_u_8|       pointer|
|ooo_demo_tick_ap_uint_ap_uint_ap_uint_ap_uint_ap_uint_ap_uint_ap_uint_ap_u_8_ap_vld   |  out|    1|      ap_vld|   ooo_demo_tick_ap_uint_ap_uint_ap_uint_ap_uint_ap_uint_ap_uint_ap_uint_ap_u_8|       pointer|
|ooo_demo_tick_ap_uint_ap_uint_ap_uint_ap_uint_ap_uint_ap_uint_ap_uint_ap_u            |  out|   32|      ap_vld|     ooo_demo_tick_ap_uint_ap_uint_ap_uint_ap_uint_ap_uint_ap_uint_ap_uint_ap_u|       pointer|
|ooo_demo_tick_ap_uint_ap_uint_ap_uint_ap_uint_ap_uint_ap_uint_ap_uint_ap_u_ap_vld     |  out|    1|      ap_vld|     ooo_demo_tick_ap_uint_ap_uint_ap_uint_ap_uint_ap_uint_ap_uint_ap_uint_ap_u|       pointer|
|ooo_demo_tick_ap_uint_ap_uint_ap_uint_ap_uint_ap_uint_ap_uint_ap_uint_ap_u_12         |  out|    2|      ap_vld|  ooo_demo_tick_ap_uint_ap_uint_ap_uint_ap_uint_ap_uint_ap_uint_ap_uint_ap_u_12|       pointer|
|ooo_demo_tick_ap_uint_ap_uint_ap_uint_ap_uint_ap_uint_ap_uint_ap_uint_ap_u_12_ap_vld  |  out|    1|      ap_vld|  ooo_demo_tick_ap_uint_ap_uint_ap_uint_ap_uint_ap_uint_ap_uint_ap_uint_ap_u_12|       pointer|
+--------------------------------------------------------------------------------------+-----+-----+------------+-------------------------------------------------------------------------------+--------------+

