

================================================================
== Vitis HLS Report for 'expand'
================================================================
* Date:           Fri Jul 17 22:48:24 2026

* Version:        2024.2 (Build 5238294 on Nov  8 2024)
* Project:        rv32_core_proj
* Solution:       solution1 (Vivado IP Flow Target)
* Product family: zynquplus
* Target device:  xck26-sfvc784-2LV-c


================================================================
== Performance Estimates
================================================================
+ Timing: 
    * Summary: 
    +--------+----------+----------+------------+
    |  Clock |  Target  | Estimated| Uncertainty|
    +--------+----------+----------+------------+
    |ap_clk  |  10.00 ns|  1.771 ns|     2.70 ns|
    +--------+----------+----------+------------+

+ Latency: 
    * Summary: 
    +---------+---------+----------+----------+-----+-----+---------+
    |  Latency (cycles) |  Latency (absolute) |  Interval | Pipeline|
    |   min   |   max   |    min   |    max   | min | max |   Type  |
    +---------+---------+----------+----------+-----+-----+---------+
    |        0|        0|      0 ns|      0 ns|    0|    0|       no|
    +---------+---------+----------+----------+-----+-----+---------+

    + Detail: 
        * Instance: 
        N/A

        * Loop: 
        N/A

============================================================
+ Verbose Summary: Synthesis Manager
============================================================
InlineROM: 1
ExposeGlobal: 0
============================================================
+ Verbose Summary: CDFG Model
============================================================
IsTopModel: 0
ResetActiveHigh: 1
IsCombinational: 0
IsDatapathOnly: 0
HasWiredReturn: 1
HasMFsm: 0
HasVarLatency: 0
IsPipeline: 0
IsRtlPipelined: 0
IsInstanceOverlapped: 0
IsDontTouch: 0
HasImplIP: 0
IsGatedGlobalClock: 0


============================================================
+ Verbose Summary: Schedule
============================================================
* Number of FSM states : 1
* Pipeline : 0
* Dataflow Pipeline: 0

* FSM state transitions: 
1 --> 

* FSM state operations: 

State 1 <SV = 0> <Delay = 1.77>
ST_1 : Operation 2 [1/1] (0.00ns)   --->   "%c_read = read i16 @_ssdm_op_Read.ap_auto.i16, i16 %c" [./rv32c_defs.h:65]   --->   Operation 2 'read' 'c_read' <Predicate = true> <Delay = 0.00>
ST_1 : Operation 3 [1/1] (0.00ns)   --->   "%trunc_ln65 = trunc i16 %c_read" [./rv32c_defs.h:65]   --->   Operation 3 'trunc' 'trunc_ln65' <Predicate = true> <Delay = 0.00>
ST_1 : Operation 4 [1/1] (0.00ns)   --->   "%trunc_ln = partselect i3 @_ssdm_op_PartSelect.i3.i16.i32.i32, i16 %c_read, i32 13, i32 15" [./rv32c_defs.h:69]   --->   Operation 4 'partselect' 'trunc_ln' <Predicate = true> <Delay = 0.00>
ST_1 : Operation 5 [1/1] (0.88ns)   --->   "%switch_ln69 = switch i2 %trunc_ln65, void %cleanup476, i2 0, void %if.then, i2 1, void %if.then89, i2 2, void %if.then363" [./rv32c_defs.h:69]   --->   Operation 5 'switch' 'switch_ln69' <Predicate = true> <Delay = 0.88>
ST_1 : Operation 6 [1/1] (0.00ns)   --->   "%rd_rs1_1 = partselect i5 @_ssdm_op_PartSelect.i5.i16.i32.i32, i16 %c_read, i32 7, i32 11" [./rv32c_defs.h:227]   --->   Operation 6 'partselect' 'rd_rs1_1' <Predicate = (trunc_ln65 == 2)> <Delay = 0.00>
ST_1 : Operation 7 [1/1] (0.00ns)   --->   "%rs2 = partselect i5 @_ssdm_op_PartSelect.i5.i16.i32.i32, i16 %c_read, i32 2, i32 6" [./rv32c_defs.h:228]   --->   Operation 7 'partselect' 'rs2' <Predicate = (trunc_ln65 == 2)> <Delay = 0.00>
ST_1 : Operation 8 [1/1] (0.88ns)   --->   "%switch_ln230 = switch i3 %trunc_ln, void %cleanup476, i3 0, void %sw.bb371, i3 2, void %sw.bb386, i3 3, void %sw.bb408, i3 4, void %sw.bb427, i3 6, void %sw.bb450, i3 7, void %sw.bb461" [./rv32c_defs.h:230]   --->   Operation 8 'switch' 'switch_ln230' <Predicate = (trunc_ln65 == 2)> <Delay = 0.88>
ST_1 : Operation 9 [1/1] (0.00ns)   --->   "%tmp_106 = partselect i2 @_ssdm_op_PartSelect.i2.i16.i32.i32, i16 %c_read, i32 7, i32 8" [./rv32c_defs.h:277]   --->   Operation 9 'partselect' 'tmp_106' <Predicate = (trunc_ln65 == 2 & trunc_ln == 7)> <Delay = 0.00>
ST_1 : Operation 10 [1/1] (0.00ns)   --->   "%tmp_107 = bitselect i1 @_ssdm_op_BitSelect.i1.i16.i32, i16 %c_read, i32 12" [./rv32c_defs.h:39->./rv32c_defs.h:278]   --->   Operation 10 'bitselect' 'tmp_107' <Predicate = (trunc_ln65 == 2 & trunc_ln == 7)> <Delay = 0.00>
ST_1 : Operation 11 [1/1] (0.00ns)   --->   "%tmp_108 = partselect i3 @_ssdm_op_PartSelect.i3.i16.i32.i32, i16 %c_read, i32 9, i32 11" [./rv32c_defs.h:39->./rv32c_defs.h:278]   --->   Operation 11 'partselect' 'tmp_108' <Predicate = (trunc_ln65 == 2 & trunc_ln == 7)> <Delay = 0.00>
ST_1 : Operation 12 [1/1] (0.00ns)   --->   "%or_ln39_5 = bitconcatenate i28 @_ssdm_op_BitConcatenate.i28.i2.i1.i5.i8.i3.i9, i2 %tmp_106, i1 %tmp_107, i5 %rs2, i8 18, i3 %tmp_108, i9 39" [./rv32c_defs.h:39->./rv32c_defs.h:278]   --->   Operation 12 'bitconcatenate' 'or_ln39_5' <Predicate = (trunc_ln65 == 2 & trunc_ln == 7)> <Delay = 0.00>
ST_1 : Operation 13 [1/1] (0.00ns)   --->   "%or_ln39_13_cast = zext i28 %or_ln39_5" [./rv32c_defs.h:39->./rv32c_defs.h:278]   --->   Operation 13 'zext' 'or_ln39_13_cast' <Predicate = (trunc_ln65 == 2 & trunc_ln == 7)> <Delay = 0.00>
ST_1 : Operation 14 [1/1] (0.88ns)   --->   "%br_ln0 = br void %cleanup476"   --->   Operation 14 'br' 'br_ln0' <Predicate = (trunc_ln65 == 2 & trunc_ln == 7)> <Delay = 0.88>
ST_1 : Operation 15 [1/1] (0.00ns)   --->   "%tmp_103 = partselect i2 @_ssdm_op_PartSelect.i2.i16.i32.i32, i16 %c_read, i32 7, i32 8" [./rv32c_defs.h:271]   --->   Operation 15 'partselect' 'tmp_103' <Predicate = (trunc_ln65 == 2 & trunc_ln == 6)> <Delay = 0.00>
ST_1 : Operation 16 [1/1] (0.00ns)   --->   "%tmp_104 = bitselect i1 @_ssdm_op_BitSelect.i1.i16.i32, i16 %c_read, i32 12" [./rv32c_defs.h:39->./rv32c_defs.h:273]   --->   Operation 16 'bitselect' 'tmp_104' <Predicate = (trunc_ln65 == 2 & trunc_ln == 6)> <Delay = 0.00>
ST_1 : Operation 17 [1/1] (0.00ns)   --->   "%tmp_105 = partselect i3 @_ssdm_op_PartSelect.i3.i16.i32.i32, i16 %c_read, i32 9, i32 11" [./rv32c_defs.h:39->./rv32c_defs.h:273]   --->   Operation 17 'partselect' 'tmp_105' <Predicate = (trunc_ln65 == 2 & trunc_ln == 6)> <Delay = 0.00>
ST_1 : Operation 18 [1/1] (0.00ns)   --->   "%or_ln39_4 = bitconcatenate i28 @_ssdm_op_BitConcatenate.i28.i2.i1.i5.i8.i3.i9, i2 %tmp_103, i1 %tmp_104, i5 %rs2, i8 18, i3 %tmp_105, i9 35" [./rv32c_defs.h:39->./rv32c_defs.h:273]   --->   Operation 18 'bitconcatenate' 'or_ln39_4' <Predicate = (trunc_ln65 == 2 & trunc_ln == 6)> <Delay = 0.00>
ST_1 : Operation 19 [1/1] (0.00ns)   --->   "%or_ln39_10_cast = zext i28 %or_ln39_4" [./rv32c_defs.h:39->./rv32c_defs.h:273]   --->   Operation 19 'zext' 'or_ln39_10_cast' <Predicate = (trunc_ln65 == 2 & trunc_ln == 6)> <Delay = 0.00>
ST_1 : Operation 20 [1/1] (0.88ns)   --->   "%br_ln0 = br void %cleanup476"   --->   Operation 20 'br' 'br_ln0' <Predicate = (trunc_ln65 == 2 & trunc_ln == 6)> <Delay = 0.88>
ST_1 : Operation 21 [1/1] (0.00ns)   --->   "%tmp_102 = bitselect i1 @_ssdm_op_BitSelect.i1.i16.i32, i16 %c_read, i32 12" [./rv32c_defs.h:252]   --->   Operation 21 'bitselect' 'tmp_102' <Predicate = (trunc_ln65 == 2 & trunc_ln == 4)> <Delay = 0.00>
ST_1 : Operation 22 [1/1] (0.78ns)   --->   "%icmp_ln254 = icmp_eq  i5 %rs2, i5 0" [./rv32c_defs.h:254]   --->   Operation 22 'icmp' 'icmp_ln254' <Predicate = (trunc_ln65 == 2 & trunc_ln == 4)> <Delay = 0.78> <CoreInst = "Cmp">   --->   Core 9 'Cmp' <Latency = 0> <II = 1> <Delay = 0.78> <FuncUnit> <Opcode : 'seteq' 'setne' 'setle' 'setge' 'setlt' 'setgt'> <InPorts = 2> <OutPorts = 1>
ST_1 : Operation 23 [1/1] (0.00ns)   --->   "%br_ln253 = br i1 %tmp_102, void %if.then431, void %if.else" [./rv32c_defs.h:253]   --->   Operation 23 'br' 'br_ln253' <Predicate = (trunc_ln65 == 2 & trunc_ln == 4)> <Delay = 0.00>
ST_1 : Operation 24 [1/1] (0.00ns)   --->   "%br_ln254 = br i1 %icmp_ln254, void %if.end438, void %if.then433" [./rv32c_defs.h:254]   --->   Operation 24 'br' 'br_ln254' <Predicate = (trunc_ln65 == 2 & trunc_ln == 4 & !tmp_102)> <Delay = 0.00>
ST_1 : Operation 25 [1/1] (0.00ns)   --->   "%or_ln32_8 = bitconcatenate i25 @_ssdm_op_BitConcatenate.i25.i5.i8.i5.i7, i5 %rs2, i8 0, i5 %rd_rs1_1, i7 51" [./rv32c_defs.h:32->./rv32c_defs.h:259]   --->   Operation 25 'bitconcatenate' 'or_ln32_8' <Predicate = (trunc_ln65 == 2 & trunc_ln == 4 & !tmp_102 & !icmp_ln254)> <Delay = 0.00>
ST_1 : Operation 26 [1/1] (0.00ns)   --->   "%zext_ln259 = zext i25 %or_ln32_8" [./rv32c_defs.h:259]   --->   Operation 26 'zext' 'zext_ln259' <Predicate = (trunc_ln65 == 2 & trunc_ln == 4 & !tmp_102 & !icmp_ln254)> <Delay = 0.00>
ST_1 : Operation 27 [1/1] (0.88ns)   --->   "%br_ln259 = br void %cleanup476" [./rv32c_defs.h:259]   --->   Operation 27 'br' 'br_ln259' <Predicate = (trunc_ln65 == 2 & trunc_ln == 4 & !tmp_102 & !icmp_ln254)> <Delay = 0.88>
ST_1 : Operation 28 [1/1] (0.78ns)   --->   "%icmp_ln255 = icmp_eq  i5 %rd_rs1_1, i5 0" [./rv32c_defs.h:255]   --->   Operation 28 'icmp' 'icmp_ln255' <Predicate = (trunc_ln65 == 2 & trunc_ln == 4 & !tmp_102 & icmp_ln254)> <Delay = 0.78> <CoreInst = "Cmp">   --->   Core 9 'Cmp' <Latency = 0> <II = 1> <Delay = 0.78> <FuncUnit> <Opcode : 'seteq' 'setne' 'setle' 'setge' 'setlt' 'setgt'> <InPorts = 2> <OutPorts = 1>
ST_1 : Operation 29 [1/1] (0.88ns)   --->   "%br_ln255 = br i1 %icmp_ln255, void %if.end436, void %cleanup476" [./rv32c_defs.h:255]   --->   Operation 29 'br' 'br_ln255' <Predicate = (trunc_ln65 == 2 & trunc_ln == 4 & !tmp_102 & icmp_ln254)> <Delay = 0.88>
ST_1 : Operation 30 [1/1] (0.00ns)   --->   "%or_ln35_9 = bitconcatenate i20 @_ssdm_op_BitConcatenate.i20.i5.i15, i5 %rd_rs1_1, i15 103" [./rv32c_defs.h:35->./rv32c_defs.h:256]   --->   Operation 30 'bitconcatenate' 'or_ln35_9' <Predicate = (trunc_ln65 == 2 & trunc_ln == 4 & !tmp_102 & icmp_ln254 & !icmp_ln255)> <Delay = 0.00>
ST_1 : Operation 31 [1/1] (0.00ns)   --->   "%zext_ln256 = zext i20 %or_ln35_9" [./rv32c_defs.h:256]   --->   Operation 31 'zext' 'zext_ln256' <Predicate = (trunc_ln65 == 2 & trunc_ln == 4 & !tmp_102 & icmp_ln254 & !icmp_ln255)> <Delay = 0.00>
ST_1 : Operation 32 [1/1] (0.88ns)   --->   "%br_ln256 = br void %cleanup476" [./rv32c_defs.h:256]   --->   Operation 32 'br' 'br_ln256' <Predicate = (trunc_ln65 == 2 & trunc_ln == 4 & !tmp_102 & icmp_ln254 & !icmp_ln255)> <Delay = 0.88>
ST_1 : Operation 33 [1/1] (0.00ns) (grouped into LUT with out node icmp_ln262)   --->   "%or_ln262 = or i5 %rs2, i5 %rd_rs1_1" [./rv32c_defs.h:262]   --->   Operation 33 'or' 'or_ln262' <Predicate = (trunc_ln65 == 2 & trunc_ln == 4 & tmp_102)> <Delay = 0.00> <CoreInst = "LogicGate">   --->   Core 74 'LogicGate' <Latency = 0> <II = 1> <Delay = 0.19> <FuncUnit> <Opcode : 'and' 'or' 'xor'> <InPorts = 2> <OutPorts = 1>
ST_1 : Operation 34 [1/1] (0.78ns) (out node of the LUT)   --->   "%icmp_ln262 = icmp_eq  i5 %or_ln262, i5 0" [./rv32c_defs.h:262]   --->   Operation 34 'icmp' 'icmp_ln262' <Predicate = (trunc_ln65 == 2 & trunc_ln == 4 & tmp_102)> <Delay = 0.78> <CoreInst = "Cmp">   --->   Core 9 'Cmp' <Latency = 0> <II = 1> <Delay = 0.78> <FuncUnit> <Opcode : 'seteq' 'setne' 'setle' 'setge' 'setlt' 'setgt'> <InPorts = 2> <OutPorts = 1>
ST_1 : Operation 35 [1/1] (0.88ns)   --->   "%br_ln262 = br i1 %icmp_ln262, void %if.end443, void %cleanup476" [./rv32c_defs.h:262]   --->   Operation 35 'br' 'br_ln262' <Predicate = (trunc_ln65 == 2 & trunc_ln == 4 & tmp_102)> <Delay = 0.88>
ST_1 : Operation 36 [1/1] (0.00ns)   --->   "%br_ln263 = br i1 %icmp_ln254, void %if.end447, void %if.then445" [./rv32c_defs.h:263]   --->   Operation 36 'br' 'br_ln263' <Predicate = (trunc_ln65 == 2 & trunc_ln == 4 & tmp_102 & !icmp_ln262)> <Delay = 0.00>
ST_1 : Operation 37 [1/1] (0.00ns)   --->   "%or_ln32_9 = bitconcatenate i25 @_ssdm_op_BitConcatenate.i25.i5.i5.i3.i5.i7, i5 %rs2, i5 %rd_rs1_1, i3 0, i5 %rd_rs1_1, i7 51" [./rv32c_defs.h:32->./rv32c_defs.h:266]   --->   Operation 37 'bitconcatenate' 'or_ln32_9' <Predicate = (trunc_ln65 == 2 & trunc_ln == 4 & tmp_102 & !icmp_ln254 & !icmp_ln262)> <Delay = 0.00>
ST_1 : Operation 38 [1/1] (0.00ns)   --->   "%zext_ln266 = zext i25 %or_ln32_9" [./rv32c_defs.h:266]   --->   Operation 38 'zext' 'zext_ln266' <Predicate = (trunc_ln65 == 2 & trunc_ln == 4 & tmp_102 & !icmp_ln254 & !icmp_ln262)> <Delay = 0.00>
ST_1 : Operation 39 [1/1] (0.88ns)   --->   "%br_ln266 = br void %cleanup476" [./rv32c_defs.h:266]   --->   Operation 39 'br' 'br_ln266' <Predicate = (trunc_ln65 == 2 & trunc_ln == 4 & tmp_102 & !icmp_ln254 & !icmp_ln262)> <Delay = 0.88>
ST_1 : Operation 40 [1/1] (0.00ns)   --->   "%or_ln35_s = bitconcatenate i20 @_ssdm_op_BitConcatenate.i20.i5.i15, i5 %rd_rs1_1, i15 231" [./rv32c_defs.h:35->./rv32c_defs.h:264]   --->   Operation 40 'bitconcatenate' 'or_ln35_s' <Predicate = (trunc_ln65 == 2 & trunc_ln == 4 & tmp_102 & icmp_ln254 & !icmp_ln262)> <Delay = 0.00>
ST_1 : Operation 41 [1/1] (0.00ns)   --->   "%zext_ln264 = zext i20 %or_ln35_s" [./rv32c_defs.h:264]   --->   Operation 41 'zext' 'zext_ln264' <Predicate = (trunc_ln65 == 2 & trunc_ln == 4 & tmp_102 & icmp_ln254 & !icmp_ln262)> <Delay = 0.00>
ST_1 : Operation 42 [1/1] (0.88ns)   --->   "%br_ln264 = br void %cleanup476" [./rv32c_defs.h:264]   --->   Operation 42 'br' 'br_ln264' <Predicate = (trunc_ln65 == 2 & trunc_ln == 4 & tmp_102 & icmp_ln254 & !icmp_ln262)> <Delay = 0.88>
ST_1 : Operation 43 [1/1] (0.00ns)   --->   "%tmp_98 = bitselect i1 @_ssdm_op_BitSelect.i1.i16.i32, i16 %c_read, i32 12" [./rv32c_defs.h:246]   --->   Operation 43 'bitselect' 'tmp_98' <Predicate = (trunc_ln65 == 2 & trunc_ln == 3)> <Delay = 0.00>
ST_1 : Operation 44 [1/1] (0.00ns)   --->   "%tmp_99 = partselect i2 @_ssdm_op_PartSelect.i2.i16.i32.i32, i16 %c_read, i32 2, i32 3" [./rv32c_defs.h:246]   --->   Operation 44 'partselect' 'tmp_99' <Predicate = (trunc_ln65 == 2 & trunc_ln == 3)> <Delay = 0.00>
ST_1 : Operation 45 [1/1] (0.00ns)   --->   "%tmp_100 = partselect i3 @_ssdm_op_PartSelect.i3.i16.i32.i32, i16 %c_read, i32 4, i32 6" [./rv32c_defs.h:35->./rv32c_defs.h:248]   --->   Operation 45 'partselect' 'tmp_100' <Predicate = (trunc_ln65 == 2 & trunc_ln == 3)> <Delay = 0.00>
ST_1 : Operation 46 [1/1] (0.00ns)   --->   "%tmp_101 = bitconcatenate i28 @_ssdm_op_BitConcatenate.i28.i2.i1.i3.i10.i5.i7, i2 %tmp_99, i1 %tmp_98, i3 %tmp_100, i10 18, i5 %rd_rs1_1, i7 7" [./rv32c_defs.h:35->./rv32c_defs.h:248]   --->   Operation 46 'bitconcatenate' 'tmp_101' <Predicate = (trunc_ln65 == 2 & trunc_ln == 3)> <Delay = 0.00>
ST_1 : Operation 47 [1/1] (0.00ns)   --->   "%zext_ln35 = zext i28 %tmp_101" [./rv32c_defs.h:35->./rv32c_defs.h:248]   --->   Operation 47 'zext' 'zext_ln35' <Predicate = (trunc_ln65 == 2 & trunc_ln == 3)> <Delay = 0.00>
ST_1 : Operation 48 [1/1] (0.88ns)   --->   "%br_ln0 = br void %cleanup476"   --->   Operation 48 'br' 'br_ln0' <Predicate = (trunc_ln65 == 2 & trunc_ln == 3)> <Delay = 0.88>
ST_1 : Operation 49 [1/1] (0.00ns)   --->   "%tmp_95 = bitselect i1 @_ssdm_op_BitSelect.i1.i16.i32, i16 %c_read, i32 12" [./rv32c_defs.h:239]   --->   Operation 49 'bitselect' 'tmp_95' <Predicate = (trunc_ln65 == 2 & trunc_ln == 2)> <Delay = 0.00>
ST_1 : Operation 50 [1/1] (0.00ns)   --->   "%tmp_96 = partselect i2 @_ssdm_op_PartSelect.i2.i16.i32.i32, i16 %c_read, i32 2, i32 3" [./rv32c_defs.h:239]   --->   Operation 50 'partselect' 'tmp_96' <Predicate = (trunc_ln65 == 2 & trunc_ln == 2)> <Delay = 0.00>
ST_1 : Operation 51 [1/1] (0.00ns)   --->   "%tmp_97 = partselect i3 @_ssdm_op_PartSelect.i3.i16.i32.i32, i16 %c_read, i32 4, i32 6" [./rv32c_defs.h:240]   --->   Operation 51 'partselect' 'tmp_97' <Predicate = (trunc_ln65 == 2 & trunc_ln == 2)> <Delay = 0.00>
ST_1 : Operation 52 [1/1] (0.78ns)   --->   "%icmp_ln241 = icmp_eq  i5 %rd_rs1_1, i5 0" [./rv32c_defs.h:241]   --->   Operation 52 'icmp' 'icmp_ln241' <Predicate = (trunc_ln65 == 2 & trunc_ln == 2)> <Delay = 0.78> <CoreInst = "Cmp">   --->   Core 9 'Cmp' <Latency = 0> <II = 1> <Delay = 0.78> <FuncUnit> <Opcode : 'seteq' 'setne' 'setle' 'setge' 'setlt' 'setgt'> <InPorts = 2> <OutPorts = 1>
ST_1 : Operation 53 [1/1] (0.88ns)   --->   "%br_ln241 = br i1 %icmp_ln241, void %if.end405, void %cleanup476" [./rv32c_defs.h:241]   --->   Operation 53 'br' 'br_ln241' <Predicate = (trunc_ln65 == 2 & trunc_ln == 2)> <Delay = 0.88>
ST_1 : Operation 54 [1/1] (0.00ns)   --->   "%tmp_117 = bitconcatenate i28 @_ssdm_op_BitConcatenate.i28.i2.i1.i3.i10.i5.i7, i2 %tmp_96, i1 %tmp_95, i3 %tmp_97, i10 18, i5 %rd_rs1_1, i7 3" [./rv32c_defs.h:35->./rv32c_defs.h:242]   --->   Operation 54 'bitconcatenate' 'tmp_117' <Predicate = (trunc_ln65 == 2 & trunc_ln == 2 & !icmp_ln241)> <Delay = 0.00>
ST_1 : Operation 55 [1/1] (0.00ns)   --->   "%zext_ln35_1 = zext i28 %tmp_117" [./rv32c_defs.h:35->./rv32c_defs.h:242]   --->   Operation 55 'zext' 'zext_ln35_1' <Predicate = (trunc_ln65 == 2 & trunc_ln == 2 & !icmp_ln241)> <Delay = 0.00>
ST_1 : Operation 56 [1/1] (0.88ns)   --->   "%br_ln242 = br void %cleanup476" [./rv32c_defs.h:242]   --->   Operation 56 'br' 'br_ln242' <Predicate = (trunc_ln65 == 2 & trunc_ln == 2 & !icmp_ln241)> <Delay = 0.88>
ST_1 : Operation 57 [1/1] (0.78ns)   --->   "%icmp_ln233 = icmp_eq  i5 %rd_rs1_1, i5 0" [./rv32c_defs.h:233]   --->   Operation 57 'icmp' 'icmp_ln233' <Predicate = (trunc_ln65 == 2 & trunc_ln == 0)> <Delay = 0.78> <CoreInst = "Cmp">   --->   Core 9 'Cmp' <Latency = 0> <II = 1> <Delay = 0.78> <FuncUnit> <Opcode : 'seteq' 'setne' 'setle' 'setge' 'setlt' 'setgt'> <InPorts = 2> <OutPorts = 1>
ST_1 : Operation 58 [1/1] (0.88ns)   --->   "%br_ln233 = br i1 %icmp_ln233, void %if.end382, void %cleanup476" [./rv32c_defs.h:233]   --->   Operation 58 'br' 'br_ln233' <Predicate = (trunc_ln65 == 2 & trunc_ln == 0)> <Delay = 0.88>
ST_1 : Operation 59 [1/1] (0.00ns)   --->   "%or_ln32_3 = bitconcatenate i25 @_ssdm_op_BitConcatenate.i25.i5.i5.i3.i5.i7, i5 %rs2, i5 %rd_rs1_1, i3 1, i5 %rd_rs1_1, i7 19" [./rv32c_defs.h:32->./rv32c_defs.h:234]   --->   Operation 59 'bitconcatenate' 'or_ln32_3' <Predicate = (trunc_ln65 == 2 & trunc_ln == 0 & !icmp_ln233)> <Delay = 0.00>
ST_1 : Operation 60 [1/1] (0.00ns)   --->   "%zext_ln234 = zext i25 %or_ln32_3" [./rv32c_defs.h:234]   --->   Operation 60 'zext' 'zext_ln234' <Predicate = (trunc_ln65 == 2 & trunc_ln == 0 & !icmp_ln233)> <Delay = 0.00>
ST_1 : Operation 61 [1/1] (0.88ns)   --->   "%br_ln234 = br void %cleanup476" [./rv32c_defs.h:234]   --->   Operation 61 'br' 'br_ln234' <Predicate = (trunc_ln65 == 2 & trunc_ln == 0 & !icmp_ln233)> <Delay = 0.88>
ST_1 : Operation 62 [1/1] (0.00ns)   --->   "%rd_rs1 = partselect i5 @_ssdm_op_PartSelect.i5.i16.i32.i32, i16 %c_read, i32 7, i32 11" [./rv32c_defs.h:109]   --->   Operation 62 'partselect' 'rd_rs1' <Predicate = (trunc_ln65 == 1)> <Delay = 0.00>
ST_1 : Operation 63 [1/1] (0.00ns)   --->   "%tmp_49 = partselect i3 @_ssdm_op_PartSelect.i3.i16.i32.i32, i16 %c_read, i32 7, i32 9" [./rv32c_defs.h:20->./rv32c_defs.h:110]   --->   Operation 63 'partselect' 'tmp_49' <Predicate = (trunc_ln65 == 1)> <Delay = 0.00>
ST_1 : Operation 64 [1/1] (0.00ns)   --->   "%trunc_ln111_1 = partselect i5 @_ssdm_op_PartSelect.i5.i16.i32.i32, i16 %c_read, i32 2, i32 6" [./rv32c_defs.h:111]   --->   Operation 64 'partselect' 'trunc_ln111_1' <Predicate = (trunc_ln65 == 1)> <Delay = 0.00>
ST_1 : Operation 65 [1/1] (0.00ns)   --->   "%trunc_ln111_2 = partselect i3 @_ssdm_op_PartSelect.i3.i16.i32.i32, i16 %c_read, i32 2, i32 4" [./rv32c_defs.h:111]   --->   Operation 65 'partselect' 'trunc_ln111_2' <Predicate = (trunc_ln65 == 1)> <Delay = 0.00>
ST_1 : Operation 66 [1/1] (0.67ns)   --->   "%switch_ln113 = switch i3 %trunc_ln, void %sw.bb331, i3 0, void %sw.bb101, i3 1, void %sw.bb112, i3 2, void %sw.bb150, i3 3, void %sw.bb162, i3 4, void %sw.bb212, i3 5, void %sw.bb265, i3 6, void %sw.bb304" [./rv32c_defs.h:113]   --->   Operation 66 'switch' 'switch_ln113' <Predicate = (trunc_ln65 == 1)> <Delay = 0.67>
ST_1 : Operation 67 [1/1] (0.00ns)   --->   "%tmp_89 = bitselect i1 @_ssdm_op_BitSelect.i1.i16.i32, i16 %c_read, i32 12" [./rv32c_defs.h:205]   --->   Operation 67 'bitselect' 'tmp_89' <Predicate = (trunc_ln65 == 1 & trunc_ln == 6)> <Delay = 0.00>
ST_1 : Operation 68 [1/1] (0.00ns)   --->   "%tmp_90 = partselect i2 @_ssdm_op_PartSelect.i2.i16.i32.i32, i16 %c_read, i32 10, i32 11" [./rv32c_defs.h:206]   --->   Operation 68 'partselect' 'tmp_90' <Predicate = (trunc_ln65 == 1 & trunc_ln == 6)> <Delay = 0.00>
ST_1 : Operation 69 [1/1] (0.00ns)   --->   "%tmp_91 = partselect i2 @_ssdm_op_PartSelect.i2.i16.i32.i32, i16 %c_read, i32 5, i32 6" [./rv32c_defs.h:207]   --->   Operation 69 'partselect' 'tmp_91' <Predicate = (trunc_ln65 == 1 & trunc_ln == 6)> <Delay = 0.00>
ST_1 : Operation 70 [1/1] (0.00ns)   --->   "%tmp_92 = bitselect i1 @_ssdm_op_BitSelect.i1.i16.i32, i16 %c_read, i32 2" [./rv32c_defs.h:207]   --->   Operation 70 'bitselect' 'tmp_92' <Predicate = (trunc_ln65 == 1 & trunc_ln == 6)> <Delay = 0.00>
ST_1 : Operation 71 [1/1] (0.00ns)   --->   "%tmp_93 = partselect i2 @_ssdm_op_PartSelect.i2.i16.i32.i32, i16 %c_read, i32 3, i32 4" [./rv32c_defs.h:209]   --->   Operation 71 'partselect' 'tmp_93' <Predicate = (trunc_ln65 == 1 & trunc_ln == 6)> <Delay = 0.00>
ST_1 : Operation 72 [1/1] (0.00ns)   --->   "%tmp_94 = bitconcatenate i10 @_ssdm_op_BitConcatenate.i10.i1.i2.i1.i6, i1 %tmp_89, i2 %tmp_91, i1 %tmp_92, i6 0" [./rv32c_defs.h:44->./rv32c_defs.h:211]   --->   Operation 72 'bitconcatenate' 'tmp_94' <Predicate = (trunc_ln65 == 1 & trunc_ln == 6)> <Delay = 0.00>
ST_1 : Operation 73 [1/1] (0.00ns)   --->   "%sext_ln44_1 = sext i10 %tmp_94" [./rv32c_defs.h:44->./rv32c_defs.h:211]   --->   Operation 73 'sext' 'sext_ln44_1' <Predicate = (trunc_ln65 == 1 & trunc_ln == 6)> <Delay = 0.00>
ST_1 : Operation 74 [1/1] (0.00ns)   --->   "%or_ln44_5 = bitconcatenate i32 @_ssdm_op_BitConcatenate.i32.i1.i12.i1.i3.i3.i2.i2.i1.i7, i1 %tmp_89, i12 %sext_ln44_1, i1 1, i3 %tmp_49, i3 0, i2 %tmp_90, i2 %tmp_93, i1 %tmp_89, i7 99" [./rv32c_defs.h:44->./rv32c_defs.h:211]   --->   Operation 74 'bitconcatenate' 'or_ln44_5' <Predicate = (trunc_ln65 == 1 & trunc_ln == 6)> <Delay = 0.00>
ST_1 : Operation 75 [1/1] (0.88ns)   --->   "%br_ln0 = br void %cleanup476"   --->   Operation 75 'br' 'br_ln0' <Predicate = (trunc_ln65 == 1 & trunc_ln == 6)> <Delay = 0.88>
ST_1 : Operation 76 [1/1] (0.00ns)   --->   "%tmp_81 = bitselect i1 @_ssdm_op_BitSelect.i1.i16.i32, i16 %c_read, i32 12" [./rv32c_defs.h:193]   --->   Operation 76 'bitselect' 'tmp_81' <Predicate = (trunc_ln65 == 1 & trunc_ln == 5)> <Delay = 0.00>
ST_1 : Operation 77 [1/1] (0.00ns)   --->   "%tmp_82 = bitselect i1 @_ssdm_op_BitSelect.i1.i16.i32, i16 %c_read, i32 11" [./rv32c_defs.h:194]   --->   Operation 77 'bitselect' 'tmp_82' <Predicate = (trunc_ln65 == 1 & trunc_ln == 5)> <Delay = 0.00>
ST_1 : Operation 78 [1/1] (0.00ns)   --->   "%tmp_83 = bitselect i1 @_ssdm_op_BitSelect.i1.i16.i32, i16 %c_read, i32 8" [./rv32c_defs.h:195]   --->   Operation 78 'bitselect' 'tmp_83' <Predicate = (trunc_ln65 == 1 & trunc_ln == 5)> <Delay = 0.00>
ST_1 : Operation 79 [1/1] (0.00ns)   --->   "%tmp_84 = partselect i3 @_ssdm_op_PartSelect.i3.i16.i32.i32, i16 %c_read, i32 3, i32 5" [./rv32c_defs.h:199]   --->   Operation 79 'partselect' 'tmp_84' <Predicate = (trunc_ln65 == 1 & trunc_ln == 5)> <Delay = 0.00>
ST_1 : Operation 80 [1/1] (0.00ns)   --->   "%tmp_85 = partselect i2 @_ssdm_op_PartSelect.i2.i16.i32.i32, i16 %c_read, i32 9, i32 10" [./rv32c_defs.h:199]   --->   Operation 80 'partselect' 'tmp_85' <Predicate = (trunc_ln65 == 1 & trunc_ln == 5)> <Delay = 0.00>
ST_1 : Operation 81 [1/1] (0.00ns)   --->   "%tmp_86 = bitselect i1 @_ssdm_op_BitSelect.i1.i16.i32, i16 %c_read, i32 2" [./rv32c_defs.h:199]   --->   Operation 81 'bitselect' 'tmp_86' <Predicate = (trunc_ln65 == 1 & trunc_ln == 5)> <Delay = 0.00>
ST_1 : Operation 82 [1/1] (0.00ns)   --->   "%tmp_87 = bitconcatenate i6 @_ssdm_op_BitConcatenate.i6.i1.i5, i1 %tmp_81, i5 0" [./rv32c_defs.h:52->./rv32c_defs.h:201]   --->   Operation 82 'bitconcatenate' 'tmp_87' <Predicate = (trunc_ln65 == 1 & trunc_ln == 5)> <Delay = 0.00>
ST_1 : Operation 83 [1/1] (0.00ns)   --->   "%sext_ln52_1 = sext i6 %tmp_87" [./rv32c_defs.h:52->./rv32c_defs.h:201]   --->   Operation 83 'sext' 'sext_ln52_1' <Predicate = (trunc_ln65 == 1 & trunc_ln == 5)> <Delay = 0.00>
ST_1 : Operation 84 [1/1] (0.00ns)   --->   "%tmp_88 = partselect i2 @_ssdm_op_PartSelect.i2.i16.i32.i32, i16 %c_read, i32 7, i32 6" [./rv32c_defs.h:52->./rv32c_defs.h:201]   --->   Operation 84 'partselect' 'tmp_88' <Predicate = (trunc_ln65 == 1 & trunc_ln == 5)> <Delay = 0.00>
ST_1 : Operation 85 [1/1] (0.00ns)   --->   "%or_ln52_1 = bitconcatenate i32 @_ssdm_op_BitConcatenate.i32.i1.i1.i2.i2.i1.i1.i3.i1.i13.i7, i1 %tmp_81, i1 %tmp_83, i2 %tmp_85, i2 %tmp_88, i1 %tmp_86, i1 %tmp_82, i3 %tmp_84, i1 %tmp_81, i13 %sext_ln52_1, i7 111" [./rv32c_defs.h:52->./rv32c_defs.h:201]   --->   Operation 85 'bitconcatenate' 'or_ln52_1' <Predicate = (trunc_ln65 == 1 & trunc_ln == 5)> <Delay = 0.00>
ST_1 : Operation 86 [1/1] (0.88ns)   --->   "%br_ln0 = br void %cleanup476"   --->   Operation 86 'br' 'br_ln0' <Predicate = (trunc_ln65 == 1 & trunc_ln == 5)> <Delay = 0.88>
ST_1 : Operation 87 [1/1] (0.00ns)   --->   "%trunc_ln1 = partselect i2 @_ssdm_op_PartSelect.i2.i16.i32.i32, i16 %c_read, i32 10, i32 11" [./rv32c_defs.h:155]   --->   Operation 87 'partselect' 'trunc_ln1' <Predicate = (trunc_ln65 == 1 & trunc_ln == 4)> <Delay = 0.00>
ST_1 : Operation 88 [1/1] (0.54ns)   --->   "%switch_ln156 = switch i2 %trunc_ln1, void %sw.default251, i2 0, void %sw.bb216, i2 1, void %sw.bb227, i2 2, void %sw.bb239" [./rv32c_defs.h:156]   --->   Operation 88 'switch' 'switch_ln156' <Predicate = (trunc_ln65 == 1 & trunc_ln == 4)> <Delay = 0.54>
ST_1 : Operation 89 [1/1] (0.00ns)   --->   "%tmp_116 = bitselect i1 @_ssdm_op_BitSelect.i1.i16.i32, i16 %c_read, i32 12" [./rv32c_defs.h:168]   --->   Operation 89 'bitselect' 'tmp_116' <Predicate = (trunc_ln65 == 1 & trunc_ln == 4 & trunc_ln1 == 2)> <Delay = 0.00>
ST_1 : Operation 90 [1/1] (0.00ns)   --->   "%or_ln35_6 = bitconcatenate i26 @_ssdm_op_BitConcatenate.i26.i1.i5.i2.i3.i5.i3.i7, i1 %tmp_116, i5 %trunc_ln111_1, i2 1, i3 %tmp_49, i5 29, i3 %tmp_49, i7 19" [./rv32c_defs.h:35->./rv32c_defs.h:169]   --->   Operation 90 'bitconcatenate' 'or_ln35_6' <Predicate = (trunc_ln65 == 1 & trunc_ln == 4 & trunc_ln1 == 2)> <Delay = 0.00>
ST_1 : Operation 91 [1/1] (0.00ns)   --->   "%or_ln35_17_cast = sext i26 %or_ln35_6" [./rv32c_defs.h:35->./rv32c_defs.h:169]   --->   Operation 91 'sext' 'or_ln35_17_cast' <Predicate = (trunc_ln65 == 1 & trunc_ln == 4 & trunc_ln1 == 2)> <Delay = 0.00>
ST_1 : Operation 92 [1/1] (0.88ns)   --->   "%br_ln0 = br void %cleanup476"   --->   Operation 92 'br' 'br_ln0' <Predicate = (trunc_ln65 == 1 & trunc_ln == 4 & trunc_ln1 == 2)> <Delay = 0.88>
ST_1 : Operation 93 [1/1] (0.00ns)   --->   "%tmp_115 = bitconcatenate i10 @_ssdm_op_BitConcatenate.i10.i5.i2.i3, i5 %trunc_ln111_1, i2 1, i3 %tmp_49" [./rv32c_defs.h:32->./rv32c_defs.h:164]   --->   Operation 93 'bitconcatenate' 'tmp_115' <Predicate = (trunc_ln65 == 1 & trunc_ln == 4 & trunc_ln1 == 1)> <Delay = 0.00>
ST_1 : Operation 94 [1/1] (0.00ns)   --->   "%zext_ln32 = zext i10 %tmp_115" [./rv32c_defs.h:32->./rv32c_defs.h:164]   --->   Operation 94 'zext' 'zext_ln32' <Predicate = (trunc_ln65 == 1 & trunc_ln == 4 & trunc_ln1 == 1)> <Delay = 0.00>
ST_1 : Operation 95 [1/1] (0.00ns)   --->   "%or_ln32_7_cast_cast = bitconcatenate i31 @_ssdm_op_BitConcatenate.i31.i1.i15.i5.i3.i7, i1 1, i15 %zext_ln32, i5 21, i3 %tmp_49, i7 19" [./rv32c_defs.h:32->./rv32c_defs.h:164]   --->   Operation 95 'bitconcatenate' 'or_ln32_7_cast_cast' <Predicate = (trunc_ln65 == 1 & trunc_ln == 4 & trunc_ln1 == 1)> <Delay = 0.00>
ST_1 : Operation 96 [1/1] (0.00ns)   --->   "%or_ln32_7_cast_cast_cast = zext i31 %or_ln32_7_cast_cast" [./rv32c_defs.h:32->./rv32c_defs.h:164]   --->   Operation 96 'zext' 'or_ln32_7_cast_cast_cast' <Predicate = (trunc_ln65 == 1 & trunc_ln == 4 & trunc_ln1 == 1)> <Delay = 0.00>
ST_1 : Operation 97 [1/1] (0.88ns)   --->   "%br_ln0 = br void %cleanup476"   --->   Operation 97 'br' 'br_ln0' <Predicate = (trunc_ln65 == 1 & trunc_ln == 4 & trunc_ln1 == 1)> <Delay = 0.88>
ST_1 : Operation 98 [1/1] (0.00ns)   --->   "%or_ln2 = bitconcatenate i25 @_ssdm_op_BitConcatenate.i25.i5.i2.i3.i5.i3.i7, i5 %trunc_ln111_1, i2 1, i3 %tmp_49, i5 21, i3 %tmp_49, i7 19" [./rv32c_defs.h:32->./rv32c_defs.h:159]   --->   Operation 98 'bitconcatenate' 'or_ln2' <Predicate = (trunc_ln65 == 1 & trunc_ln == 4 & trunc_ln1 == 0)> <Delay = 0.00>
ST_1 : Operation 99 [1/1] (0.00ns)   --->   "%or_ln32_4_cast = zext i25 %or_ln2" [./rv32c_defs.h:32->./rv32c_defs.h:159]   --->   Operation 99 'zext' 'or_ln32_4_cast' <Predicate = (trunc_ln65 == 1 & trunc_ln == 4 & trunc_ln1 == 0)> <Delay = 0.00>
ST_1 : Operation 100 [1/1] (0.88ns)   --->   "%br_ln0 = br void %cleanup476"   --->   Operation 100 'br' 'br_ln0' <Predicate = (trunc_ln65 == 1 & trunc_ln == 4 & trunc_ln1 == 0)> <Delay = 0.88>
ST_1 : Operation 101 [1/1] (0.00ns)   --->   "%trunc_ln2 = partselect i2 @_ssdm_op_PartSelect.i2.i16.i32.i32, i16 %c_read, i32 5, i32 6" [./rv32c_defs.h:172]   --->   Operation 101 'partselect' 'trunc_ln2' <Predicate = (trunc_ln65 == 1 & trunc_ln == 4 & trunc_ln1 == 3)> <Delay = 0.00>
ST_1 : Operation 102 [1/1] (0.54ns)   --->   "%switch_ln173 = switch i2 %trunc_ln2, void %sw.default261, i2 0, void %sw.bb255, i2 1, void %sw.bb257, i2 2, void %sw.bb259" [./rv32c_defs.h:173]   --->   Operation 102 'switch' 'switch_ln173' <Predicate = (trunc_ln65 == 1 & trunc_ln == 4 & trunc_ln1 == 3)> <Delay = 0.54>
ST_1 : Operation 103 [1/1] (0.00ns)   --->   "%zext_ln181_cast = bitconcatenate i24 @_ssdm_op_BitConcatenate.i24.i1.i3.i2.i3.i5.i3.i7, i1 1, i3 %trunc_ln111_2, i2 1, i3 %tmp_49, i5 25, i3 %tmp_49, i7 51" [./rv32c_defs.h:181]   --->   Operation 103 'bitconcatenate' 'zext_ln181_cast' <Predicate = (trunc_ln65 == 1 & trunc_ln == 4 & trunc_ln1 == 3 & trunc_ln2 == 2)> <Delay = 0.00>
ST_1 : Operation 104 [1/1] (0.00ns)   --->   "%zext_ln181 = zext i24 %zext_ln181_cast" [./rv32c_defs.h:181]   --->   Operation 104 'zext' 'zext_ln181' <Predicate = (trunc_ln65 == 1 & trunc_ln == 4 & trunc_ln1 == 3 & trunc_ln2 == 2)> <Delay = 0.00>
ST_1 : Operation 105 [1/1] (0.88ns)   --->   "%br_ln181 = br void %cleanup476" [./rv32c_defs.h:181]   --->   Operation 105 'br' 'br_ln181' <Predicate = (trunc_ln65 == 1 & trunc_ln == 4 & trunc_ln1 == 3 & trunc_ln2 == 2)> <Delay = 0.88>
ST_1 : Operation 106 [1/1] (0.00ns)   --->   "%zext_ln178_cast = bitconcatenate i24 @_ssdm_op_BitConcatenate.i24.i1.i3.i2.i3.i5.i3.i7, i1 1, i3 %trunc_ln111_2, i2 1, i3 %tmp_49, i5 17, i3 %tmp_49, i7 51" [./rv32c_defs.h:178]   --->   Operation 106 'bitconcatenate' 'zext_ln178_cast' <Predicate = (trunc_ln65 == 1 & trunc_ln == 4 & trunc_ln1 == 3 & trunc_ln2 == 1)> <Delay = 0.00>
ST_1 : Operation 107 [1/1] (0.00ns)   --->   "%zext_ln178 = zext i24 %zext_ln178_cast" [./rv32c_defs.h:178]   --->   Operation 107 'zext' 'zext_ln178' <Predicate = (trunc_ln65 == 1 & trunc_ln == 4 & trunc_ln1 == 3 & trunc_ln2 == 1)> <Delay = 0.00>
ST_1 : Operation 108 [1/1] (0.88ns)   --->   "%br_ln178 = br void %cleanup476" [./rv32c_defs.h:178]   --->   Operation 108 'br' 'br_ln178' <Predicate = (trunc_ln65 == 1 & trunc_ln == 4 & trunc_ln1 == 3 & trunc_ln2 == 1)> <Delay = 0.88>
ST_1 : Operation 109 [1/1] (0.00ns)   --->   "%zext_ln175_cast = bitconcatenate i31 @_ssdm_op_BitConcatenate.i31.i8.i3.i2.i3.i5.i3.i7, i8 129, i3 %trunc_ln111_2, i2 1, i3 %tmp_49, i5 1, i3 %tmp_49, i7 51" [./rv32c_defs.h:175]   --->   Operation 109 'bitconcatenate' 'zext_ln175_cast' <Predicate = (trunc_ln65 == 1 & trunc_ln == 4 & trunc_ln1 == 3 & trunc_ln2 == 0)> <Delay = 0.00>
ST_1 : Operation 110 [1/1] (0.00ns)   --->   "%zext_ln175 = zext i31 %zext_ln175_cast" [./rv32c_defs.h:175]   --->   Operation 110 'zext' 'zext_ln175' <Predicate = (trunc_ln65 == 1 & trunc_ln == 4 & trunc_ln1 == 3 & trunc_ln2 == 0)> <Delay = 0.00>
ST_1 : Operation 111 [1/1] (0.88ns)   --->   "%br_ln175 = br void %cleanup476" [./rv32c_defs.h:175]   --->   Operation 111 'br' 'br_ln175' <Predicate = (trunc_ln65 == 1 & trunc_ln == 4 & trunc_ln1 == 3 & trunc_ln2 == 0)> <Delay = 0.88>
ST_1 : Operation 112 [1/1] (0.00ns)   --->   "%zext_ln184_cast = bitconcatenate i24 @_ssdm_op_BitConcatenate.i24.i1.i3.i2.i3.i5.i3.i7, i1 1, i3 %trunc_ln111_2, i2 1, i3 %tmp_49, i5 29, i3 %tmp_49, i7 51" [./rv32c_defs.h:184]   --->   Operation 112 'bitconcatenate' 'zext_ln184_cast' <Predicate = (trunc_ln65 == 1 & trunc_ln == 4 & trunc_ln1 == 3 & trunc_ln2 == 3)> <Delay = 0.00>
ST_1 : Operation 113 [1/1] (0.00ns)   --->   "%zext_ln184 = zext i24 %zext_ln184_cast" [./rv32c_defs.h:184]   --->   Operation 113 'zext' 'zext_ln184' <Predicate = (trunc_ln65 == 1 & trunc_ln == 4 & trunc_ln1 == 3 & trunc_ln2 == 3)> <Delay = 0.00>
ST_1 : Operation 114 [1/1] (0.88ns)   --->   "%br_ln184 = br void %cleanup476" [./rv32c_defs.h:184]   --->   Operation 114 'br' 'br_ln184' <Predicate = (trunc_ln65 == 1 & trunc_ln == 4 & trunc_ln1 == 3 & trunc_ln2 == 3)> <Delay = 0.88>
ST_1 : Operation 115 [1/1] (0.88ns)   --->   "%switch_ln136 = switch i5 %rd_rs1, void %if.end197, i5 2, void %if.then164, i5 0, void %cleanup476" [./rv32c_defs.h:136]   --->   Operation 115 'switch' 'switch_ln136' <Predicate = (trunc_ln65 == 1 & trunc_ln == 3)> <Delay = 0.88>
ST_1 : Operation 116 [1/1] (0.00ns)   --->   "%tmp_110 = bitselect i1 @_ssdm_op_BitSelect.i1.i16.i32, i16 %c_read, i32 6" [./rv32c_defs.h:139]   --->   Operation 116 'bitselect' 'tmp_110' <Predicate = (trunc_ln65 == 1 & trunc_ln == 3 & rd_rs1 == 2)> <Delay = 0.00>
ST_1 : Operation 117 [1/1] (0.00ns)   --->   "%tmp_111 = bitselect i1 @_ssdm_op_BitSelect.i1.i16.i32, i16 %c_read, i32 12" [./rv32c_defs.h:139]   --->   Operation 117 'bitselect' 'tmp_111' <Predicate = (trunc_ln65 == 1 & trunc_ln == 3 & rd_rs1 == 2)> <Delay = 0.00>
ST_1 : Operation 118 [1/1] (0.00ns)   --->   "%tmp_112 = bitselect i1 @_ssdm_op_BitSelect.i1.i16.i32, i16 %c_read, i32 5" [./rv32c_defs.h:141]   --->   Operation 118 'bitselect' 'tmp_112' <Predicate = (trunc_ln65 == 1 & trunc_ln == 3 & rd_rs1 == 2)> <Delay = 0.00>
ST_1 : Operation 119 [1/1] (0.00ns)   --->   "%tmp_113 = partselect i2 @_ssdm_op_PartSelect.i2.i16.i32.i32, i16 %c_read, i32 3, i32 4" [./rv32c_defs.h:141]   --->   Operation 119 'partselect' 'tmp_113' <Predicate = (trunc_ln65 == 1 & trunc_ln == 3 & rd_rs1 == 2)> <Delay = 0.00>
ST_1 : Operation 120 [1/1] (0.00ns)   --->   "%tmp_114 = bitselect i1 @_ssdm_op_BitSelect.i1.i16.i32, i16 %c_read, i32 2" [./rv32c_defs.h:142]   --->   Operation 120 'bitselect' 'tmp_114' <Predicate = (trunc_ln65 == 1 & trunc_ln == 3 & rd_rs1 == 2)> <Delay = 0.00>
ST_1 : Operation 121 [1/1] (0.00ns)   --->   "%imm_1 = bitconcatenate i10 @_ssdm_op_BitConcatenate.i10.i1.i2.i1.i1.i1.i4, i1 %tmp_111, i2 %tmp_113, i1 %tmp_112, i1 %tmp_114, i1 %tmp_110, i4 0" [./rv32c_defs.h:24->./rv32c_defs.h:143]   --->   Operation 121 'bitconcatenate' 'imm_1' <Predicate = (trunc_ln65 == 1 & trunc_ln == 3 & rd_rs1 == 2)> <Delay = 0.00>
ST_1 : Operation 122 [1/1] (0.78ns)   --->   "%icmp_ln144 = icmp_eq  i10 %imm_1, i10 0" [./rv32c_defs.h:144]   --->   Operation 122 'icmp' 'icmp_ln144' <Predicate = (trunc_ln65 == 1 & trunc_ln == 3 & rd_rs1 == 2)> <Delay = 0.78> <CoreInst = "Cmp">   --->   Core 9 'Cmp' <Latency = 0> <II = 1> <Delay = 0.78> <FuncUnit> <Opcode : 'seteq' 'setne' 'setle' 'setge' 'setlt' 'setgt'> <InPorts = 2> <OutPorts = 1>
ST_1 : Operation 123 [1/1] (0.88ns)   --->   "%br_ln144 = br i1 %icmp_ln144, void %if.end190, void %cleanup476" [./rv32c_defs.h:144]   --->   Operation 123 'br' 'br_ln144' <Predicate = (trunc_ln65 == 1 & trunc_ln == 3 & rd_rs1 == 2)> <Delay = 0.88>
ST_1 : Operation 124 [1/1] (0.00ns)   --->   "%or_ln35_8 = bitconcatenate i30 @_ssdm_op_BitConcatenate.i30.i1.i2.i1.i1.i1.i24, i1 %tmp_111, i2 %tmp_113, i1 %tmp_112, i1 %tmp_114, i1 %tmp_110, i24 65811" [./rv32c_defs.h:35->./rv32c_defs.h:145]   --->   Operation 124 'bitconcatenate' 'or_ln35_8' <Predicate = (trunc_ln65 == 1 & trunc_ln == 3 & rd_rs1 == 2 & !icmp_ln144)> <Delay = 0.00>
ST_1 : Operation 125 [1/1] (0.00ns)   --->   "%sext_ln145 = sext i30 %or_ln35_8" [./rv32c_defs.h:145]   --->   Operation 125 'sext' 'sext_ln145' <Predicate = (trunc_ln65 == 1 & trunc_ln == 3 & rd_rs1 == 2 & !icmp_ln144)> <Delay = 0.00>
ST_1 : Operation 126 [1/1] (0.88ns)   --->   "%br_ln145 = br void %cleanup476" [./rv32c_defs.h:145]   --->   Operation 126 'br' 'br_ln145' <Predicate = (trunc_ln65 == 1 & trunc_ln == 3 & rd_rs1 == 2 & !icmp_ln144)> <Delay = 0.88>
ST_1 : Operation 127 [1/1] (0.00ns)   --->   "%tmp_109 = bitselect i1 @_ssdm_op_BitSelect.i1.i16.i32, i16 %c_read, i32 12" [./rv32c_defs.h:149]   --->   Operation 127 'bitselect' 'tmp_109' <Predicate = (trunc_ln65 == 1 & trunc_ln == 3 & rd_rs1 != 2 & rd_rs1 != 0)> <Delay = 0.00>
ST_1 : Operation 128 [1/1] (0.00ns)   --->   "%or_ln3 = bitconcatenate i6 @_ssdm_op_BitConcatenate.i6.i1.i5, i1 %tmp_109, i5 %trunc_ln111_1" [./rv32c_defs.h:149]   --->   Operation 128 'bitconcatenate' 'or_ln3' <Predicate = (trunc_ln65 == 1 & trunc_ln == 3 & rd_rs1 != 2 & rd_rs1 != 0)> <Delay = 0.00>
ST_1 : Operation 129 [1/1] (0.78ns)   --->   "%icmp_ln151 = icmp_eq  i6 %or_ln3, i6 0" [./rv32c_defs.h:151]   --->   Operation 129 'icmp' 'icmp_ln151' <Predicate = (trunc_ln65 == 1 & trunc_ln == 3 & rd_rs1 != 2 & rd_rs1 != 0)> <Delay = 0.78> <CoreInst = "Cmp">   --->   Core 9 'Cmp' <Latency = 0> <II = 1> <Delay = 0.78> <FuncUnit> <Opcode : 'seteq' 'setne' 'setle' 'setge' 'setlt' 'setgt'> <InPorts = 2> <OutPorts = 1>
ST_1 : Operation 130 [1/1] (0.88ns)   --->   "%br_ln151 = br i1 %icmp_ln151, void %if.end208, void %cleanup476" [./rv32c_defs.h:151]   --->   Operation 130 'br' 'br_ln151' <Predicate = (trunc_ln65 == 1 & trunc_ln == 3 & rd_rs1 != 2 & rd_rs1 != 0)> <Delay = 0.88>
ST_1 : Operation 131 [1/1] (0.00ns)   --->   "%or_ln4 = bitconcatenate i18 @_ssdm_op_BitConcatenate.i18.i1.i5.i5.i7, i1 %tmp_109, i5 %trunc_ln111_1, i5 %rd_rs1, i7 55" [./rv32c_defs.h:47->./rv32c_defs.h:152]   --->   Operation 131 'bitconcatenate' 'or_ln4' <Predicate = (trunc_ln65 == 1 & trunc_ln == 3 & rd_rs1 != 2 & rd_rs1 != 0 & !icmp_ln151)> <Delay = 0.00>
ST_1 : Operation 132 [1/1] (0.00ns)   --->   "%sext_ln152 = sext i18 %or_ln4" [./rv32c_defs.h:152]   --->   Operation 132 'sext' 'sext_ln152' <Predicate = (trunc_ln65 == 1 & trunc_ln == 3 & rd_rs1 != 2 & rd_rs1 != 0 & !icmp_ln151)> <Delay = 0.00>
ST_1 : Operation 133 [1/1] (0.88ns)   --->   "%br_ln152 = br void %cleanup476" [./rv32c_defs.h:152]   --->   Operation 133 'br' 'br_ln152' <Predicate = (trunc_ln65 == 1 & trunc_ln == 3 & rd_rs1 != 2 & rd_rs1 != 0 & !icmp_ln151)> <Delay = 0.88>
ST_1 : Operation 134 [1/1] (0.00ns)   --->   "%tmp_80 = bitselect i1 @_ssdm_op_BitSelect.i1.i16.i32, i16 %c_read, i32 12" [./rv32c_defs.h:132]   --->   Operation 134 'bitselect' 'tmp_80' <Predicate = (trunc_ln65 == 1 & trunc_ln == 2)> <Delay = 0.00>
ST_1 : Operation 135 [1/1] (0.00ns)   --->   "%or_ln35_3 = bitconcatenate i26 @_ssdm_op_BitConcatenate.i26.i1.i5.i8.i5.i7, i1 %tmp_80, i5 %trunc_ln111_1, i8 0, i5 %rd_rs1, i7 19" [./rv32c_defs.h:35->./rv32c_defs.h:133]   --->   Operation 135 'bitconcatenate' 'or_ln35_3' <Predicate = (trunc_ln65 == 1 & trunc_ln == 2)> <Delay = 0.00>
ST_1 : Operation 136 [1/1] (0.00ns)   --->   "%or_ln35_10_cast = sext i26 %or_ln35_3" [./rv32c_defs.h:35->./rv32c_defs.h:133]   --->   Operation 136 'sext' 'or_ln35_10_cast' <Predicate = (trunc_ln65 == 1 & trunc_ln == 2)> <Delay = 0.00>
ST_1 : Operation 137 [1/1] (0.88ns)   --->   "%br_ln0 = br void %cleanup476"   --->   Operation 137 'br' 'br_ln0' <Predicate = (trunc_ln65 == 1 & trunc_ln == 2)> <Delay = 0.88>
ST_1 : Operation 138 [1/1] (0.00ns)   --->   "%tmp_72 = bitselect i1 @_ssdm_op_BitSelect.i1.i16.i32, i16 %c_read, i32 12" [./rv32c_defs.h:121]   --->   Operation 138 'bitselect' 'tmp_72' <Predicate = (trunc_ln65 == 1 & trunc_ln == 1)> <Delay = 0.00>
ST_1 : Operation 139 [1/1] (0.00ns)   --->   "%tmp_73 = bitselect i1 @_ssdm_op_BitSelect.i1.i16.i32, i16 %c_read, i32 11" [./rv32c_defs.h:122]   --->   Operation 139 'bitselect' 'tmp_73' <Predicate = (trunc_ln65 == 1 & trunc_ln == 1)> <Delay = 0.00>
ST_1 : Operation 140 [1/1] (0.00ns)   --->   "%tmp_74 = bitselect i1 @_ssdm_op_BitSelect.i1.i16.i32, i16 %c_read, i32 8" [./rv32c_defs.h:123]   --->   Operation 140 'bitselect' 'tmp_74' <Predicate = (trunc_ln65 == 1 & trunc_ln == 1)> <Delay = 0.00>
ST_1 : Operation 141 [1/1] (0.00ns)   --->   "%tmp_75 = partselect i3 @_ssdm_op_PartSelect.i3.i16.i32.i32, i16 %c_read, i32 3, i32 5" [./rv32c_defs.h:127]   --->   Operation 141 'partselect' 'tmp_75' <Predicate = (trunc_ln65 == 1 & trunc_ln == 1)> <Delay = 0.00>
ST_1 : Operation 142 [1/1] (0.00ns)   --->   "%tmp_76 = partselect i2 @_ssdm_op_PartSelect.i2.i16.i32.i32, i16 %c_read, i32 9, i32 10" [./rv32c_defs.h:127]   --->   Operation 142 'partselect' 'tmp_76' <Predicate = (trunc_ln65 == 1 & trunc_ln == 1)> <Delay = 0.00>
ST_1 : Operation 143 [1/1] (0.00ns)   --->   "%tmp_77 = bitselect i1 @_ssdm_op_BitSelect.i1.i16.i32, i16 %c_read, i32 2" [./rv32c_defs.h:127]   --->   Operation 143 'bitselect' 'tmp_77' <Predicate = (trunc_ln65 == 1 & trunc_ln == 1)> <Delay = 0.00>
ST_1 : Operation 144 [1/1] (0.00ns)   --->   "%tmp_78 = bitconcatenate i5 @_ssdm_op_BitConcatenate.i5.i1.i4, i1 %tmp_72, i4 0" [./rv32c_defs.h:52->./rv32c_defs.h:129]   --->   Operation 144 'bitconcatenate' 'tmp_78' <Predicate = (trunc_ln65 == 1 & trunc_ln == 1)> <Delay = 0.00>
ST_1 : Operation 145 [1/1] (0.00ns)   --->   "%sext_ln52 = sext i5 %tmp_78" [./rv32c_defs.h:52->./rv32c_defs.h:129]   --->   Operation 145 'sext' 'sext_ln52' <Predicate = (trunc_ln65 == 1 & trunc_ln == 1)> <Delay = 0.00>
ST_1 : Operation 146 [1/1] (0.00ns)   --->   "%tmp_79 = partselect i2 @_ssdm_op_PartSelect.i2.i16.i32.i32, i16 %c_read, i32 7, i32 6" [./rv32c_defs.h:52->./rv32c_defs.h:129]   --->   Operation 146 'partselect' 'tmp_79' <Predicate = (trunc_ln65 == 1 & trunc_ln == 1)> <Delay = 0.00>
ST_1 : Operation 147 [1/1] (0.00ns)   --->   "%or_ln1 = bitconcatenate i32 @_ssdm_op_BitConcatenate.i32.i1.i1.i2.i2.i1.i1.i3.i1.i12.i8, i1 %tmp_72, i1 %tmp_74, i2 %tmp_76, i2 %tmp_79, i1 %tmp_77, i1 %tmp_73, i3 %tmp_75, i1 %tmp_72, i12 %sext_ln52, i8 239" [./rv32c_defs.h:52->./rv32c_defs.h:129]   --->   Operation 147 'bitconcatenate' 'or_ln1' <Predicate = (trunc_ln65 == 1 & trunc_ln == 1)> <Delay = 0.00>
ST_1 : Operation 148 [1/1] (0.88ns)   --->   "%br_ln0 = br void %cleanup476"   --->   Operation 148 'br' 'br_ln0' <Predicate = (trunc_ln65 == 1 & trunc_ln == 1)> <Delay = 0.88>
ST_1 : Operation 149 [1/1] (0.00ns)   --->   "%tmp_71 = bitselect i1 @_ssdm_op_BitSelect.i1.i16.i32, i16 %c_read, i32 12" [./rv32c_defs.h:115]   --->   Operation 149 'bitselect' 'tmp_71' <Predicate = (trunc_ln65 == 1 & trunc_ln == 0)> <Delay = 0.00>
ST_1 : Operation 150 [1/1] (0.00ns)   --->   "%or_ln35_2 = bitconcatenate i26 @_ssdm_op_BitConcatenate.i26.i1.i5.i5.i3.i5.i7, i1 %tmp_71, i5 %trunc_ln111_1, i5 %rd_rs1, i3 0, i5 %rd_rs1, i7 19" [./rv32c_defs.h:35->./rv32c_defs.h:116]   --->   Operation 150 'bitconcatenate' 'or_ln35_2' <Predicate = (trunc_ln65 == 1 & trunc_ln == 0)> <Delay = 0.00>
ST_1 : Operation 151 [1/1] (0.00ns)   --->   "%or_ln35_8_cast = sext i26 %or_ln35_2" [./rv32c_defs.h:35->./rv32c_defs.h:116]   --->   Operation 151 'sext' 'or_ln35_8_cast' <Predicate = (trunc_ln65 == 1 & trunc_ln == 0)> <Delay = 0.00>
ST_1 : Operation 152 [1/1] (0.88ns)   --->   "%br_ln0 = br void %cleanup476"   --->   Operation 152 'br' 'br_ln0' <Predicate = (trunc_ln65 == 1 & trunc_ln == 0)> <Delay = 0.88>
ST_1 : Operation 153 [1/1] (0.00ns)   --->   "%tmp_65 = bitselect i1 @_ssdm_op_BitSelect.i1.i16.i32, i16 %c_read, i32 12" [./rv32c_defs.h:215]   --->   Operation 153 'bitselect' 'tmp_65' <Predicate = (trunc_ln65 == 1 & trunc_ln == 7)> <Delay = 0.00>
ST_1 : Operation 154 [1/1] (0.00ns)   --->   "%tmp_66 = partselect i2 @_ssdm_op_PartSelect.i2.i16.i32.i32, i16 %c_read, i32 10, i32 11" [./rv32c_defs.h:216]   --->   Operation 154 'partselect' 'tmp_66' <Predicate = (trunc_ln65 == 1 & trunc_ln == 7)> <Delay = 0.00>
ST_1 : Operation 155 [1/1] (0.00ns)   --->   "%tmp_67 = partselect i2 @_ssdm_op_PartSelect.i2.i16.i32.i32, i16 %c_read, i32 5, i32 6" [./rv32c_defs.h:217]   --->   Operation 155 'partselect' 'tmp_67' <Predicate = (trunc_ln65 == 1 & trunc_ln == 7)> <Delay = 0.00>
ST_1 : Operation 156 [1/1] (0.00ns)   --->   "%tmp_68 = bitselect i1 @_ssdm_op_BitSelect.i1.i16.i32, i16 %c_read, i32 2" [./rv32c_defs.h:217]   --->   Operation 156 'bitselect' 'tmp_68' <Predicate = (trunc_ln65 == 1 & trunc_ln == 7)> <Delay = 0.00>
ST_1 : Operation 157 [1/1] (0.00ns)   --->   "%tmp_69 = partselect i2 @_ssdm_op_PartSelect.i2.i16.i32.i32, i16 %c_read, i32 3, i32 4" [./rv32c_defs.h:219]   --->   Operation 157 'partselect' 'tmp_69' <Predicate = (trunc_ln65 == 1 & trunc_ln == 7)> <Delay = 0.00>
ST_1 : Operation 158 [1/1] (0.00ns)   --->   "%tmp_70 = bitconcatenate i10 @_ssdm_op_BitConcatenate.i10.i1.i2.i1.i6, i1 %tmp_65, i2 %tmp_67, i1 %tmp_68, i6 0" [./rv32c_defs.h:44->./rv32c_defs.h:221]   --->   Operation 158 'bitconcatenate' 'tmp_70' <Predicate = (trunc_ln65 == 1 & trunc_ln == 7)> <Delay = 0.00>
ST_1 : Operation 159 [1/1] (0.00ns)   --->   "%sext_ln44 = sext i10 %tmp_70" [./rv32c_defs.h:44->./rv32c_defs.h:221]   --->   Operation 159 'sext' 'sext_ln44' <Predicate = (trunc_ln65 == 1 & trunc_ln == 7)> <Delay = 0.00>
ST_1 : Operation 160 [1/1] (0.00ns)   --->   "%or_ln44_2 = bitconcatenate i32 @_ssdm_op_BitConcatenate.i32.i1.i12.i1.i3.i3.i2.i2.i1.i7, i1 %tmp_65, i12 %sext_ln44, i1 1, i3 %tmp_49, i3 1, i2 %tmp_66, i2 %tmp_69, i1 %tmp_65, i7 99" [./rv32c_defs.h:44->./rv32c_defs.h:221]   --->   Operation 160 'bitconcatenate' 'or_ln44_2' <Predicate = (trunc_ln65 == 1 & trunc_ln == 7)> <Delay = 0.00>
ST_1 : Operation 161 [1/1] (0.88ns)   --->   "%br_ln0 = br void %cleanup476"   --->   Operation 161 'br' 'br_ln0' <Predicate = (trunc_ln65 == 1 & trunc_ln == 7)> <Delay = 0.88>
ST_1 : Operation 162 [1/1] (0.00ns)   --->   "%tmp = partselect i3 @_ssdm_op_PartSelect.i3.i16.i32.i32, i16 %c_read, i32 2, i32 4" [./rv32c_defs.h:20->./rv32c_defs.h:70]   --->   Operation 162 'partselect' 'tmp' <Predicate = (trunc_ln65 == 0)> <Delay = 0.00>
ST_1 : Operation 163 [1/1] (0.00ns)   --->   "%tmp_s = partselect i3 @_ssdm_op_PartSelect.i3.i16.i32.i32, i16 %c_read, i32 7, i32 9" [./rv32c_defs.h:20->./rv32c_defs.h:71]   --->   Operation 163 'partselect' 'tmp_s' <Predicate = (trunc_ln65 == 0)> <Delay = 0.00>
ST_1 : Operation 164 [1/1] (0.88ns)   --->   "%switch_ln73 = switch i3 %trunc_ln, void %cleanup476, i3 0, void %sw.bb, i3 2, void %sw.bb27, i3 3, void %sw.bb40, i3 6, void %sw.bb55, i3 7, void %sw.bb70" [./rv32c_defs.h:73]   --->   Operation 164 'switch' 'switch_ln73' <Predicate = (trunc_ln65 == 0)> <Delay = 0.88>
ST_1 : Operation 165 [1/1] (0.00ns)   --->   "%tmp_61 = bitselect i1 @_ssdm_op_BitSelect.i1.i16.i32, i16 %c_read, i32 5" [./rv32c_defs.h:99]   --->   Operation 165 'bitselect' 'tmp_61' <Predicate = (trunc_ln65 == 0 & trunc_ln == 7)> <Delay = 0.00>
ST_1 : Operation 166 [1/1] (0.00ns)   --->   "%tmp_62 = bitselect i1 @_ssdm_op_BitSelect.i1.i16.i32, i16 %c_read, i32 12" [./rv32c_defs.h:39->./rv32c_defs.h:100]   --->   Operation 166 'bitselect' 'tmp_62' <Predicate = (trunc_ln65 == 0 & trunc_ln == 7)> <Delay = 0.00>
ST_1 : Operation 167 [1/1] (0.00ns)   --->   "%tmp_63 = partselect i2 @_ssdm_op_PartSelect.i2.i16.i32.i32, i16 %c_read, i32 10, i32 11" [./rv32c_defs.h:39->./rv32c_defs.h:100]   --->   Operation 167 'partselect' 'tmp_63' <Predicate = (trunc_ln65 == 0 & trunc_ln == 7)> <Delay = 0.00>
ST_1 : Operation 168 [1/1] (0.00ns)   --->   "%tmp_64 = bitselect i1 @_ssdm_op_BitSelect.i1.i16.i32, i16 %c_read, i32 6" [./rv32c_defs.h:39->./rv32c_defs.h:100]   --->   Operation 168 'bitselect' 'tmp_64' <Predicate = (trunc_ln65 == 0 & trunc_ln == 7)> <Delay = 0.00>
ST_1 : Operation 169 [1/1] (0.00ns)   --->   "%or_ln39_3 = bitconcatenate i27 @_ssdm_op_BitConcatenate.i27.i1.i1.i2.i3.i2.i3.i3.i2.i1.i9, i1 %tmp_61, i1 %tmp_62, i2 1, i3 %tmp, i2 1, i3 %tmp_s, i3 2, i2 %tmp_63, i1 %tmp_64, i9 39" [./rv32c_defs.h:39->./rv32c_defs.h:100]   --->   Operation 169 'bitconcatenate' 'or_ln39_3' <Predicate = (trunc_ln65 == 0 & trunc_ln == 7)> <Delay = 0.00>
ST_1 : Operation 170 [1/1] (0.00ns)   --->   "%or_ln39_7_cast = zext i27 %or_ln39_3" [./rv32c_defs.h:39->./rv32c_defs.h:100]   --->   Operation 170 'zext' 'or_ln39_7_cast' <Predicate = (trunc_ln65 == 0 & trunc_ln == 7)> <Delay = 0.00>
ST_1 : Operation 171 [1/1] (0.88ns)   --->   "%br_ln0 = br void %cleanup476"   --->   Operation 171 'br' 'br_ln0' <Predicate = (trunc_ln65 == 0 & trunc_ln == 7)> <Delay = 0.88>
ST_1 : Operation 172 [1/1] (0.00ns)   --->   "%tmp_57 = bitselect i1 @_ssdm_op_BitSelect.i1.i16.i32, i16 %c_read, i32 5" [./rv32c_defs.h:94]   --->   Operation 172 'bitselect' 'tmp_57' <Predicate = (trunc_ln65 == 0 & trunc_ln == 6)> <Delay = 0.00>
ST_1 : Operation 173 [1/1] (0.00ns)   --->   "%tmp_58 = bitselect i1 @_ssdm_op_BitSelect.i1.i16.i32, i16 %c_read, i32 12" [./rv32c_defs.h:39->./rv32c_defs.h:95]   --->   Operation 173 'bitselect' 'tmp_58' <Predicate = (trunc_ln65 == 0 & trunc_ln == 6)> <Delay = 0.00>
ST_1 : Operation 174 [1/1] (0.00ns)   --->   "%tmp_59 = partselect i2 @_ssdm_op_PartSelect.i2.i16.i32.i32, i16 %c_read, i32 10, i32 11" [./rv32c_defs.h:39->./rv32c_defs.h:95]   --->   Operation 174 'partselect' 'tmp_59' <Predicate = (trunc_ln65 == 0 & trunc_ln == 6)> <Delay = 0.00>
ST_1 : Operation 175 [1/1] (0.00ns)   --->   "%tmp_60 = bitselect i1 @_ssdm_op_BitSelect.i1.i16.i32, i16 %c_read, i32 6" [./rv32c_defs.h:39->./rv32c_defs.h:95]   --->   Operation 175 'bitselect' 'tmp_60' <Predicate = (trunc_ln65 == 0 & trunc_ln == 6)> <Delay = 0.00>
ST_1 : Operation 176 [1/1] (0.00ns)   --->   "%or_ln39_1 = bitconcatenate i27 @_ssdm_op_BitConcatenate.i27.i1.i1.i2.i3.i2.i3.i3.i2.i1.i9, i1 %tmp_57, i1 %tmp_58, i2 1, i3 %tmp, i2 1, i3 %tmp_s, i3 2, i2 %tmp_59, i1 %tmp_60, i9 35" [./rv32c_defs.h:39->./rv32c_defs.h:95]   --->   Operation 176 'bitconcatenate' 'or_ln39_1' <Predicate = (trunc_ln65 == 0 & trunc_ln == 6)> <Delay = 0.00>
ST_1 : Operation 177 [1/1] (0.00ns)   --->   "%or_ln39_3_cast = zext i27 %or_ln39_1" [./rv32c_defs.h:39->./rv32c_defs.h:95]   --->   Operation 177 'zext' 'or_ln39_3_cast' <Predicate = (trunc_ln65 == 0 & trunc_ln == 6)> <Delay = 0.00>
ST_1 : Operation 178 [1/1] (0.88ns)   --->   "%br_ln0 = br void %cleanup476"   --->   Operation 178 'br' 'br_ln0' <Predicate = (trunc_ln65 == 0 & trunc_ln == 6)> <Delay = 0.88>
ST_1 : Operation 179 [1/1] (0.00ns)   --->   "%tmp_54 = bitselect i1 @_ssdm_op_BitSelect.i1.i16.i32, i16 %c_read, i32 5" [./rv32c_defs.h:89]   --->   Operation 179 'bitselect' 'tmp_54' <Predicate = (trunc_ln65 == 0 & trunc_ln == 3)> <Delay = 0.00>
ST_1 : Operation 180 [1/1] (0.00ns)   --->   "%tmp_55 = partselect i3 @_ssdm_op_PartSelect.i3.i16.i32.i32, i16 %c_read, i32 10, i32 12" [./rv32c_defs.h:89]   --->   Operation 180 'partselect' 'tmp_55' <Predicate = (trunc_ln65 == 0 & trunc_ln == 3)> <Delay = 0.00>
ST_1 : Operation 181 [1/1] (0.00ns)   --->   "%tmp_56 = bitselect i1 @_ssdm_op_BitSelect.i1.i16.i32, i16 %c_read, i32 6" [./rv32c_defs.h:89]   --->   Operation 181 'bitselect' 'tmp_56' <Predicate = (trunc_ln65 == 0 & trunc_ln == 3)> <Delay = 0.00>
ST_1 : Operation 182 [1/1] (0.00ns)   --->   "%or_ln35_1 = bitconcatenate i27 @_ssdm_op_BitConcatenate.i27.i1.i3.i1.i4.i3.i5.i3.i7, i1 %tmp_54, i3 %tmp_55, i1 %tmp_56, i4 1, i3 %tmp_s, i5 9, i3 %tmp, i7 7" [./rv32c_defs.h:35->./rv32c_defs.h:90]   --->   Operation 182 'bitconcatenate' 'or_ln35_1' <Predicate = (trunc_ln65 == 0 & trunc_ln == 3)> <Delay = 0.00>
ST_1 : Operation 183 [1/1] (0.00ns)   --->   "%or_ln35_5_cast = zext i27 %or_ln35_1" [./rv32c_defs.h:35->./rv32c_defs.h:90]   --->   Operation 183 'zext' 'or_ln35_5_cast' <Predicate = (trunc_ln65 == 0 & trunc_ln == 3)> <Delay = 0.00>
ST_1 : Operation 184 [1/1] (0.88ns)   --->   "%br_ln0 = br void %cleanup476"   --->   Operation 184 'br' 'br_ln0' <Predicate = (trunc_ln65 == 0 & trunc_ln == 3)> <Delay = 0.88>
ST_1 : Operation 185 [1/1] (0.00ns)   --->   "%tmp_47 = bitselect i1 @_ssdm_op_BitSelect.i1.i16.i32, i16 %c_read, i32 5" [./rv32c_defs.h:83]   --->   Operation 185 'bitselect' 'tmp_47' <Predicate = (trunc_ln65 == 0 & trunc_ln == 2)> <Delay = 0.00>
ST_1 : Operation 186 [1/1] (0.00ns)   --->   "%tmp_53 = partselect i3 @_ssdm_op_PartSelect.i3.i16.i32.i32, i16 %c_read, i32 10, i32 12" [./rv32c_defs.h:83]   --->   Operation 186 'partselect' 'tmp_53' <Predicate = (trunc_ln65 == 0 & trunc_ln == 2)> <Delay = 0.00>
ST_1 : Operation 187 [1/1] (0.00ns)   --->   "%tmp_48 = bitselect i1 @_ssdm_op_BitSelect.i1.i16.i32, i16 %c_read, i32 6" [./rv32c_defs.h:83]   --->   Operation 187 'bitselect' 'tmp_48' <Predicate = (trunc_ln65 == 0 & trunc_ln == 2)> <Delay = 0.00>
ST_1 : Operation 188 [1/1] (0.00ns)   --->   "%or_ln = bitconcatenate i27 @_ssdm_op_BitConcatenate.i27.i1.i3.i1.i4.i3.i5.i3.i7, i1 %tmp_47, i3 %tmp_53, i1 %tmp_48, i4 1, i3 %tmp_s, i5 9, i3 %tmp, i7 3" [./rv32c_defs.h:35->./rv32c_defs.h:85]   --->   Operation 188 'bitconcatenate' 'or_ln' <Predicate = (trunc_ln65 == 0 & trunc_ln == 2)> <Delay = 0.00>
ST_1 : Operation 189 [1/1] (0.00ns)   --->   "%or_ln35_2_cast = zext i27 %or_ln" [./rv32c_defs.h:35->./rv32c_defs.h:85]   --->   Operation 189 'zext' 'or_ln35_2_cast' <Predicate = (trunc_ln65 == 0 & trunc_ln == 2)> <Delay = 0.00>
ST_1 : Operation 190 [1/1] (0.88ns)   --->   "%br_ln0 = br void %cleanup476"   --->   Operation 190 'br' 'br_ln0' <Predicate = (trunc_ln65 == 0 & trunc_ln == 2)> <Delay = 0.88>
ST_1 : Operation 191 [1/1] (0.00ns)   --->   "%tmp_50 = partselect i2 @_ssdm_op_PartSelect.i2.i16.i32.i32, i16 %c_read, i32 11, i32 12" [./rv32c_defs.h:75]   --->   Operation 191 'partselect' 'tmp_50' <Predicate = (trunc_ln65 == 0 & trunc_ln == 0)> <Delay = 0.00>
ST_1 : Operation 192 [1/1] (0.00ns)   --->   "%tmp_51 = partselect i4 @_ssdm_op_PartSelect.i4.i16.i32.i32, i16 %c_read, i32 7, i32 10" [./rv32c_defs.h:75]   --->   Operation 192 'partselect' 'tmp_51' <Predicate = (trunc_ln65 == 0 & trunc_ln == 0)> <Delay = 0.00>
ST_1 : Operation 193 [1/1] (0.00ns)   --->   "%tmp_52 = partselect i2 @_ssdm_op_PartSelect.i2.i16.i32.i32, i16 %c_read, i32 6, i32 5" [./rv32c_defs.h:76]   --->   Operation 193 'partselect' 'tmp_52' <Predicate = (trunc_ln65 == 0 & trunc_ln == 0)> <Delay = 0.00>
ST_1 : Operation 194 [1/1] (0.00ns)   --->   "%nzuimm = bitconcatenate i10 @_ssdm_op_BitConcatenate.i10.i4.i2.i2.i2, i4 %tmp_51, i2 %tmp_50, i2 %tmp_52, i2 0" [./rv32c_defs.h:76]   --->   Operation 194 'bitconcatenate' 'nzuimm' <Predicate = (trunc_ln65 == 0 & trunc_ln == 0)> <Delay = 0.00>
ST_1 : Operation 195 [1/1] (0.78ns)   --->   "%icmp_ln78 = icmp_eq  i10 %nzuimm, i10 0" [./rv32c_defs.h:78]   --->   Operation 195 'icmp' 'icmp_ln78' <Predicate = (trunc_ln65 == 0 & trunc_ln == 0)> <Delay = 0.78> <CoreInst = "Cmp">   --->   Core 9 'Cmp' <Latency = 0> <II = 1> <Delay = 0.78> <FuncUnit> <Opcode : 'seteq' 'setne' 'setle' 'setge' 'setlt' 'setgt'> <InPorts = 2> <OutPorts = 1>
ST_1 : Operation 196 [1/1] (0.88ns)   --->   "%br_ln78 = br i1 %icmp_ln78, void %if.end, void %cleanup476" [./rv32c_defs.h:78]   --->   Operation 196 'br' 'br_ln78' <Predicate = (trunc_ln65 == 0 & trunc_ln == 0)> <Delay = 0.88>
ST_1 : Operation 197 [1/1] (0.00ns)   --->   "%or_ln35_5 = bitconcatenate i30 @_ssdm_op_BitConcatenate.i30.i4.i2.i2.i12.i3.i7, i4 %tmp_51, i2 %tmp_50, i2 %tmp_52, i12 65, i3 %tmp, i7 19" [./rv32c_defs.h:35->./rv32c_defs.h:79]   --->   Operation 197 'bitconcatenate' 'or_ln35_5' <Predicate = (trunc_ln65 == 0 & trunc_ln == 0 & !icmp_ln78)> <Delay = 0.00>
ST_1 : Operation 198 [1/1] (0.00ns)   --->   "%zext_ln79 = zext i30 %or_ln35_5" [./rv32c_defs.h:79]   --->   Operation 198 'zext' 'zext_ln79' <Predicate = (trunc_ln65 == 0 & trunc_ln == 0 & !icmp_ln78)> <Delay = 0.00>
ST_1 : Operation 199 [1/1] (0.88ns)   --->   "%br_ln79 = br void %cleanup476" [./rv32c_defs.h:79]   --->   Operation 199 'br' 'br_ln79' <Predicate = (trunc_ln65 == 0 & trunc_ln == 0 & !icmp_ln78)> <Delay = 0.88>
ST_1 : Operation 200 [1/1] (0.00ns)   --->   "%retval_11 = phi i32 %or_ln39_13_cast, void %sw.bb461, i32 %or_ln39_10_cast, void %sw.bb450, i32 %zext_ln35, void %sw.bb408, i32 %zext_ln264, void %if.then445, i32 %zext_ln266, void %if.end447, i32 %zext_ln256, void %if.end436, i32 %zext_ln259, void %if.end438, i32 %zext_ln35_1, void %if.end405, i32 %zext_ln234, void %if.end382, i32 %or_ln39_7_cast, void %sw.bb70, i32 %or_ln39_3_cast, void %sw.bb55, i32 %or_ln35_5_cast, void %sw.bb40, i32 %or_ln35_2_cast, void %sw.bb27, i32 %zext_ln79, void %if.end, i32 %or_ln44_2, void %sw.bb331, i32 %or_ln44_5, void %sw.bb304, i32 %or_ln52_1, void %sw.bb265, i32 %or_ln35_10_cast, void %sw.bb150, i32 %or_ln1, void %sw.bb112, i32 %or_ln35_8_cast, void %sw.bb101, i32 %or_ln35_17_cast, void %sw.bb239, i32 %or_ln32_7_cast_cast_cast, void %sw.bb227, i32 %or_ln32_4_cast, void %sw.bb216, i32 %zext_ln184, void %sw.default261, i32 %zext_ln181, void %sw.bb259, i32 %zext_ln178, void %sw.bb257, i32 %zext_ln175, void %sw.bb255, i32 %sext_ln152, void %if.end208, i32 %sext_ln145, void %if.end190, i32 4294967295, void %entry, i32 4294967295, void %if.then, i32 4294967295, void %sw.bb, i32 4294967295, void %sw.bb162, i32 4294967295, void %if.then164, i32 4294967295, void %if.end197, i32 4294967295, void %if.then363, i32 4294967295, void %sw.bb371, i32 4294967295, void %sw.bb386, i32 4294967295, void %if.then433, i32 4294967295, void %if.else" [./rv32c_defs.h:39->./rv32c_defs.h:278]   --->   Operation 200 'phi' 'retval_11' <Predicate = true> <Delay = 0.00>
ST_1 : Operation 201 [1/1] (0.00ns)   --->   "%ret_ln287 = ret i32 %retval_11" [./rv32c_defs.h:287]   --->   Operation 201 'ret' 'ret_ln287' <Predicate = true> <Delay = 0.00>


============================================================
+ Verbose Summary: Timing violations
============================================================
Target clock period: 10.000ns, clock uncertainty: 2.700ns.

 <State 1>: 1.771ns
The critical path consists of the following:
	wire read operation ('c', ./rv32c_defs.h:65) on port 'c' (./rv32c_defs.h:65) [2]  (0.000 ns)
	multiplexor before 'phi' operation 32 bit ('retval_11', ./rv32c_defs.h:39->./rv32c_defs.h:278) with incoming values : ('or_ln39_13_cast', ./rv32c_defs.h:39->./rv32c_defs.h:278) ('or_ln39_10_cast', ./rv32c_defs.h:39->./rv32c_defs.h:273) ('zext_ln259', ./rv32c_defs.h:259) ('zext_ln256', ./rv32c_defs.h:256) ('zext_ln266', ./rv32c_defs.h:266) ('zext_ln264', ./rv32c_defs.h:264) ('zext_ln35', ./rv32c_defs.h:35->./rv32c_defs.h:248) ('zext_ln35_1', ./rv32c_defs.h:35->./rv32c_defs.h:242) ('zext_ln234', ./rv32c_defs.h:234) ('or_ln44_5', ./rv32c_defs.h:44->./rv32c_defs.h:211) ('or_ln52_1', ./rv32c_defs.h:52->./rv32c_defs.h:201) ('or_ln35_17_cast', ./rv32c_defs.h:35->./rv32c_defs.h:169) ('or_ln32_7_cast_cast_cast', ./rv32c_defs.h:32->./rv32c_defs.h:164) ('or_ln32_4_cast', ./rv32c_defs.h:32->./rv32c_defs.h:159) ('zext_ln181', ./rv32c_defs.h:181) ('zext_ln178', ./rv32c_defs.h:178) ('zext_ln175', ./rv32c_defs.h:175) ('zext_ln184', ./rv32c_defs.h:184) ('sext_ln145', ./rv32c_defs.h:145) ('sext_ln152', ./rv32c_defs.h:152) ('or_ln35_10_cast', ./rv32c_defs.h:35->./rv32c_defs.h:133) ('or_ln1', ./rv32c_defs.h:52->./rv32c_defs.h:129) ('or_ln35_8_cast', ./rv32c_defs.h:35->./rv32c_defs.h:116) ('or_ln44_2', ./rv32c_defs.h:44->./rv32c_defs.h:221) ('or_ln39_7_cast', ./rv32c_defs.h:39->./rv32c_defs.h:100) ('or_ln39_3_cast', ./rv32c_defs.h:39->./rv32c_defs.h:95) ('or_ln35_5_cast', ./rv32c_defs.h:35->./rv32c_defs.h:90) ('or_ln35_2_cast', ./rv32c_defs.h:35->./rv32c_defs.h:85) ('zext_ln79', ./rv32c_defs.h:79) [246]  (0.885 ns)
	multiplexor before 'phi' operation 32 bit ('retval_11', ./rv32c_defs.h:39->./rv32c_defs.h:278) with incoming values : ('or_ln39_13_cast', ./rv32c_defs.h:39->./rv32c_defs.h:278) ('or_ln39_10_cast', ./rv32c_defs.h:39->./rv32c_defs.h:273) ('zext_ln259', ./rv32c_defs.h:259) ('zext_ln256', ./rv32c_defs.h:256) ('zext_ln266', ./rv32c_defs.h:266) ('zext_ln264', ./rv32c_defs.h:264) ('zext_ln35', ./rv32c_defs.h:35->./rv32c_defs.h:248) ('zext_ln35_1', ./rv32c_defs.h:35->./rv32c_defs.h:242) ('zext_ln234', ./rv32c_defs.h:234) ('or_ln44_5', ./rv32c_defs.h:44->./rv32c_defs.h:211) ('or_ln52_1', ./rv32c_defs.h:52->./rv32c_defs.h:201) ('or_ln35_17_cast', ./rv32c_defs.h:35->./rv32c_defs.h:169) ('or_ln32_7_cast_cast_cast', ./rv32c_defs.h:32->./rv32c_defs.h:164) ('or_ln32_4_cast', ./rv32c_defs.h:32->./rv32c_defs.h:159) ('zext_ln181', ./rv32c_defs.h:181) ('zext_ln178', ./rv32c_defs.h:178) ('zext_ln175', ./rv32c_defs.h:175) ('zext_ln184', ./rv32c_defs.h:184) ('sext_ln145', ./rv32c_defs.h:145) ('sext_ln152', ./rv32c_defs.h:152) ('or_ln35_10_cast', ./rv32c_defs.h:35->./rv32c_defs.h:133) ('or_ln1', ./rv32c_defs.h:52->./rv32c_defs.h:129) ('or_ln35_8_cast', ./rv32c_defs.h:35->./rv32c_defs.h:116) ('or_ln44_2', ./rv32c_defs.h:44->./rv32c_defs.h:221) ('or_ln39_7_cast', ./rv32c_defs.h:39->./rv32c_defs.h:100) ('or_ln39_3_cast', ./rv32c_defs.h:39->./rv32c_defs.h:95) ('or_ln35_5_cast', ./rv32c_defs.h:35->./rv32c_defs.h:90) ('or_ln35_2_cast', ./rv32c_defs.h:35->./rv32c_defs.h:85) ('zext_ln79', ./rv32c_defs.h:79) [246]  (0.885 ns)
	'phi' operation 32 bit ('retval_11', ./rv32c_defs.h:39->./rv32c_defs.h:278) with incoming values : ('or_ln39_13_cast', ./rv32c_defs.h:39->./rv32c_defs.h:278) ('or_ln39_10_cast', ./rv32c_defs.h:39->./rv32c_defs.h:273) ('zext_ln259', ./rv32c_defs.h:259) ('zext_ln256', ./rv32c_defs.h:256) ('zext_ln266', ./rv32c_defs.h:266) ('zext_ln264', ./rv32c_defs.h:264) ('zext_ln35', ./rv32c_defs.h:35->./rv32c_defs.h:248) ('zext_ln35_1', ./rv32c_defs.h:35->./rv32c_defs.h:242) ('zext_ln234', ./rv32c_defs.h:234) ('or_ln44_5', ./rv32c_defs.h:44->./rv32c_defs.h:211) ('or_ln52_1', ./rv32c_defs.h:52->./rv32c_defs.h:201) ('or_ln35_17_cast', ./rv32c_defs.h:35->./rv32c_defs.h:169) ('or_ln32_7_cast_cast_cast', ./rv32c_defs.h:32->./rv32c_defs.h:164) ('or_ln32_4_cast', ./rv32c_defs.h:32->./rv32c_defs.h:159) ('zext_ln181', ./rv32c_defs.h:181) ('zext_ln178', ./rv32c_defs.h:178) ('zext_ln175', ./rv32c_defs.h:175) ('zext_ln184', ./rv32c_defs.h:184) ('sext_ln145', ./rv32c_defs.h:145) ('sext_ln152', ./rv32c_defs.h:152) ('or_ln35_10_cast', ./rv32c_defs.h:35->./rv32c_defs.h:133) ('or_ln1', ./rv32c_defs.h:52->./rv32c_defs.h:129) ('or_ln35_8_cast', ./rv32c_defs.h:35->./rv32c_defs.h:116) ('or_ln44_2', ./rv32c_defs.h:44->./rv32c_defs.h:221) ('or_ln39_7_cast', ./rv32c_defs.h:39->./rv32c_defs.h:100) ('or_ln39_3_cast', ./rv32c_defs.h:39->./rv32c_defs.h:95) ('or_ln35_5_cast', ./rv32c_defs.h:35->./rv32c_defs.h:90) ('or_ln35_2_cast', ./rv32c_defs.h:35->./rv32c_defs.h:85) ('zext_ln79', ./rv32c_defs.h:79) [246]  (0.000 ns)


============================================================
+ Verbose Summary: Binding
============================================================
N/A
* FSMD analyzer results:
  - Output states:
 - Input state : 
  - Chain level:
	State 1


============================================================
+ Verbose Summary: Datapath Resource usage 
============================================================
N/A
