==============================================================
Vitis HLS - High-Level Synthesis from C, C++ and OpenCL v2024.2 (64-bit)
Tool Version Limit: 2024.11
Copyright 1986-2022 Xilinx, Inc. All Rights Reserved.
Copyright 2022-2024 Advanced Micro Devices, Inc. All Rights Reserved.

==============================================================
INFO: [HLS 200-1505] Using default flow_target 'vivado'
INFO: [HLS 200-1510] Running: set_part xck26-sfvc784-2LV-c 
INFO: [HLS 200-1611] Setting target device to 'xck26-sfvc784-2LV-c'
INFO: [HLS 200-1510] Running: create_clock -period 10 -name default 
INFO: [SYN 201-201] Setting up clock 'default' with a period of 10ns.
INFO: [HLS 200-1510] Running: csim_design 
INFO: [SIM 211-2] *************** CSIM start ***************
INFO: [SIM 211-4] CSIM will launch CLANG as the compiler.
INFO: [HLS 200-2036] Building debug C Simulation binaries
INFO: [SIM 211-1] CSim done with 0 errors.
INFO: [SIM 211-3] *************** CSIM finish ***************
INFO: [HLS 200-2161] Finished Command csim_design Elapsed time: 00:00:05; Allocated memory: 0.141 MB.
INFO: [HLS 200-1510] Running: csynth_design 
INFO: [HLS 200-111] Finished File checks and directory preparation: CPU user time: 0.27 seconds. CPU system time: 0.04 seconds. Elapsed time: 0.31 seconds; current allocated memory: 634.676 MB.
INFO: [HLS 200-10] Analyzing design file 'rv32_core.cpp' ... 
INFO: [HLS 200-111] Finished Source Code Analysis and Preprocessing: CPU user time: 8.21 seconds. CPU system time: 1.43 seconds. Elapsed time: 12.24 seconds; current allocated memory: 636.836 MB.
INFO: [HLS 200-777] Using interface defaults for 'Vivado' flow target.
INFO: [HLS 200-1995] There were 26,066 instructions in the design after the 'Compile/Link' phase of compilation. See the Design Size Report for more details: /media/andy/9cf23886-b985-4f84-a422-2da06e76f300/home/byovsh/Documents/Vscode/Proyecto/RV32IMFC_hls/rv32_core_proj/solution1/syn/report/csynth_design_size.rpt
INFO: [HLS 200-1995] There were 3,324 instructions in the design after the 'Unroll/Inline (step 1)' phase of compilation. See the Design Size Report for more details: /media/andy/9cf23886-b985-4f84-a422-2da06e76f300/home/byovsh/Documents/Vscode/Proyecto/RV32IMFC_hls/rv32_core_proj/solution1/syn/report/csynth_design_size.rpt
INFO: [HLS 200-1995] There were 2,617 instructions in the design after the 'Unroll/Inline (step 2)' phase of compilation. See the Design Size Report for more details: /media/andy/9cf23886-b985-4f84-a422-2da06e76f300/home/byovsh/Documents/Vscode/Proyecto/RV32IMFC_hls/rv32_core_proj/solution1/syn/report/csynth_design_size.rpt
INFO: [HLS 200-1995] There were 2,307 instructions in the design after the 'Unroll/Inline (step 3)' phase of compilation. See the Design Size Report for more details: /media/andy/9cf23886-b985-4f84-a422-2da06e76f300/home/byovsh/Documents/Vscode/Proyecto/RV32IMFC_hls/rv32_core_proj/solution1/syn/report/csynth_design_size.rpt
INFO: [HLS 200-1995] There were 1,668 instructions in the design after the 'Unroll/Inline (step 4)' phase of compilation. See the Design Size Report for more details: /media/andy/9cf23886-b985-4f84-a422-2da06e76f300/home/byovsh/Documents/Vscode/Proyecto/RV32IMFC_hls/rv32_core_proj/solution1/syn/report/csynth_design_size.rpt
INFO: [HLS 200-1995] There were 1,659 instructions in the design after the 'Array/Struct (step 1)' phase of compilation. See the Design Size Report for more details: /media/andy/9cf23886-b985-4f84-a422-2da06e76f300/home/byovsh/Documents/Vscode/Proyecto/RV32IMFC_hls/rv32_core_proj/solution1/syn/report/csynth_design_size.rpt
INFO: [HLS 200-1995] There were 1,659 instructions in the design after the 'Array/Struct (step 2)' phase of compilation. See the Design Size Report for more details: /media/andy/9cf23886-b985-4f84-a422-2da06e76f300/home/byovsh/Documents/Vscode/Proyecto/RV32IMFC_hls/rv32_core_proj/solution1/syn/report/csynth_design_size.rpt
INFO: [HLS 200-1995] There were 1,659 instructions in the design after the 'Array/Struct (step 3)' phase of compilation. See the Design Size Report for more details: /media/andy/9cf23886-b985-4f84-a422-2da06e76f300/home/byovsh/Documents/Vscode/Proyecto/RV32IMFC_hls/rv32_core_proj/solution1/syn/report/csynth_design_size.rpt
INFO: [HLS 200-1995] There were 1,659 instructions in the design after the 'Array/Struct (step 4)' phase of compilation. See the Design Size Report for more details: /media/andy/9cf23886-b985-4f84-a422-2da06e76f300/home/byovsh/Documents/Vscode/Proyecto/RV32IMFC_hls/rv32_core_proj/solution1/syn/report/csynth_design_size.rpt
INFO: [HLS 200-1995] There were 1,659 instructions in the design after the 'Array/Struct (step 5)' phase of compilation. See the Design Size Report for more details: /media/andy/9cf23886-b985-4f84-a422-2da06e76f300/home/byovsh/Documents/Vscode/Proyecto/RV32IMFC_hls/rv32_core_proj/solution1/syn/report/csynth_design_size.rpt
INFO: [HLS 200-1995] There were 1,659 instructions in the design after the 'Performance (step 1)' phase of compilation. See the Design Size Report for more details: /media/andy/9cf23886-b985-4f84-a422-2da06e76f300/home/byovsh/Documents/Vscode/Proyecto/RV32IMFC_hls/rv32_core_proj/solution1/syn/report/csynth_design_size.rpt
INFO: [HLS 200-1995] There were 1,660 instructions in the design after the 'Performance (step 2)' phase of compilation. See the Design Size Report for more details: /media/andy/9cf23886-b985-4f84-a422-2da06e76f300/home/byovsh/Documents/Vscode/Proyecto/RV32IMFC_hls/rv32_core_proj/solution1/syn/report/csynth_design_size.rpt
INFO: [HLS 200-1995] There were 1,660 instructions in the design after the 'Performance (step 3)' phase of compilation. See the Design Size Report for more details: /media/andy/9cf23886-b985-4f84-a422-2da06e76f300/home/byovsh/Documents/Vscode/Proyecto/RV32IMFC_hls/rv32_core_proj/solution1/syn/report/csynth_design_size.rpt
INFO: [HLS 200-1995] There were 1,660 instructions in the design after the 'Performance (step 4)' phase of compilation. See the Design Size Report for more details: /media/andy/9cf23886-b985-4f84-a422-2da06e76f300/home/byovsh/Documents/Vscode/Proyecto/RV32IMFC_hls/rv32_core_proj/solution1/syn/report/csynth_design_size.rpt
INFO: [HLS 200-1995] There were 1,720 instructions in the design after the 'HW Transforms (step 1)' phase of compilation. See the Design Size Report for more details: /media/andy/9cf23886-b985-4f84-a422-2da06e76f300/home/byovsh/Documents/Vscode/Proyecto/RV32IMFC_hls/rv32_core_proj/solution1/syn/report/csynth_design_size.rpt
INFO: [HLS 200-1995] There were 1,719 instructions in the design after the 'HW Transforms (step 2)' phase of compilation. See the Design Size Report for more details: /media/andy/9cf23886-b985-4f84-a422-2da06e76f300/home/byovsh/Documents/Vscode/Proyecto/RV32IMFC_hls/rv32_core_proj/solution1/syn/report/csynth_design_size.rpt
INFO: [HLS 214-186] Unrolling loop 'copy_fregs' (rv32_core.cpp:116:5) in function 'rv32_core_step' completely with a factor of 32 (rv32_core.cpp:97:0)
INFO: [HLS 214-186] Unrolling loop 'copy_regs' (rv32_core.cpp:111:5) in function 'rv32_core_step' completely with a factor of 32 (rv32_core.cpp:97:0)
INFO: [HLS 214-178] Inlining function 'rv32c::creg(unsigned int)' into 'rv32c::expand(unsigned short)' (./rv32c_defs.h:65:0)
INFO: [HLS 214-178] Inlining function 'rv32c::s_type(unsigned int, unsigned int, unsigned int, unsigned int, int)' into 'rv32c::expand(unsigned short)' (./rv32c_defs.h:65:0)
INFO: [HLS 214-178] Inlining function 'rv32c::sext(unsigned int, unsigned int)' into 'rv32c::expand(unsigned short)' (./rv32c_defs.h:65:0)
INFO: [HLS 214-178] Inlining function 'rv32c::j_type(unsigned int, int)' into 'rv32c::expand(unsigned short)' (./rv32c_defs.h:65:0)
INFO: [HLS 214-178] Inlining function 'rv32c::u_type(unsigned int, unsigned int, int)' into 'rv32c::expand(unsigned short)' (./rv32c_defs.h:65:0)
INFO: [HLS 214-178] Inlining function 'rv32c::r_type(unsigned int, unsigned int, unsigned int, unsigned int, unsigned int, unsigned int)' into 'rv32c::expand(unsigned short)' (./rv32c_defs.h:65:0)
INFO: [HLS 214-178] Inlining function 'rv32c::b_type(unsigned int, unsigned int, unsigned int, int)' into 'rv32c::expand(unsigned short)' (./rv32c_defs.h:65:0)
INFO: [HLS 214-178] Inlining function 'rv32_hls::sign_extend(ap_uint<32>, unsigned int)' into 'rv32_hls::get_imm_I(ap_uint<32>)' (./immediates_hls.h:20:0)
INFO: [HLS 214-178] Inlining function 'rv32_hls::sign_extend(ap_uint<32>, unsigned int)' into 'rv32_hls::get_imm_S(ap_uint<32>)' (./immediates_hls.h:24:0)
INFO: [HLS 214-178] Inlining function 'rv32_hls::sign_extend(ap_uint<32>, unsigned int)' into 'rv32_hls::get_imm_B(ap_uint<32>)' (./immediates_hls.h:31:0)
INFO: [HLS 214-178] Inlining function 'rv32_hls::sign_extend(ap_uint<32>, unsigned int)' into 'rv32_hls::get_imm_J(ap_uint<32>)' (./immediates_hls.h:47:0)
INFO: [HLS 214-178] Inlining function 'float generic_fma<float>(float, float, float)' into 'fmaf' (/wrk/ci/prod/2024.2/hls_product/continuous/495/2024.2/src/shared/hls/clib/hlsmath/src/c/fmafloat.cpp:6:0)
INFO: [HLS 214-178] Inlining function 'fmaf' into 'std::fma(float, float, float)' (/home/andy/Programas/Vivado/Vitis/2024.2/tps/lnx64/gcc-8.3.0/lib/gcc/x86_64-pc-linux-gnu/8.3.0/../../../../include/c++/8.3.0/cmath:1399:0)
INFO: [HLS 214-178] Inlining function 'fp_struct<float>::fp_struct(float)' into 'int generic_isnan<float>(float)' (/wrk/ci/prod/2024.2/hls_product/continuous/495/2024.2/src/shared/hls/clib/hlsmath/include/FloatingPoint/hls_isnan.h:16:0)
INFO: [HLS 214-178] Inlining function 'fp_struct<float>::data() const (.38.44.51.57.65)' into 'fp_struct<float>::to_float() const (.71.78.86.94)' (/wrk/ci/prod/2024.2/hls_product/continuous/495/2024.2/src/shared/hls/clib/src/hls/utils/x_hls_utils.h:322:0)
INFO: [HLS 214-178] Inlining function 'fp_struct<float>::to_float() const (.71.78.86.94)' into 'fp_struct<float>::to_ieee() const' (/wrk/ci/prod/2024.2/hls_product/continuous/495/2024.2/src/shared/hls/clib/src/hls/utils/x_hls_utils.h:346:0)
INFO: [HLS 214-178] Inlining function 'fp_struct<float>::data() const (.38.44.51.57.65)' into 'fp_struct<float>::to_int() const' (/wrk/ci/prod/2024.2/hls_product/continuous/495/2024.2/src/shared/hls/clib/src/hls/utils/x_hls_utils.h:319:0)
INFO: [HLS 214-178] Inlining function 'fp_struct<float>::fp_struct(float)' into 'float generic_fmin<float>(float, float)' (/wrk/ci/prod/2024.2/hls_product/continuous/495/2024.2/src/shared/hls/clib/hlsmath/include/FloatingPoint/hls_fmin.h:20:0)
INFO: [HLS 214-178] Inlining function 'int generic_isnan<float>(float)' into 'float generic_fmin<float>(float, float)' (/wrk/ci/prod/2024.2/hls_product/continuous/495/2024.2/src/shared/hls/clib/hlsmath/include/FloatingPoint/hls_fmin.h:20:0)
INFO: [HLS 214-178] Inlining function 'fp_struct<float>::to_ieee() const' into 'float generic_fmin<float>(float, float)' (/wrk/ci/prod/2024.2/hls_product/continuous/495/2024.2/src/shared/hls/clib/hlsmath/include/FloatingPoint/hls_fmin.h:20:0)
INFO: [HLS 214-178] Inlining function 'fp_struct<float>::to_int() const' into 'float generic_fmin<float>(float, float)' (/wrk/ci/prod/2024.2/hls_product/continuous/495/2024.2/src/shared/hls/clib/hlsmath/include/FloatingPoint/hls_fmin.h:20:0)
INFO: [HLS 214-178] Inlining function 'fminf' into 'std::fmin(float, float)' (/home/andy/Programas/Vivado/Vitis/2024.2/tps/lnx64/gcc-8.3.0/lib/gcc/x86_64-pc-linux-gnu/8.3.0/../../../../include/c++/8.3.0/cmath:1439:0)
INFO: [HLS 214-178] Inlining function 'fp_struct<float>::fp_struct(float)' into 'float generic_fmax<float>(float, float)' (/wrk/ci/prod/2024.2/hls_product/continuous/495/2024.2/src/shared/hls/clib/hlsmath/include/FloatingPoint/hls_fmax.h:20:0)
INFO: [HLS 214-178] Inlining function 'int generic_isnan<float>(float)' into 'float generic_fmax<float>(float, float)' (/wrk/ci/prod/2024.2/hls_product/continuous/495/2024.2/src/shared/hls/clib/hlsmath/include/FloatingPoint/hls_fmax.h:20:0)
INFO: [HLS 214-178] Inlining function 'fp_struct<float>::to_ieee() const' into 'float generic_fmax<float>(float, float)' (/wrk/ci/prod/2024.2/hls_product/continuous/495/2024.2/src/shared/hls/clib/hlsmath/include/FloatingPoint/hls_fmax.h:20:0)
INFO: [HLS 214-178] Inlining function 'fp_struct<float>::to_int() const' into 'float generic_fmax<float>(float, float)' (/wrk/ci/prod/2024.2/hls_product/continuous/495/2024.2/src/shared/hls/clib/hlsmath/include/FloatingPoint/hls_fmax.h:20:0)
INFO: [HLS 214-178] Inlining function 'fmaxf' into 'std::fmax(float, float)' (/home/andy/Programas/Vivado/Vitis/2024.2/tps/lnx64/gcc-8.3.0/lib/gcc/x86_64-pc-linux-gnu/8.3.0/../../../../include/c++/8.3.0/cmath:1419:0)
INFO: [HLS 214-178] Inlining function 'fp_struct<float>::fp_struct(float)' into 'float generic_copysign<float>(float, float)' (/wrk/ci/prod/2024.2/hls_product/continuous/495/2024.2/src/shared/hls/clib/hlsmath/include/FloatingPoint/hls_copysign.h:10:0)
INFO: [HLS 214-178] Inlining function 'fp_struct<float>::to_ieee() const' into 'float generic_copysign<float>(float, float)' (/wrk/ci/prod/2024.2/hls_product/continuous/495/2024.2/src/shared/hls/clib/hlsmath/include/FloatingPoint/hls_copysign.h:10:0)
INFO: [HLS 214-178] Inlining function 'fp_struct<float>::fp_struct(float)' into 'float generic_rint<float>(float)' (/wrk/ci/prod/2024.2/hls_product/continuous/495/2024.2/src/shared/hls/clib/hlsmath/include/FloatingPoint/hls_rint.h:27:0)
INFO: [HLS 214-178] Inlining function 'float generic_copysign<float>(float, float)' into 'float generic_rint<float>(float)' (/wrk/ci/prod/2024.2/hls_product/continuous/495/2024.2/src/shared/hls/clib/hlsmath/include/FloatingPoint/hls_rint.h:27:0)
INFO: [HLS 214-178] Inlining function 'fp_struct<float>::data() const (.38.44.51.57.65)' into 'float generic_rint<float>(float)' (/wrk/ci/prod/2024.2/hls_product/continuous/495/2024.2/src/shared/hls/clib/hlsmath/include/FloatingPoint/hls_rint.h:27:0)
INFO: [HLS 214-178] Inlining function 'fp_struct<float>::fp_struct(ap_uint<32>)' into 'float generic_rint<float>(float)' (/wrk/ci/prod/2024.2/hls_product/continuous/495/2024.2/src/shared/hls/clib/hlsmath/include/FloatingPoint/hls_rint.h:27:0)
INFO: [HLS 214-178] Inlining function 'fp_struct<float>::to_ieee() const' into 'float generic_rint<float>(float)' (/wrk/ci/prod/2024.2/hls_product/continuous/495/2024.2/src/shared/hls/clib/hlsmath/include/FloatingPoint/hls_rint.h:27:0)
INFO: [HLS 214-178] Inlining function 'nearbyintf' into 'std::nearbyint(float)' (/home/andy/Programas/Vivado/Vitis/2024.2/tps/lnx64/gcc-8.3.0/lib/gcc/x86_64-pc-linux-gnu/8.3.0/../../../../include/c++/8.3.0/cmath:1643:0)
INFO: [HLS 214-178] Inlining function 'fp_struct<float>::fp_struct(float)' into 'unsigned int generic_cast_IEEE754<unsigned int, (ap_q_mode)6, float>(float, bool, hls::enable_if<!(std::numeric_limits<unsigned int>::is_signed), bool>::type)' (/wrk/ci/prod/2024.2/hls_product/continuous/495/2024.2/src/shared/hls/clib/hlsmath/include/FloatingPoint/hls_case_IEEE754.h:65:0)
INFO: [HLS 214-178] Inlining function 'fp_struct<float>::mantissa() const' into 'unsigned int generic_cast_IEEE754<unsigned int, (ap_q_mode)6, float>(float, bool, hls::enable_if<!(std::numeric_limits<unsigned int>::is_signed), bool>::type)' (/wrk/ci/prod/2024.2/hls_product/continuous/495/2024.2/src/shared/hls/clib/hlsmath/include/FloatingPoint/hls_case_IEEE754.h:65:0)
INFO: [HLS 214-178] Inlining function 'fp_struct<float>::expv() const' into 'unsigned int generic_cast_IEEE754<unsigned int, (ap_q_mode)6, float>(float, bool, hls::enable_if<!(std::numeric_limits<unsigned int>::is_signed), bool>::type)' (/wrk/ci/prod/2024.2/hls_product/continuous/495/2024.2/src/shared/hls/clib/hlsmath/include/FloatingPoint/hls_case_IEEE754.h:65:0)
INFO: [HLS 214-178] Inlining function 'unsigned int generic_cast_IEEE754<unsigned int, (ap_q_mode)6, float>(float, bool, hls::enable_if<!(std::numeric_limits<unsigned int>::is_signed), bool>::type)' into 'unsigned int generic_cast_IEEE754<unsigned int, float>(float, bool)' (/wrk/ci/prod/2024.2/hls_product/continuous/495/2024.2/src/shared/hls/clib/hlsmath/include/FloatingPoint/hls_case_IEEE754.h:116:0)
INFO: [HLS 214-178] Inlining function 'unsigned int generic_cast_IEEE754<unsigned int, float>(float, bool)' into '__hls_fptoui_float_i32' (/wrk/ci/prod/2024.2/hls_product/continuous/495/2024.2/src/shared/hls/clib/hlsmath/src/lib_floatconversion.cpp:65:0)
INFO: [HLS 214-178] Inlining function '__hls_fptoui_float_i32' into 'rv32i::fcvt_wu_s(float)' (./fp_ops.h:45:0)
INFO: [HLS 214-178] Inlining function 'fp_struct<float>::fp_struct(float)' into 'int generic_cast_IEEE754<int, (ap_q_mode)6, float>(float, bool, hls::enable_if<std::numeric_limits<int>::is_signed, bool>::type)' (/wrk/ci/prod/2024.2/hls_product/continuous/495/2024.2/src/shared/hls/clib/hlsmath/include/FloatingPoint/hls_case_IEEE754.h:12:0)
INFO: [HLS 214-178] Inlining function 'fp_struct<float>::mantissa() const' into 'int generic_cast_IEEE754<int, (ap_q_mode)6, float>(float, bool, hls::enable_if<std::numeric_limits<int>::is_signed, bool>::type)' (/wrk/ci/prod/2024.2/hls_product/continuous/495/2024.2/src/shared/hls/clib/hlsmath/include/FloatingPoint/hls_case_IEEE754.h:12:0)
INFO: [HLS 214-178] Inlining function 'fp_struct<float>::expv() const' into 'int generic_cast_IEEE754<int, (ap_q_mode)6, float>(float, bool, hls::enable_if<std::numeric_limits<int>::is_signed, bool>::type)' (/wrk/ci/prod/2024.2/hls_product/continuous/495/2024.2/src/shared/hls/clib/hlsmath/include/FloatingPoint/hls_case_IEEE754.h:12:0)
INFO: [HLS 214-178] Inlining function 'fp_struct<float>::__signbit() const' into 'int generic_cast_IEEE754<int, (ap_q_mode)6, float>(float, bool, hls::enable_if<std::numeric_limits<int>::is_signed, bool>::type)' (/wrk/ci/prod/2024.2/hls_product/continuous/495/2024.2/src/shared/hls/clib/hlsmath/include/FloatingPoint/hls_case_IEEE754.h:12:0)
INFO: [HLS 214-178] Inlining function 'int generic_cast_IEEE754<int, (ap_q_mode)6, float>(float, bool, hls::enable_if<std::numeric_limits<int>::is_signed, bool>::type)' into 'int generic_cast_IEEE754<int, float>(float, bool)' (/wrk/ci/prod/2024.2/hls_product/continuous/495/2024.2/src/shared/hls/clib/hlsmath/include/FloatingPoint/hls_case_IEEE754.h:116:0)
INFO: [HLS 214-178] Inlining function 'int generic_cast_IEEE754<int, float>(float, bool)' into '__hls_fptosi_float_i32' (/wrk/ci/prod/2024.2/hls_product/continuous/495/2024.2/src/shared/hls/clib/hlsmath/src/lib_floatconversion.cpp:51:0)
INFO: [HLS 214-178] Inlining function '__hls_fptosi_float_i32' into 'rv32i::fcvt_w_s(float)' (./fp_ops.h:37:0)
INFO: [HLS 214-178] Inlining function 'float generic_copysign<float>(float, float)' into 'float generic_fabs<float>(float)' (/wrk/ci/prod/2024.2/hls_product/continuous/495/2024.2/src/shared/hls/clib/hlsmath/include/FloatingPoint/hls_fabs.h:12:0)
INFO: [HLS 214-178] Inlining function 'float generic_fabs<float>(float)' into 'fabsf' (/wrk/ci/prod/2024.2/hls_product/continuous/495/2024.2/src/shared/hls/clib/hlsmath/src/c/fabsfloat.cpp:7:0)
INFO: [HLS 214-178] Inlining function 'fabsf' into 'std::fpclassify(float)' (/home/andy/Programas/Vivado/Vitis/2024.2/tps/lnx64/gcc-8.3.0/lib/gcc/x86_64-pc-linux-gnu/8.3.0/../../../../include/c++/8.3.0/cmath:538:0)
INFO: [HLS 214-178] Inlining function 'rv32i::float_to_bits(float)' into 'rv32i::fclass_s(float)' (./fp_ops.h:55:0)
INFO: [HLS 214-178] Inlining function 'rv32i::opcode(unsigned int)' into 'rv32_core_step(ap_uint<32>, ap_uint<32>, ap_uint<32>*, ap_uint<32>*, float*, float*, ap_uint<32>*, ap_uint<32>&, ap_uint<3>&, ap_uint<1>&)' (rv32_core.cpp:97:0)
INFO: [HLS 214-178] Inlining function 'rv32i::rd(unsigned int)' into 'rv32_core_step(ap_uint<32>, ap_uint<32>, ap_uint<32>*, ap_uint<32>*, float*, float*, ap_uint<32>*, ap_uint<32>&, ap_uint<3>&, ap_uint<1>&)' (rv32_core.cpp:97:0)
INFO: [HLS 214-178] Inlining function 'rv32i::funct3(unsigned int)' into 'rv32_core_step(ap_uint<32>, ap_uint<32>, ap_uint<32>*, ap_uint<32>*, float*, float*, ap_uint<32>*, ap_uint<32>&, ap_uint<3>&, ap_uint<1>&)' (rv32_core.cpp:97:0)
INFO: [HLS 214-178] Inlining function 'rv32i::rs1(unsigned int)' into 'rv32_core_step(ap_uint<32>, ap_uint<32>, ap_uint<32>*, ap_uint<32>*, float*, float*, ap_uint<32>*, ap_uint<32>&, ap_uint<3>&, ap_uint<1>&)' (rv32_core.cpp:97:0)
INFO: [HLS 214-178] Inlining function 'rv32i::rs2(unsigned int)' into 'rv32_core_step(ap_uint<32>, ap_uint<32>, ap_uint<32>*, ap_uint<32>*, float*, float*, ap_uint<32>*, ap_uint<32>&, ap_uint<3>&, ap_uint<1>&)' (rv32_core.cpp:97:0)
INFO: [HLS 214-178] Inlining function 'rv32i::funct7(unsigned int)' into 'rv32_core_step(ap_uint<32>, ap_uint<32>, ap_uint<32>*, ap_uint<32>*, float*, float*, ap_uint<32>*, ap_uint<32>&, ap_uint<3>&, ap_uint<1>&)' (rv32_core.cpp:97:0)
INFO: [HLS 214-178] Inlining function 'write_reg(ap_uint<32>*, unsigned int, ap_uint<32>)' into 'rv32_core_step(ap_uint<32>, ap_uint<32>, ap_uint<32>*, ap_uint<32>*, float*, float*, ap_uint<32>*, ap_uint<32>&, ap_uint<3>&, ap_uint<1>&)' (rv32_core.cpp:97:0)
INFO: [HLS 214-178] Inlining function 'rv32_hls::get_imm_I(ap_uint<32>)' into 'rv32_core_step(ap_uint<32>, ap_uint<32>, ap_uint<32>*, ap_uint<32>*, float*, float*, ap_uint<32>*, ap_uint<32>&, ap_uint<3>&, ap_uint<1>&)' (rv32_core.cpp:97:0)
INFO: [HLS 214-178] Inlining function 'rv32_hls::get_shamt(ap_uint<32>)' into 'rv32_core_step(ap_uint<32>, ap_uint<32>, ap_uint<32>*, ap_uint<32>*, float*, float*, ap_uint<32>*, ap_uint<32>&, ap_uint<3>&, ap_uint<1>&)' (rv32_core.cpp:97:0)
INFO: [HLS 214-178] Inlining function 'mem_load(ap_uint<32>*, ap_uint<32>, unsigned int)' into 'rv32_core_step(ap_uint<32>, ap_uint<32>, ap_uint<32>*, ap_uint<32>*, float*, float*, ap_uint<32>*, ap_uint<32>&, ap_uint<3>&, ap_uint<1>&)' (rv32_core.cpp:97:0)
INFO: [HLS 214-178] Inlining function 'rv32_hls::get_imm_S(ap_uint<32>)' into 'rv32_core_step(ap_uint<32>, ap_uint<32>, ap_uint<32>*, ap_uint<32>*, float*, float*, ap_uint<32>*, ap_uint<32>&, ap_uint<3>&, ap_uint<1>&)' (rv32_core.cpp:97:0)
INFO: [HLS 214-178] Inlining function 'mem_store(ap_uint<32>*, ap_uint<32>, ap_uint<32>, unsigned int)' into 'rv32_core_step(ap_uint<32>, ap_uint<32>, ap_uint<32>*, ap_uint<32>*, float*, float*, ap_uint<32>*, ap_uint<32>&, ap_uint<3>&, ap_uint<1>&)' (rv32_core.cpp:97:0)
INFO: [HLS 214-178] Inlining function 'rv32_hls::get_imm_B(ap_uint<32>)' into 'rv32_core_step(ap_uint<32>, ap_uint<32>, ap_uint<32>*, ap_uint<32>*, float*, float*, ap_uint<32>*, ap_uint<32>&, ap_uint<3>&, ap_uint<1>&)' (rv32_core.cpp:97:0)
INFO: [HLS 214-178] Inlining function 'rv32_hls::get_imm_J(ap_uint<32>)' into 'rv32_core_step(ap_uint<32>, ap_uint<32>, ap_uint<32>*, ap_uint<32>*, float*, float*, ap_uint<32>*, ap_uint<32>&, ap_uint<3>&, ap_uint<1>&)' (rv32_core.cpp:97:0)
INFO: [HLS 214-178] Inlining function 'rv32_hls::get_imm_U(ap_uint<32>)' into 'rv32_core_step(ap_uint<32>, ap_uint<32>, ap_uint<32>*, ap_uint<32>*, float*, float*, ap_uint<32>*, ap_uint<32>&, ap_uint<3>&, ap_uint<1>&)' (rv32_core.cpp:97:0)
INFO: [HLS 214-178] Inlining function 'rv32i::bits_to_float(unsigned int)' into 'rv32_core_step(ap_uint<32>, ap_uint<32>, ap_uint<32>*, ap_uint<32>*, float*, float*, ap_uint<32>*, ap_uint<32>&, ap_uint<3>&, ap_uint<1>&)' (rv32_core.cpp:97:0)
INFO: [HLS 214-178] Inlining function 'rv32i::float_to_bits(float)' into 'rv32_core_step(ap_uint<32>, ap_uint<32>, ap_uint<32>*, ap_uint<32>*, float*, float*, ap_uint<32>*, ap_uint<32>&, ap_uint<3>&, ap_uint<1>&)' (rv32_core.cpp:97:0)
INFO: [HLS 214-178] Inlining function 'rv32i::rs3(unsigned int)' into 'rv32_core_step(ap_uint<32>, ap_uint<32>, ap_uint<32>*, ap_uint<32>*, float*, float*, ap_uint<32>*, ap_uint<32>&, ap_uint<3>&, ap_uint<1>&)' (rv32_core.cpp:97:0)
INFO: [HLS 214-178] Inlining function 'rv32i::fcvt_wu_s(float)' into 'rv32_core_step(ap_uint<32>, ap_uint<32>, ap_uint<32>*, ap_uint<32>*, float*, float*, ap_uint<32>*, ap_uint<32>&, ap_uint<3>&, ap_uint<1>&)' (rv32_core.cpp:97:0)
INFO: [HLS 214-178] Inlining function 'rv32i::fcvt_w_s(float)' into 'rv32_core_step(ap_uint<32>, ap_uint<32>, ap_uint<32>*, ap_uint<32>*, float*, float*, ap_uint<32>*, ap_uint<32>&, ap_uint<3>&, ap_uint<1>&)' (rv32_core.cpp:97:0)
INFO: [HLS 214-178] Inlining function 'rv32i::fclass_s(float)' into 'rv32_core_step(ap_uint<32>, ap_uint<32>, ap_uint<32>*, ap_uint<32>*, float*, float*, ap_uint<32>*, ap_uint<32>&, ap_uint<3>&, ap_uint<1>&)' (rv32_core.cpp:97:0)
INFO: [HLS 200-111] Finished Compiling Optimization and Transform: CPU user time: 6.97 seconds. CPU system time: 1.36 seconds. Elapsed time: 11.23 seconds; current allocated memory: 649.523 MB.
INFO: [HLS 200-111] Finished Checking Pragmas: CPU user time: 0 seconds. CPU system time: 0 seconds. Elapsed time: 0.01 seconds; current allocated memory: 649.523 MB.
INFO: [HLS 200-10] Starting code transformations ...
INFO: [HLS 200-111] Finished Standard Transforms: CPU user time: 0.17 seconds. CPU system time: 0.01 seconds. Elapsed time: 0.24 seconds; current allocated memory: 655.508 MB.
INFO: [HLS 200-10] Checking synthesizability ...
INFO: [XFORM 203-602] Inlining function 'rv32c::i_type' into 'rv32c::expand' (./rv32c_defs.h:79) automatically.
INFO: [XFORM 203-602] Inlining function 'generic_fmin<float>' into 'rv32_core_step' (/wrk/ci/prod/2024.2/hls_product/continuous/495/2024.2/src/shared/hls/clib/hlsmath/src/c/fminfloat.cpp:7->/home/andy/Programas/Vivado/Vitis/2024.2/tps/lnx64/gcc-8.3.0/lib/gcc/x86_64-pc-linux-gnu/8.3.0/../../../../include/c++/8.3.0/cmath:1439->rv32_core.cpp:381) automatically.
INFO: [XFORM 203-602] Inlining function 'generic_fmax<float>' into 'rv32_core_step' (/wrk/ci/prod/2024.2/hls_product/continuous/495/2024.2/src/shared/hls/clib/hlsmath/src/c/fmaxfloat.cpp:7->/home/andy/Programas/Vivado/Vitis/2024.2/tps/lnx64/gcc-8.3.0/lib/gcc/x86_64-pc-linux-gnu/8.3.0/../../../../include/c++/8.3.0/cmath:1419->rv32_core.cpp:383) automatically.
WARNING: [SYNCHK 200-23] /wrk/ci/prod/2024.2/hls_product/continuous/495/2024.2/src/shared/hls/clib/hlsmath/include/FloatingPoint/hls_rint.h:65: variable-indexed range selection may cause suboptimal QoR.
INFO: [SYNCHK 200-10] 0 error(s), 1 warning(s).
INFO: [HLS 200-111] Finished Checking Synthesizability: CPU user time: 0.36 seconds. CPU system time: 0.02 seconds. Elapsed time: 0.78 seconds; current allocated memory: 661.777 MB.
INFO: [XFORM 203-602] Inlining function 'rv32c::i_type' into 'rv32c::expand' (./rv32c_defs.h:79) automatically.
INFO: [XFORM 203-602] Inlining function 'generic_fmin<float>' into 'rv32_core_step' (/wrk/ci/prod/2024.2/hls_product/continuous/495/2024.2/src/shared/hls/clib/hlsmath/src/c/fminfloat.cpp:7->/home/andy/Programas/Vivado/Vitis/2024.2/tps/lnx64/gcc-8.3.0/lib/gcc/x86_64-pc-linux-gnu/8.3.0/../../../../include/c++/8.3.0/cmath:1439->rv32_core.cpp:381) automatically.
INFO: [XFORM 203-602] Inlining function 'generic_fmax<float>' into 'rv32_core_step' (/wrk/ci/prod/2024.2/hls_product/continuous/495/2024.2/src/shared/hls/clib/hlsmath/src/c/fmaxfloat.cpp:7->/home/andy/Programas/Vivado/Vitis/2024.2/tps/lnx64/gcc-8.3.0/lib/gcc/x86_64-pc-linux-gnu/8.3.0/../../../../include/c++/8.3.0/cmath:1419->rv32_core.cpp:383) automatically.
INFO: [XFORM 203-401] Performing if-conversion on hyperblock from (./rv32c_defs.h:65:33) to (./rv32c_defs.h:287:1) in function 'rv32c::expand'... converting 47 basic blocks.
INFO: [XFORM 203-401] Performing if-conversion on hyperblock from (./immediates_hls.h:20:38) to (rv32_core.cpp:11:9) in function 'rv32_core_step'... converting 12 basic blocks.
INFO: [XFORM 203-401] Performing if-conversion on hyperblock from (./immediates_hls.h:20:38) to (rv32_core.cpp:11:9) in function 'rv32_core_step'... converting 7 basic blocks.
INFO: [XFORM 203-401] Performing if-conversion on hyperblock from (rv32_core.cpp:367:55) in function 'rv32_core_step'... converting 5 basic blocks.
INFO: [XFORM 203-401] Performing if-conversion on hyperblock from (rv32_core.cpp:380:28) to (rv32_core.cpp:384:21) in function 'rv32_core_step'... converting 14 basic blocks.
INFO: [XFORM 203-401] Performing if-conversion on hyperblock from (rv32_core.cpp:388:21) to (rv32_core.cpp:11:9) in function 'rv32_core_step'... converting 5 basic blocks.
INFO: [XFORM 203-401] Performing if-conversion on hyperblock from (./fp_ops.h:55:32) to (rv32_core.cpp:11:9) in function 'rv32_core_step'... converting 11 basic blocks.
INFO: [XFORM 203-401] Performing if-conversion on hyperblock from (/wrk/ci/prod/2024.2/hls_product/continuous/495/2024.2/src/shared/hls/clib/hlsmath/include/FloatingPoint/hls_rint.h:26:18) to (/wrk/ci/prod/2024.2/hls_product/continuous/495/2024.2/src/shared/hls/clib/hlsmath/include/FloatingPoint/hls_rint.h:80:1) in function 'generic_rint<float>'... converting 6 basic blocks.
INFO: [XFORM 203-602] Inlining function 'generic_rint<float>' into 'rv32_core_step' (/wrk/ci/prod/2024.2/hls_product/continuous/495/2024.2/src/shared/hls/clib/hlsmath/src/c/nearbyintfloat.cpp:7->/home/andy/Programas/Vivado/Vitis/2024.2/tps/lnx64/gcc-8.3.0/lib/gcc/x86_64-pc-linux-gnu/8.3.0/../../../../include/c++/8.3.0/cmath:1643->./fp_ops.h:49->rv32_core.cpp:400) automatically.
INFO: [XFORM 203-11] Balancing expressions in function 'rv32c::expand' (./rv32c_defs.h:65)...75 expression(s) balanced.
INFO: [HLS 200-111] Finished Loop, function and other optimizations: CPU user time: 0.44 seconds. CPU system time: 0 seconds. Elapsed time: 0.46 seconds; current allocated memory: 690.078 MB.
INFO: [HLS 200-111] Finished Architecture Synthesis: CPU user time: 0.97 seconds. CPU system time: 0.01 seconds. Elapsed time: 1.19 seconds; current allocated memory: 700.852 MB.
INFO: [HLS 200-10] Starting hardware synthesis ...
INFO: [HLS 200-10] Synthesizing 'rv32_core_step' ...
INFO: [HLS 200-10] ----------------------------------------------------------------
INFO: [HLS 200-42] -- Implementing module 'expand' 
INFO: [HLS 200-10] ----------------------------------------------------------------
INFO: [SCHED 204-11] Starting scheduling ...
INFO: [SCHED 204-11] Finished scheduling.
INFO: [HLS 200-111] Finished Scheduling: CPU user time: 0.38 seconds. CPU system time: 0.1 seconds. Elapsed time: 0.56 seconds; current allocated memory: 702.816 MB.
INFO: [BIND 205-100] Starting micro-architecture generation ...
INFO: [BIND 205-101] Performing variable lifetime analysis.
INFO: [BIND 205-101] Exploring resource sharing.
INFO: [BIND 205-101] Binding ...
INFO: [BIND 205-100] Finished micro-architecture generation.
INFO: [HLS 200-111] Finished Binding: CPU user time: 0.16 seconds. CPU system time: 0.01 seconds. Elapsed time: 0.17 seconds; current allocated memory: 702.816 MB.
INFO: [HLS 200-10] ----------------------------------------------------------------
INFO: [HLS 200-42] -- Implementing module 'rv32_core_step' 
INFO: [HLS 200-10] ----------------------------------------------------------------
INFO: [SCHED 204-11] Starting scheduling ...
INFO: [SCHED 204-11] Finished scheduling.
INFO: [HLS 200-111] Finished Scheduling: CPU user time: 1.1 seconds. CPU system time: 0.02 seconds. Elapsed time: 1.38 seconds; current allocated memory: 715.980 MB.
INFO: [BIND 205-100] Starting micro-architecture generation ...
INFO: [BIND 205-101] Performing variable lifetime analysis.
INFO: [BIND 205-101] Exploring resource sharing.
INFO: [BIND 205-101] Binding ...
INFO: [BIND 205-100] Finished micro-architecture generation.
INFO: [HLS 200-111] Finished Binding: CPU user time: 0.36 seconds. CPU system time: 0.03 seconds. Elapsed time: 0.45 seconds; current allocated memory: 729.887 MB.
INFO: [HLS 200-10] ----------------------------------------------------------------
INFO: [HLS 200-10] -- Generating RTL for module 'expand' 
INFO: [HLS 200-10] ----------------------------------------------------------------
INFO: [RTGEN 206-100] Finished creating RTL model for 'expand'.
INFO: [HLS 200-111] Finished Creating RTL model: CPU user time: 0.35 seconds. CPU system time: 0.01 seconds. Elapsed time: 0.43 seconds; current allocated memory: 729.887 MB.
INFO: [HLS 200-10] ----------------------------------------------------------------
INFO: [HLS 200-10] -- Generating RTL for module 'rv32_core_step' 
INFO: [HLS 200-10] ----------------------------------------------------------------
WARNING: [RTGEN 206-101] Design contains AXI ports. Reset is fixed to synchronous and active low.
INFO: [RTGEN 206-500] Setting interface mode on port 'rv32_core_step/gmem' to 'm_axi'.
INFO: [RTGEN 206-500] Setting interface mode on port 'rv32_core_step/instr' to 'ap_none'.
INFO: [RTGEN 206-500] Setting interface mode on port 'rv32_core_step/pc' to 'ap_none'.
INFO: [RTGEN 206-500] Setting interface mode on port 'rv32_core_step/regs_in' to 'bram'.
INFO: [RTGEN 206-500] Setting interface mode on port 'rv32_core_step/regs_out' to 'bram'.
INFO: [RTGEN 206-500] Setting interface mode on port 'rv32_core_step/fregs_in' to 'bram'.
INFO: [RTGEN 206-500] Setting interface mode on port 'rv32_core_step/fregs_out' to 'bram'.
INFO: [RTGEN 206-500] Setting interface mode on port 'rv32_core_step/mem' to 's_axilite & ap_none'.
INFO: [RTGEN 206-500] Setting interface mode on port 'rv32_core_step/next_pc' to 'ap_none'.
WARNING: [RTGEN 206-101] Port 'next_pc' with mode 'ap_none' may require an associated data valid signal to correctly communicate with other blocks or a test bench; automatic C/RTL co-simulation may not be able to verify such a port.
INFO: [RTGEN 206-500] Setting interface mode on port 'rv32_core_step/instr_size' to 'ap_none'.
WARNING: [RTGEN 206-101] Port 'instr_size' with mode 'ap_none' may require an associated data valid signal to correctly communicate with other blocks or a test bench; automatic C/RTL co-simulation may not be able to verify such a port.
INFO: [RTGEN 206-500] Setting interface mode on port 'rv32_core_step/halted' to 'ap_none'.
WARNING: [RTGEN 206-101] Port 'halted' with mode 'ap_none' may require an associated data valid signal to correctly communicate with other blocks or a test bench; automatic C/RTL co-simulation may not be able to verify such a port.
INFO: [RTGEN 206-500] Setting interface mode on function 'rv32_core_step' to 's_axilite & ap_ctrl_hs'.
INFO: [RTGEN 206-100] Bundling port 'return' to AXI-Lite port control.
INFO: [RTGEN 206-100] Bundling port 'mem' to AXI-Lite port control_r.
WARNING: [RTGEN 206-101] Setting dangling out port 'rv32_core_step/regs_in_WEN_A' to 0.
WARNING: [RTGEN 206-101] Setting dangling out port 'rv32_core_step/regs_in_Din_A' to 0.
WARNING: [RTGEN 206-101] Setting dangling out port 'rv32_core_step/regs_in_WEN_B' to 0.
WARNING: [RTGEN 206-101] Setting dangling out port 'rv32_core_step/regs_in_Din_B' to 0.
WARNING: [RTGEN 206-101] Setting dangling out port 'rv32_core_step/fregs_in_WEN_A' to 0.
WARNING: [RTGEN 206-101] Setting dangling out port 'rv32_core_step/fregs_in_Din_A' to 0.
WARNING: [RTGEN 206-101] Setting dangling out port 'rv32_core_step/fregs_in_WEN_B' to 0.
WARNING: [RTGEN 206-101] Setting dangling out port 'rv32_core_step/fregs_in_Din_B' to 0.
INFO: [RTGEN 206-100] Generating core module 'bitselect_1ns_32ns_32s_1_1_1': 2 instance(s).
INFO: [RTGEN 206-100] Generating core module 'faddfsub_32ns_32ns_32_4_full_dsp_1': 1 instance(s).
INFO: [RTGEN 206-100] Generating core module 'fcmp_32ns_32ns_1_2_no_dsp_1': 4 instance(s).
INFO: [RTGEN 206-100] Generating core module 'fdiv_32ns_32ns_32_9_no_dsp_1': 1 instance(s).
INFO: [RTGEN 206-100] Generating core module 'fmul_32ns_32ns_32_3_max_dsp_1': 1 instance(s).
INFO: [RTGEN 206-100] Generating core module 'fsqrt_32ns_32ns_32_8_no_dsp_1': 1 instance(s).
INFO: [RTGEN 206-100] Generating core module 'mul_32ns_32ns_64_1_1': 1 instance(s).
INFO: [RTGEN 206-100] Generating core module 'mul_32ns_32s_64_1_1': 1 instance(s).
INFO: [RTGEN 206-100] Generating core module 'mul_32s_32s_32_1_1': 1 instance(s).
INFO: [RTGEN 206-100] Generating core module 'mul_32s_32s_64_1_1': 1 instance(s).
INFO: [RTGEN 206-100] Generating core module 'sdiv_32s_32s_32_36_seq_1': 1 instance(s).
INFO: [RTGEN 206-100] Generating core module 'sitofp_32s_32_4_no_dsp_1': 1 instance(s).
INFO: [RTGEN 206-100] Generating core module 'sparsemux_11_4_10_1_1': 1 instance(s).
INFO: [RTGEN 206-100] Generating core module 'sparsemux_13_5_32_1_1': 2 instance(s).
INFO: [RTGEN 206-100] Generating core module 'sparsemux_19_8_32_1_1': 1 instance(s).
INFO: [RTGEN 206-100] Generating core module 'sparsemux_7_2_32_1_1': 2 instance(s).
INFO: [RTGEN 206-100] Generating core module 'sparsemux_9_3_1_1_1': 1 instance(s).
INFO: [RTGEN 206-100] Generating core module 'sparsemux_9_3_32_1_1': 1 instance(s).
INFO: [RTGEN 206-100] Generating core module 'sparsemux_9_3_3_1_1': 1 instance(s).
INFO: [RTGEN 206-100] Generating core module 'srem_32s_32s_32_36_seq_1': 1 instance(s).
INFO: [RTGEN 206-100] Generating core module 'udiv_32s_32s_32_36_seq_1': 1 instance(s).
INFO: [RTGEN 206-100] Generating core module 'uitofp_32s_32_4_no_dsp_1': 1 instance(s).
INFO: [RTGEN 206-100] Generating core module 'urem_32s_32s_32_36_seq_1': 1 instance(s).
INFO: [RTGEN 206-100] Finished creating RTL model for 'rv32_core_step'.
INFO: [RTMG 210-279] Implementing memory 'rv32_core_step_mask_table_ROM_AUTO_1R' using auto ROMs.
INFO: [RTMG 210-279] Implementing memory 'rv32_core_step_one_half_minus_one_table_ROM_AUTO_1R' using auto ROMs.
INFO: [RTMG 210-279] Implementing memory 'rv32_core_step_index_table_ROM_AUTO_1R' using auto ROMs.
INFO: [HLS 200-111] Finished Creating RTL model: CPU user time: 0.97 seconds. CPU system time: 0.08 seconds. Elapsed time: 1.28 seconds; current allocated memory: 738.734 MB.
INFO: [HLS 200-111] Finished Generating all RTL models: CPU user time: 1.5 seconds. CPU system time: 0.08 seconds. Elapsed time: 1.84 seconds; current allocated memory: 764.152 MB.
INFO: [HLS 200-111] Finished Updating report files: CPU user time: 0.99 seconds. CPU system time: 0.02 seconds. Elapsed time: 1.08 seconds; current allocated memory: 768.078 MB.
INFO: [VHDL 208-304] Generating VHDL RTL for rv32_core_step.
INFO: [VLOG 209-307] Generating Verilog RTL for rv32_core_step.
INFO: [HLS 200-789] **** Estimated Fmax: 135.86 MHz
INFO: [HLS 200-2161] Finished Command csynth_design Elapsed time: 00:00:33; Allocated memory: 133.828 MB.
