================================================================
== Design Size Report
================================================================

* Total Instructions per Compilation Phase
+---------------+-----------------------------+--------------+----------------------------------------------------------------------------------------+
| Phase         | Step                        | Instructions | Description                                                                            |
+---------------+-----------------------------+--------------+----------------------------------------------------------------------------------------+
| Compile/Link  |                             | 1,649        | After all functions are compiled and linked into a single design                       |
|               |                             |              |                                                                                        |
| Unroll/Inline |                             |              | After user unroll and inline pragmas are applied                                       |
|               | (1) unroll                  |   344        | user unroll pragmas are applied                                                        |
|               | (2) simplification          |   274        | simplification of applied user unroll pragmas                                          |
|               | (3) inline                  |   246        | user inline pragmas are applied                                                        |
|               | (4) simplification          |   239        | simplification of applied user inline pragmas                                          |
|               |                             |              |                                                                                        |
| Array/Struct  |                             |              | After user array partition and struct aggregate/disaggregate pragmas are applied       |
|               | (1) array partition         |   233        | user array partition pragmas are applied                                               |
|               | (2) simplification          |   233        | simplification of applied user array partition & struct aggregate/disaggregate pragmas |
|               | (3) aggregate/disaggregate  |   233        | user struct aggregate/disaggregate pragmas are applied                                 |
|               | (4) array reshape           |   233        | apply array reshape pragmas                                                            |
|               | (5) access patterns         |   219        | array access pattern optmizations                                                      |
|               |                             |              |                                                                                        |
| Performance   |                             |              | After transformations are applied to meet performance pragma targets                   |
|               | (1) loop simplification     |   219        | loop and instruction simplification                                                    |
|               | (2) parallelization         |   219        | loops are unrolled or pipelined to meet performance targets                            |
|               | (3) array partition         |   219        | arrays are partitioned to meet performance targets                                     |
|               | (4) simplification          |   219        | simplification of design after performance transformations                             |
|               |                             |              |                                                                                        |
| HW Transforms |                             |              | After hardware transfomations                                                          |
|               | (1) lowering                |   235        | initial conversion to HW specific instructions                                         |
|               | (2) optimizations           |   215        | high level synthesis optimizations                                                     |
+---------------+-----------------------------+--------------+----------------------------------------------------------------------------------------+

* Instructions per Function for each Compilation Phase
+--------------------+--------------------+----------------+---------------+--------------+-------------+---------------+
| Function           | Location           | Compile/Link   | Unroll/Inline | Array/Struct | Performance | HW Transforms |
+--------------------+--------------------+----------------+---------------+--------------+-------------+---------------+
| + rv32_vector_step | rv32_vector.cpp:36 | 1,649          | 239           | 219          | 219         | 215           |
|    opcode          | rv32_vector.cpp:26 |   40           |               |              |             |               |
|    width           | rv32_vector.cpp:28 |   80 (2 calls) |               |              |             |               |
|    mop             | rv32_vector.cpp:33 |   80 (2 calls) |               |              |             |               |
|    lumop           | rv32_vector.cpp:32 |   80 (2 calls) |               |              |             |               |
|    vd              | rv32_vector.cpp:27 |  120 (3 calls) |               |              |             |               |
|    funct3          | rv32_vector.cpp:29 |  200 (5 calls) |               |              |             |               |
|    vs1             | rv32_vector.cpp:30 |   40           |               |              |             |               |
|    vs2             | rv32_vector.cpp:31 |   40           |               |              |             |               |
|    funct6          | rv32_vector.cpp:34 |   40           |               |              |             |               |
+--------------------+--------------------+----------------+---------------+--------------+-------------+---------------+

* Design Size Message Settings
+---------------------------------------------+--------+------------------------------------------------------------------+
| Message Setting                             | Value  | Description                                                      |
+---------------------------------------------+--------+------------------------------------------------------------------+
| config_compile -design_size_maximum_warning | 100000 | Show a warning when total design instructions exceeds this value |
+---------------------------------------------+--------+------------------------------------------------------------------+


