

================================================================
== Vitis HLS Report for 'rv32_ooo_tick_Pipeline_VITIS_LOOP_575_4'
================================================================
* Date:           Tue Jul 21 18:19:55 2026

* Version:        2024.2 (Build 5238294 on Nov  8 2024)
* Project:        rv32_ooo_bm_proj
* Solution:       solution1 (Vivado IP Flow Target)
* Product family: zynquplus
* Target device:  xck26-sfvc784-2LV-c


================================================================
== Performance Estimates
================================================================
+ Timing: 
    * Summary: 
    +--------+----------+----------+------------+
    |  Clock |  Target  | Estimated| Uncertainty|
    +--------+----------+----------+------------+
    |ap_clk  |  10.00 ns|  2.429 ns|     2.70 ns|
    +--------+----------+----------+------------+

+ Latency: 
    * Summary: 
    +---------+---------+----------+----------+-----+-----+------------------------------------------------+
    |  Latency (cycles) |  Latency (absolute) |  Interval |                    Pipeline                    |
    |   min   |   max   |    min   |    max   | min | max |                      Type                      |
    +---------+---------+----------+----------+-----+-----+------------------------------------------------+
    |      130|      130|  1.300 us|  1.300 us|  129|  129|  loop auto-rewind stp (delay=0 clock cycles(s))|
    +---------+---------+----------+----------+-----+-----+------------------------------------------------+

    + Detail: 
        * Instance: 
        N/A

        * Loop: 
        +--------------------+---------+---------+----------+-----------+-----------+------+----------+
        |                    |  Latency (cycles) | Iteration|  Initiation Interval  | Trip |          |
        |      Loop Name     |   min   |   max   |  Latency |  achieved |   target  | Count| Pipelined|
        +--------------------+---------+---------+----------+-----------+-----------+------+----------+
        |- VITIS_LOOP_575_4  |      128|      128|         1|          1|          1|   128|       yes|
        +--------------------+---------+---------+----------+-----------+-----------+------+----------+



================================================================
== Utilization Estimates
================================================================
* Summary: 
+-----------------+---------+------+--------+--------+-----+
|       Name      | BRAM_18K|  DSP |   FF   |   LUT  | URAM|
+-----------------+---------+------+--------+--------+-----+
|DSP              |        -|     -|       -|       -|    -|
|Expression       |        -|     -|       0|      31|    -|
|FIFO             |        -|     -|       -|       -|    -|
|Instance         |        -|     -|       -|       -|    -|
|Memory           |        -|     -|       -|       -|    -|
|Multiplexer      |        -|     -|       0|      27|    -|
|Register         |        -|     -|      10|       -|    -|
+-----------------+---------+------+--------+--------+-----+
|Total            |        0|     0|      10|      58|    0|
+-----------------+---------+------+--------+--------+-----+
|Available        |      288|  1248|  234240|  117120|   64|
+-----------------+---------+------+--------+--------+-----+
|Utilization (%)  |        0|     0|      ~0|      ~0|    0|
+-----------------+---------+------+--------+--------+-----+

+ Detail: 
    * Instance: 
    N/A

    * DSP: 
    N/A

    * Memory: 
    N/A

    * FIFO: 
    N/A

    * Expression: 
    +---------------------+----------+----+---+----+------------+------------+
    |    Variable Name    | Operation| DSP| FF| LUT| Bitwidth P0| Bitwidth P1|
    +---------------------+----------+----+---+----+------------+------------+
    |add_ln575_fu_60_p2   |         +|   0|  0|  15|           8|           1|
    |icmp_ln575_fu_54_p2  |      icmp|   0|  0|  16|           8|           9|
    +---------------------+----------+----+---+----+------------+------------+
    |Total                |          |   0|  0|  31|          16|          10|
    +---------------------+----------+----+---+----+------------+------------+

    * Multiplexer: 
    +----------------------+----+-----------+-----+-----------+
    |         Name         | LUT| Input Size| Bits| Total Bits|
    +----------------------+----+-----------+-----+-----------+
    |ap_done_int           |   9|          2|    1|          2|
    |ap_sig_allocacmp_i_2  |   9|          2|    8|         16|
    |i_fu_28               |   9|          2|    8|         16|
    +----------------------+----+-----------+-----+-----------+
    |Total                 |  27|          6|   17|         34|
    +----------------------+----+-----------+-----+-----------+

    * Register: 
    +-------------+---+----+-----+-----------+
    |     Name    | FF| LUT| Bits| Const Bits|
    +-------------+---+----+-----+-----------+
    |ap_CS_fsm    |  1|   0|    1|          0|
    |ap_done_reg  |  1|   0|    1|          0|
    |i_fu_28      |  8|   0|    8|          0|
    +-------------+---+----+-----+-----------+
    |Total        | 10|   0|   10|          0|
    +-------------+---+----+-----+-----------+



================================================================
== Interface
================================================================
* Summary: 
+----------------+-----+-----+------------+-----------------------------------------+--------------+
|    RTL Ports   | Dir | Bits|  Protocol  |              Source Object              |    C Type    |
+----------------+-----+-----+------------+-----------------------------------------+--------------+
|ap_clk          |   in|    1|  ap_ctrl_hs|  rv32_ooo_tick_Pipeline_VITIS_LOOP_575_4|  return value|
|ap_rst          |   in|    1|  ap_ctrl_hs|  rv32_ooo_tick_Pipeline_VITIS_LOOP_575_4|  return value|
|ap_start        |   in|    1|  ap_ctrl_hs|  rv32_ooo_tick_Pipeline_VITIS_LOOP_575_4|  return value|
|ap_done         |  out|    1|  ap_ctrl_hs|  rv32_ooo_tick_Pipeline_VITIS_LOOP_575_4|  return value|
|ap_idle         |  out|    1|  ap_ctrl_hs|  rv32_ooo_tick_Pipeline_VITIS_LOOP_575_4|  return value|
|ap_ready        |  out|    1|  ap_ctrl_hs|  rv32_ooo_tick_Pipeline_VITIS_LOOP_575_4|  return value|
|vregs_address0  |  out|    7|   ap_memory|                                    vregs|         array|
|vregs_ce0       |  out|    1|   ap_memory|                                    vregs|         array|
|vregs_we0       |  out|    1|   ap_memory|                                    vregs|         array|
|vregs_d0        |  out|   32|   ap_memory|                                    vregs|         array|
+----------------+-----+-----+------------+-----------------------------------------+--------------+

